Copyright 1986-2022 Xilinx, Inc. All Rights Reserved.
------------------------------------------------------------------------------------------
| Tool Version : Vivado v.2022.2 (lin64) Build 3671981 Fri Oct 14 04:59:54 MDT 2022
| Date         : Fri Aug 15 21:41:20 2025
| Host         : acclnode01 running 64-bit Ubuntu 20.04.6 LTS
| Command      : report_utilization -slr -file slr_util_routed.rpt -pb slr_util_routed.pb
| Design       : level0_wrapper
| Device       : xcu280-fsvh2892-2L-e
| Speed File   : -2L
| Design State : Routed
------------------------------------------------------------------------------------------

Utilization Design Information

Table of Contents
-----------------
1. SLR Connectivity
2. SLR Connectivity Matrix
3. SLR CLB Logic and Dedicated Block Utilization
4. SLR IO Utilization

1. SLR Connectivity
-------------------

+----------------------------------+-------+-------+-----------+-------+
|                                  |  Used | Fixed | Available | Util% |
+----------------------------------+-------+-------+-----------+-------+
| SLR2 <-> SLR1                    |  7249 |       |     23040 | 31.46 |
|   SLR1 -> SLR2                   |  3651 |       |           | 15.85 |
|     Using TX_REG only            |     0 |     0 |           |       |
|     Using RX_REG only            |     0 |     0 |           |       |
|     Using Both TX_REG and RX_REG |     0 |     0 |           |       |
|   SLR2 -> SLR1                   |  3598 |       |           | 15.62 |
|     Using TX_REG only            |     0 |     0 |           |       |
|     Using RX_REG only            |     0 |     0 |           |       |
|     Using Both TX_REG and RX_REG |     0 |     0 |           |       |
| SLR1 <-> SLR0                    |  9255 |       |     23040 | 40.17 |
|   SLR0 -> SLR1                   |  4327 |       |           | 18.78 |
|     Using TX_REG only            |     0 |     0 |           |       |
|     Using RX_REG only            |     0 |     0 |           |       |
|     Using Both TX_REG and RX_REG |     0 |     0 |           |       |
|   SLR1 -> SLR0                   |  4928 |       |           | 21.39 |
|     Using TX_REG only            |     0 |     0 |           |       |
|     Using RX_REG only            |     0 |     0 |           |       |
|     Using Both TX_REG and RX_REG |     0 |     0 |           |       |
+----------------------------------+-------+-------+-----------+-------+
| Total SLLs Used                  | 16504 |       |           |       |
+----------------------------------+-------+-------+-----------+-------+


2. SLR Connectivity Matrix
--------------------------

+-----------+------+------+------+
| FROM \ TO | SLR2 | SLR1 | SLR0 |
+-----------+------+------+------+
| SLR2      |    0 | 3449 |  149 |
| SLR1      | 3580 |    0 | 4779 |
| SLR0      |   71 | 4256 |    0 |
+-----------+------+------+------+


3. SLR CLB Logic and Dedicated Block Utilization
------------------------------------------------

+----------------------------+--------+--------+--------+--------+--------+--------+
|          Site Type         |  SLR0  |  SLR1  |  SLR2  | SLR0 % | SLR1 % | SLR2 % |
+----------------------------+--------+--------+--------+--------+--------+--------+
| CLB                        |  50235 |  47974 |  45364 |  91.40 |  88.84 |  84.01 |
|   CLBL                     |  26594 |  25236 |  24041 |  90.83 |  86.19 |  82.11 |
|   CLBM                     |  23641 |  22738 |  21323 |  92.06 |  91.98 |  86.26 |
| CLB LUTs                   | 250452 | 231964 | 199352 |  56.96 |  53.70 |  46.15 |
|   LUT as Logic             | 209799 | 200251 | 169937 |  47.72 |  46.35 |  39.34 |
|     using O5 output only   |   2509 |   1930 |   1450 |   0.57 |   0.45 |   0.34 |
|     using O6 output only   | 137355 | 125012 | 103545 |  31.24 |  28.94 |  23.97 |
|     using O5 and O6        |  69935 |  73309 |  64942 |  15.91 |  16.97 |  15.03 |
|   LUT as Memory            |  40653 |  31713 |  29415 |  19.79 |  16.04 |  14.87 |
|     LUT as Distributed RAM |  17242 |  17322 |  14436 |   8.39 |   8.76 |   7.30 |
|       using O5 output only |      0 |      0 |      0 |   0.00 |   0.00 |   0.00 |
|       using O6 output only |    256 |    386 |      0 |   0.12 |   0.20 |   0.00 |
|       using O5 and O6      |  16986 |  16936 |  14436 |   8.27 |   8.56 |   7.30 |
|     LUT as Shift Register  |  23411 |  14391 |  14979 |  11.40 |   7.28 |   7.57 |
|       using O5 output only |      0 |      0 |      0 |   0.00 |   0.00 |   0.00 |
|       using O6 output only |   8283 |    215 |    825 |   4.03 |   0.11 |   0.42 |
|       using O5 and O6      |  15128 |  14176 |  14154 |   7.36 |   7.17 |   7.16 |
| CLB Registers              | 422816 | 363656 | 329655 |  48.08 |  42.09 |  38.15 |
| CARRY8                     |   7002 |   6629 |   6157 |  12.74 |  12.28 |  11.40 |
| F7 Muxes                   |   4299 |   1105 |    437 |   1.96 |   0.51 |   0.20 |
| F8 Muxes                   |    132 |    320 |      0 |   0.12 |   0.30 |   0.00 |
| F9 Muxes                   |      0 |      0 |      0 |   0.00 |   0.00 |   0.00 |
| Block RAM Tile             |  159.5 |    178 |     50 |  23.74 |  26.49 |   7.44 |
|   RAMB36/FIFO              |    156 |    177 |     50 |  23.21 |  26.34 |   7.44 |
|   RAMB18                   |      7 |      2 |      0 |   0.52 |   0.15 |   0.00 |
| URAM                       |      0 |      0 |      0 |   0.00 |   0.00 |   0.00 |
| DSPs                       |   2312 |   2311 |   2315 |  80.28 |  75.23 |  75.36 |
| Unique Control Sets        |   6776 |   6935 |   4686 |   6.16 |   6.42 |   4.34 |
+----------------------------+--------+--------+--------+--------+--------+--------+
* Note: Available Control Sets based on CLB Registers / 8


4. SLR IO Utilization
---------------------

+-----------+-----------+---------+------------+----------+------------+----------+-----+
| SLR Index | Used IOBs | (%)IOBs | Used IPADs | (%)IPADs | Used OPADs | (%)OPADs | GTs |
+-----------+-----------+---------+------------+----------+------------+----------+-----+
| SLR2      |        15 |    7.21 |          0 |     0.00 |          0 |     0.00 |   0 |
| SLR1      |         0 |    0.00 |          0 |     0.00 |          0 |     0.00 |   0 |
| SLR0      |         1 |    0.48 |          0 |     0.00 |          0 |     0.00 |  16 |
+-----------+-----------+---------+------------+----------+------------+----------+-----+
| Total     |        16 |         |          0 |          |          0 |          |  16 |
+-----------+-----------+---------+------------+----------+------------+----------+-----+


