Copyright 1986-2022 Xilinx, Inc. All Rights Reserved.
-------------------------------------------------------------------------------------------------------------------------------------------------------------------------------------------------------------------------------------------------------------------------------------------------------------------------------------------------------------------------------------------------------------------------------------------------------------
| Tool Version : Vivado v.2022.2 (lin64) Build 3671981 Fri Oct 14 04:59:54 MDT 2022
| Date         : Mon Apr 21 21:59:02 2025
| Host         : acclnode01 running 64-bit Ubuntu 20.04.6 LTS
| Command      : report_accelerator_utilization -kernels { datamover_outerloop_0:level0_i/ulp/datamover_outerloop_0_1/inst:datamover_outerloop_0_1 kernel_outerloop_0:level0_i/ulp/kernel_outerloop_0_1/inst:kernel_outerloop_0_1 kernel_outerloop_0:level0_i/ulp/kernel_outerloop_0_2/inst:kernel_outerloop_0_2 kernel_outerloop_0:level0_i/ulp/kernel_outerloop_0_3/inst:kernel_outerloop_0_3} -file kernel_util_placed.rpt -name kernel_util_placed -json
| Design       : level0_wrapper
| Device       : xcu280
| Design State : Fully Placed
-------------------------------------------------------------------------------------------------------------------------------------------------------------------------------------------------------------------------------------------------------------------------------------------------------------------------------------------------------------------------------------------------------------------------------------------------------------

Accelerator Utilization Design Information

Table of Contents
-----------------
1. System Utilization

1. System Utilization
---------------------

+----------------------------+-------------------+------------------+-------------------+----------------+---------------+----------------+
| Name                       | LUT               | LUTAsMem         | REG               | BRAM           | URAM          | DSP            |
+----------------------------+-------------------+------------------+-------------------+----------------+---------------+----------------+
| Platform                   |  122572 [  9.40%] |   8740 [  1.45%] |  167737 [  6.43%] |  453 [ 22.47%] |   0 [  0.00%] |    4 [  0.04%] |
| User Budget                | 1181108 [100.00%] | 592220 [100.00%] | 2439623 [100.00%] | 1563 [100.00%] | 960 [100.00%] | 9020 [100.00%] |
|    Used Resources          |  689538 [ 58.38%] |  57975 [  9.79%] | 1254152 [ 51.41%] |  663 [ 42.42%] |   0 [  0.00%] | 5347 [ 59.28%] |
|    Unused Resources        |  491570 [ 41.62%] | 534245 [ 90.21%] | 1185471 [ 48.59%] |  900 [ 57.58%] | 960 [100.00%] | 3673 [ 40.72%] |
| datamover_outerloop_0      |    8212 [  0.70%] |   1797 [  0.30%] |   13996 [  0.57%] |   15 [  0.96%] |   0 [  0.00%] |    1 [  0.01%] |
|    datamover_outerloop_0_1 |    8212 [  0.70%] |   1797 [  0.30%] |   13996 [  0.57%] |   15 [  0.96%] |   0 [  0.00%] |    1 [  0.01%] |
| kernel_outerloop_0         |  681326 [ 57.69%] |  56178 [  9.49%] | 1240156 [ 50.83%] |  648 [ 41.46%] |   0 [  0.00%] | 5346 [ 59.27%] |
|    kernel_outerloop_0_1    |  227116 [ 19.23%] |  18726 [  3.16%] |  413355 [ 16.94%] |  216 [ 13.82%] |   0 [  0.00%] | 1782 [ 19.76%] |
|    kernel_outerloop_0_2    |  229253 [ 19.41%] |  18726 [  3.16%] |  413411 [ 16.95%] |  216 [ 13.82%] |   0 [  0.00%] | 1782 [ 19.76%] |
|    kernel_outerloop_0_3    |  224957 [ 19.05%] |  18726 [  3.16%] |  413390 [ 16.94%] |  216 [ 13.82%] |   0 [  0.00%] | 1782 [ 19.76%] |
+----------------------------+-------------------+------------------+-------------------+----------------+---------------+----------------+


