Copyright 1986-2022 Xilinx, Inc. All Rights Reserved.
-------------------------------------------------------------------------------------------------------------------------------------------------------------------------------------------------------------------------------------------------------------------------------------------------------------------------------------------------------------------------------------------------------------------------------------------------------------
| Tool Version : Vivado v.2022.2 (lin64) Build 3671981 Fri Oct 14 04:59:54 MDT 2022
| Date         : Sat Aug 16 10:11:44 2025
| Host         : acclnode01 running 64-bit Ubuntu 20.04.6 LTS
| Command      : report_accelerator_utilization -kernels { datamover_outerloop_0:level0_i/ulp/datamover_outerloop_0_1/inst:datamover_outerloop_0_1 kernel_outerloop_0:level0_i/ulp/kernel_outerloop_0_1/inst:kernel_outerloop_0_1 kernel_outerloop_0:level0_i/ulp/kernel_outerloop_0_2/inst:kernel_outerloop_0_2 kernel_outerloop_0:level0_i/ulp/kernel_outerloop_0_3/inst:kernel_outerloop_0_3} -file kernel_util_routed.rpt -name kernel_util_routed -json
| Design       : level0_wrapper
| Device       : xcu280
| Design State : Routed
-------------------------------------------------------------------------------------------------------------------------------------------------------------------------------------------------------------------------------------------------------------------------------------------------------------------------------------------------------------------------------------------------------------------------------------------------------------

Accelerator Utilization Design Information

Table of Contents
-----------------
1. System Utilization

1. System Utilization
---------------------

+----------------------------+-------------------+------------------+-------------------+----------------+---------------+----------------+
| Name                       | LUT               | LUTAsMem         | REG               | BRAM           | URAM          | DSP            |
+----------------------------+-------------------+------------------+-------------------+----------------+---------------+----------------+
| Platform                   |  122558 [  9.40%] |   8740 [  1.45%] |  167463 [  6.42%] |  453 [ 22.47%] |   0 [  0.00%] |    4 [  0.04%] |
| User Budget                | 1181122 [100.00%] | 592220 [100.00%] | 2439897 [100.00%] | 1563 [100.00%] | 960 [100.00%] | 9020 [100.00%] |
|    Used Resources          |  672576 [ 56.94%] |  60591 [ 10.23%] | 1190151 [ 48.78%] |  663 [ 42.42%] |   0 [  0.00%] | 5352 [ 59.33%] |
|    Unused Resources        |  508546 [ 43.06%] | 531629 [ 89.77%] | 1249746 [ 51.22%] |  900 [ 57.58%] | 960 [100.00%] | 3668 [ 40.67%] |
| datamover_outerloop_0      |    8041 [  0.68%] |   1797 [  0.30%] |   14034 [  0.58%] |   15 [  0.96%] |   0 [  0.00%] |    3 [  0.03%] |
|    datamover_outerloop_0_1 |    8041 [  0.68%] |   1797 [  0.30%] |   14034 [  0.58%] |   15 [  0.96%] |   0 [  0.00%] |    3 [  0.03%] |
| kernel_outerloop_0         |  664535 [ 56.26%] |  58794 [  9.93%] | 1176117 [ 48.20%] |  648 [ 41.46%] |   0 [  0.00%] | 5349 [ 59.30%] |
|    kernel_outerloop_0_1    |  219432 [ 18.58%] |  19598 [  3.31%] |  391978 [ 16.07%] |  216 [ 13.82%] |   0 [  0.00%] | 1783 [ 19.77%] |
|    kernel_outerloop_0_2    |  228338 [ 19.33%] |  19598 [  3.31%] |  392095 [ 16.07%] |  216 [ 13.82%] |   0 [  0.00%] | 1783 [ 19.77%] |
|    kernel_outerloop_0_3    |  216765 [ 18.35%] |  19598 [  3.31%] |  392044 [ 16.07%] |  216 [ 13.82%] |   0 [  0.00%] | 1783 [ 19.77%] |
+----------------------------+-------------------+------------------+-------------------+----------------+---------------+----------------+


