Copyright 1986-2022 Xilinx, Inc. All Rights Reserved.
---------------------------------------------------------------------------------------------------------------------------------------------------------------------------------------------------------------------------------------------------------------------------------------------------------------------------------------------------------------------------------------------------------------------------------------------------------------
| Tool Version : Vivado v.2022.2 (lin64) Build 3671981 Fri Oct 14 04:59:54 MDT 2022
| Date         : Sat Aug 16 02:08:03 2025
| Host         : acclnode01 running 64-bit Ubuntu 20.04.6 LTS
| Command      : report_accelerator_utilization -kernels { datamover_outerloop_0:level0_i/ulp/datamover_outerloop_0_1/inst:datamover_outerloop_0_1 kernel_outerloop_0:level0_i/ulp/kernel_outerloop_0_1/inst:kernel_outerloop_0_1 kernel_outerloop_0:level0_i/ulp/kernel_outerloop_0_2/inst:kernel_outerloop_0_2 kernel_outerloop_0:level0_i/ulp/kernel_outerloop_0_3/inst:kernel_outerloop_0_3} -file kernel_util_synthed.rpt -name kernel_util_synthed -json
| Design       : level0_wrapper
| Device       : xcu280
| Design State : Synthesized
---------------------------------------------------------------------------------------------------------------------------------------------------------------------------------------------------------------------------------------------------------------------------------------------------------------------------------------------------------------------------------------------------------------------------------------------------------------

Accelerator Utilization Design Information

Table of Contents
-----------------
1. System Utilization

1. System Utilization
---------------------

+----------------------------+-------------------+------------------+-------------------+----------------+---------------+----------------+
| Name                       | LUT               | LUTAsMem         | REG               | BRAM           | URAM          | DSP            |
+----------------------------+-------------------+------------------+-------------------+----------------+---------------+----------------+
| Platform                   |  137241 [ 10.53%] |  10160 [  1.69%] |  170398 [  6.54%] |  483 [ 23.96%] |   0 [  0.00%] |    4 [  0.04%] |
| User Budget                | 1166439 [100.00%] | 590800 [100.00%] | 2436962 [100.00%] | 1533 [100.00%] | 960 [100.00%] | 9020 [100.00%] |
|    Used Resources          |  797752 [ 68.39%] | 103643 [ 17.54%] | 1192335 [ 48.93%] |  663 [ 43.25%] |   0 [  0.00%] | 5352 [ 59.33%] |
|    Unused Resources        |  368687 [ 31.61%] | 487157 [ 82.46%] | 1244627 [ 51.07%] |  870 [ 56.75%] | 960 [100.00%] | 3668 [ 40.67%] |
| datamover_outerloop_0      |    8095 [  0.69%] |   1889 [  0.32%] |   14127 [  0.58%] |   15 [  0.98%] |   0 [  0.00%] |    3 [  0.03%] |
|    datamover_outerloop_0_1 |    8095 [  0.69%] |   1889 [  0.32%] |   14127 [  0.58%] |   15 [  0.98%] |   0 [  0.00%] |    3 [  0.03%] |
| kernel_outerloop_0         |  789657 [ 67.70%] | 101754 [ 17.22%] | 1178208 [ 48.35%] |  648 [ 42.27%] |   0 [  0.00%] | 5349 [ 59.30%] |
|    kernel_outerloop_0_1    |  263219 [ 22.57%] |  33918 [  5.74%] |  392736 [ 16.12%] |  216 [ 14.09%] |   0 [  0.00%] | 1783 [ 19.77%] |
|    kernel_outerloop_0_2    |  263219 [ 22.57%] |  33918 [  5.74%] |  392736 [ 16.12%] |  216 [ 14.09%] |   0 [  0.00%] | 1783 [ 19.77%] |
|    kernel_outerloop_0_3    |  263219 [ 22.57%] |  33918 [  5.74%] |  392736 [ 16.12%] |  216 [ 14.09%] |   0 [  0.00%] | 1783 [ 19.77%] |
+----------------------------+-------------------+------------------+-------------------+----------------+---------------+----------------+


