Copyright 1986-2022 Xilinx, Inc. All Rights Reserved.
---------------------------------------------------------------------------------------------------------------------------------------------------------------------------------------------------------------------------------------------------------------------------------------------------------------------------------------------------------------------------------------------------------------------------------------------------------------
| Tool Version : Vivado v.2022.2 (lin64) Build 3671981 Fri Oct 14 04:59:54 MDT 2022
| Date         : Fri May 16 18:24:18 2025
| Host         : acclnode01 running 64-bit Ubuntu 20.04.6 LTS
| Command      : report_accelerator_utilization -kernels { datamover_outerloop_0:level0_i/ulp/datamover_outerloop_0_1/inst:datamover_outerloop_0_1 kernel_outerloop_0:level0_i/ulp/kernel_outerloop_0_1/inst:kernel_outerloop_0_1 kernel_outerloop_0:level0_i/ulp/kernel_outerloop_0_2/inst:kernel_outerloop_0_2 kernel_outerloop_0:level0_i/ulp/kernel_outerloop_0_3/inst:kernel_outerloop_0_3} -file kernel_util_synthed.rpt -name kernel_util_synthed -json
| Design       : level0_wrapper
| Device       : xcu280
| Design State : Synthesized
---------------------------------------------------------------------------------------------------------------------------------------------------------------------------------------------------------------------------------------------------------------------------------------------------------------------------------------------------------------------------------------------------------------------------------------------------------------

Accelerator Utilization Design Information

Table of Contents
-----------------
1. System Utilization

1. System Utilization
---------------------

+----------------------------+-------------------+------------------+-------------------+----------------+---------------+----------------+
| Name                       | LUT               | LUTAsMem         | REG               | BRAM           | URAM          | DSP            |
+----------------------------+-------------------+------------------+-------------------+----------------+---------------+----------------+
| Platform                   |  139052 [ 10.67%] |  10948 [  1.82%] |  172926 [  6.63%] |  233 [ 11.56%] |   0 [  0.00%] |    4 [  0.04%] |
| User Budget                | 1164628 [100.00%] | 590012 [100.00%] | 2434434 [100.00%] | 1783 [100.00%] | 960 [100.00%] | 9020 [100.00%] |
|    Used Resources          |  465804 [ 40.00%] |  44474 [  7.54%] |  773263 [ 31.76%] |  247 [ 13.85%] | 216 [ 22.50%] | 7293 [ 80.85%] |
|    Unused Resources        |  698824 [ 60.00%] | 545538 [ 92.46%] | 1661171 [ 68.24%] | 1536 [ 86.15%] | 744 [ 77.50%] | 1727 [ 19.15%] |
| datamover_outerloop_0      |   11268 [  0.97%] |   3656 [  0.62%] |   16327 [  0.67%] |   31 [  1.74%] |   0 [  0.00%] |    3 [  0.03%] |
|    datamover_outerloop_0_1 |   11268 [  0.97%] |   3656 [  0.62%] |   16327 [  0.67%] |   31 [  1.74%] |   0 [  0.00%] |    3 [  0.03%] |
| kernel_outerloop_0         |  454536 [ 39.03%] |  40818 [  6.92%] |  756936 [ 31.09%] |  216 [ 12.11%] | 216 [ 22.50%] | 7290 [ 80.82%] |
|    kernel_outerloop_0_1    |  151512 [ 13.01%] |  13606 [  2.31%] |  252312 [ 10.36%] |   72 [  4.04%] |  72 [  7.50%] | 2430 [ 26.94%] |
|    kernel_outerloop_0_2    |  151512 [ 13.01%] |  13606 [  2.31%] |  252312 [ 10.36%] |   72 [  4.04%] |  72 [  7.50%] | 2430 [ 26.94%] |
|    kernel_outerloop_0_3    |  151512 [ 13.01%] |  13606 [  2.31%] |  252312 [ 10.36%] |   72 [  4.04%] |  72 [  7.50%] | 2430 [ 26.94%] |
+----------------------------+-------------------+------------------+-------------------+----------------+---------------+----------------+


