Copyright 1986-2022 Xilinx, Inc. All Rights Reserved.
------------------------------------------------------------------------------------------
| Tool Version : Vivado v.2022.2 (lin64) Build 3671981 Fri Oct 14 04:59:54 MDT 2022
| Date         : Fri May 16 23:03:03 2025
| Host         : acclnode01 running 64-bit Ubuntu 20.04.6 LTS
| Command      : report_utilization -slr -file slr_util_routed.rpt -pb slr_util_routed.pb
| Design       : level0_wrapper
| Device       : xcu280-fsvh2892-2L-e
| Speed File   : -2L
| Design State : Routed
------------------------------------------------------------------------------------------

Utilization Design Information

Table of Contents
-----------------
1. SLR Connectivity
2. SLR Connectivity Matrix
3. SLR CLB Logic and Dedicated Block Utilization
4. SLR IO Utilization

1. SLR Connectivity
-------------------

+----------------------------------+-------+-------+-----------+-------+
|                                  |  Used | Fixed | Available | Util% |
+----------------------------------+-------+-------+-----------+-------+
| SLR2 <-> SLR1                    |  5704 |       |     23040 | 24.76 |
|   SLR1 -> SLR2                   |  2879 |       |           | 12.50 |
|     Using TX_REG only            |     0 |     0 |           |       |
|     Using RX_REG only            |     0 |     0 |           |       |
|     Using Both TX_REG and RX_REG |     0 |     0 |           |       |
|   SLR2 -> SLR1                   |  2825 |       |           | 12.26 |
|     Using TX_REG only            |     0 |     0 |           |       |
|     Using RX_REG only            |     0 |     0 |           |       |
|     Using Both TX_REG and RX_REG |     0 |     0 |           |       |
| SLR1 <-> SLR0                    | 10163 |       |     23040 | 44.11 |
|   SLR0 -> SLR1                   |  4646 |       |           | 20.16 |
|     Using TX_REG only            |     0 |     0 |           |       |
|     Using RX_REG only            |     0 |     0 |           |       |
|     Using Both TX_REG and RX_REG |     0 |     0 |           |       |
|   SLR1 -> SLR0                   |  5517 |       |           | 23.95 |
|     Using TX_REG only            |     0 |     0 |           |       |
|     Using RX_REG only            |     0 |     0 |           |       |
|     Using Both TX_REG and RX_REG |     0 |     0 |           |       |
+----------------------------------+-------+-------+-----------+-------+
| Total SLLs Used                  | 15867 |       |           |       |
+----------------------------------+-------+-------+-----------+-------+


2. SLR Connectivity Matrix
--------------------------

+-----------+------+------+------+
| FROM \ TO | SLR2 | SLR1 | SLR0 |
+-----------+------+------+------+
| SLR2      |    0 | 2669 |  156 |
| SLR1      | 2771 |    0 | 5361 |
| SLR0      |  108 | 4538 |    0 |
+-----------+------+------+------+


3. SLR CLB Logic and Dedicated Block Utilization
------------------------------------------------

+----------------------------+--------+--------+--------+--------+--------+--------+
|          Site Type         |  SLR0  |  SLR1  |  SLR2  | SLR0 % | SLR1 % | SLR2 % |
+----------------------------+--------+--------+--------+--------+--------+--------+
| CLB                        |  46370 |  47697 |  40182 |  84.37 |  88.33 |  74.41 |
|   CLBL                     |  23775 |  25040 |  20574 |  81.20 |  85.52 |  70.27 |
|   CLBM                     |  22595 |  22657 |  19608 |  87.99 |  91.65 |  79.32 |
| CLB LUTs                   | 169601 | 200162 | 155854 |  38.57 |  46.33 |  36.08 |
|   LUT as Logic             | 154283 | 181601 | 143117 |  35.09 |  42.04 |  33.13 |
|     using O5 output only   |   1946 |   1614 |   1123 |   0.44 |   0.37 |   0.26 |
|     using O6 output only   |  96927 | 116005 |  87290 |  22.04 |  26.85 |  20.21 |
|     using O5 and O6        |  55410 |  63982 |  54704 |  12.60 |  14.81 |  12.66 |
|   LUT as Memory            |  15318 |  18561 |  12737 |   7.46 |   9.39 |   6.44 |
|     LUT as Distributed RAM |   3674 |   5186 |   2300 |   1.79 |   2.62 |   1.16 |
|       using O5 output only |      0 |      0 |      0 |   0.00 |   0.00 |   0.00 |
|       using O6 output only |    248 |    386 |      4 |   0.12 |   0.20 |  <0.01 |
|       using O5 and O6      |   3426 |   4800 |   2296 |   1.67 |   2.43 |   1.16 |
|     LUT as Shift Register  |  11644 |  13375 |  10437 |   5.67 |   6.76 |   5.28 |
|       using O5 output only |      0 |      0 |      0 |   0.00 |   0.00 |   0.00 |
|       using O6 output only |   8537 |  10834 |   8008 |   4.16 |   5.48 |   4.05 |
|       using O5 and O6      |   3107 |   2541 |   2429 |   1.51 |   1.28 |   1.23 |
| CLB Registers              | 316332 | 335122 | 286244 |  35.97 |  38.79 |  33.13 |
| CARRY8                     |   6629 |   7000 |   6346 |  12.06 |  12.96 |  11.75 |
| F7 Muxes                   |   3555 |   4974 |   2769 |   1.62 |   2.30 |   1.28 |
| F8 Muxes                   |    137 |    325 |      5 |   0.12 |   0.30 |  <0.01 |
| F9 Muxes                   |      0 |      0 |      0 |   0.00 |   0.00 |   0.00 |
| Block RAM Tile             |  137.5 |    217 |    122 |  20.46 |  32.29 |  18.15 |
|   RAMB36/FIFO              |    136 |    215 |    122 |  20.24 |  31.99 |  18.15 |
|   RAMB18                   |      3 |      4 |      0 |   0.22 |   0.30 |   0.00 |
| URAM                       |     72 |     72 |     72 |  22.50 |  22.50 |  22.50 |
| DSPs                       |   2430 |   2433 |   2434 |  84.38 |  79.20 |  79.23 |
| Unique Control Sets        |   4876 |   6414 |   3809 |   4.44 |   5.94 |   3.53 |
+----------------------------+--------+--------+--------+--------+--------+--------+
* Note: Available Control Sets based on CLB Registers / 8


4. SLR IO Utilization
---------------------

+-----------+-----------+---------+------------+----------+------------+----------+-----+
| SLR Index | Used IOBs | (%)IOBs | Used IPADs | (%)IPADs | Used OPADs | (%)OPADs | GTs |
+-----------+-----------+---------+------------+----------+------------+----------+-----+
| SLR2      |        15 |    7.21 |          0 |     0.00 |          0 |     0.00 |   0 |
| SLR1      |         0 |    0.00 |          0 |     0.00 |          0 |     0.00 |   0 |
| SLR0      |         1 |    0.48 |          0 |     0.00 |          0 |     0.00 |  16 |
+-----------+-----------+---------+------------+----------+------------+----------+-----+
| Total     |        16 |         |          0 |          |          0 |          |  16 |
+-----------+-----------+---------+------------+----------+------------+----------+-----+


