Copyright 1986-2022 Xilinx, Inc. All Rights Reserved.
-------------------------------------------------------------------------------------------------------------------------------------------------------------------------------------------------------------------------------------------------------------------------------------------------------------------------------------------------------------------------------------------------------------------------------------------------------------
| Tool Version : Vivado v.2022.2 (lin64) Build 3671981 Fri Oct 14 04:59:54 MDT 2022
| Date         : Sat Aug 16 03:35:04 2025
| Host         : acclnode01 running 64-bit Ubuntu 20.04.6 LTS
| Command      : report_accelerator_utilization -kernels { datamover_outerloop_0:level0_i/ulp/datamover_outerloop_0_1/inst:datamover_outerloop_0_1 kernel_outerloop_0:level0_i/ulp/kernel_outerloop_0_1/inst:kernel_outerloop_0_1 kernel_outerloop_0:level0_i/ulp/kernel_outerloop_0_2/inst:kernel_outerloop_0_2 kernel_outerloop_0:level0_i/ulp/kernel_outerloop_0_3/inst:kernel_outerloop_0_3} -file kernel_util_placed.rpt -name kernel_util_placed -json
| Design       : level0_wrapper
| Device       : xcu280
| Design State : Fully Placed
-------------------------------------------------------------------------------------------------------------------------------------------------------------------------------------------------------------------------------------------------------------------------------------------------------------------------------------------------------------------------------------------------------------------------------------------------------------

Accelerator Utilization Design Information

Table of Contents
-----------------
1. System Utilization

1. System Utilization
---------------------

+----------------------------+-------------------+------------------+-------------------+----------------+---------------+----------------+
| Name                       | LUT               | LUTAsMem         | REG               | BRAM           | URAM          | DSP            |
+----------------------------+-------------------+------------------+-------------------+----------------+---------------+----------------+
| Platform                   |  124257 [  9.53%] |   9468 [  1.58%] |  170966 [  6.56%] |  229 [ 11.36%] |   0 [  0.00%] |    4 [  0.04%] |
| User Budget                | 1179423 [100.00%] | 591492 [100.00%] | 2436394 [100.00%] | 1787 [100.00%] | 960 [100.00%] | 9020 [100.00%] |
|    Used Resources          |  390049 [ 33.07%] |  41681 [  7.05%] |  709933 [ 29.14%] |  247 [ 13.82%] | 216 [ 22.50%] | 7298 [ 80.91%] |
|    Unused Resources        |  789374 [ 66.93%] | 549811 [ 92.95%] | 1726461 [ 70.86%] | 1540 [ 86.18%] | 744 [ 77.50%] | 1722 [ 19.09%] |
| datamover_outerloop_0      |   11047 [  0.94%] |   3530 [  0.60%] |   16198 [  0.66%] |   31 [  1.73%] |   0 [  0.00%] |    5 [  0.06%] |
|    datamover_outerloop_0_1 |   11047 [  0.94%] |   3530 [  0.60%] |   16198 [  0.66%] |   31 [  1.73%] |   0 [  0.00%] |    5 [  0.06%] |
| kernel_outerloop_0         |  379002 [ 32.13%] |  38151 [  6.45%] |  693735 [ 28.47%] |  216 [ 12.09%] | 216 [ 22.50%] | 7293 [ 80.85%] |
|    kernel_outerloop_0_1    |  126296 [ 10.71%] |  12717 [  2.15%] |  231582 [  9.51%] |   72 [  4.03%] |  72 [  7.50%] | 2431 [ 26.95%] |
|    kernel_outerloop_0_2    |  126489 [ 10.72%] |  12717 [  2.15%] |  231137 [  9.49%] |   72 [  4.03%] |  72 [  7.50%] | 2431 [ 26.95%] |
|    kernel_outerloop_0_3    |  126217 [ 10.70%] |  12717 [  2.15%] |  231016 [  9.48%] |   72 [  4.03%] |  72 [  7.50%] | 2431 [ 26.95%] |
+----------------------------+-------------------+------------------+-------------------+----------------+---------------+----------------+


