Copyright 1986-2022 Xilinx, Inc. All Rights Reserved.
-------------------------------------------------------------------------------------------------------------------------------------------------------------------------------------------------------------------------------------------------------------------------------------------------------------------------------------------------------------------------------------------------------------------------------------------------------------
| Tool Version : Vivado v.2022.2 (lin64) Build 3671981 Fri Oct 14 04:59:54 MDT 2022
| Date         : Thu May 15 06:57:06 2025
| Host         : acclnode01 running 64-bit Ubuntu 20.04.6 LTS
| Command      : report_accelerator_utilization -kernels { datamover_outerloop_0:level0_i/ulp/datamover_outerloop_0_1/inst:datamover_outerloop_0_1 kernel_outerloop_0:level0_i/ulp/kernel_outerloop_0_1/inst:kernel_outerloop_0_1 kernel_outerloop_0:level0_i/ulp/kernel_outerloop_0_2/inst:kernel_outerloop_0_2 kernel_outerloop_0:level0_i/ulp/kernel_outerloop_0_3/inst:kernel_outerloop_0_3} -file kernel_util_routed.rpt -name kernel_util_routed -json
| Design       : level0_wrapper
| Device       : xcu280
| Design State : Routed
-------------------------------------------------------------------------------------------------------------------------------------------------------------------------------------------------------------------------------------------------------------------------------------------------------------------------------------------------------------------------------------------------------------------------------------------------------------

Accelerator Utilization Design Information

Table of Contents
-----------------
1. System Utilization

1. System Utilization
---------------------

+----------------------------+-------------------+------------------+-------------------+----------------+---------------+----------------+
| Name                       | LUT               | LUTAsMem         | REG               | BRAM           | URAM          | DSP            |
+----------------------------+-------------------+------------------+-------------------+----------------+---------------+----------------+
| Platform                   |  125886 [  9.66%] |   9777 [  1.63%] |  174835 [  6.71%] |  325 [ 16.12%] |   0 [  0.00%] |    4 [  0.04%] |
| User Budget                | 1177794 [100.00%] | 591183 [100.00%] | 2432525 [100.00%] | 1691 [100.00%] | 960 [100.00%] | 9020 [100.00%] |
|    Used Resources          |  562881 [ 47.79%] | 154064 [ 26.06%] |  907974 [ 37.33%] |   38 [  2.25%] |   0 [  0.00%] | 6864 [ 76.10%] |
|    Unused Resources        |  614913 [ 52.21%] | 437119 [ 73.94%] | 1524551 [ 62.67%] | 1653 [ 97.75%] | 960 [100.00%] | 2156 [ 23.90%] |
| datamover_outerloop_0      |   18242 [  1.55%] |   2378 [  0.40%] |   36077 [  1.48%] |   38 [  2.25%] |   0 [  0.00%] |    0 [  0.00%] |
|    datamover_outerloop_0_1 |   18242 [  1.55%] |   2378 [  0.40%] |   36077 [  1.48%] |   38 [  2.25%] |   0 [  0.00%] |    0 [  0.00%] |
| kernel_outerloop_0         |  544639 [ 46.24%] | 151686 [ 25.66%] |  871897 [ 35.84%] |    0 [  0.00%] |   0 [  0.00%] | 6864 [ 76.10%] |
|    kernel_outerloop_0_1    |  181004 [ 15.37%] |  50562 [  8.55%] |  291049 [ 11.96%] |    0 [  0.00%] |   0 [  0.00%] | 2288 [ 25.37%] |
|    kernel_outerloop_0_2    |  182576 [ 15.50%] |  50562 [  8.55%] |  290308 [ 11.93%] |    0 [  0.00%] |   0 [  0.00%] | 2288 [ 25.37%] |
|    kernel_outerloop_0_3    |  181059 [ 15.37%] |  50562 [  8.55%] |  290540 [ 11.94%] |    0 [  0.00%] |   0 [  0.00%] | 2288 [ 25.37%] |
+----------------------------+-------------------+------------------+-------------------+----------------+---------------+----------------+


