Copyright 1986-2022 Xilinx, Inc. All Rights Reserved.
---------------------------------------------------------------------------------------------------------------------------------------------------------------------------------------------------------------------------------------------------------------------------------------------------------------------------------------------------------------------------------------------------------------------------------------------------------------
| Tool Version : Vivado v.2022.2 (lin64) Build 3671981 Fri Oct 14 04:59:54 MDT 2022
| Date         : Thu May 15 01:01:05 2025
| Host         : acclnode01 running 64-bit Ubuntu 20.04.6 LTS
| Command      : report_accelerator_utilization -kernels { datamover_outerloop_0:level0_i/ulp/datamover_outerloop_0_1/inst:datamover_outerloop_0_1 kernel_outerloop_0:level0_i/ulp/kernel_outerloop_0_1/inst:kernel_outerloop_0_1 kernel_outerloop_0:level0_i/ulp/kernel_outerloop_0_2/inst:kernel_outerloop_0_2 kernel_outerloop_0:level0_i/ulp/kernel_outerloop_0_3/inst:kernel_outerloop_0_3} -file kernel_util_synthed.rpt -name kernel_util_synthed -json
| Design       : level0_wrapper
| Device       : xcu280
| Design State : Synthesized
---------------------------------------------------------------------------------------------------------------------------------------------------------------------------------------------------------------------------------------------------------------------------------------------------------------------------------------------------------------------------------------------------------------------------------------------------------------

Accelerator Utilization Design Information

Table of Contents
-----------------
1. System Utilization

1. System Utilization
---------------------

+----------------------------+-------------------+------------------+-------------------+----------------+---------------+----------------+
| Name                       | LUT               | LUTAsMem         | REG               | BRAM           | URAM          | DSP            |
+----------------------------+-------------------+------------------+-------------------+----------------+---------------+----------------+
| Platform                   |  141348 [ 10.84%] |  11276 [  1.88%] |  179895 [  6.90%] |  341 [ 16.91%] |   0 [  0.00%] |    4 [  0.04%] |
| User Budget                | 1162332 [100.00%] | 589684 [100.00%] | 2427465 [100.00%] | 1675 [100.00%] | 960 [100.00%] | 9020 [100.00%] |
|    Used Resources          |  650845 [ 55.99%] | 196795 [ 33.37%] |  915735 [ 37.72%] |   38 [  2.27%] |   0 [  0.00%] | 6864 [ 76.10%] |
|    Unused Resources        |  511487 [ 44.01%] | 392889 [ 66.63%] | 1511730 [ 62.28%] | 1637 [ 97.73%] | 960 [100.00%] | 2156 [ 23.90%] |
| datamover_outerloop_0      |   18877 [  1.62%] |   2713 [  0.46%] |   36315 [  1.50%] |   38 [  2.27%] |   0 [  0.00%] |    0 [  0.00%] |
|    datamover_outerloop_0_1 |   18877 [  1.62%] |   2713 [  0.46%] |   36315 [  1.50%] |   38 [  2.27%] |   0 [  0.00%] |    0 [  0.00%] |
| kernel_outerloop_0         |  631968 [ 54.37%] | 194082 [ 32.91%] |  879420 [ 36.23%] |    0 [  0.00%] |   0 [  0.00%] | 6864 [ 76.10%] |
|    kernel_outerloop_0_1    |  210656 [ 18.12%] |  64694 [ 10.97%] |  293140 [ 12.08%] |    0 [  0.00%] |   0 [  0.00%] | 2288 [ 25.37%] |
|    kernel_outerloop_0_2    |  210656 [ 18.12%] |  64694 [ 10.97%] |  293140 [ 12.08%] |    0 [  0.00%] |   0 [  0.00%] | 2288 [ 25.37%] |
|    kernel_outerloop_0_3    |  210656 [ 18.12%] |  64694 [ 10.97%] |  293140 [ 12.08%] |    0 [  0.00%] |   0 [  0.00%] | 2288 [ 25.37%] |
+----------------------------+-------------------+------------------+-------------------+----------------+---------------+----------------+


