Copyright 1986-2022 Xilinx, Inc. All Rights Reserved.
-----------------------------------------------------------------------------------------------------------------------------------------------------------------------------------------------------------------------------------------------------------------------------------------
| Tool Version : Vivado v.2022.1 (lin64) Build 3526262 Mon Apr 18 15:47:01 MDT 2022
| Date         : Sat Jun  7 01:25:26 2025
| Host         : acclhead1 running 64-bit Ubuntu 20.04.6 LTS
| Command      : report_accelerator_utilization -kernels { datamover_outerloop_0:top_i/ulp/datamover_outerloop_0_1/inst:datamover_outerloop_0_1 kernel_outerloop_0:top_i/ulp/kernel_outerloop_0_1/inst:kernel_outerloop_0_1} -file kernel_util_routed.rpt -name kernel_util_routed -json
| Design       : top_wrapper
| Device       : xcvc1902
| Design State : Fully Placed
-----------------------------------------------------------------------------------------------------------------------------------------------------------------------------------------------------------------------------------------------------------------------------------------

Accelerator Utilization Design Information

Table of Contents
-----------------
1. System Utilization

1. System Utilization
---------------------

+----------------------------+-------------------+------------------+------------------+---------------+---------------+
| Name                       | REG               | LUT              | LUTAsMem         | BRAM          | URAM          |
+----------------------------+-------------------+------------------+------------------+---------------+---------------+
| Platform                   |   34193 [  1.90%] |  21579 [  2.40%] |   3548 [  0.79%] |  32 [  3.31%] |   0 [  0.00%] |
| User Budget                | 1765487 [100.00%] | 878261 [100.00%] | 446372 [100.00%] | 935 [100.00%] | 463 [100.00%] |
|    Used Resources          |  329324 [ 18.65%] |  81300 [  9.26%] |  27799 [  6.23%] | 427 [ 45.67%] |   0 [  0.00%] |
|    Unused Resources        | 1436163 [ 81.35%] | 796961 [ 90.74%] | 418573 [ 93.77%] | 508 [ 54.33%] | 463 [100.00%] |
| datamover_outerloop_0      |   81837 [  4.64%] |  37118 [  4.23%] |   6555 [  1.47%] | 123 [ 13.16%] |   0 [  0.00%] |
|    datamover_outerloop_0_1 |   81837 [  4.64%] |  37118 [  4.23%] |   6555 [  1.47%] | 123 [ 13.16%] |   0 [  0.00%] |
| kernel_outerloop_0         |  247487 [ 14.02%] |  44182 [  5.03%] |  21244 [  4.76%] | 304 [ 32.51%] |   0 [  0.00%] |
|    kernel_outerloop_0_1    |  247487 [ 14.02%] |  44182 [  5.03%] |  21244 [  4.76%] | 304 [ 32.51%] |   0 [  0.00%] |
+----------------------------+-------------------+------------------+------------------+---------------+---------------+


