Copyright 1986-2022 Xilinx, Inc. All Rights Reserved.
---------------------------------------------------------------------------------------------------------------------------------------------------------------------------------------------------------------------------------------------------------------------------------------------------------------------------------------------------------------------------------------------------------------------------------------------------------------
| Tool Version : Vivado v.2022.2 (lin64) Build 3671981 Fri Oct 14 04:59:54 MDT 2022
| Date         : Fri Aug 15 15:42:34 2025
| Host         : acclnode01 running 64-bit Ubuntu 20.04.6 LTS
| Command      : report_accelerator_utilization -kernels { datamover_outerloop_0:level0_i/ulp/datamover_outerloop_0_1/inst:datamover_outerloop_0_1 kernel_outerloop_0:level0_i/ulp/kernel_outerloop_0_1/inst:kernel_outerloop_0_1 kernel_outerloop_0:level0_i/ulp/kernel_outerloop_0_2/inst:kernel_outerloop_0_2 kernel_outerloop_0:level0_i/ulp/kernel_outerloop_0_3/inst:kernel_outerloop_0_3} -file kernel_util_synthed.rpt -name kernel_util_synthed -json
| Design       : level0_wrapper
| Device       : xcu280
| Design State : Synthesized
---------------------------------------------------------------------------------------------------------------------------------------------------------------------------------------------------------------------------------------------------------------------------------------------------------------------------------------------------------------------------------------------------------------------------------------------------------------

Accelerator Utilization Design Information

Table of Contents
-----------------
1. System Utilization

1. System Utilization
---------------------

+----------------------------+-------------------+------------------+-------------------+----------------+---------------+----------------+
| Name                       | LUT               | LUTAsMem         | REG               | BRAM           | URAM          | DSP            |
+----------------------------+-------------------+------------------+-------------------+----------------+---------------+----------------+
| Platform                   |  138992 [ 10.66%] |  10948 [  1.82%] |  172878 [  6.63%] |  215 [ 10.66%] |   0 [  0.00%] |    4 [  0.04%] |
| User Budget                | 1164688 [100.00%] | 590012 [100.00%] | 2434482 [100.00%] | 1801 [100.00%] | 960 [100.00%] | 9020 [100.00%] |
|    Used Resources          |  442635 [ 38.00%] |  37388 [  6.34%] |  683636 [ 28.08%] |  115 [  6.39%] |  84 [  8.75%] | 7272 [ 80.62%] |
|    Unused Resources        |  722053 [ 62.00%] | 552624 [ 93.66%] | 1750846 [ 71.92%] | 1686 [ 93.61%] | 876 [ 91.25%] | 1748 [ 19.38%] |
| datamover_outerloop_0      |   11202 [  0.96%] |   3656 [  0.62%] |   16295 [  0.67%] |   31 [  1.72%] |   0 [  0.00%] |    3 [  0.03%] |
|    datamover_outerloop_0_1 |   11202 [  0.96%] |   3656 [  0.62%] |   16295 [  0.67%] |   31 [  1.72%] |   0 [  0.00%] |    3 [  0.03%] |
| kernel_outerloop_0         |  431433 [ 37.04%] |  33732 [  5.72%] |  667341 [ 27.41%] |   84 [  4.66%] |  84 [  8.75%] | 7269 [ 80.59%] |
|    kernel_outerloop_0_1    |  143811 [ 12.35%] |  11244 [  1.91%] |  222447 [  9.14%] |   28 [  1.55%] |  28 [  2.92%] | 2423 [ 26.86%] |
|    kernel_outerloop_0_2    |  143811 [ 12.35%] |  11244 [  1.91%] |  222447 [  9.14%] |   28 [  1.55%] |  28 [  2.92%] | 2423 [ 26.86%] |
|    kernel_outerloop_0_3    |  143811 [ 12.35%] |  11244 [  1.91%] |  222447 [  9.14%] |   28 [  1.55%] |  28 [  2.92%] | 2423 [ 26.86%] |
+----------------------------+-------------------+------------------+-------------------+----------------+---------------+----------------+


