Copyright 1986-2022 Xilinx, Inc. All Rights Reserved.
-------------------------------------------------------------------------------------------------------------------------------------------------------------------------------------------------------------------------------------------------------------------------------------------------------------------------------------------------------------------------------------------------------------------------------------------------------------
| Tool Version : Vivado v.2022.2 (lin64) Build 3671981 Fri Oct 14 04:59:54 MDT 2022
| Date         : Fri Aug 15 19:45:00 2025
| Host         : acclnode01 running 64-bit Ubuntu 20.04.6 LTS
| Command      : report_accelerator_utilization -kernels { datamover_outerloop_0:level0_i/ulp/datamover_outerloop_0_1/inst:datamover_outerloop_0_1 kernel_outerloop_0:level0_i/ulp/kernel_outerloop_0_1/inst:kernel_outerloop_0_1 kernel_outerloop_0:level0_i/ulp/kernel_outerloop_0_2/inst:kernel_outerloop_0_2 kernel_outerloop_0:level0_i/ulp/kernel_outerloop_0_3/inst:kernel_outerloop_0_3} -file kernel_util_routed.rpt -name kernel_util_routed -json
| Design       : level0_wrapper
| Device       : xcu280
| Design State : Routed
-------------------------------------------------------------------------------------------------------------------------------------------------------------------------------------------------------------------------------------------------------------------------------------------------------------------------------------------------------------------------------------------------------------------------------------------------------------

Accelerator Utilization Design Information

Table of Contents
-----------------
1. System Utilization

1. System Utilization
---------------------

+----------------------------+-------------------+------------------+-------------------+----------------+---------------+----------------+
| Name                       | LUT               | LUTAsMem         | REG               | BRAM           | URAM          | DSP            |
+----------------------------+-------------------+------------------+-------------------+----------------+---------------+----------------+
| Platform                   |  124274 [  9.53%] |   9468 [  1.58%] |  170878 [  6.55%] |  213 [ 10.57%] |   0 [  0.00%] |    4 [  0.04%] |
| User Budget                | 1179406 [100.00%] | 591492 [100.00%] | 2436482 [100.00%] | 1803 [100.00%] | 960 [100.00%] | 9020 [100.00%] |
|    Used Resources          |  379579 [ 32.18%] |  33005 [  5.58%] |  679371 [ 27.88%] |  115 [  6.38%] |  84 [  8.75%] | 7272 [ 80.62%] |
|    Unused Resources        |  799827 [ 67.82%] | 558487 [ 94.42%] | 1757111 [ 72.12%] | 1688 [ 93.62%] | 876 [ 91.25%] | 1748 [ 19.38%] |
| datamover_outerloop_0      |   10975 [  0.93%] |   3530 [  0.60%] |   16157 [  0.66%] |   31 [  1.72%] |   0 [  0.00%] |    3 [  0.03%] |
|    datamover_outerloop_0_1 |   10975 [  0.93%] |   3530 [  0.60%] |   16157 [  0.66%] |   31 [  1.72%] |   0 [  0.00%] |    3 [  0.03%] |
| kernel_outerloop_0         |  368604 [ 31.25%] |  29475 [  4.98%] |  663214 [ 27.22%] |   84 [  4.66%] |  84 [  8.75%] | 7269 [ 80.59%] |
|    kernel_outerloop_0_1    |  122919 [ 10.42%] |   9825 [  1.66%] |  221826 [  9.10%] |   28 [  1.55%] |  28 [  2.92%] | 2423 [ 26.86%] |
|    kernel_outerloop_0_2    |  123020 [ 10.43%] |   9825 [  1.66%] |  220715 [  9.06%] |   28 [  1.55%] |  28 [  2.92%] | 2423 [ 26.86%] |
|    kernel_outerloop_0_3    |  122665 [ 10.40%] |   9825 [  1.66%] |  220673 [  9.06%] |   28 [  1.55%] |  28 [  2.92%] | 2423 [ 26.86%] |
+----------------------------+-------------------+------------------+-------------------+----------------+---------------+----------------+


