Copyright 1986-2022 Xilinx, Inc. All Rights Reserved.
------------------------------------------------------------------------------------------
| Tool Version : Vivado v.2022.2 (lin64) Build 3671981 Fri Oct 14 04:59:54 MDT 2022
| Date         : Fri Aug 15 17:32:11 2025
| Host         : acclnode01 running 64-bit Ubuntu 20.04.6 LTS
| Command      : report_utilization -slr -file slr_util_placed.rpt -pb slr_util_placed.pb
| Design       : level0_wrapper
| Device       : xcu280-fsvh2892-2L-e
| Speed File   : -2L
| Design State : Fully Placed
------------------------------------------------------------------------------------------

Utilization Design Information

Table of Contents
-----------------
1. SLR Connectivity
2. SLR Connectivity Matrix
3. SLR CLB Logic and Dedicated Block Utilization
4. SLR IO Utilization

1. SLR Connectivity
-------------------

+----------------------------------+-------+-------+-----------+-------+
|                                  |  Used | Fixed | Available | Util% |
+----------------------------------+-------+-------+-----------+-------+
| SLR2 <-> SLR1                    |  5720 |       |     23040 | 24.83 |
|   SLR1 -> SLR2                   |  2882 |       |           | 12.51 |
|     Using TX_REG only            |     0 |     0 |           |       |
|     Using RX_REG only            |     0 |     0 |           |       |
|     Using Both TX_REG and RX_REG |     0 |     0 |           |       |
|   SLR2 -> SLR1                   |  2838 |       |           | 12.32 |
|     Using TX_REG only            |     0 |     0 |           |       |
|     Using RX_REG only            |     0 |     0 |           |       |
|     Using Both TX_REG and RX_REG |     0 |     0 |           |       |
| SLR1 <-> SLR0                    | 10186 |       |     23040 | 44.21 |
|   SLR0 -> SLR1                   |  4642 |       |           | 20.15 |
|     Using TX_REG only            |     0 |     0 |           |       |
|     Using RX_REG only            |     0 |     0 |           |       |
|     Using Both TX_REG and RX_REG |     0 |     0 |           |       |
|   SLR1 -> SLR0                   |  5544 |       |           | 24.06 |
|     Using TX_REG only            |     0 |     0 |           |       |
|     Using RX_REG only            |     0 |     0 |           |       |
|     Using Both TX_REG and RX_REG |     0 |     0 |           |       |
+----------------------------------+-------+-------+-----------+-------+
| Total SLLs Used                  | 15906 |       |           |       |
+----------------------------------+-------+-------+-----------+-------+


2. SLR Connectivity Matrix
--------------------------

+-----------+------+------+------+
| FROM \ TO | SLR2 | SLR1 | SLR0 |
+-----------+------+------+------+
| SLR2      |    0 | 2685 |  153 |
| SLR1      | 2774 |    0 | 5391 |
| SLR0      |  108 | 4534 |    0 |
+-----------+------+------+------+


3. SLR CLB Logic and Dedicated Block Utilization
------------------------------------------------

+----------------------------+--------+--------+--------+--------+--------+--------+
|          Site Type         |  SLR0  |  SLR1  |  SLR2  | SLR0 % | SLR1 % | SLR2 % |
+----------------------------+--------+--------+--------+--------+--------+--------+
| CLB                        |  43851 |  44559 |  38039 |  79.79 |  82.52 |  70.44 |
|   CLBL                     |  22303 |  23095 |  19376 |  76.17 |  78.88 |  66.17 |
|   CLBM                     |  21548 |  21464 |  18663 |  83.91 |  86.83 |  75.50 |
| CLB LUTs                   | 162212 | 192893 | 148727 |  36.89 |  44.65 |  34.43 |
|   LUT as Logic             | 148275 | 175713 | 137371 |  33.72 |  40.67 |  31.80 |
|     using O5 output only   |   1920 |   1606 |   1111 |   0.44 |   0.37 |   0.26 |
|     using O6 output only   |  96347 | 115806 |  87177 |  21.91 |  26.81 |  20.18 |
|     using O5 and O6        |  50008 |  58301 |  49083 |  11.37 |  13.50 |  11.36 |
|   LUT as Memory            |  13937 |  17180 |  11356 |   6.78 |   8.69 |   5.74 |
|     LUT as Distributed RAM |   3378 |   4890 |   2004 |   1.64 |   2.47 |   1.01 |
|       using O5 output only |      0 |      0 |      0 |   0.00 |   0.00 |   0.00 |
|       using O6 output only |    248 |    386 |      4 |   0.12 |   0.20 |  <0.01 |
|       using O5 and O6      |   3130 |   4504 |   2000 |   1.52 |   2.28 |   1.01 |
|     LUT as Shift Register  |  10559 |  12290 |   9352 |   5.14 |   6.21 |   4.73 |
|       using O5 output only |      0 |      0 |      0 |   0.00 |   0.00 |   0.00 |
|       using O6 output only |   8428 |  10725 |   7899 |   4.10 |   5.42 |   3.99 |
|       using O5 and O6      |   2131 |   1565 |   1453 |   1.04 |   0.79 |   0.73 |
| CLB Registers              | 288122 | 305678 | 256449 |  32.76 |  35.38 |  29.68 |
| CARRY8                     |   6389 |   6758 |   6106 |  11.62 |  12.51 |  11.31 |
| F7 Muxes                   |   3059 |   4466 |   2273 |   1.39 |   2.07 |   1.05 |
| F8 Muxes                   |    147 |    335 |     15 |   0.13 |   0.31 |   0.01 |
| F9 Muxes                   |      0 |      0 |      0 |   0.00 |   0.00 |   0.00 |
| Block RAM Tile             |   93.5 |    157 |     78 |  13.91 |  23.36 |  11.61 |
|   RAMB36/FIFO              |     92 |    155 |     78 |  13.69 |  23.07 |  11.61 |
|   RAMB18                   |      3 |      4 |      0 |   0.22 |   0.30 |   0.00 |
| URAM                       |     28 |     28 |     28 |   8.75 |   8.75 |   8.75 |
| DSPs                       |   2423 |   2426 |   2427 |  84.13 |  78.97 |  79.00 |
| Unique Control Sets        |   4017 |   5559 |   2977 |   3.65 |   5.15 |   2.76 |
+----------------------------+--------+--------+--------+--------+--------+--------+
* Note: Available Control Sets based on CLB Registers / 8


4. SLR IO Utilization
---------------------

+-----------+-----------+---------+------------+----------+------------+----------+-----+
| SLR Index | Used IOBs | (%)IOBs | Used IPADs | (%)IPADs | Used OPADs | (%)OPADs | GTs |
+-----------+-----------+---------+------------+----------+------------+----------+-----+
| SLR2      |        15 |    7.21 |          0 |     0.00 |          0 |     0.00 |   0 |
| SLR1      |         0 |    0.00 |          0 |     0.00 |          0 |     0.00 |   0 |
| SLR0      |         1 |    0.48 |          0 |     0.00 |          0 |     0.00 |  16 |
+-----------+-----------+---------+------------+----------+------------+----------+-----+
| Total     |        16 |         |          0 |          |          0 |          |  16 |
+-----------+-----------+---------+------------+----------+------------+----------+-----+


