Copyright 1986-2022 Xilinx, Inc. All Rights Reserved.
--------------------------------------------------------------------------------------------------------------------------------------------------------------------------------------------------------------------------------------------------------------------------------------------------------
| Tool Version : Vivado v.2022.1 (lin64) Build 3526262 Mon Apr 18 15:47:01 MDT 2022
| Date         : Fri Aug  1 23:46:29 2025
| Host         : acclnode02 running 64-bit Ubuntu 20.04.6 LTS
| Command      : report_accelerator_utilization -kernels { stencil_SLR0:top_i/ulp/stencil_SLR0_1/inst:stencil_SLR0_1 stencil_SLR1:top_i/ulp/stencil_SLR1_1/inst:stencil_SLR1_1 stencil_SLR2:top_i/ulp/stencil_SLR2_1/inst:stencil_SLR2_1} -file kernel_util_synthed.rpt -name kernel_util_synthed -json
| Design       : top_wrapper
| Device       : xcvc1902
| Design State : Synthesized
--------------------------------------------------------------------------------------------------------------------------------------------------------------------------------------------------------------------------------------------------------------------------------------------------------

Accelerator Utilization Design Information

Table of Contents
-----------------
1. System Utilization

1. System Utilization
---------------------

+---------------------+-------------------+------------------+------------------+---------------+---------------+
| Name                | REG               | LUT              | LUTAsMem         | BRAM          | URAM          |
+---------------------+-------------------+------------------+------------------+---------------+---------------+
| Platform            |   32196 [  1.79%] |  22988 [  2.55%] |   2154 [  0.48%] |  68 [  7.03%] |   0 [  0.00%] |
| User Budget         | 1767484 [100.00%] | 876852 [100.00%] | 447766 [100.00%] | 899 [100.00%] | 463 [100.00%] |
|    Used Resources   |  164682 [  9.32%] |  40884 [  4.66%] |  12082 [  2.70%] |  30 [  3.34%] | 144 [ 31.10%] |
|    Unused Resources | 1602802 [ 90.68%] | 835968 [ 95.34%] | 435684 [ 97.30%] | 869 [ 96.66%] | 319 [ 68.90%] |
| stencil_SLR0        |   57577 [  3.26%] |  16500 [  1.88%] |   5254 [  1.17%] |  30 [  3.34%] |  48 [ 10.37%] |
|    stencil_SLR0_1   |   57577 [  3.26%] |  16500 [  1.88%] |   5254 [  1.17%] |  30 [  3.34%] |  48 [ 10.37%] |
| stencil_SLR1        |   54450 [  3.08%] |  12634 [  1.44%] |   3462 [  0.77%] |   0 [  0.00%] |  48 [ 10.37%] |
|    stencil_SLR1_1   |   54450 [  3.08%] |  12634 [  1.44%] |   3462 [  0.77%] |   0 [  0.00%] |  48 [ 10.37%] |
| stencil_SLR2        |   52655 [  2.98%] |  11750 [  1.34%] |   3366 [  0.75%] |   0 [  0.00%] |  48 [ 10.37%] |
|    stencil_SLR2_1   |   52655 [  2.98%] |  11750 [  1.34%] |   3366 [  0.75%] |   0 [  0.00%] |  48 [ 10.37%] |
+---------------------+-------------------+------------------+------------------+---------------+---------------+


