Copyright 1986-2022 Xilinx, Inc. All Rights Reserved.
------------------------------------------------------------------------------------------------------------------------------------------------------------------------------------------------------------------------------------------------------------------------------------------------------
| Tool Version : Vivado v.2022.1 (lin64) Build 3526262 Mon Apr 18 15:47:01 MDT 2022
| Date         : Sat Aug  2 00:17:36 2025
| Host         : acclnode02 running 64-bit Ubuntu 20.04.6 LTS
| Command      : report_accelerator_utilization -kernels { stencil_SLR0:top_i/ulp/stencil_SLR0_1/inst:stencil_SLR0_1 stencil_SLR1:top_i/ulp/stencil_SLR1_1/inst:stencil_SLR1_1 stencil_SLR2:top_i/ulp/stencil_SLR2_1/inst:stencil_SLR2_1} -file kernel_util_placed.rpt -name kernel_util_placed -json
| Design       : top_wrapper
| Device       : xcvc1902
| Design State : Fully Placed
------------------------------------------------------------------------------------------------------------------------------------------------------------------------------------------------------------------------------------------------------------------------------------------------------

Accelerator Utilization Design Information

Table of Contents
-----------------
1. System Utilization

1. System Utilization
---------------------

+---------------------+-------------------+------------------+------------------+---------------+---------------+
| Name                | REG               | LUT              | LUTAsMem         | BRAM          | URAM          |
+---------------------+-------------------+------------------+------------------+---------------+---------------+
| Platform            |   29210 [  1.62%] |  20044 [  2.23%] |   2028 [  0.45%] |  64 [  6.62%] |   0 [  0.00%] |
| User Budget         | 1770470 [100.00%] | 879796 [100.00%] | 447892 [100.00%] | 903 [100.00%] | 463 [100.00%] |
|    Used Resources   |  163157 [  9.22%] |  33834 [  3.85%] |   6909 [  1.54%] |  30 [  3.32%] | 144 [ 31.10%] |
|    Unused Resources | 1607313 [ 90.78%] | 845962 [ 96.15%] | 440983 [ 98.46%] | 873 [ 96.68%] | 319 [ 68.90%] |
| stencil_SLR0        |   57069 [  3.22%] |  14054 [  1.60%] |   3486 [  0.78%] |  30 [  3.32%] |  48 [ 10.37%] |
|    stencil_SLR0_1   |   57069 [  3.22%] |  14054 [  1.60%] |   3486 [  0.78%] |  30 [  3.32%] |  48 [ 10.37%] |
| stencil_SLR1        |   53989 [  3.05%] |  10339 [  1.18%] |   1736 [  0.39%] |   0 [  0.00%] |  48 [ 10.37%] |
|    stencil_SLR1_1   |   53989 [  3.05%] |  10339 [  1.18%] |   1736 [  0.39%] |   0 [  0.00%] |  48 [ 10.37%] |
| stencil_SLR2        |   52099 [  2.94%] |   9441 [  1.07%] |   1687 [  0.38%] |   0 [  0.00%] |  48 [ 10.37%] |
|    stencil_SLR2_1   |   52099 [  2.94%] |   9441 [  1.07%] |   1687 [  0.38%] |   0 [  0.00%] |  48 [ 10.37%] |
+---------------------+-------------------+------------------+------------------+---------------+---------------+


