Copyright 1986-2022 Xilinx, Inc. All Rights Reserved.
-------------------------------------------------------------------------------------------------------------------------------------------------------------------------------------------------------------------------------------------------------------------------------------------
| Tool Version : Vivado v.2022.1 (lin64) Build 3526262 Mon Apr 18 15:47:01 MDT 2022
| Date         : Wed Jul  9 15:28:27 2025
| Host         : acclnode02 running 64-bit Ubuntu 20.04.6 LTS
| Command      : report_accelerator_utilization -kernels { datamover_outerloop_0:top_i/ulp/datamover_outerloop_0_1/inst:datamover_outerloop_0_1 kernel_outerloop_0:top_i/ulp/kernel_outerloop_0_1/inst:kernel_outerloop_0_1} -file kernel_util_synthed.rpt -name kernel_util_synthed -json
| Design       : top_wrapper
| Device       : xcvc1902
| Design State : Synthesized
-------------------------------------------------------------------------------------------------------------------------------------------------------------------------------------------------------------------------------------------------------------------------------------------

Accelerator Utilization Design Information

Table of Contents
-----------------
1. System Utilization

1. System Utilization
---------------------

+----------------------------+-------------------+------------------+------------------+---------------+---------------+
| Name                       | REG               | LUT              | LUTAsMem         | BRAM          | URAM          |
+----------------------------+-------------------+------------------+------------------+---------------+---------------+
| Platform                   |   34039 [  1.89%] |  23249 [  2.58%] |   2154 [  0.48%] |  32 [  3.31%] | 144 [ 31.10%] |
| User Budget                | 1765641 [100.00%] | 876591 [100.00%] | 447766 [100.00%] | 935 [100.00%] | 319 [100.00%] |
|    Used Resources          |  354131 [ 20.06%] | 181018 [ 20.65%] |  99932 [ 22.32%] |  62 [  6.63%] |   0 [  0.00%] |
|    Unused Resources        | 1411510 [ 79.94%] | 695573 [ 79.35%] | 347834 [ 77.68%] | 873 [ 93.37%] | 319 [100.00%] |
| datamover_outerloop_0      |   59959 [  3.40%] |  29411 [  3.36%] |   7564 [  1.69%] |  62 [  6.63%] |   0 [  0.00%] |
|    datamover_outerloop_0_1 |   59959 [  3.40%] |  29411 [  3.36%] |   7564 [  1.69%] |  62 [  6.63%] |   0 [  0.00%] |
| kernel_outerloop_0         |  294172 [ 16.66%] | 151607 [ 17.30%] |  92368 [ 20.63%] |   0 [  0.00%] |   0 [  0.00%] |
|    kernel_outerloop_0_1    |  294172 [ 16.66%] | 151607 [ 17.30%] |  92368 [ 20.63%] |   0 [  0.00%] |   0 [  0.00%] |
+----------------------------+-------------------+------------------+------------------+---------------+---------------+


