Copyright 1986-2022 Xilinx, Inc. All Rights Reserved.
---------------------------------------------------------------------------------------
| Tool Version : Vivado v.2022.2 (lin64) Build 3671981 Fri Oct 14 04:59:54 MDT 2022
| Date         : Tue May 20 04:09:21 2025
| Host         : acclnode01 running 64-bit Ubuntu 20.04.6 LTS
| Command      : report_utilization -file full_util_placed.rpt -pb full_util_placed.pb
| Design       : level0_wrapper
| Device       : xcu280-fsvh2892-2L-e
| Speed File   : -2L
| Design State : Fully Placed
---------------------------------------------------------------------------------------

Utilization Design Information

Table of Contents
-----------------
1. CLB Logic
1.1 Summary of Registers by Type
2. CLB Logic Distribution
3. BLOCKRAM
4. ARITHMETIC
5. I/O
6. CLOCK
7. ADVANCED
8. CONFIGURATION
9. Primitives
10. Black Boxes
11. Instantiated Netlists
12. SLR Connectivity
13. SLR Connectivity Matrix
14. SLR CLB Logic and Dedicated Block Utilization
15. SLR IO Utilization

1. CLB Logic
------------

+----------------------------+---------+--------+------------+-----------+-------+
|          Site Type         |   Used  |  Fixed | Prohibited | Available | Util% |
+----------------------------+---------+--------+------------+-----------+-------+
| CLB LUTs                   |  748755 | 107629 |          0 |   1303680 | 57.43 |
|   LUT as Logic             |  654011 | 101652 |          0 |   1303680 | 50.17 |
|   LUT as Memory            |   94744 |   5977 |          0 |    600960 | 15.77 |
|     LUT as Distributed RAM |   33532 |   4564 |            |           |       |
|     LUT as Shift Register  |   61212 |   1413 |            |           |       |
| CLB Registers              | 1258635 | 136086 |          0 |   2607360 | 48.27 |
|   Register as Flip Flop    | 1258631 | 136082 |          0 |   2607360 | 48.27 |
|   Register as Latch        |       0 |      0 |          0 |   2607360 |  0.00 |
|   Register as AND/OR       |       4 |      4 |          0 |   2607360 | <0.01 |
| CARRY8                     |   31061 |    946 |          0 |    162960 | 19.06 |
| F7 Muxes                   |    3542 |   1683 |          0 |    651840 |  0.54 |
| F8 Muxes                   |     455 |    446 |          0 |    325920 |  0.14 |
| F9 Muxes                   |       0 |      0 |          0 |    162960 |  0.00 |
+----------------------------+---------+--------+------------+-----------+-------+
* Warning! LUT value is adjusted to account for LUT combining.


1.1 Summary of Registers by Type
--------------------------------

+---------+--------------+-------------+--------------+
|  Total  | Clock Enable | Synchronous | Asynchronous |
+---------+--------------+-------------+--------------+
| 4       |            _ |           - |            - |
| 0       |            _ |           - |          Set |
| 0       |            _ |           - |        Reset |
| 0       |            _ |         Set |            - |
| 0       |            _ |       Reset |            - |
| 0       |          Yes |           - |            - |
| 398     |          Yes |           - |          Set |
| 3542    |          Yes |           - |        Reset |
| 13618   |          Yes |         Set |            - |
| 1241073 |          Yes |       Reset |            - |
+---------+--------------+-------------+--------------+


2. CLB Logic Distribution
-------------------------

+--------------------------------------------+---------+--------+------------+-----------+-------+
|                  Site Type                 |   Used  |  Fixed | Prohibited | Available | Util% |
+--------------------------------------------+---------+--------+------------+-----------+-------+
| CLB                                        |  155067 |      0 |          0 |    162960 | 95.16 |
|   CLBL                                     |   82199 |      0 |            |           |       |
|   CLBM                                     |   72868 |      0 |            |           |       |
| LUT as Logic                               |  654011 | 101652 |          0 |   1303680 | 50.17 |
|   using O5 output only                     |    4632 |        |            |           |       |
|   using O6 output only                     |  390957 |        |            |           |       |
|   using O5 and O6                          |  258422 |        |            |           |       |
| LUT as Memory                              |   94744 |   5977 |          0 |    600960 | 15.77 |
|   LUT as Distributed RAM                   |   33532 |   4564 |            |           |       |
|     using O5 output only                   |       0 |        |            |           |       |
|     using O6 output only                   |   28162 |        |            |           |       |
|     using O5 and O6                        |    5370 |        |            |           |       |
|   LUT as Shift Register                    |   61212 |   1413 |            |           |       |
|     using O5 output only                   |       0 |        |            |           |       |
|     using O6 output only                   |   27048 |        |            |           |       |
|     using O5 and O6                        |   34164 |        |            |           |       |
| CLB Registers                              | 1258635 |      0 |          0 |   2607360 | 48.27 |
|   Register driven from within the CLB      |  486848 |        |            |           |       |
|   Register driven from outside the CLB     |  771787 |        |            |           |       |
|     LUT in front of the register is unused |  524888 |        |            |           |       |
|     LUT in front of the register is used   |  246899 |        |            |           |       |
| Unique Control Sets                        |   16165 |        |          0 |    325920 |  4.96 |
+--------------------------------------------+---------+--------+------------+-----------+-------+
* * Note: Available Control Sets calculated as Slices * 2, Review the Control Sets Report for more information regarding control sets.


3. BLOCKRAM
-----------

+-------------------+------+-------+------------+-----------+-------+
|     Site Type     | Used | Fixed | Prohibited | Available | Util% |
+-------------------+------+-------+------------+-----------+-------+
| Block RAM Tile    |  573 |     0 |          0 |      2016 | 28.42 |
|   RAMB36/FIFO*    |  570 |   193 |          0 |      2016 | 28.27 |
|     RAMB36E2 only |  570 |       |            |           |       |
|   RAMB18          |    6 |     5 |          0 |      4032 |  0.15 |
|     RAMB18E2 only |    6 |       |            |           |       |
| URAM              |  376 |     0 |          0 |       960 | 39.17 |
+-------------------+------+-------+------------+-----------+-------+
* Note: Each Block RAM Tile only has one FIFO logic available and therefore can accommodate only one FIFO36E2 or one FIFO18E2. However, if a FIFO18E2 occupies a Block RAM Tile, that tile can still accommodate a RAMB18E2


4. ARITHMETIC
-------------

+----------------+------+-------+------------+-----------+-------+
|    Site Type   | Used | Fixed | Prohibited | Available | Util% |
+----------------+------+-------+------------+-----------+-------+
| DSPs           | 6665 |     4 |          0 |      9024 | 73.86 |
|   DSP48E2 only | 6665 |       |            |           |       |
+----------------+------+-------+------------+-----------+-------+


5. I/O
------

+------------------+------+-------+------------+-----------+-------+
|     Site Type    | Used | Fixed | Prohibited | Available | Util% |
+------------------+------+-------+------------+-----------+-------+
| Bonded IOB       |   16 |    16 |          0 |       624 |  2.56 |
| HPIOB_M          |    6 |     6 |          0 |       288 |  2.08 |
|   INPUT          |    4 |       |            |           |       |
|   OUTPUT         |    2 |       |            |           |       |
|   BIDIR          |    0 |       |            |           |       |
| HPIOB_S          |    8 |     8 |          0 |       288 |  2.78 |
|   INPUT          |    4 |       |            |           |       |
|   OUTPUT         |    4 |       |            |           |       |
|   BIDIR          |    0 |       |            |           |       |
| HPIOB_SNGL       |    2 |     2 |          0 |        48 |  4.17 |
|   INPUT          |    1 |       |            |           |       |
|   OUTPUT         |    1 |       |            |           |       |
|   BIDIR          |    0 |       |            |           |       |
| HPIOBDIFFINBUF   |    1 |     1 |          0 |       288 |  0.35 |
|   DIFFINBUF      |    1 |     1 |            |           |       |
| HPIOBDIFFOUTBUF  |    0 |     0 |          0 |       288 |  0.00 |
| BITSLICE_CONTROL |    0 |     0 |          0 |        96 |  0.00 |
| BITSLICE_RX_TX   |    0 |     0 |          0 |      3744 |  0.00 |
| BITSLICE_TX      |    0 |     0 |          0 |        96 |  0.00 |
| RIU_OR           |    0 |     0 |          0 |        48 |  0.00 |
+------------------+------+-------+------------+-----------+-------+


6. CLOCK
--------

+----------------------+------+-------+------------+-----------+-------+
|       Site Type      | Used | Fixed | Prohibited | Available | Util% |
+----------------------+------+-------+------------+-----------+-------+
| GLOBAL CLOCK BUFFERs |   43 |    32 |          0 |      1008 |  4.27 |
|   BUFGCE             |   16 |     5 |          0 |       288 |  5.56 |
|   BUFGCE_DIV         |    1 |     1 |          0 |        48 |  2.08 |
|   BUFG_GT            |   22 |    22 |          0 |       576 |  3.82 |
|   BUFGCTRL*          |    2 |     2 |          0 |        96 |  2.08 |
| PLL                  |    1 |     1 |          0 |        24 |  4.17 |
| MMCM                 |    3 |     1 |          0 |        12 | 25.00 |
+----------------------+------+-------+------------+-----------+-------+
* Note: Each used BUFGCTRL counts as two GLOBAL CLOCK BUFFERs. This table does not include global clocking resources, only buffer cell usage. See the Clock Utilization Report (report_clock_utilization) for detailed accounting of global clocking resource availability.


7. ADVANCED
-----------

+----------------------+------+-------+------------+-----------+-------+
|       Site Type      | Used | Fixed | Prohibited | Available | Util% |
+----------------------+------+-------+------------+-----------+-------+
| CMACE4               |    0 |     0 |          0 |         8 |  0.00 |
| GTYE4_CHANNEL        |   16 |    16 |          0 |        24 | 66.67 |
| GTYE4_COMMON         |    4 |     4 |          0 |         6 | 66.67 |
| HBM_REF_CLK          |    1 |     1 |          0 |         2 | 50.00 |
| HBM_SNGLBLI_INTF_APB |    1 |     1 |          0 |        32 |  3.13 |
| HBM_SNGLBLI_INTF_AXI |   16 |    16 |          0 |        32 | 50.00 |
| ILKNE4               |    0 |     0 |          0 |         4 |  0.00 |
| OBUFDS_GTE4          |    0 |     0 |          0 |        12 |  0.00 |
| OBUFDS_GTE4_ADV      |    0 |     0 |          0 |        12 |  0.00 |
| PCIE40E4             |    0 |     0 |          0 |         2 |  0.00 |
| PCIE4CE4             |    1 |     1 |          0 |         4 | 25.00 |
| SYSMONE4             |    0 |     0 |          0 |         3 |  0.00 |
+----------------------+------+-------+------------+-----------+-------+


8. CONFIGURATION
----------------

+-------------+------+-------+------------+-----------+-------+
|  Site Type  | Used | Fixed | Prohibited | Available | Util% |
+-------------+------+-------+------------+-----------+-------+
| BSCANE2     |    1 |     1 |          0 |        12 |  8.33 |
| DNA_PORTE2  |    0 |     0 |          0 |         3 |  0.00 |
| EFUSE_USR   |    0 |     0 |          0 |         3 |  0.00 |
| FRAME_ECCE4 |    0 |     0 |          0 |         3 |  0.00 |
| ICAPE3      |    1 |     1 |          0 |         6 | 16.67 |
| MASTER_JTAG |    0 |     0 |          0 |         3 |  0.00 |
| STARTUPE3   |    1 |     1 |          0 |         3 | 33.33 |
+-------------+------+-------+------------+-----------+-------+


9. Primitives
-------------

+----------------------+---------+---------------------+
|       Ref Name       |   Used  | Functional Category |
+----------------------+---------+---------------------+
| FDRE                 | 1241073 |            Register |
| LUT3                 |  274268 |                 CLB |
| LUT6                 |  186836 |                 CLB |
| LUT4                 |  170522 |                 CLB |
| LUT5                 |  149772 |                 CLB |
| LUT2                 |  112240 |                 CLB |
| SRL16E               |   68934 |                 CLB |
| CARRY8               |   31061 |                 CLB |
| RAMD64E              |   28056 |                 CLB |
| SRLC32E              |   26428 |                 CLB |
| LUT1                 |   18795 |                 CLB |
| FDSE                 |   13618 |            Register |
| RAMD32               |    9482 |                 CLB |
| DSP48E2              |    6665 |          Arithmetic |
| MUXF7                |    3542 |                 CLB |
| FDCE                 |    3542 |            Register |
| RAMS32               |    1324 |                 CLB |
| RAMB36E2             |     570 |            BLOCKRAM |
| MUXF8                |     455 |                 CLB |
| FDPE                 |     398 |            Register |
| URAM288              |     376 |            BLOCKRAM |
| RAMS64E              |      40 |                 CLB |
| BUFG_GT              |      22 |               Clock |
| BUFG_GT_SYNC         |      17 |               Clock |
| HBM_SNGLBLI_INTF_AXI |      16 |            Advanced |
| GTYE4_CHANNEL        |      16 |            Advanced |
| BUFGCE               |      16 |               Clock |
| SRLC16E              |      14 |                 CLB |
| IBUFCTRL             |       8 |              Others |
| OBUF                 |       7 |                 I/O |
| INBUF                |       7 |                 I/O |
| RAMB18E2             |       6 |            BLOCKRAM |
| GTYE4_COMMON         |       4 |            Advanced |
| AND2B1L              |       4 |              Others |
| MMCME4_ADV           |       3 |               Clock |
| BUFGCTRL             |       2 |               Clock |
| STARTUPE3            |       1 |       Configuration |
| PLLE4_ADV            |       1 |               Clock |
| PCIE4CE4             |       1 |            Advanced |
| ICAPE3               |       1 |       Configuration |
| IBUFDS_GTE4          |       1 |                 I/O |
| HBM_SNGLBLI_INTF_APB |       1 |            Advanced |
| HBM_REF_CLK          |       1 |            Advanced |
| DIFFINBUF            |       1 |                 I/O |
| BUFGCE_DIV           |       1 |               Clock |
| BSCANE2              |       1 |       Configuration |
+----------------------+---------+---------------------+


10. Black Boxes
---------------

+----------+------+
| Ref Name | Used |
+----------+------+


11. Instantiated Netlists
-------------------------

+----------------------------------------------------+------+
|                      Ref Name                      | Used |
+----------------------------------------------------+------+
| xsdbm                                              |    1 |
| ulp_xbar_3                                         |    1 |
| ulp_xbar_2                                         |    1 |
| ulp_xbar_1                                         |    1 |
| ulp_xbar_0                                         |    1 |
| ulp_ulp_ucs_0                                      |    1 |
| ulp_ulp_cmp_0                                      |    1 |
| ulp_s00_regslice_17                                |    1 |
| ulp_s00_regslice_16                                |    1 |
| ulp_s00_regslice_15                                |    1 |
| ulp_regslice_control_userpf_2                      |    1 |
| ulp_regslice_control_userpf_1                      |    1 |
| ulp_regslice_control_userpf_0                      |    1 |
| ulp_proc_sys_reset_kernel_slr2_0                   |    1 |
| ulp_proc_sys_reset_kernel_slr1_0                   |    1 |
| ulp_proc_sys_reset_kernel_slr0_0                   |    1 |
| ulp_proc_sys_reset_ctrl_slr2_0                     |    1 |
| ulp_proc_sys_reset_ctrl_slr1_0                     |    1 |
| ulp_proc_sys_reset_ctrl_slr0_0                     |    1 |
| ulp_m02_regslice_0                                 |    1 |
| ulp_m01_regslice_5                                 |    1 |
| ulp_m01_regslice_4                                 |    1 |
| ulp_m01_regslice_3                                 |    1 |
| ulp_m00_regslice_5                                 |    1 |
| ulp_m00_regslice_4                                 |    1 |
| ulp_m00_regslice_3                                 |    1 |
| ulp_kernel_outerloop_0_3_0                         |    1 |
| ulp_kernel_outerloop_0_2_0                         |    1 |
| ulp_kernel_outerloop_0_1_0                         |    1 |
| ulp_ii_level0_wire_0                               |    1 |
| ulp_hmss_0_0                                       |    1 |
| ulp_datamover_outerloop_0_1_0                      |    1 |
| ulp_buffer_kernel_outerloop_0_3_arg1_axis_out_0    |    1 |
| ulp_buffer_kernel_outerloop_0_2_arg1_axis_out_0    |    1 |
| ulp_buffer_kernel_outerloop_0_1_arg1_axis_out_0    |    1 |
| ulp_buffer_datamover_outerloop_0_1_arg0_axis_out_0 |    1 |
| ulp_axi_vip_data_0                                 |    1 |
| ulp_axi_vip_ctrl_userpf_2                          |    1 |
| ulp_axi_vip_ctrl_userpf_1                          |    1 |
| ulp_axi_vip_ctrl_userpf_0                          |    1 |
| ulp_axi_gpio_null_2                                |    1 |
| ulp_axi_gpio_null_1                                |    1 |
| ulp_axi_gpio_null_0                                |    1 |
| ulp_auto_cc_6                                      |    1 |
| ulp_auto_cc_5                                      |    1 |
| ulp_auto_cc_4                                      |    1 |
| ulp_auto_cc_3                                      |    1 |
| ulp_auto_cc_2                                      |    1 |
| ulp_auto_cc_1                                      |    1 |
| ulp_auto_cc_0                                      |    1 |
| ulp                                                |    1 |
| level0_ii_level0_pipe_0                            |    1 |
| blp_wrapper                                        |    1 |
| bd_85ad_vip_S02_0                                  |    1 |
| bd_85ad_vip_S01_0                                  |    1 |
| bd_85ad_vip_S00_0                                  |    1 |
| bd_85ad_slice2_1_0                                 |    1 |
| bd_85ad_slice1_0_0                                 |    1 |
| bd_85ad_slice0_2_0                                 |    1 |
| bd_85ad_interconnect2_1_0                          |    1 |
| bd_85ad_interconnect1_0_0                          |    1 |
| bd_85ad_interconnect0_2_0                          |    1 |
| bd_85ad_init_reduce_0                              |    1 |
| bd_85ad_hbm_reset_sync_SLR2_0                      |    1 |
| bd_85ad_hbm_reset_sync_SLR0_0                      |    1 |
| bd_85ad_hbm_inst_0                                 |    1 |
| bd_85ad_axi_apb_bridge_inst_0                      |    1 |
| bd_7cf0_bsip_0                                     |    1 |
| bd_7cf0_bs_switch_1_0                              |    1 |
| bd_7cf0_axi_jtag_0                                 |    1 |
| bd_58f6_xsdbm_0                                    |    1 |
| bd_58f6_lut_buffer_0                               |    1 |
| bd_22c0_xbar_1                                     |    1 |
| bd_22c0_xbar_0                                     |    1 |
| bd_22c0_psreset_kernel_01_0                        |    1 |
| bd_22c0_psreset_kernel_00_0                        |    1 |
| bd_22c0_psreset_hbm_0                              |    1 |
| bd_22c0_psreset_aclk_freerun_0                     |    1 |
| bd_22c0_gpio_ucs_control_status_0                  |    1 |
| bd_22c0_gpio_gapping_demand_0                      |    1 |
| bd_22c0_gapping_demand_update_0                    |    1 |
| bd_22c0_gapping_demand_toggle_0                    |    1 |
| bd_22c0_frequency_counter_aclk_kernel_01_0         |    1 |
| bd_22c0_frequency_counter_aclk_kernel_00_0         |    1 |
| bd_22c0_frequency_counter_aclk_hbm_0               |    1 |
| bd_22c0_frequency_counter_aclk_0                   |    1 |
| bd_22c0_fanout_aresetn_pcie_slr2_4_0               |    1 |
| bd_22c0_fanout_aresetn_pcie_slr2_3_0               |    1 |
| bd_22c0_fanout_aresetn_pcie_slr2_2_0               |    1 |
| bd_22c0_fanout_aresetn_pcie_slr2_1_0               |    1 |
| bd_22c0_fanout_aresetn_pcie_slr1_4_0               |    1 |
| bd_22c0_fanout_aresetn_pcie_slr1_3_0               |    1 |
| bd_22c0_fanout_aresetn_pcie_slr1_2_0               |    1 |
| bd_22c0_fanout_aresetn_pcie_slr1_1_0               |    1 |
| bd_22c0_fanout_aresetn_pcie_slr0_4_0               |    1 |
| bd_22c0_fanout_aresetn_pcie_slr0_3_0               |    1 |
| bd_22c0_fanout_aresetn_pcie_slr0_2_0               |    1 |
| bd_22c0_fanout_aresetn_pcie_slr0_1_0               |    1 |
| bd_22c0_fanout_aresetn_kernel_01_slr2_4_0          |    1 |
| bd_22c0_fanout_aresetn_kernel_01_slr2_3_0          |    1 |
| bd_22c0_fanout_aresetn_kernel_01_slr2_2_0          |    1 |
| bd_22c0_fanout_aresetn_kernel_01_slr2_1_0          |    1 |
| bd_22c0_fanout_aresetn_kernel_01_slr1_4_0          |    1 |
| bd_22c0_fanout_aresetn_kernel_01_slr1_3_0          |    1 |
| bd_22c0_fanout_aresetn_kernel_01_slr1_2_0          |    1 |
| bd_22c0_fanout_aresetn_kernel_01_slr1_1_0          |    1 |
| bd_22c0_fanout_aresetn_kernel_01_slr0_4_0          |    1 |
| bd_22c0_fanout_aresetn_kernel_01_slr0_3_0          |    1 |
| bd_22c0_fanout_aresetn_kernel_01_slr0_2_0          |    1 |
| bd_22c0_fanout_aresetn_kernel_01_slr0_1_0          |    1 |
| bd_22c0_fanout_aresetn_kernel_00_slr2_4_0          |    1 |
| bd_22c0_fanout_aresetn_kernel_00_slr2_3_0          |    1 |
| bd_22c0_fanout_aresetn_kernel_00_slr2_2_0          |    1 |
| bd_22c0_fanout_aresetn_kernel_00_slr2_1_0          |    1 |
| bd_22c0_fanout_aresetn_kernel_00_slr1_4_0          |    1 |
| bd_22c0_fanout_aresetn_kernel_00_slr1_3_0          |    1 |
| bd_22c0_fanout_aresetn_kernel_00_slr1_2_0          |    1 |
| bd_22c0_fanout_aresetn_kernel_00_slr1_1_0          |    1 |
| bd_22c0_fanout_aresetn_kernel_00_slr0_4_0          |    1 |
| bd_22c0_fanout_aresetn_kernel_00_slr0_3_0          |    1 |
| bd_22c0_fanout_aresetn_kernel_00_slr0_2_0          |    1 |
| bd_22c0_fanout_aresetn_kernel_00_slr0_1_0          |    1 |
| bd_22c0_fanout_aresetn_hbm_0                       |    1 |
| bd_22c0_fanout_aresetn_ctrl_slr2_4_0               |    1 |
| bd_22c0_fanout_aresetn_ctrl_slr2_3_0               |    1 |
| bd_22c0_fanout_aresetn_ctrl_slr2_2_0               |    1 |
| bd_22c0_fanout_aresetn_ctrl_slr2_1_0               |    1 |
| bd_22c0_fanout_aresetn_ctrl_slr1_4_0               |    1 |
| bd_22c0_fanout_aresetn_ctrl_slr1_3_0               |    1 |
| bd_22c0_fanout_aresetn_ctrl_slr1_2_0               |    1 |
| bd_22c0_fanout_aresetn_ctrl_slr1_1_0               |    1 |
| bd_22c0_fanout_aresetn_ctrl_slr0_4_0               |    1 |
| bd_22c0_fanout_aresetn_ctrl_slr0_3_0               |    1 |
| bd_22c0_fanout_aresetn_ctrl_slr0_2_0               |    1 |
| bd_22c0_fanout_aresetn_ctrl_slr0_1_0               |    1 |
| bd_22c0_clock_throttling_avg_0                     |    1 |
| bd_22c0_clock_throttling_aclk_kernel_01_0          |    1 |
| bd_22c0_clock_throttling_aclk_kernel_00_0          |    1 |
| bd_22c0_clock_shutdown_latch_0                     |    1 |
| bd_22c0_clkwiz_hbm_0                               |    1 |
| bd_22c0_clkwiz_aclk_kernel_01_0                    |    1 |
| bd_22c0_clkwiz_aclk_kernel_00_0                    |    1 |
| bd_22c0_clk_hbm_adapt_0                            |    1 |
| bd_22c0_build_info_0                               |    1 |
| bd_22c0_auto_cc_0                                  |    1 |
| bd_22c0_aclk_kernel_01_cont_adapt_0                |    1 |
| bd_22c0_aclk_kernel_01_adapt_0                     |    1 |
| bd_22c0_aclk_kernel_00_cont_adapt_0                |    1 |
| bd_22c0_aclk_kernel_00_adapt_0                     |    1 |
| bd_097b_user_debug_hub_0                           |    1 |
| bd_097b_user_debug_bridge_0                        |    1 |
| bd_097b_build_info_0                               |    1 |
+----------------------------------------------------+------+


12. SLR Connectivity
--------------------

+----------------------------------+-------+-------+-----------+-------+
|                                  |  Used | Fixed | Available | Util% |
+----------------------------------+-------+-------+-----------+-------+
| SLR2 <-> SLR1                    |  5696 |       |     23040 | 24.72 |
|   SLR1 -> SLR2                   |  2876 |       |           | 12.48 |
|     Using TX_REG only            |     0 |     0 |           |       |
|     Using RX_REG only            |     0 |     0 |           |       |
|     Using Both TX_REG and RX_REG |     0 |     0 |           |       |
|   SLR2 -> SLR1                   |  2820 |       |           | 12.24 |
|     Using TX_REG only            |     0 |     0 |           |       |
|     Using RX_REG only            |     0 |     0 |           |       |
|     Using Both TX_REG and RX_REG |     0 |     0 |           |       |
| SLR1 <-> SLR0                    |  8953 |       |     23040 | 38.86 |
|   SLR0 -> SLR1                   |  4120 |       |           | 17.88 |
|     Using TX_REG only            |     0 |     0 |           |       |
|     Using RX_REG only            |     0 |     0 |           |       |
|     Using Both TX_REG and RX_REG |     0 |     0 |           |       |
|   SLR1 -> SLR0                   |  4833 |       |           | 20.98 |
|     Using TX_REG only            |     0 |     0 |           |       |
|     Using RX_REG only            |     0 |     0 |           |       |
|     Using Both TX_REG and RX_REG |     0 |     0 |           |       |
+----------------------------------+-------+-------+-----------+-------+
| Total SLLs Used                  | 14649 |       |           |       |
+----------------------------------+-------+-------+-----------+-------+


13. SLR Connectivity Matrix
---------------------------

+-----------+------+------+------+
| FROM \ TO | SLR2 | SLR1 | SLR0 |
+-----------+------+------+------+
| SLR2      |    0 | 2667 |  153 |
| SLR1      | 2768 |    0 | 4680 |
| SLR0      |  108 | 4012 |    0 |
+-----------+------+------+------+


14. SLR CLB Logic and Dedicated Block Utilization
-------------------------------------------------

+----------------------------+--------+--------+--------+--------+--------+--------+
|          Site Type         |  SLR0  |  SLR1  |  SLR2  | SLR0 % | SLR1 % | SLR2 % |
+----------------------------+--------+--------+--------+--------+--------+--------+
| CLB                        |  52663 |  52348 |  50056 |  95.82 |  96.94 |  92.70 |
|   CLBL                     |  27641 |  27889 |  26669 |  94.40 |  95.25 |  91.08 |
|   CLBM                     |  25022 |  24459 |  23387 |  97.44 |  98.94 |  94.61 |
| CLB LUTs                   | 243848 | 273379 | 231528 |  55.46 |  63.28 |  53.59 |
|   LUT as Logic             | 212395 | 239688 | 201928 |  48.31 |  55.48 |  46.74 |
|     using O5 output only   |   1877 |   1602 |   1153 |   0.43 |   0.37 |   0.27 |
|     using O6 output only   | 127373 | 146342 | 117242 |  28.97 |  33.88 |  27.14 |
|     using O5 and O6        |  83145 |  91744 |  83533 |  18.91 |  21.24 |  19.34 |
|   LUT as Memory            |  31453 |  33691 |  29600 |  15.31 |  17.04 |  14.97 |
|     LUT as Distributed RAM |  10654 |  12882 |   9996 |   5.19 |   6.51 |   5.05 |
|       using O5 output only |      0 |      0 |      0 |   0.00 |   0.00 |   0.00 |
|       using O6 output only |   9420 |   9562 |   9180 |   4.59 |   4.84 |   4.64 |
|       using O5 and O6      |   1234 |   3320 |    816 |   0.60 |   1.68 |   0.41 |
|     LUT as Shift Register  |  20799 |  20809 |  19604 |  10.12 |  10.52 |   9.91 |
|       using O5 output only |      0 |      0 |      0 |   0.00 |   0.00 |   0.00 |
|       using O6 output only |   8991 |   9583 |   8474 |   4.38 |   4.85 |   4.28 |
|       using O5 and O6      |  11808 |  11226 |  11130 |   5.75 |   5.68 |   5.63 |
| CLB Registers              | 420532 | 443215 | 394888 |  47.82 |  51.30 |  45.70 |
| CARRY8                     |  10328 |  10674 |  10059 |  18.79 |  19.77 |  18.63 |
| F7 Muxes                   |   1227 |   1874 |    441 |   0.56 |   0.87 |   0.20 |
| F8 Muxes                   |    133 |    321 |      1 |   0.12 |   0.30 |  <0.01 |
| F9 Muxes                   |      0 |      0 |      0 |   0.00 |   0.00 |   0.00 |
| Block RAM Tile             |  185.5 |  217.5 |    170 |  27.60 |  32.37 |  25.30 |
|   RAMB36/FIFO              |    184 |    216 |    170 |  27.38 |  32.14 |  25.30 |
|   RAMB18                   |      3 |      3 |      0 |   0.22 |   0.22 |   0.00 |
| URAM                       |    120 |    136 |    120 |  37.50 |  42.50 |  37.50 |
| DSPs                       |   2220 |   2221 |   2224 |  77.08 |  72.30 |  72.40 |
| Unique Control Sets        |   5212 |   6762 |   4261 |   4.74 |   6.26 |   3.95 |
+----------------------------+--------+--------+--------+--------+--------+--------+
* Note: Available Control Sets based on CLB Registers / 8


15. SLR IO Utilization
----------------------

+-----------+-----------+---------+------------+----------+------------+----------+-----+
| SLR Index | Used IOBs | (%)IOBs | Used IPADs | (%)IPADs | Used OPADs | (%)OPADs | GTs |
+-----------+-----------+---------+------------+----------+------------+----------+-----+
| SLR2      |        15 |    7.21 |          0 |     0.00 |          0 |     0.00 |   0 |
| SLR1      |         0 |    0.00 |          0 |     0.00 |          0 |     0.00 |   0 |
| SLR0      |         1 |    0.48 |          0 |     0.00 |          0 |     0.00 |  16 |
+-----------+-----------+---------+------------+----------+------------+----------+-----+
| Total     |        16 |         |          0 |          |          0 |          |  16 |
+-----------+-----------+---------+------------+----------+------------+----------+-----+


