Copyright 1986-2022 Xilinx, Inc. All Rights Reserved.
-------------------------------------------------------------------------------------------------------------------------------------------------------------------------------------------------------------------------------------------------------------------------------------------------------------------------------------------------------------------------------------------------------------------------------------------------------------
| Tool Version : Vivado v.2022.2 (lin64) Build 3671981 Fri Oct 14 04:59:54 MDT 2022
| Date         : Tue May 20 07:38:01 2025
| Host         : acclnode01 running 64-bit Ubuntu 20.04.6 LTS
| Command      : report_accelerator_utilization -kernels { datamover_outerloop_0:level0_i/ulp/datamover_outerloop_0_1/inst:datamover_outerloop_0_1 kernel_outerloop_0:level0_i/ulp/kernel_outerloop_0_1/inst:kernel_outerloop_0_1 kernel_outerloop_0:level0_i/ulp/kernel_outerloop_0_2/inst:kernel_outerloop_0_2 kernel_outerloop_0:level0_i/ulp/kernel_outerloop_0_3/inst:kernel_outerloop_0_3} -file kernel_util_routed.rpt -name kernel_util_routed -json
| Design       : level0_wrapper
| Device       : xcu280
| Design State : Routed
-------------------------------------------------------------------------------------------------------------------------------------------------------------------------------------------------------------------------------------------------------------------------------------------------------------------------------------------------------------------------------------------------------------------------------------------------------------

Accelerator Utilization Design Information

Table of Contents
-----------------
1. System Utilization

1. System Utilization
---------------------

+----------------------------+-------------------+------------------+-------------------+----------------+---------------+----------------+
| Name                       | LUT               | LUTAsMem         | REG               | BRAM           | URAM          | DSP            |
+----------------------------+-------------------+------------------+-------------------+----------------+---------------+----------------+
| Platform                   |  122392 [  9.39%] |   8740 [  1.45%] |  168435 [  6.46%] |  197 [  9.77%] |  16 [  1.67%] |    4 [  0.04%] |
| User Budget                | 1181288 [100.00%] | 592220 [100.00%] | 2438925 [100.00%] | 1819 [100.00%] | 944 [100.00%] | 9020 [100.00%] |
|    Used Resources          |  626400 [ 53.03%] |  86004 [ 14.52%] | 1090200 [ 44.70%] |  375 [ 20.62%] | 360 [ 38.14%] | 6661 [ 73.85%] |
|    Unused Resources        |  554888 [ 46.97%] | 506216 [ 85.48%] | 1348725 [ 55.30%] | 1444 [ 79.38%] | 584 [ 61.86%] | 2359 [ 26.15%] |
| datamover_outerloop_0      |    7904 [  0.67%] |   1797 [  0.30%] |   13989 [  0.57%] |   15 [  0.82%] |   0 [  0.00%] |    1 [  0.01%] |
|    datamover_outerloop_0_1 |    7904 [  0.67%] |   1797 [  0.30%] |   13989 [  0.57%] |   15 [  0.82%] |   0 [  0.00%] |    1 [  0.01%] |
| kernel_outerloop_0         |  618496 [ 52.36%] |  84207 [ 14.22%] | 1076211 [ 44.13%] |  360 [ 19.79%] | 360 [ 38.14%] | 6660 [ 73.84%] |
|    kernel_outerloop_0_1    |  206583 [ 17.49%] |  28069 [  4.74%] |  357832 [ 14.67%] |  120 [  6.60%] | 120 [ 12.71%] | 2220 [ 24.61%] |
|    kernel_outerloop_0_2    |  206423 [ 17.47%] |  28069 [  4.74%] |  359268 [ 14.73%] |  120 [  6.60%] | 120 [ 12.71%] | 2220 [ 24.61%] |
|    kernel_outerloop_0_3    |  205490 [ 17.40%] |  28069 [  4.74%] |  359111 [ 14.72%] |  120 [  6.60%] | 120 [ 12.71%] | 2220 [ 24.61%] |
+----------------------------+-------------------+------------------+-------------------+----------------+---------------+----------------+


