Copyright 1986-2022 Xilinx, Inc. All Rights Reserved.
------------------------------------------------------------------------------------------
| Tool Version : Vivado v.2022.2 (lin64) Build 3671981 Fri Oct 14 04:59:54 MDT 2022
| Date         : Sat Aug  2 02:28:45 2025
| Host         : acclnode01 running 64-bit Ubuntu 20.04.6 LTS
| Command      : report_utilization -slr -file slr_util_placed.rpt -pb slr_util_placed.pb
| Design       : level0_wrapper
| Device       : xcu280-fsvh2892-2L-e
| Speed File   : -2L
| Design State : Fully Placed
------------------------------------------------------------------------------------------

Utilization Design Information

Table of Contents
-----------------
1. SLR Connectivity
2. SLR Connectivity Matrix
3. SLR CLB Logic and Dedicated Block Utilization
4. SLR IO Utilization

1. SLR Connectivity
-------------------

+----------------------------------+-------+-------+-----------+-------+
|                                  |  Used | Fixed | Available | Util% |
+----------------------------------+-------+-------+-----------+-------+
| SLR2 <-> SLR1                    |  6470 |       |     23040 | 28.08 |
|   SLR1 -> SLR2                   |  3646 |       |           | 15.82 |
|     Using TX_REG only            |     0 |     0 |           |       |
|     Using RX_REG only            |     0 |     0 |           |       |
|     Using Both TX_REG and RX_REG |     0 |     0 |           |       |
|   SLR2 -> SLR1                   |  2824 |       |           | 12.26 |
|     Using TX_REG only            |     0 |     0 |           |       |
|     Using RX_REG only            |     0 |     0 |           |       |
|     Using Both TX_REG and RX_REG |     0 |     0 |           |       |
| SLR1 <-> SLR0                    |  8531 |       |     23040 | 37.03 |
|   SLR0 -> SLR1                   |  4363 |       |           | 18.94 |
|     Using TX_REG only            |     0 |     0 |           |       |
|     Using RX_REG only            |     0 |     0 |           |       |
|     Using Both TX_REG and RX_REG |     0 |     0 |           |       |
|   SLR1 -> SLR0                   |  4168 |       |           | 18.09 |
|     Using TX_REG only            |     0 |     0 |           |       |
|     Using RX_REG only            |     0 |     0 |           |       |
|     Using Both TX_REG and RX_REG |     0 |     0 |           |       |
+----------------------------------+-------+-------+-----------+-------+
| Total SLLs Used                  | 15001 |       |           |       |
+----------------------------------+-------+-------+-----------+-------+


2. SLR Connectivity Matrix
--------------------------

+-----------+------+------+------+
| FROM \ TO | SLR2 | SLR1 | SLR0 |
+-----------+------+------+------+
| SLR2      |    0 | 2732 |   92 |
| SLR1      | 3580 |    0 | 4076 |
| SLR0      |   66 | 4297 |    0 |
+-----------+------+------+------+


3. SLR CLB Logic and Dedicated Block Utilization
------------------------------------------------

+----------------------------+--------+--------+--------+--------+--------+--------+
|          Site Type         |  SLR0  |  SLR1  |  SLR2  | SLR0 % | SLR1 % | SLR2 % |
+----------------------------+--------+--------+--------+--------+--------+--------+
| CLB                        |  48589 |  47644 |  44813 |  88.41 |  88.23 |  82.99 |
|   CLBL                     |  25234 |  25040 |  23433 |  86.18 |  85.52 |  80.03 |
|   CLBM                     |  23355 |  22604 |  21380 |  90.95 |  91.44 |  86.49 |
| CLB LUTs                   | 208355 | 216524 | 177003 |  47.39 |  50.12 |  40.97 |
|   LUT as Logic             | 168837 | 182986 | 146611 |  38.40 |  42.36 |  33.94 |
|     using O5 output only   |   2170 |   1793 |   1296 |   0.49 |   0.42 |   0.30 |
|     using O6 output only   | 107001 | 116275 |  88268 |  24.34 |  26.92 |  20.43 |
|     using O5 and O6        |  59666 |  64918 |  57047 |  13.57 |  15.03 |  13.21 |
|   LUT as Memory            |  39518 |  33538 |  30392 |  19.24 |  16.96 |  15.37 |
|     LUT as Distributed RAM |  16534 |  16730 |  13400 |   8.05 |   8.46 |   6.78 |
|       using O5 output only |      0 |      0 |      0 |   0.00 |   0.00 |   0.00 |
|       using O6 output only |    260 |    386 |      0 |   0.13 |   0.20 |   0.00 |
|       using O5 and O6      |  16274 |  16344 |  13400 |   7.92 |   8.26 |   6.78 |
|     LUT as Shift Register  |  22984 |  16808 |  16992 |  11.19 |   8.50 |   8.59 |
|       using O5 output only |      0 |      0 |      0 |   0.00 |   0.00 |   0.00 |
|       using O6 output only |   5991 |    608 |   1198 |   2.92 |   0.31 |   0.61 |
|       using O5 and O6      |  16993 |  16200 |  15794 |   8.27 |   8.19 |   7.99 |
| CLB Registers              | 399267 | 385792 | 339991 |  45.40 |  44.65 |  39.35 |
| CARRY8                     |   6323 |   6272 |   5731 |  11.50 |  11.61 |  10.61 |
| F7 Muxes                   |   2555 |   1565 |    441 |   1.16 |   0.72 |   0.20 |
| F8 Muxes                   |    128 |    328 |      2 |   0.12 |   0.30 |  <0.01 |
| F9 Muxes                   |      0 |      0 |      0 |   0.00 |   0.00 |   0.00 |
| Block RAM Tile             |    134 |     82 |     50 |  19.94 |  12.20 |   7.44 |
|   RAMB36/FIFO              |    129 |     81 |     50 |  19.20 |  12.05 |   7.44 |
|   RAMB18                   |     10 |      2 |      0 |   0.74 |   0.15 |   0.00 |
| URAM                       |     16 |     36 |      0 |   5.00 |  11.25 |   0.00 |
| DSPs                       |   2194 |   2188 |   2192 |  76.18 |  71.22 |  71.35 |
| Unique Control Sets        |   6348 |   7295 |   5166 |   5.78 |   6.75 |   4.78 |
+----------------------------+--------+--------+--------+--------+--------+--------+
* Note: Available Control Sets based on CLB Registers / 8


4. SLR IO Utilization
---------------------

+-----------+-----------+---------+------------+----------+------------+----------+-----+
| SLR Index | Used IOBs | (%)IOBs | Used IPADs | (%)IPADs | Used OPADs | (%)OPADs | GTs |
+-----------+-----------+---------+------------+----------+------------+----------+-----+
| SLR2      |        15 |    7.21 |          0 |     0.00 |          0 |     0.00 |   0 |
| SLR1      |         0 |    0.00 |          0 |     0.00 |          0 |     0.00 |   0 |
| SLR0      |         1 |    0.48 |          0 |     0.00 |          0 |     0.00 |  16 |
+-----------+-----------+---------+------------+----------+------------+----------+-----+
| Total     |        16 |         |          0 |          |          0 |          |  16 |
+-----------+-----------+---------+------------+----------+------------+----------+-----+


