Copyright 1986-2022 Xilinx, Inc. All Rights Reserved.
-------------------------------------------------------------------------------------------------------------------------------------------------------------------------------------------------------------------------------------------------------------------------------------------------------------------------------------------------------------------------------------
| Tool Version : Vivado v.2022.2 (lin64) Build 3671981 Fri Oct 14 04:59:54 MDT 2022
| Date         : Sat Aug  2 08:19:20 2025
| Host         : acclnode01 running 64-bit Ubuntu 20.04.6 LTS
| Command      : report_accelerator_utilization -kernels { stencil_SLR:level0_i/ulp/stencil_SLR_1/inst:stencil_SLR_1 stencil_SLR:level0_i/ulp/stencil_SLR_2/inst:stencil_SLR_2 stencil_SLR:level0_i/ulp/stencil_SLR_3/inst:stencil_SLR_3 stencil_mem2Stream:level0_i/ulp/stencil_mem2Stream_1/inst:stencil_mem2Stream_1} -file kernel_util_routed.rpt -name kernel_util_routed -json
| Design       : level0_wrapper
| Device       : xcu280
| Design State : Routed
-------------------------------------------------------------------------------------------------------------------------------------------------------------------------------------------------------------------------------------------------------------------------------------------------------------------------------------------------------------------------------------

Accelerator Utilization Design Information

Table of Contents
-----------------
1. System Utilization

1. System Utilization
---------------------

+-------------------------+-------------------+------------------+-------------------+----------------+---------------+----------------+
| Name                    | LUT               | LUTAsMem         | REG               | BRAM           | URAM          | DSP            |
+-------------------------+-------------------+------------------+-------------------+----------------+---------------+----------------+
| Platform                |  128064 [  9.82%] |  10505 [  1.75%] |  181865 [  6.98%] |  197 [  9.77%] |  52 [  5.42%] |    4 [  0.04%] |
| User Budget             | 1175616 [100.00%] | 590455 [100.00%] | 2425495 [100.00%] | 1819 [100.00%] | 908 [100.00%] | 9020 [100.00%] |
|    Used Resources       |  473871 [ 40.31%] |  92943 [ 15.74%] |  943188 [ 38.89%] |   68 [  3.74%] |   0 [  0.00%] | 6570 [ 72.84%] |
|    Unused Resources     |  701745 [ 59.69%] | 497512 [ 84.26%] | 1482307 [ 61.11%] | 1751 [ 96.26%] | 908 [100.00%] | 2450 [ 27.16%] |
| stencil_SLR             |  456017 [ 38.79%] |  88251 [ 14.95%] |  917817 [ 37.84%] |    0 [  0.00%] |   0 [  0.00%] | 6564 [ 72.77%] |
|    stencil_SLR_1        |  152954 [ 13.01%] |  29693 [  5.03%] |  307154 [ 12.66%] |    0 [  0.00%] |   0 [  0.00%] | 2188 [ 24.26%] |
|    stencil_SLR_2        |  152501 [ 12.97%] |  29693 [  5.03%] |  307071 [ 12.66%] |    0 [  0.00%] |   0 [  0.00%] | 2188 [ 24.26%] |
|    stencil_SLR_3        |  150562 [ 12.81%] |  28865 [  4.89%] |  303592 [ 12.52%] |    0 [  0.00%] |   0 [  0.00%] | 2188 [ 24.26%] |
| stencil_mem2Stream      |   17854 [  1.52%] |   4692 [  0.79%] |   25371 [  1.05%] |   68 [  3.74%] |   0 [  0.00%] |    6 [  0.07%] |
|    stencil_mem2Stream_1 |   17854 [  1.52%] |   4692 [  0.79%] |   25371 [  1.05%] |   68 [  3.74%] |   0 [  0.00%] |    6 [  0.07%] |
+-------------------------+-------------------+------------------+-------------------+----------------+---------------+----------------+


