Copyright 1986-2022 Xilinx, Inc. All Rights Reserved.
------------------------------------------------------------------------------------------
| Tool Version : Vivado v.2022.2 (lin64) Build 3671981 Fri Oct 14 04:59:54 MDT 2022
| Date         : Sat May 17 14:37:35 2025
| Host         : acclnode01 running 64-bit Ubuntu 20.04.6 LTS
| Command      : report_utilization -slr -file slr_util_placed.rpt -pb slr_util_placed.pb
| Design       : level0_wrapper
| Device       : xcu280-fsvh2892-2L-e
| Speed File   : -2L
| Design State : Fully Placed
------------------------------------------------------------------------------------------

Utilization Design Information

Table of Contents
-----------------
1. SLR Connectivity
2. SLR Connectivity Matrix
3. SLR CLB Logic and Dedicated Block Utilization
4. SLR IO Utilization

1. SLR Connectivity
-------------------

+----------------------------------+-------+-------+-----------+-------+
|                                  |  Used | Fixed | Available | Util% |
+----------------------------------+-------+-------+-----------+-------+
| SLR2 <-> SLR1                    |  5696 |       |     23040 | 24.72 |
|   SLR1 -> SLR2                   |  2876 |       |           | 12.48 |
|     Using TX_REG only            |     0 |     0 |           |       |
|     Using RX_REG only            |     0 |     0 |           |       |
|     Using Both TX_REG and RX_REG |     0 |     0 |           |       |
|   SLR2 -> SLR1                   |  2820 |       |           | 12.24 |
|     Using TX_REG only            |     0 |     0 |           |       |
|     Using RX_REG only            |     0 |     0 |           |       |
|     Using Both TX_REG and RX_REG |     0 |     0 |           |       |
| SLR1 <-> SLR0                    |  7771 |       |     23040 | 33.73 |
|   SLR0 -> SLR1                   |  3564 |       |           | 15.47 |
|     Using TX_REG only            |     0 |     0 |           |       |
|     Using RX_REG only            |     0 |     0 |           |       |
|     Using Both TX_REG and RX_REG |     0 |     0 |           |       |
|   SLR1 -> SLR0                   |  4207 |       |           | 18.26 |
|     Using TX_REG only            |     0 |     0 |           |       |
|     Using RX_REG only            |     0 |     0 |           |       |
|     Using Both TX_REG and RX_REG |     0 |     0 |           |       |
+----------------------------------+-------+-------+-----------+-------+
| Total SLLs Used                  | 13467 |       |           |       |
+----------------------------------+-------+-------+-----------+-------+


2. SLR Connectivity Matrix
--------------------------

+-----------+------+------+------+
| FROM \ TO | SLR2 | SLR1 | SLR0 |
+-----------+------+------+------+
| SLR2      |    0 | 2725 |   95 |
| SLR1      | 2809 |    0 | 4112 |
| SLR0      |   67 | 3497 |    0 |
+-----------+------+------+------+


3. SLR CLB Logic and Dedicated Block Utilization
------------------------------------------------

+----------------------------+--------+--------+--------+--------+--------+--------+
|          Site Type         |  SLR0  |  SLR1  |  SLR2  | SLR0 % | SLR1 % | SLR2 % |
+----------------------------+--------+--------+--------+--------+--------+--------+
| CLB                        |  52391 |  51668 |  49618 |  95.33 |  95.68 |  91.89 |
|   CLBL                     |  27483 |  27396 |  26418 |  93.86 |  93.57 |  90.23 |
|   CLBM                     |  24908 |  24272 |  23200 |  96.99 |  98.19 |  93.85 |
| CLB LUTs                   | 240155 | 257584 | 219866 |  54.62 |  59.63 |  50.89 |
|   LUT as Logic             | 207586 | 227638 | 192232 |  47.21 |  52.69 |  44.50 |
|     using O5 output only   |   1679 |   1342 |    900 |   0.38 |   0.31 |   0.21 |
|     using O6 output only   | 117002 | 130809 | 103937 |  26.61 |  30.28 |  24.06 |
|     using O5 and O6        |  88905 |  95487 |  87395 |  20.22 |  22.10 |  20.23 |
|   LUT as Memory            |  32569 |  29946 |  27634 |  15.85 |  15.14 |  13.97 |
|     LUT as Distributed RAM |   4710 |   6222 |   3336 |   2.29 |   3.15 |   1.69 |
|       using O5 output only |      0 |      0 |      0 |   0.00 |   0.00 |   0.00 |
|       using O6 output only |    248 |    386 |      4 |   0.12 |   0.20 |  <0.01 |
|       using O5 and O6      |   4462 |   5836 |   3332 |   2.17 |   2.95 |   1.68 |
|     LUT as Shift Register  |  27859 |  23724 |  24298 |  13.56 |  12.00 |  12.29 |
|       using O5 output only |      0 |      0 |      0 |   0.00 |   0.00 |   0.00 |
|       using O6 output only |  16721 |  13332 |  13928 |   8.14 |   6.74 |   7.04 |
|       using O5 and O6      |  11138 |  10392 |  10370 |   5.42 |   5.25 |   5.24 |
| CLB Registers              | 427545 | 427665 | 387024 |  48.62 |  49.50 |  44.79 |
| CARRY8                     |  10187 |  10309 |   9767 |  18.54 |  19.09 |  18.09 |
| F7 Muxes                   |   5278 |   5689 |   4565 |   2.40 |   2.63 |   2.11 |
| F8 Muxes                   |    126 |    326 |      0 |   0.11 |   0.30 |   0.00 |
| F9 Muxes                   |      0 |      0 |      0 |   0.00 |   0.00 |   0.00 |
| Block RAM Tile             |  360.5 |    362 |    306 |  53.65 |  53.87 |  45.54 |
|   RAMB36/FIFO              |    358 |    361 |    306 |  53.27 |  53.72 |  45.54 |
|   RAMB18                   |      5 |      2 |      0 |   0.37 |   0.15 |   0.00 |
| URAM                       |      0 |      0 |      0 |   0.00 |   0.00 |   0.00 |
| DSPs                       |   2019 |   2016 |   2020 |  70.10 |  65.63 |  65.76 |
| Unique Control Sets        |   5939 |   7359 |   4801 |   5.40 |   6.81 |   4.45 |
+----------------------------+--------+--------+--------+--------+--------+--------+
* Note: Available Control Sets based on CLB Registers / 8


4. SLR IO Utilization
---------------------

+-----------+-----------+---------+------------+----------+------------+----------+-----+
| SLR Index | Used IOBs | (%)IOBs | Used IPADs | (%)IPADs | Used OPADs | (%)OPADs | GTs |
+-----------+-----------+---------+------------+----------+------------+----------+-----+
| SLR2      |        15 |    7.21 |          0 |     0.00 |          0 |     0.00 |   0 |
| SLR1      |         0 |    0.00 |          0 |     0.00 |          0 |     0.00 |   0 |
| SLR0      |         1 |    0.48 |          0 |     0.00 |          0 |     0.00 |  16 |
+-----------+-----------+---------+------------+----------+------------+----------+-----+
| Total     |        16 |         |          0 |          |          0 |          |  16 |
+-----------+-----------+---------+------------+----------+------------+----------+-----+


