Copyright 1986-2022 Xilinx, Inc. All Rights Reserved.
-------------------------------------------------------------------------------------------------------------------------------------------------------------------------------------------------------------------------------------------------------------------------------------------------------------------------------------------------------------------------------------------------------------------------------------------------------------
| Tool Version : Vivado v.2022.2 (lin64) Build 3671981 Fri Oct 14 04:59:54 MDT 2022
| Date         : Sat May 17 14:36:15 2025
| Host         : acclnode01 running 64-bit Ubuntu 20.04.6 LTS
| Command      : report_accelerator_utilization -kernels { datamover_outerloop_0:level0_i/ulp/datamover_outerloop_0_1/inst:datamover_outerloop_0_1 kernel_outerloop_0:level0_i/ulp/kernel_outerloop_0_1/inst:kernel_outerloop_0_1 kernel_outerloop_0:level0_i/ulp/kernel_outerloop_0_2/inst:kernel_outerloop_0_2 kernel_outerloop_0:level0_i/ulp/kernel_outerloop_0_3/inst:kernel_outerloop_0_3} -file kernel_util_placed.rpt -name kernel_util_placed -json
| Design       : level0_wrapper
| Device       : xcu280
| Design State : Fully Placed
-------------------------------------------------------------------------------------------------------------------------------------------------------------------------------------------------------------------------------------------------------------------------------------------------------------------------------------------------------------------------------------------------------------------------------------------------------------

Accelerator Utilization Design Information

Table of Contents
-----------------
1. System Utilization

1. System Utilization
---------------------

+----------------------------+-------------------+------------------+-------------------+----------------+---------------+----------------+
| Name                       | LUT               | LUTAsMem         | REG               | BRAM           | URAM          | DSP            |
+----------------------------+-------------------+------------------+-------------------+----------------+---------------+----------------+
| Platform                   |  124333 [  9.54%] |   9468 [  1.58%] |  170959 [  6.56%] |  229 [ 11.36%] |   0 [  0.00%] |    4 [  0.04%] |
| User Budget                | 1179347 [100.00%] | 591492 [100.00%] | 2436401 [100.00%] | 1787 [100.00%] | 960 [100.00%] | 9020 [100.00%] |
|    Used Resources          |  593335 [ 50.31%] |  80681 [ 13.64%] | 1071275 [ 43.97%] |  799 [ 44.71%] |   0 [  0.00%] | 6051 [ 67.08%] |
|    Unused Resources        |  586012 [ 49.69%] | 510811 [ 86.36%] | 1365126 [ 56.03%] |  988 [ 55.29%] | 960 [100.00%] | 2969 [ 32.92%] |
| datamover_outerloop_0      |    9972 [  0.85%] |   2372 [  0.40%] |   16384 [  0.67%] |   31 [  1.73%] |   0 [  0.00%] |    3 [  0.03%] |
|    datamover_outerloop_0_1 |    9972 [  0.85%] |   2372 [  0.40%] |   16384 [  0.67%] |   31 [  1.73%] |   0 [  0.00%] |    3 [  0.03%] |
| kernel_outerloop_0         |  583363 [ 49.46%] |  78309 [ 13.24%] | 1054891 [ 43.30%] |  768 [ 42.98%] |   0 [  0.00%] | 6048 [ 67.05%] |
|    kernel_outerloop_0_1    |  195210 [ 16.55%] |  26103 [  4.41%] |  351737 [ 14.44%] |  256 [ 14.33%] |   0 [  0.00%] | 2016 [ 22.35%] |
|    kernel_outerloop_0_2    |  194175 [ 16.46%] |  26103 [  4.41%] |  351707 [ 14.44%] |  256 [ 14.33%] |   0 [  0.00%] | 2016 [ 22.35%] |
|    kernel_outerloop_0_3    |  193978 [ 16.45%] |  26103 [  4.41%] |  351447 [ 14.42%] |  256 [ 14.33%] |   0 [  0.00%] | 2016 [ 22.35%] |
+----------------------------+-------------------+------------------+-------------------+----------------+---------------+----------------+


