Copyright 1986-2022 Xilinx, Inc. All Rights Reserved.
---------------------------------------------------------------------------------------------------------------------------------------------------------------------------------------------------------------------------------------------------------------------------------------------------------------------------------------------------------------------------------------------------------------------------------------------------------------
| Tool Version : Vivado v.2022.2 (lin64) Build 3671981 Fri Oct 14 04:59:54 MDT 2022
| Date         : Sat May 17 12:33:48 2025
| Host         : acclnode01 running 64-bit Ubuntu 20.04.6 LTS
| Command      : report_accelerator_utilization -kernels { datamover_outerloop_0:level0_i/ulp/datamover_outerloop_0_1/inst:datamover_outerloop_0_1 kernel_outerloop_0:level0_i/ulp/kernel_outerloop_0_1/inst:kernel_outerloop_0_1 kernel_outerloop_0:level0_i/ulp/kernel_outerloop_0_2/inst:kernel_outerloop_0_2 kernel_outerloop_0:level0_i/ulp/kernel_outerloop_0_3/inst:kernel_outerloop_0_3} -file kernel_util_synthed.rpt -name kernel_util_synthed -json
| Design       : level0_wrapper
| Device       : xcu280
| Design State : Synthesized
---------------------------------------------------------------------------------------------------------------------------------------------------------------------------------------------------------------------------------------------------------------------------------------------------------------------------------------------------------------------------------------------------------------------------------------------------------------

Accelerator Utilization Design Information

Table of Contents
-----------------
1. System Utilization

1. System Utilization
---------------------

+----------------------------+-------------------+------------------+-------------------+----------------+---------------+----------------+
| Name                       | LUT               | LUTAsMem         | REG               | BRAM           | URAM          | DSP            |
+----------------------------+-------------------+------------------+-------------------+----------------+---------------+----------------+
| Platform                   |  139052 [ 10.67%] |  10948 [  1.82%] |  172944 [  6.63%] |  233 [ 11.56%] |   0 [  0.00%] |    4 [  0.04%] |
| User Budget                | 1164628 [100.00%] | 590012 [100.00%] | 2434416 [100.00%] | 1783 [100.00%] | 960 [100.00%] | 9020 [100.00%] |
|    Used Resources          |  715042 [ 61.40%] | 111830 [ 18.95%] | 1076802 [ 44.23%] |  799 [ 44.81%] |   0 [  0.00%] | 6051 [ 67.08%] |
|    Unused Resources        |  449586 [ 38.60%] | 478182 [ 81.05%] | 1357614 [ 55.77%] |  984 [ 55.19%] | 960 [100.00%] | 2969 [ 32.92%] |
| datamover_outerloop_0      |   10222 [  0.88%] |   2498 [  0.42%] |   16557 [  0.68%] |   31 [  1.74%] |   0 [  0.00%] |    3 [  0.03%] |
|    datamover_outerloop_0_1 |   10222 [  0.88%] |   2498 [  0.42%] |   16557 [  0.68%] |   31 [  1.74%] |   0 [  0.00%] |    3 [  0.03%] |
| kernel_outerloop_0         |  704820 [ 60.52%] | 109332 [ 18.53%] | 1060245 [ 43.55%] |  768 [ 43.07%] |   0 [  0.00%] | 6048 [ 67.05%] |
|    kernel_outerloop_0_1    |  234940 [ 20.17%] |  36444 [  6.18%] |  353415 [ 14.52%] |  256 [ 14.36%] |   0 [  0.00%] | 2016 [ 22.35%] |
|    kernel_outerloop_0_2    |  234940 [ 20.17%] |  36444 [  6.18%] |  353415 [ 14.52%] |  256 [ 14.36%] |   0 [  0.00%] | 2016 [ 22.35%] |
|    kernel_outerloop_0_3    |  234940 [ 20.17%] |  36444 [  6.18%] |  353415 [ 14.52%] |  256 [ 14.36%] |   0 [  0.00%] | 2016 [ 22.35%] |
+----------------------------+-------------------+------------------+-------------------+----------------+---------------+----------------+


