Copyright 1986-2022 Xilinx, Inc. All Rights Reserved.
-----------------------------------------------------------------------------------------------------------------------------------------------------------------------------------------------------------------------------------------------------------------------------------------
| Tool Version : Vivado v.2022.1 (lin64) Build 3526262 Mon Apr 18 15:47:01 MDT 2022
| Date         : Thu Apr 24 20:45:01 2025
| Host         : acclnode02 running 64-bit Ubuntu 20.04.6 LTS
| Command      : report_accelerator_utilization -kernels { datamover_outerloop_0:top_i/ulp/datamover_outerloop_0_1/inst:datamover_outerloop_0_1 kernel_outerloop_0:top_i/ulp/kernel_outerloop_0_1/inst:kernel_outerloop_0_1} -file kernel_util_routed.rpt -name kernel_util_routed -json
| Design       : top_wrapper
| Device       : xcvc1902
| Design State : Fully Placed
-----------------------------------------------------------------------------------------------------------------------------------------------------------------------------------------------------------------------------------------------------------------------------------------

Accelerator Utilization Design Information

Table of Contents
-----------------
1. System Utilization

1. System Utilization
---------------------

+----------------------------+-------------------+------------------+------------------+---------------+---------------+
| Name                       | REG               | LUT              | LUTAsMem         | BRAM          | URAM          |
+----------------------------+-------------------+------------------+------------------+---------------+---------------+
| Platform                   |   29266 [  1.63%] |  19840 [  2.20%] |   2028 [  0.45%] |  32 [  3.31%] |  16 [  3.46%] |
| User Budget                | 1770414 [100.00%] | 880000 [100.00%] | 447892 [100.00%] | 935 [100.00%] | 447 [100.00%] |
|    Used Resources          |  323852 [ 18.29%] |  73909 [  8.40%] |  16616 [  3.71%] | 383 [ 40.96%] |   0 [  0.00%] |
|    Unused Resources        | 1446562 [ 81.71%] | 806091 [ 91.60%] | 431276 [ 96.29%] | 552 [ 59.04%] | 447 [100.00%] |
| datamover_outerloop_0      |   17727 [  1.00%] |  10606 [  1.21%] |   3535 [  0.79%] |  31 [  3.32%] |   0 [  0.00%] |
|    datamover_outerloop_0_1 |   17727 [  1.00%] |  10606 [  1.21%] |   3535 [  0.79%] |  31 [  3.32%] |   0 [  0.00%] |
| kernel_outerloop_0         |  306125 [ 17.29%] |  63303 [  7.19%] |  13081 [  2.92%] | 352 [ 37.65%] |   0 [  0.00%] |
|    kernel_outerloop_0_1    |  306125 [ 17.29%] |  63303 [  7.19%] |  13081 [  2.92%] | 352 [ 37.65%] |   0 [  0.00%] |
+----------------------------+-------------------+------------------+------------------+---------------+---------------+


