

================================================================
== Vitis HLS Report for 'datamover_outerloop_0'
================================================================
* Date:           Thu Apr 24 04:42:40 2025

* Version:        2022.1 (Build 3526262 on Mon Apr 18 15:47:01 MDT 2022)
* Project:        datamover_outerloop_0
* Solution:       solution (Vitis Kernel Flow Target)
* Product family: versal
* Target device:  xcvc1902-vsvd1760-2MP-e-S


================================================================
== Performance Estimates
================================================================
+ Timing: 
    * Summary: 
    +--------+---------+----------+------------+
    |  Clock |  Target | Estimated| Uncertainty|
    +--------+---------+----------+------------+
    |ap_clk  |  3.33 ns|  2.433 ns|     0.90 ns|
    +--------+---------+----------+------------+

+ Latency: 
    * Summary: 
    +---------+---------+----------+----------+-----+-----+---------+
    |  Latency (cycles) |  Latency (absolute) |  Interval | Pipeline|
    |   min   |   max   |    min   |    max   | min | max |   Type  |
    +---------+---------+----------+----------+-----+-----+---------+
    |        ?|        ?|         ?|         ?|    ?|    ?|       no|
    +---------+---------+----------+----------+-----+-----+---------+

    + Detail: 
        * Instance: 
        +-----------------------------------------------------------+------------------------------------------------+---------+---------+----------+----------+-----+-----+----------+
        |                                                           |                                                |  Latency (cycles) |  Latency (absolute) |  Interval | Pipeline |
        |                          Instance                         |                     Module                     |   min   |   max   |    min   |    max   | min | max |   Type   |
        +-----------------------------------------------------------+------------------------------------------------+---------+---------+----------+----------+-----+-----+----------+
        |grp_datamover_outerloop_0_dataflow_region_read_fu_278      |datamover_outerloop_0_dataflow_region_read      |        ?|        ?|         ?|         ?|    ?|    ?|  dataflow|
        |grp_datamover_outerloop_0_loopback_dataflow_region_fu_344  |datamover_outerloop_0_loopback_dataflow_region  |        ?|        ?|         ?|         ?|    ?|    ?|  dataflow|
        |grp_datamover_outerloop_0_dataflow_region_write_fu_421     |datamover_outerloop_0_dataflow_region_write     |        ?|        ?|         ?|         ?|    ?|    ?|  dataflow|
        +-----------------------------------------------------------+------------------------------------------------+---------+---------+----------+----------+-----+-----+----------+

        * Loop: 
        +--------------------+---------+---------+----------+-----------+-----------+------+----------+
        |                    |  Latency (cycles) | Iteration|  Initiation Interval  | Trip |          |
        |      Loop Name     |   min   |   max   |  Latency |  achieved |   target  | Count| Pipelined|
        +--------------------+---------+---------+----------+-----------+-----------+------+----------+
        |- VITIS_LOOP_247_1  |        ?|        ?|         ?|          -|          -|     ?|        no|
        +--------------------+---------+---------+----------+-----------+-----------+------+----------+



================================================================
== Utilization Estimates
================================================================
* Summary: 
+-----------------+---------+------+---------+--------+-----+
|       Name      | BRAM_18K|  DSP |    FF   |   LUT  | URAM|
+-----------------+---------+------+---------+--------+-----+
|DSP              |        -|     -|        -|       -|    -|
|Expression       |        -|     -|        0|     143|    -|
|FIFO             |        -|     -|        -|       -|    -|
|Instance         |        0|     -|    56989|   87065|    0|
|Memory           |        -|     -|        -|       -|    -|
|Multiplexer      |        -|     -|        -|     858|    -|
|Register         |        -|     -|      446|       -|    -|
+-----------------+---------+------+---------+--------+-----+
|Total            |        0|     0|    57435|   88066|    0|
+-----------------+---------+------+---------+--------+-----+
|Available        |     1934|  1968|  1799680|  899840|  463|
+-----------------+---------+------+---------+--------+-----+
|Utilization (%)  |        0|     0|        3|       9|    0|
+-----------------+---------+------+---------+--------+-----+

+ Detail: 
    * Instance: 
    +-----------------------------------------------------------+------------------------------------------------+---------+----+-------+-------+-----+
    |                          Instance                         |                     Module                     | BRAM_18K| DSP|   FF  |  LUT  | URAM|
    +-----------------------------------------------------------+------------------------------------------------+---------+----+-------+-------+-----+
    |control_s_axi_U                                            |control_s_axi                                   |        0|   0|    497|    842|    0|
    |grp_datamover_outerloop_0_dataflow_region_read_fu_278      |datamover_outerloop_0_dataflow_region_read      |        0|   0|  23020|  32278|    0|
    |grp_datamover_outerloop_0_dataflow_region_write_fu_421     |datamover_outerloop_0_dataflow_region_write     |        0|   0|   7147|  12276|    0|
    |grp_datamover_outerloop_0_loopback_dataflow_region_fu_344  |datamover_outerloop_0_loopback_dataflow_region  |        0|   0|   3500|   1324|    0|
    |gmem0_m_axi_U                                              |gmem0_m_axi                                     |        0|   0|   4565|   8069|    0|
    |gmem1_m_axi_U                                              |gmem1_m_axi                                     |        0|   0|   4565|   8069|    0|
    |gmem2_m_axi_U                                              |gmem2_m_axi                                     |        0|   0|   4565|   8069|    0|
    |gmem3_m_axi_U                                              |gmem3_m_axi                                     |        0|   0|   4565|   8069|    0|
    |gmem4_m_axi_U                                              |gmem4_m_axi                                     |        0|   0|   4565|   8069|    0|
    +-----------------------------------------------------------+------------------------------------------------+---------+----+-------+-------+-----+
    |Total                                                      |                                                |        0|   0|  56989|  87065|    0|
    +-----------------------------------------------------------+------------------------------------------------+---------+----+-------+-------+-----+

    * DSP: 
    N/A

    * Memory: 
    N/A

    * FIFO: 
    N/A

    * Expression: 
    +--------------------------------------------------------------------------------+----------+----+---+----+------------+------------+
    |                                  Variable Name                                 | Operation| DSP| FF| LUT| Bitwidth P0| Bitwidth P1|
    +--------------------------------------------------------------------------------+----------+----+---+----+------------+------------+
    |add_ln2576_fu_470_p2                                                            |         +|   0|  0|  17|          17|           4|
    |i_2_fu_531_p2                                                                   |         +|   0|  0|  32|          32|           1|
    |loopback_itr_fu_522_p2                                                          |         +|   0|  0|  32|          32|           2|
    |num_xblocks_fu_508_p2                                                           |         -|   0|  0|  14|          14|          14|
    |grp_datamover_outerloop_0_dataflow_region_read_fu_278_arg0_axis_out_TREADY      |       and|   0|  0|   2|           1|           1|
    |grp_datamover_outerloop_0_dataflow_region_read_fu_278_arg1_axis_out_TREADY      |       and|   0|  0|   2|           1|           1|
    |grp_datamover_outerloop_0_dataflow_region_read_fu_278_arg2_axis_out_TREADY      |       and|   0|  0|   2|           1|           1|
    |grp_datamover_outerloop_0_dataflow_region_read_fu_278_arg3_axis_out_TREADY      |       and|   0|  0|   2|           1|           1|
    |grp_datamover_outerloop_0_loopback_dataflow_region_fu_344_arg0_axis_out_TREADY  |       and|   0|  0|   2|           1|           1|
    |grp_datamover_outerloop_0_loopback_dataflow_region_fu_344_arg1_axis_out_TREADY  |       and|   0|  0|   2|           1|           1|
    |grp_datamover_outerloop_0_loopback_dataflow_region_fu_344_arg2_axis_out_TREADY  |       and|   0|  0|   2|           1|           1|
    |grp_datamover_outerloop_0_loopback_dataflow_region_fu_344_arg3_axis_out_TREADY  |       and|   0|  0|   2|           1|           1|
    |icmp_ln247_fu_537_p2                                                            |      icmp|   0|  0|  16|          32|          32|
    |ap_block_state1                                                                 |        or|   0|  0|   2|           1|           1|
    |ap_block_state8                                                                 |        or|   0|  0|   2|           1|           1|
    |ap_sync_grp_datamover_outerloop_0_dataflow_region_read_fu_278_ap_done           |        or|   0|  0|   2|           1|           1|
    |ap_sync_grp_datamover_outerloop_0_dataflow_region_read_fu_278_ap_ready          |        or|   0|  0|   2|           1|           1|
    |ap_sync_grp_datamover_outerloop_0_dataflow_region_write_fu_421_ap_done          |        or|   0|  0|   2|           1|           1|
    |ap_sync_grp_datamover_outerloop_0_dataflow_region_write_fu_421_ap_ready         |        or|   0|  0|   2|           1|           1|
    |ap_sync_grp_datamover_outerloop_0_loopback_dataflow_region_fu_344_ap_done       |        or|   0|  0|   2|           1|           1|
    |ap_sync_grp_datamover_outerloop_0_loopback_dataflow_region_fu_344_ap_ready      |        or|   0|  0|   2|           1|           1|
    +--------------------------------------------------------------------------------+----------+----+---+----+------------+------------+
    |Total                                                                           |          |   0|  0| 143|         143|          69|
    +--------------------------------------------------------------------------------+----------+----+---+----+------------+------------+

    * Multiplexer: 
    +-----------------------------------+-----+-----------+-----+-----------+
    |                Name               | LUT | Input Size| Bits| Total Bits|
    +-----------------------------------+-----+-----------+-----+-----------+
    |ap_NS_fsm                          |   10|          9|    1|          9|
    |ap_done                            |    2|          2|    1|          2|
    |arg0_axis_out_TDATA_int_regslice   |  128|          3|  256|        768|
    |arg0_axis_out_TKEEP_int_regslice   |   32|          3|   32|         96|
    |arg0_axis_out_TLAST_int_regslice   |    2|          3|    1|          3|
    |arg0_axis_out_TSTRB_int_regslice   |   32|          3|   32|         96|
    |arg0_axis_out_TVALID_int_regslice  |    2|          3|    1|          3|
    |arg1_axis_in_TREADY_int_regslice   |    2|          3|    1|          3|
    |arg1_axis_out_TDATA_int_regslice   |  128|          3|  256|        768|
    |arg1_axis_out_TKEEP_int_regslice   |   32|          3|   32|         96|
    |arg1_axis_out_TLAST_int_regslice   |    2|          3|    1|          3|
    |arg1_axis_out_TSTRB_int_regslice   |   32|          3|   32|         96|
    |arg1_axis_out_TVALID_int_regslice  |    2|          3|    1|          3|
    |arg2_axis_in_TREADY_int_regslice   |    2|          3|    1|          3|
    |arg2_axis_out_TDATA_int_regslice   |  128|          3|  256|        768|
    |arg2_axis_out_TKEEP_int_regslice   |   32|          3|   32|         96|
    |arg2_axis_out_TLAST_int_regslice   |    2|          3|    1|          3|
    |arg2_axis_out_TSTRB_int_regslice   |   32|          3|   32|         96|
    |arg2_axis_out_TVALID_int_regslice  |    2|          3|    1|          3|
    |arg3_axis_in_TREADY_int_regslice   |    2|          3|    1|          3|
    |arg3_axis_out_TDATA_int_regslice   |  128|          3|  256|        768|
    |arg3_axis_out_TKEEP_int_regslice   |   32|          3|   32|         96|
    |arg3_axis_out_TLAST_int_regslice   |    2|          3|    1|          3|
    |arg3_axis_out_TSTRB_int_regslice   |   32|          3|   32|         96|
    |arg3_axis_out_TVALID_int_regslice  |    2|          3|    1|          3|
    |arg4_axis_in_TREADY_int_regslice   |    2|          3|    1|          3|
    |gmem0_ARVALID                      |    2|          2|    1|          2|
    |gmem0_RREADY                       |    2|          2|    1|          2|
    |gmem1_ARVALID                      |    2|          2|    1|          2|
    |gmem1_RREADY                       |    2|          2|    1|          2|
    |gmem2_ARVALID                      |    2|          2|    1|          2|
    |gmem2_RREADY                       |    2|          2|    1|          2|
    |gmem3_ARVALID                      |    2|          2|    1|          2|
    |gmem3_RREADY                       |    2|          2|    1|          2|
    |gmem4_AWVALID                      |    2|          2|    1|          2|
    |gmem4_BREADY                       |    2|          2|    1|          2|
    |gmem4_WVALID                       |    2|          2|    1|          2|
    |i_fu_226                           |   32|          2|   32|         64|
    +-----------------------------------+-----+-----------+-----+-----------+
    |Total                              |  858|        107| 1337|       3973|
    +-----------------------------------+-----+-----------+-----+-----------+

    * Register: 
    +--------------------------------------------------------------------------------+----+----+-----+-----------+
    |                                      Name                                      | FF | LUT| Bits| Const Bits|
    +--------------------------------------------------------------------------------+----+----+-----+-----------+
    |ap_CS_fsm                                                                       |   8|   0|    8|          0|
    |ap_done_reg                                                                     |   1|   0|    1|          0|
    |ap_rst_n_inv                                                                    |   1|   0|    1|          0|
    |ap_rst_reg_1                                                                    |   1|   0|    1|          0|
    |ap_rst_reg_2                                                                    |   1|   0|    1|          0|
    |ap_sync_reg_grp_datamover_outerloop_0_dataflow_region_read_fu_278_ap_done       |   1|   0|    1|          0|
    |ap_sync_reg_grp_datamover_outerloop_0_dataflow_region_read_fu_278_ap_ready      |   1|   0|    1|          0|
    |ap_sync_reg_grp_datamover_outerloop_0_dataflow_region_write_fu_421_ap_done      |   1|   0|    1|          0|
    |ap_sync_reg_grp_datamover_outerloop_0_dataflow_region_write_fu_421_ap_ready     |   1|   0|    1|          0|
    |ap_sync_reg_grp_datamover_outerloop_0_loopback_dataflow_region_fu_344_ap_done   |   1|   0|    1|          0|
    |ap_sync_reg_grp_datamover_outerloop_0_loopback_dataflow_region_fu_344_ap_ready  |   1|   0|    1|          0|
    |arg0_read_reg_579                                                               |  64|   0|   64|          0|
    |arg1_read_reg_574                                                               |  64|   0|   64|          0|
    |arg2_read_reg_569                                                               |  64|   0|   64|          0|
    |arg3_read_reg_564                                                               |  64|   0|   64|          0|
    |arg4_read_reg_559                                                               |  64|   0|   64|          0|
    |end_x_reg_554                                                                   |  13|   0|   13|          0|
    |grp_datamover_outerloop_0_dataflow_region_read_fu_278_ap_start_reg              |   1|   0|    1|          0|
    |grp_datamover_outerloop_0_dataflow_region_write_fu_421_ap_start_reg             |   1|   0|    1|          0|
    |grp_datamover_outerloop_0_loopback_dataflow_region_fu_344_ap_start_reg          |   1|   0|    1|          0|
    |i_fu_226                                                                        |  32|   0|   32|          0|
    |loopback_itr_reg_598                                                            |  32|   0|   32|          0|
    |num_pkts_reg_591                                                                |  14|   0|   15|          1|
    |num_xblocks_reg_584                                                             |  14|   0|   14|          0|
    +--------------------------------------------------------------------------------+----+----+-----+-----------+
    |Total                                                                           | 446|   0|  447|          1|
    +--------------------------------------------------------------------------------+----+----+-----+-----------+



================================================================
== Interface
================================================================
* Summary: 
+-----------------------+-----+-----+---------------+------------------------+--------------+
|       RTL Ports       | Dir | Bits|    Protocol   |      Source Object     |    C Type    |
+-----------------------+-----+-----+---------------+------------------------+--------------+
|s_axi_control_AWVALID  |   in|    1|          s_axi|                 control|        scalar|
|s_axi_control_AWREADY  |  out|    1|          s_axi|                 control|        scalar|
|s_axi_control_AWADDR   |   in|    7|          s_axi|                 control|        scalar|
|s_axi_control_WVALID   |   in|    1|          s_axi|                 control|        scalar|
|s_axi_control_WREADY   |  out|    1|          s_axi|                 control|        scalar|
|s_axi_control_WDATA    |   in|   32|          s_axi|                 control|        scalar|
|s_axi_control_WSTRB    |   in|    4|          s_axi|                 control|        scalar|
|s_axi_control_ARVALID  |   in|    1|          s_axi|                 control|        scalar|
|s_axi_control_ARREADY  |  out|    1|          s_axi|                 control|        scalar|
|s_axi_control_ARADDR   |   in|    7|          s_axi|                 control|        scalar|
|s_axi_control_RVALID   |  out|    1|          s_axi|                 control|        scalar|
|s_axi_control_RREADY   |   in|    1|          s_axi|                 control|        scalar|
|s_axi_control_RDATA    |  out|   32|          s_axi|                 control|        scalar|
|s_axi_control_RRESP    |  out|    2|          s_axi|                 control|        scalar|
|s_axi_control_BVALID   |  out|    1|          s_axi|                 control|        scalar|
|s_axi_control_BREADY   |   in|    1|          s_axi|                 control|        scalar|
|s_axi_control_BRESP    |  out|    2|          s_axi|                 control|        scalar|
|ap_clk                 |   in|    1|  ap_ctrl_chain|   datamover_outerloop_0|  return value|
|ap_rst_n               |   in|    1|  ap_ctrl_chain|   datamover_outerloop_0|  return value|
|interrupt              |  out|    1|  ap_ctrl_chain|   datamover_outerloop_0|  return value|
|m_axi_gmem0_AWVALID    |  out|    1|          m_axi|                   gmem0|       pointer|
|m_axi_gmem0_AWREADY    |   in|    1|          m_axi|                   gmem0|       pointer|
|m_axi_gmem0_AWADDR     |  out|   64|          m_axi|                   gmem0|       pointer|
|m_axi_gmem0_AWID       |  out|    1|          m_axi|                   gmem0|       pointer|
|m_axi_gmem0_AWLEN      |  out|    8|          m_axi|                   gmem0|       pointer|
|m_axi_gmem0_AWSIZE     |  out|    3|          m_axi|                   gmem0|       pointer|
|m_axi_gmem0_AWBURST    |  out|    2|          m_axi|                   gmem0|       pointer|
|m_axi_gmem0_AWLOCK     |  out|    2|          m_axi|                   gmem0|       pointer|
|m_axi_gmem0_AWCACHE    |  out|    4|          m_axi|                   gmem0|       pointer|
|m_axi_gmem0_AWPROT     |  out|    3|          m_axi|                   gmem0|       pointer|
|m_axi_gmem0_AWQOS      |  out|    4|          m_axi|                   gmem0|       pointer|
|m_axi_gmem0_AWREGION   |  out|    4|          m_axi|                   gmem0|       pointer|
|m_axi_gmem0_AWUSER     |  out|    1|          m_axi|                   gmem0|       pointer|
|m_axi_gmem0_WVALID     |  out|    1|          m_axi|                   gmem0|       pointer|
|m_axi_gmem0_WREADY     |   in|    1|          m_axi|                   gmem0|       pointer|
|m_axi_gmem0_WDATA      |  out|  512|          m_axi|                   gmem0|       pointer|
|m_axi_gmem0_WSTRB      |  out|   64|          m_axi|                   gmem0|       pointer|
|m_axi_gmem0_WLAST      |  out|    1|          m_axi|                   gmem0|       pointer|
|m_axi_gmem0_WID        |  out|    1|          m_axi|                   gmem0|       pointer|
|m_axi_gmem0_WUSER      |  out|    1|          m_axi|                   gmem0|       pointer|
|m_axi_gmem0_ARVALID    |  out|    1|          m_axi|                   gmem0|       pointer|
|m_axi_gmem0_ARREADY    |   in|    1|          m_axi|                   gmem0|       pointer|
|m_axi_gmem0_ARADDR     |  out|   64|          m_axi|                   gmem0|       pointer|
|m_axi_gmem0_ARID       |  out|    1|          m_axi|                   gmem0|       pointer|
|m_axi_gmem0_ARLEN      |  out|    8|          m_axi|                   gmem0|       pointer|
|m_axi_gmem0_ARSIZE     |  out|    3|          m_axi|                   gmem0|       pointer|
|m_axi_gmem0_ARBURST    |  out|    2|          m_axi|                   gmem0|       pointer|
|m_axi_gmem0_ARLOCK     |  out|    2|          m_axi|                   gmem0|       pointer|
|m_axi_gmem0_ARCACHE    |  out|    4|          m_axi|                   gmem0|       pointer|
|m_axi_gmem0_ARPROT     |  out|    3|          m_axi|                   gmem0|       pointer|
|m_axi_gmem0_ARQOS      |  out|    4|          m_axi|                   gmem0|       pointer|
|m_axi_gmem0_ARREGION   |  out|    4|          m_axi|                   gmem0|       pointer|
|m_axi_gmem0_ARUSER     |  out|    1|          m_axi|                   gmem0|       pointer|
|m_axi_gmem0_RVALID     |   in|    1|          m_axi|                   gmem0|       pointer|
|m_axi_gmem0_RREADY     |  out|    1|          m_axi|                   gmem0|       pointer|
|m_axi_gmem0_RDATA      |   in|  512|          m_axi|                   gmem0|       pointer|
|m_axi_gmem0_RLAST      |   in|    1|          m_axi|                   gmem0|       pointer|
|m_axi_gmem0_RID        |   in|    1|          m_axi|                   gmem0|       pointer|
|m_axi_gmem0_RUSER      |   in|    1|          m_axi|                   gmem0|       pointer|
|m_axi_gmem0_RRESP      |   in|    2|          m_axi|                   gmem0|       pointer|
|m_axi_gmem0_BVALID     |   in|    1|          m_axi|                   gmem0|       pointer|
|m_axi_gmem0_BREADY     |  out|    1|          m_axi|                   gmem0|       pointer|
|m_axi_gmem0_BRESP      |   in|    2|          m_axi|                   gmem0|       pointer|
|m_axi_gmem0_BID        |   in|    1|          m_axi|                   gmem0|       pointer|
|m_axi_gmem0_BUSER      |   in|    1|          m_axi|                   gmem0|       pointer|
|m_axi_gmem1_AWVALID    |  out|    1|          m_axi|                   gmem1|       pointer|
|m_axi_gmem1_AWREADY    |   in|    1|          m_axi|                   gmem1|       pointer|
|m_axi_gmem1_AWADDR     |  out|   64|          m_axi|                   gmem1|       pointer|
|m_axi_gmem1_AWID       |  out|    1|          m_axi|                   gmem1|       pointer|
|m_axi_gmem1_AWLEN      |  out|    8|          m_axi|                   gmem1|       pointer|
|m_axi_gmem1_AWSIZE     |  out|    3|          m_axi|                   gmem1|       pointer|
|m_axi_gmem1_AWBURST    |  out|    2|          m_axi|                   gmem1|       pointer|
|m_axi_gmem1_AWLOCK     |  out|    2|          m_axi|                   gmem1|       pointer|
|m_axi_gmem1_AWCACHE    |  out|    4|          m_axi|                   gmem1|       pointer|
|m_axi_gmem1_AWPROT     |  out|    3|          m_axi|                   gmem1|       pointer|
|m_axi_gmem1_AWQOS      |  out|    4|          m_axi|                   gmem1|       pointer|
|m_axi_gmem1_AWREGION   |  out|    4|          m_axi|                   gmem1|       pointer|
|m_axi_gmem1_AWUSER     |  out|    1|          m_axi|                   gmem1|       pointer|
|m_axi_gmem1_WVALID     |  out|    1|          m_axi|                   gmem1|       pointer|
|m_axi_gmem1_WREADY     |   in|    1|          m_axi|                   gmem1|       pointer|
|m_axi_gmem1_WDATA      |  out|  512|          m_axi|                   gmem1|       pointer|
|m_axi_gmem1_WSTRB      |  out|   64|          m_axi|                   gmem1|       pointer|
|m_axi_gmem1_WLAST      |  out|    1|          m_axi|                   gmem1|       pointer|
|m_axi_gmem1_WID        |  out|    1|          m_axi|                   gmem1|       pointer|
|m_axi_gmem1_WUSER      |  out|    1|          m_axi|                   gmem1|       pointer|
|m_axi_gmem1_ARVALID    |  out|    1|          m_axi|                   gmem1|       pointer|
|m_axi_gmem1_ARREADY    |   in|    1|          m_axi|                   gmem1|       pointer|
|m_axi_gmem1_ARADDR     |  out|   64|          m_axi|                   gmem1|       pointer|
|m_axi_gmem1_ARID       |  out|    1|          m_axi|                   gmem1|       pointer|
|m_axi_gmem1_ARLEN      |  out|    8|          m_axi|                   gmem1|       pointer|
|m_axi_gmem1_ARSIZE     |  out|    3|          m_axi|                   gmem1|       pointer|
|m_axi_gmem1_ARBURST    |  out|    2|          m_axi|                   gmem1|       pointer|
|m_axi_gmem1_ARLOCK     |  out|    2|          m_axi|                   gmem1|       pointer|
|m_axi_gmem1_ARCACHE    |  out|    4|          m_axi|                   gmem1|       pointer|
|m_axi_gmem1_ARPROT     |  out|    3|          m_axi|                   gmem1|       pointer|
|m_axi_gmem1_ARQOS      |  out|    4|          m_axi|                   gmem1|       pointer|
|m_axi_gmem1_ARREGION   |  out|    4|          m_axi|                   gmem1|       pointer|
|m_axi_gmem1_ARUSER     |  out|    1|          m_axi|                   gmem1|       pointer|
|m_axi_gmem1_RVALID     |   in|    1|          m_axi|                   gmem1|       pointer|
|m_axi_gmem1_RREADY     |  out|    1|          m_axi|                   gmem1|       pointer|
|m_axi_gmem1_RDATA      |   in|  512|          m_axi|                   gmem1|       pointer|
|m_axi_gmem1_RLAST      |   in|    1|          m_axi|                   gmem1|       pointer|
|m_axi_gmem1_RID        |   in|    1|          m_axi|                   gmem1|       pointer|
|m_axi_gmem1_RUSER      |   in|    1|          m_axi|                   gmem1|       pointer|
|m_axi_gmem1_RRESP      |   in|    2|          m_axi|                   gmem1|       pointer|
|m_axi_gmem1_BVALID     |   in|    1|          m_axi|                   gmem1|       pointer|
|m_axi_gmem1_BREADY     |  out|    1|          m_axi|                   gmem1|       pointer|
|m_axi_gmem1_BRESP      |   in|    2|          m_axi|                   gmem1|       pointer|
|m_axi_gmem1_BID        |   in|    1|          m_axi|                   gmem1|       pointer|
|m_axi_gmem1_BUSER      |   in|    1|          m_axi|                   gmem1|       pointer|
|m_axi_gmem2_AWVALID    |  out|    1|          m_axi|                   gmem2|       pointer|
|m_axi_gmem2_AWREADY    |   in|    1|          m_axi|                   gmem2|       pointer|
|m_axi_gmem2_AWADDR     |  out|   64|          m_axi|                   gmem2|       pointer|
|m_axi_gmem2_AWID       |  out|    1|          m_axi|                   gmem2|       pointer|
|m_axi_gmem2_AWLEN      |  out|    8|          m_axi|                   gmem2|       pointer|
|m_axi_gmem2_AWSIZE     |  out|    3|          m_axi|                   gmem2|       pointer|
|m_axi_gmem2_AWBURST    |  out|    2|          m_axi|                   gmem2|       pointer|
|m_axi_gmem2_AWLOCK     |  out|    2|          m_axi|                   gmem2|       pointer|
|m_axi_gmem2_AWCACHE    |  out|    4|          m_axi|                   gmem2|       pointer|
|m_axi_gmem2_AWPROT     |  out|    3|          m_axi|                   gmem2|       pointer|
|m_axi_gmem2_AWQOS      |  out|    4|          m_axi|                   gmem2|       pointer|
|m_axi_gmem2_AWREGION   |  out|    4|          m_axi|                   gmem2|       pointer|
|m_axi_gmem2_AWUSER     |  out|    1|          m_axi|                   gmem2|       pointer|
|m_axi_gmem2_WVALID     |  out|    1|          m_axi|                   gmem2|       pointer|
|m_axi_gmem2_WREADY     |   in|    1|          m_axi|                   gmem2|       pointer|
|m_axi_gmem2_WDATA      |  out|  512|          m_axi|                   gmem2|       pointer|
|m_axi_gmem2_WSTRB      |  out|   64|          m_axi|                   gmem2|       pointer|
|m_axi_gmem2_WLAST      |  out|    1|          m_axi|                   gmem2|       pointer|
|m_axi_gmem2_WID        |  out|    1|          m_axi|                   gmem2|       pointer|
|m_axi_gmem2_WUSER      |  out|    1|          m_axi|                   gmem2|       pointer|
|m_axi_gmem2_ARVALID    |  out|    1|          m_axi|                   gmem2|       pointer|
|m_axi_gmem2_ARREADY    |   in|    1|          m_axi|                   gmem2|       pointer|
|m_axi_gmem2_ARADDR     |  out|   64|          m_axi|                   gmem2|       pointer|
|m_axi_gmem2_ARID       |  out|    1|          m_axi|                   gmem2|       pointer|
|m_axi_gmem2_ARLEN      |  out|    8|          m_axi|                   gmem2|       pointer|
|m_axi_gmem2_ARSIZE     |  out|    3|          m_axi|                   gmem2|       pointer|
|m_axi_gmem2_ARBURST    |  out|    2|          m_axi|                   gmem2|       pointer|
|m_axi_gmem2_ARLOCK     |  out|    2|          m_axi|                   gmem2|       pointer|
|m_axi_gmem2_ARCACHE    |  out|    4|          m_axi|                   gmem2|       pointer|
|m_axi_gmem2_ARPROT     |  out|    3|          m_axi|                   gmem2|       pointer|
|m_axi_gmem2_ARQOS      |  out|    4|          m_axi|                   gmem2|       pointer|
|m_axi_gmem2_ARREGION   |  out|    4|          m_axi|                   gmem2|       pointer|
|m_axi_gmem2_ARUSER     |  out|    1|          m_axi|                   gmem2|       pointer|
|m_axi_gmem2_RVALID     |   in|    1|          m_axi|                   gmem2|       pointer|
|m_axi_gmem2_RREADY     |  out|    1|          m_axi|                   gmem2|       pointer|
|m_axi_gmem2_RDATA      |   in|  512|          m_axi|                   gmem2|       pointer|
|m_axi_gmem2_RLAST      |   in|    1|          m_axi|                   gmem2|       pointer|
|m_axi_gmem2_RID        |   in|    1|          m_axi|                   gmem2|       pointer|
|m_axi_gmem2_RUSER      |   in|    1|          m_axi|                   gmem2|       pointer|
|m_axi_gmem2_RRESP      |   in|    2|          m_axi|                   gmem2|       pointer|
|m_axi_gmem2_BVALID     |   in|    1|          m_axi|                   gmem2|       pointer|
|m_axi_gmem2_BREADY     |  out|    1|          m_axi|                   gmem2|       pointer|
|m_axi_gmem2_BRESP      |   in|    2|          m_axi|                   gmem2|       pointer|
|m_axi_gmem2_BID        |   in|    1|          m_axi|                   gmem2|       pointer|
|m_axi_gmem2_BUSER      |   in|    1|          m_axi|                   gmem2|       pointer|
|m_axi_gmem3_AWVALID    |  out|    1|          m_axi|                   gmem3|       pointer|
|m_axi_gmem3_AWREADY    |   in|    1|          m_axi|                   gmem3|       pointer|
|m_axi_gmem3_AWADDR     |  out|   64|          m_axi|                   gmem3|       pointer|
|m_axi_gmem3_AWID       |  out|    1|          m_axi|                   gmem3|       pointer|
|m_axi_gmem3_AWLEN      |  out|    8|          m_axi|                   gmem3|       pointer|
|m_axi_gmem3_AWSIZE     |  out|    3|          m_axi|                   gmem3|       pointer|
|m_axi_gmem3_AWBURST    |  out|    2|          m_axi|                   gmem3|       pointer|
|m_axi_gmem3_AWLOCK     |  out|    2|          m_axi|                   gmem3|       pointer|
|m_axi_gmem3_AWCACHE    |  out|    4|          m_axi|                   gmem3|       pointer|
|m_axi_gmem3_AWPROT     |  out|    3|          m_axi|                   gmem3|       pointer|
|m_axi_gmem3_AWQOS      |  out|    4|          m_axi|                   gmem3|       pointer|
|m_axi_gmem3_AWREGION   |  out|    4|          m_axi|                   gmem3|       pointer|
|m_axi_gmem3_AWUSER     |  out|    1|          m_axi|                   gmem3|       pointer|
|m_axi_gmem3_WVALID     |  out|    1|          m_axi|                   gmem3|       pointer|
|m_axi_gmem3_WREADY     |   in|    1|          m_axi|                   gmem3|       pointer|
|m_axi_gmem3_WDATA      |  out|  512|          m_axi|                   gmem3|       pointer|
|m_axi_gmem3_WSTRB      |  out|   64|          m_axi|                   gmem3|       pointer|
|m_axi_gmem3_WLAST      |  out|    1|          m_axi|                   gmem3|       pointer|
|m_axi_gmem3_WID        |  out|    1|          m_axi|                   gmem3|       pointer|
|m_axi_gmem3_WUSER      |  out|    1|          m_axi|                   gmem3|       pointer|
|m_axi_gmem3_ARVALID    |  out|    1|          m_axi|                   gmem3|       pointer|
|m_axi_gmem3_ARREADY    |   in|    1|          m_axi|                   gmem3|       pointer|
|m_axi_gmem3_ARADDR     |  out|   64|          m_axi|                   gmem3|       pointer|
|m_axi_gmem3_ARID       |  out|    1|          m_axi|                   gmem3|       pointer|
|m_axi_gmem3_ARLEN      |  out|    8|          m_axi|                   gmem3|       pointer|
|m_axi_gmem3_ARSIZE     |  out|    3|          m_axi|                   gmem3|       pointer|
|m_axi_gmem3_ARBURST    |  out|    2|          m_axi|                   gmem3|       pointer|
|m_axi_gmem3_ARLOCK     |  out|    2|          m_axi|                   gmem3|       pointer|
|m_axi_gmem3_ARCACHE    |  out|    4|          m_axi|                   gmem3|       pointer|
|m_axi_gmem3_ARPROT     |  out|    3|          m_axi|                   gmem3|       pointer|
|m_axi_gmem3_ARQOS      |  out|    4|          m_axi|                   gmem3|       pointer|
|m_axi_gmem3_ARREGION   |  out|    4|          m_axi|                   gmem3|       pointer|
|m_axi_gmem3_ARUSER     |  out|    1|          m_axi|                   gmem3|       pointer|
|m_axi_gmem3_RVALID     |   in|    1|          m_axi|                   gmem3|       pointer|
|m_axi_gmem3_RREADY     |  out|    1|          m_axi|                   gmem3|       pointer|
|m_axi_gmem3_RDATA      |   in|  512|          m_axi|                   gmem3|       pointer|
|m_axi_gmem3_RLAST      |   in|    1|          m_axi|                   gmem3|       pointer|
|m_axi_gmem3_RID        |   in|    1|          m_axi|                   gmem3|       pointer|
|m_axi_gmem3_RUSER      |   in|    1|          m_axi|                   gmem3|       pointer|
|m_axi_gmem3_RRESP      |   in|    2|          m_axi|                   gmem3|       pointer|
|m_axi_gmem3_BVALID     |   in|    1|          m_axi|                   gmem3|       pointer|
|m_axi_gmem3_BREADY     |  out|    1|          m_axi|                   gmem3|       pointer|
|m_axi_gmem3_BRESP      |   in|    2|          m_axi|                   gmem3|       pointer|
|m_axi_gmem3_BID        |   in|    1|          m_axi|                   gmem3|       pointer|
|m_axi_gmem3_BUSER      |   in|    1|          m_axi|                   gmem3|       pointer|
|m_axi_gmem4_AWVALID    |  out|    1|          m_axi|                   gmem4|       pointer|
|m_axi_gmem4_AWREADY    |   in|    1|          m_axi|                   gmem4|       pointer|
|m_axi_gmem4_AWADDR     |  out|   64|          m_axi|                   gmem4|       pointer|
|m_axi_gmem4_AWID       |  out|    1|          m_axi|                   gmem4|       pointer|
|m_axi_gmem4_AWLEN      |  out|    8|          m_axi|                   gmem4|       pointer|
|m_axi_gmem4_AWSIZE     |  out|    3|          m_axi|                   gmem4|       pointer|
|m_axi_gmem4_AWBURST    |  out|    2|          m_axi|                   gmem4|       pointer|
|m_axi_gmem4_AWLOCK     |  out|    2|          m_axi|                   gmem4|       pointer|
|m_axi_gmem4_AWCACHE    |  out|    4|          m_axi|                   gmem4|       pointer|
|m_axi_gmem4_AWPROT     |  out|    3|          m_axi|                   gmem4|       pointer|
|m_axi_gmem4_AWQOS      |  out|    4|          m_axi|                   gmem4|       pointer|
|m_axi_gmem4_AWREGION   |  out|    4|          m_axi|                   gmem4|       pointer|
|m_axi_gmem4_AWUSER     |  out|    1|          m_axi|                   gmem4|       pointer|
|m_axi_gmem4_WVALID     |  out|    1|          m_axi|                   gmem4|       pointer|
|m_axi_gmem4_WREADY     |   in|    1|          m_axi|                   gmem4|       pointer|
|m_axi_gmem4_WDATA      |  out|  512|          m_axi|                   gmem4|       pointer|
|m_axi_gmem4_WSTRB      |  out|   64|          m_axi|                   gmem4|       pointer|
|m_axi_gmem4_WLAST      |  out|    1|          m_axi|                   gmem4|       pointer|
|m_axi_gmem4_WID        |  out|    1|          m_axi|                   gmem4|       pointer|
|m_axi_gmem4_WUSER      |  out|    1|          m_axi|                   gmem4|       pointer|
|m_axi_gmem4_ARVALID    |  out|    1|          m_axi|                   gmem4|       pointer|
|m_axi_gmem4_ARREADY    |   in|    1|          m_axi|                   gmem4|       pointer|
|m_axi_gmem4_ARADDR     |  out|   64|          m_axi|                   gmem4|       pointer|
|m_axi_gmem4_ARID       |  out|    1|          m_axi|                   gmem4|       pointer|
|m_axi_gmem4_ARLEN      |  out|    8|          m_axi|                   gmem4|       pointer|
|m_axi_gmem4_ARSIZE     |  out|    3|          m_axi|                   gmem4|       pointer|
|m_axi_gmem4_ARBURST    |  out|    2|          m_axi|                   gmem4|       pointer|
|m_axi_gmem4_ARLOCK     |  out|    2|          m_axi|                   gmem4|       pointer|
|m_axi_gmem4_ARCACHE    |  out|    4|          m_axi|                   gmem4|       pointer|
|m_axi_gmem4_ARPROT     |  out|    3|          m_axi|                   gmem4|       pointer|
|m_axi_gmem4_ARQOS      |  out|    4|          m_axi|                   gmem4|       pointer|
|m_axi_gmem4_ARREGION   |  out|    4|          m_axi|                   gmem4|       pointer|
|m_axi_gmem4_ARUSER     |  out|    1|          m_axi|                   gmem4|       pointer|
|m_axi_gmem4_RVALID     |   in|    1|          m_axi|                   gmem4|       pointer|
|m_axi_gmem4_RREADY     |  out|    1|          m_axi|                   gmem4|       pointer|
|m_axi_gmem4_RDATA      |   in|  512|          m_axi|                   gmem4|       pointer|
|m_axi_gmem4_RLAST      |   in|    1|          m_axi|                   gmem4|       pointer|
|m_axi_gmem4_RID        |   in|    1|          m_axi|                   gmem4|       pointer|
|m_axi_gmem4_RUSER      |   in|    1|          m_axi|                   gmem4|       pointer|
|m_axi_gmem4_RRESP      |   in|    2|          m_axi|                   gmem4|       pointer|
|m_axi_gmem4_BVALID     |   in|    1|          m_axi|                   gmem4|       pointer|
|m_axi_gmem4_BREADY     |  out|    1|          m_axi|                   gmem4|       pointer|
|m_axi_gmem4_BRESP      |   in|    2|          m_axi|                   gmem4|       pointer|
|m_axi_gmem4_BID        |   in|    1|          m_axi|                   gmem4|       pointer|
|m_axi_gmem4_BUSER      |   in|    1|          m_axi|                   gmem4|       pointer|
|arg0_axis_out_TDATA    |  out|  256|           axis|  arg0_axis_out_V_data_V|       pointer|
|arg0_axis_out_TVALID   |  out|    1|           axis|  arg0_axis_out_V_last_V|       pointer|
|arg0_axis_out_TREADY   |   in|    1|           axis|  arg0_axis_out_V_last_V|       pointer|
|arg0_axis_out_TLAST    |  out|    1|           axis|  arg0_axis_out_V_last_V|       pointer|
|arg0_axis_out_TKEEP    |  out|   32|           axis|  arg0_axis_out_V_keep_V|       pointer|
|arg0_axis_out_TSTRB    |  out|   32|           axis|  arg0_axis_out_V_strb_V|       pointer|
|arg1_axis_out_TDATA    |  out|  256|           axis|  arg1_axis_out_V_data_V|       pointer|
|arg1_axis_out_TVALID   |  out|    1|           axis|  arg1_axis_out_V_last_V|       pointer|
|arg1_axis_out_TREADY   |   in|    1|           axis|  arg1_axis_out_V_last_V|       pointer|
|arg1_axis_out_TLAST    |  out|    1|           axis|  arg1_axis_out_V_last_V|       pointer|
|arg1_axis_out_TKEEP    |  out|   32|           axis|  arg1_axis_out_V_keep_V|       pointer|
|arg1_axis_out_TSTRB    |  out|   32|           axis|  arg1_axis_out_V_strb_V|       pointer|
|arg1_axis_in_TDATA     |   in|  256|           axis|   arg1_axis_in_V_data_V|       pointer|
|arg1_axis_in_TVALID    |   in|    1|           axis|   arg1_axis_in_V_last_V|       pointer|
|arg1_axis_in_TREADY    |  out|    1|           axis|   arg1_axis_in_V_last_V|       pointer|
|arg1_axis_in_TLAST     |   in|    1|           axis|   arg1_axis_in_V_last_V|       pointer|
|arg1_axis_in_TKEEP     |   in|   32|           axis|   arg1_axis_in_V_keep_V|       pointer|
|arg1_axis_in_TSTRB     |   in|   32|           axis|   arg1_axis_in_V_strb_V|       pointer|
|arg2_axis_out_TDATA    |  out|  256|           axis|  arg2_axis_out_V_data_V|       pointer|
|arg2_axis_out_TVALID   |  out|    1|           axis|  arg2_axis_out_V_last_V|       pointer|
|arg2_axis_out_TREADY   |   in|    1|           axis|  arg2_axis_out_V_last_V|       pointer|
|arg2_axis_out_TLAST    |  out|    1|           axis|  arg2_axis_out_V_last_V|       pointer|
|arg2_axis_out_TKEEP    |  out|   32|           axis|  arg2_axis_out_V_keep_V|       pointer|
|arg2_axis_out_TSTRB    |  out|   32|           axis|  arg2_axis_out_V_strb_V|       pointer|
|arg2_axis_in_TDATA     |   in|  256|           axis|   arg2_axis_in_V_data_V|       pointer|
|arg2_axis_in_TVALID    |   in|    1|           axis|   arg2_axis_in_V_last_V|       pointer|
|arg2_axis_in_TREADY    |  out|    1|           axis|   arg2_axis_in_V_last_V|       pointer|
|arg2_axis_in_TLAST     |   in|    1|           axis|   arg2_axis_in_V_last_V|       pointer|
|arg2_axis_in_TKEEP     |   in|   32|           axis|   arg2_axis_in_V_keep_V|       pointer|
|arg2_axis_in_TSTRB     |   in|   32|           axis|   arg2_axis_in_V_strb_V|       pointer|
|arg3_axis_out_TDATA    |  out|  256|           axis|  arg3_axis_out_V_data_V|       pointer|
|arg3_axis_out_TVALID   |  out|    1|           axis|  arg3_axis_out_V_last_V|       pointer|
|arg3_axis_out_TREADY   |   in|    1|           axis|  arg3_axis_out_V_last_V|       pointer|
|arg3_axis_out_TLAST    |  out|    1|           axis|  arg3_axis_out_V_last_V|       pointer|
|arg3_axis_out_TKEEP    |  out|   32|           axis|  arg3_axis_out_V_keep_V|       pointer|
|arg3_axis_out_TSTRB    |  out|   32|           axis|  arg3_axis_out_V_strb_V|       pointer|
|arg3_axis_in_TDATA     |   in|  256|           axis|   arg3_axis_in_V_data_V|       pointer|
|arg3_axis_in_TVALID    |   in|    1|           axis|   arg3_axis_in_V_last_V|       pointer|
|arg3_axis_in_TREADY    |  out|    1|           axis|   arg3_axis_in_V_last_V|       pointer|
|arg3_axis_in_TLAST     |   in|    1|           axis|   arg3_axis_in_V_last_V|       pointer|
|arg3_axis_in_TKEEP     |   in|   32|           axis|   arg3_axis_in_V_keep_V|       pointer|
|arg3_axis_in_TSTRB     |   in|   32|           axis|   arg3_axis_in_V_strb_V|       pointer|
|arg4_axis_in_TDATA     |   in|  256|           axis|   arg4_axis_in_V_data_V|       pointer|
|arg4_axis_in_TVALID    |   in|    1|           axis|   arg4_axis_in_V_last_V|       pointer|
|arg4_axis_in_TREADY    |  out|    1|           axis|   arg4_axis_in_V_last_V|       pointer|
|arg4_axis_in_TLAST     |   in|    1|           axis|   arg4_axis_in_V_last_V|       pointer|
|arg4_axis_in_TKEEP     |   in|   32|           axis|   arg4_axis_in_V_keep_V|       pointer|
|arg4_axis_in_TSTRB     |   in|   32|           axis|   arg4_axis_in_V_strb_V|       pointer|
+-----------------------+-----+-----+---------------+------------------------+--------------+

