Copyright 1986-2022 Xilinx, Inc. All Rights Reserved.
---------------------------------------------------------------------------------------------------------------------------------------------------------------------------------------------------------------------------------------------------------------------------------------------------------------------------------------------------------------------------------------------------------------------------------------------------------------
| Tool Version : Vivado v.2022.2 (lin64) Build 3671981 Fri Oct 14 04:59:54 MDT 2022
| Date         : Tue Aug 19 03:27:17 2025
| Host         : acclnode01 running 64-bit Ubuntu 20.04.6 LTS
| Command      : report_accelerator_utilization -kernels { datamover_outerloop_0:level0_i/ulp/datamover_outerloop_0_1/inst:datamover_outerloop_0_1 kernel_outerloop_0:level0_i/ulp/kernel_outerloop_0_1/inst:kernel_outerloop_0_1 kernel_outerloop_0:level0_i/ulp/kernel_outerloop_0_2/inst:kernel_outerloop_0_2 kernel_outerloop_0:level0_i/ulp/kernel_outerloop_0_3/inst:kernel_outerloop_0_3} -file kernel_util_synthed.rpt -name kernel_util_synthed -json
| Design       : level0_wrapper
| Device       : xcu280
| Design State : Synthesized
---------------------------------------------------------------------------------------------------------------------------------------------------------------------------------------------------------------------------------------------------------------------------------------------------------------------------------------------------------------------------------------------------------------------------------------------------------------

Accelerator Utilization Design Information

Table of Contents
-----------------
1. System Utilization

1. System Utilization
---------------------

+----------------------------+-------------------+------------------+-------------------+----------------+---------------+----------------+
| Name                       | LUT               | LUTAsMem         | REG               | BRAM           | URAM          | DSP            |
+----------------------------+-------------------+------------------+-------------------+----------------+---------------+----------------+
| Platform                   |  147324 [ 11.30%] |  13321 [  2.22%] |  191061 [  7.33%] |  197 [  9.77%] |  80 [  8.33%] |    4 [  0.04%] |
| User Budget                | 1156356 [100.00%] | 587639 [100.00%] | 2416299 [100.00%] | 1819 [100.00%] | 880 [100.00%] | 9020 [100.00%] |
|    Used Resources          |  637474 [ 55.13%] | 135411 [ 23.04%] |  940297 [ 38.91%] |   77 [  4.23%] |   0 [  0.00%] | 6934 [ 76.87%] |
|    Unused Resources        |  518882 [ 44.87%] | 452228 [ 76.96%] | 1476002 [ 61.09%] | 1742 [ 95.77%] | 880 [100.00%] | 2086 [ 23.13%] |
| datamover_outerloop_0      |   32941 [  2.85%] |   9327 [  1.59%] |   54094 [  2.24%] |   77 [  4.23%] |   0 [  0.00%] |    1 [  0.01%] |
|    datamover_outerloop_0_1 |   32941 [  2.85%] |   9327 [  1.59%] |   54094 [  2.24%] |   77 [  4.23%] |   0 [  0.00%] |    1 [  0.01%] |
| kernel_outerloop_0         |  604533 [ 52.28%] | 126084 [ 21.46%] |  886203 [ 36.68%] |    0 [  0.00%] |   0 [  0.00%] | 6933 [ 76.86%] |
|    kernel_outerloop_0_1    |  201511 [ 17.43%] |  42028 [  7.15%] |  295401 [ 12.23%] |    0 [  0.00%] |   0 [  0.00%] | 2311 [ 25.62%] |
|    kernel_outerloop_0_2    |  201511 [ 17.43%] |  42028 [  7.15%] |  295401 [ 12.23%] |    0 [  0.00%] |   0 [  0.00%] | 2311 [ 25.62%] |
|    kernel_outerloop_0_3    |  201511 [ 17.43%] |  42028 [  7.15%] |  295401 [ 12.23%] |    0 [  0.00%] |   0 [  0.00%] | 2311 [ 25.62%] |
+----------------------------+-------------------+------------------+-------------------+----------------+---------------+----------------+


