Copyright 1986-2022 Xilinx, Inc. All Rights Reserved.
-------------------------------------------------------------------------------------------------------------------------------------------------------------------------------------------------------------------------------------------------------------------------------------------------------------------------------------------------------------------------------------------------------------------------------------------------------------
| Tool Version : Vivado v.2022.2 (lin64) Build 3671981 Fri Oct 14 04:59:54 MDT 2022
| Date         : Tue Aug 19 10:11:21 2025
| Host         : acclnode01 running 64-bit Ubuntu 20.04.6 LTS
| Command      : report_accelerator_utilization -kernels { datamover_outerloop_0:level0_i/ulp/datamover_outerloop_0_1/inst:datamover_outerloop_0_1 kernel_outerloop_0:level0_i/ulp/kernel_outerloop_0_1/inst:kernel_outerloop_0_1 kernel_outerloop_0:level0_i/ulp/kernel_outerloop_0_2/inst:kernel_outerloop_0_2 kernel_outerloop_0:level0_i/ulp/kernel_outerloop_0_3/inst:kernel_outerloop_0_3} -file kernel_util_routed.rpt -name kernel_util_routed -json
| Design       : level0_wrapper
| Device       : xcu280
| Design State : Routed
-------------------------------------------------------------------------------------------------------------------------------------------------------------------------------------------------------------------------------------------------------------------------------------------------------------------------------------------------------------------------------------------------------------------------------------------------------------

Accelerator Utilization Design Information

Table of Contents
-----------------
1. System Utilization

1. System Utilization
---------------------

+----------------------------+-------------------+------------------+-------------------+----------------+---------------+----------------+
| Name                       | LUT               | LUTAsMem         | REG               | BRAM           | URAM          | DSP            |
+----------------------------+-------------------+------------------+-------------------+----------------+---------------+----------------+
| Platform                   |  131751 [ 10.11%] |  11657 [  1.94%] |  187362 [  7.19%] |  197 [  9.77%] |  64 [  6.67%] |    4 [  0.04%] |
| User Budget                | 1171929 [100.00%] | 589303 [100.00%] | 2419998 [100.00%] | 1819 [100.00%] | 896 [100.00%] | 9020 [100.00%] |
|    Used Resources          |  554857 [ 47.35%] |  92585 [ 15.71%] |  937242 [ 38.73%] |   77 [  4.23%] |   0 [  0.00%] | 6934 [ 76.87%] |
|    Unused Resources        |  617072 [ 52.65%] | 496718 [ 84.29%] | 1482756 [ 61.27%] | 1742 [ 95.77%] | 896 [100.00%] | 2086 [ 23.13%] |
| datamover_outerloop_0      |   32313 [  2.76%] |   8921 [  1.51%] |   53693 [  2.22%] |   77 [  4.23%] |   0 [  0.00%] |    1 [  0.01%] |
|    datamover_outerloop_0_1 |   32313 [  2.76%] |   8921 [  1.51%] |   53693 [  2.22%] |   77 [  4.23%] |   0 [  0.00%] |    1 [  0.01%] |
| kernel_outerloop_0         |  522544 [ 44.59%] |  83664 [ 14.20%] |  883549 [ 36.51%] |    0 [  0.00%] |   0 [  0.00%] | 6933 [ 76.86%] |
|    kernel_outerloop_0_1    |  175095 [ 14.94%] |  27888 [  4.73%] |  294479 [ 12.17%] |    0 [  0.00%] |   0 [  0.00%] | 2311 [ 25.62%] |
|    kernel_outerloop_0_2    |  173090 [ 14.77%] |  27888 [  4.73%] |  294441 [ 12.17%] |    0 [  0.00%] |   0 [  0.00%] | 2311 [ 25.62%] |
|    kernel_outerloop_0_3    |  174359 [ 14.88%] |  27888 [  4.73%] |  294629 [ 12.17%] |    0 [  0.00%] |   0 [  0.00%] | 2311 [ 25.62%] |
+----------------------------+-------------------+------------------+-------------------+----------------+---------------+----------------+


