Copyright 1986-2022 Xilinx, Inc. All Rights Reserved.
------------------------------------------------------------------------------------------
| Tool Version : Vivado v.2022.2 (lin64) Build 3671981 Fri Oct 14 04:59:54 MDT 2022
| Date         : Sat Aug 16 03:03:03 2025
| Host         : acclnode01 running 64-bit Ubuntu 20.04.6 LTS
| Command      : report_utilization -slr -file slr_util_routed.rpt -pb slr_util_routed.pb
| Design       : level0_wrapper
| Device       : xcu280-fsvh2892-2L-e
| Speed File   : -2L
| Design State : Routed
------------------------------------------------------------------------------------------

Utilization Design Information

Table of Contents
-----------------
1. SLR Connectivity
2. SLR Connectivity Matrix
3. SLR CLB Logic and Dedicated Block Utilization
4. SLR IO Utilization

1. SLR Connectivity
-------------------

+----------------------------------+-------+-------+-----------+-------+
|                                  |  Used | Fixed | Available | Util% |
+----------------------------------+-------+-------+-----------+-------+
| SLR2 <-> SLR1                    |  7248 |       |     23040 | 31.46 |
|   SLR1 -> SLR2                   |  3651 |       |           | 15.85 |
|     Using TX_REG only            |     0 |     0 |           |       |
|     Using RX_REG only            |     0 |     0 |           |       |
|     Using Both TX_REG and RX_REG |     0 |     0 |           |       |
|   SLR2 -> SLR1                   |  3597 |       |           | 15.61 |
|     Using TX_REG only            |     0 |     0 |           |       |
|     Using RX_REG only            |     0 |     0 |           |       |
|     Using Both TX_REG and RX_REG |     0 |     0 |           |       |
| SLR1 <-> SLR0                    |  9333 |       |     23040 | 40.51 |
|   SLR0 -> SLR1                   |  4329 |       |           | 18.79 |
|     Using TX_REG only            |     0 |     0 |           |       |
|     Using RX_REG only            |     0 |     0 |           |       |
|     Using Both TX_REG and RX_REG |     0 |     0 |           |       |
|   SLR1 -> SLR0                   |  5004 |       |           | 21.72 |
|     Using TX_REG only            |     0 |     0 |           |       |
|     Using RX_REG only            |     0 |     0 |           |       |
|     Using Both TX_REG and RX_REG |     0 |     0 |           |       |
+----------------------------------+-------+-------+-----------+-------+
| Total SLLs Used                  | 16581 |       |           |       |
+----------------------------------+-------+-------+-----------+-------+


2. SLR Connectivity Matrix
--------------------------

+-----------+------+------+------+
| FROM \ TO | SLR2 | SLR1 | SLR0 |
+-----------+------+------+------+
| SLR2      |    0 | 3448 |  149 |
| SLR1      | 3580 |    0 | 4855 |
| SLR0      |   71 | 4258 |    0 |
+-----------+------+------+------+


3. SLR CLB Logic and Dedicated Block Utilization
------------------------------------------------

+----------------------------+--------+--------+--------+--------+--------+--------+
|          Site Type         |  SLR0  |  SLR1  |  SLR2  | SLR0 % | SLR1 % | SLR2 % |
+----------------------------+--------+--------+--------+--------+--------+--------+
| CLB                        |  50083 |  48353 |  46210 |  91.13 |  89.54 |  85.57 |
|   CLBL                     |  26510 |  25387 |  24422 |  90.54 |  86.70 |  83.41 |
|   CLBM                     |  23573 |  22966 |  21788 |  91.80 |  92.90 |  88.14 |
| CLB LUTs                   | 253581 | 232163 | 200096 |  57.67 |  53.74 |  46.32 |
|   LUT as Logic             | 210467 | 200450 | 170681 |  47.87 |  46.40 |  39.51 |
|     using O5 output only   |   2540 |   1931 |   1521 |   0.58 |   0.45 |   0.35 |
|     using O6 output only   | 136504 | 125641 | 104964 |  31.05 |  29.08 |  24.30 |
|     using O5 and O6        |  71423 |  72878 |  64196 |  16.24 |  16.87 |  14.86 |
|   LUT as Memory            |  43114 |  31713 |  29415 |  20.99 |  16.04 |  14.87 |
|     LUT as Distributed RAM |  17958 |  17322 |  14436 |   8.74 |   8.76 |   7.30 |
|       using O5 output only |      0 |      0 |      0 |   0.00 |   0.00 |   0.00 |
|       using O6 output only |    260 |    386 |      0 |   0.13 |   0.20 |   0.00 |
|       using O5 and O6      |  17698 |  16936 |  14436 |   8.61 |   8.56 |   7.30 |
|     LUT as Shift Register  |  25156 |  14391 |  14979 |  12.24 |   7.28 |   7.57 |
|       using O5 output only |      0 |      0 |      0 |   0.00 |   0.00 |   0.00 |
|       using O6 output only |  10012 |    215 |    825 |   4.87 |   0.11 |   0.42 |
|       using O5 and O6      |  15144 |  14176 |  14154 |   7.37 |   7.17 |   7.16 |
| CLB Registers              | 425373 | 363412 | 329435 |  48.37 |  42.06 |  38.13 |
| CARRY8                     |   7017 |   6629 |   6157 |  12.77 |  12.28 |  11.40 |
| F7 Muxes                   |   5056 |   1105 |    437 |   2.30 |   0.51 |   0.20 |
| F8 Muxes                   |    132 |    320 |      0 |   0.12 |   0.30 |   0.00 |
| F9 Muxes                   |      0 |      0 |      0 |   0.00 |   0.00 |   0.00 |
| Block RAM Tile             |    159 |    130 |     50 |  23.66 |  19.35 |   7.44 |
|   RAMB36/FIFO              |    155 |    129 |     50 |  23.07 |  19.20 |   7.44 |
|   RAMB18                   |      8 |      2 |      0 |   0.60 |   0.15 |   0.00 |
| URAM                       |      0 |      0 |      0 |   0.00 |   0.00 |   0.00 |
| DSPs                       |   2312 |   2311 |   2315 |  80.28 |  75.23 |  75.36 |
| Unique Control Sets        |   6938 |   6875 |   4596 |   6.31 |   6.37 |   4.26 |
+----------------------------+--------+--------+--------+--------+--------+--------+
* Note: Available Control Sets based on CLB Registers / 8


4. SLR IO Utilization
---------------------

+-----------+-----------+---------+------------+----------+------------+----------+-----+
| SLR Index | Used IOBs | (%)IOBs | Used IPADs | (%)IPADs | Used OPADs | (%)OPADs | GTs |
+-----------+-----------+---------+------------+----------+------------+----------+-----+
| SLR2      |        15 |    7.21 |          0 |     0.00 |          0 |     0.00 |   0 |
| SLR1      |         0 |    0.00 |          0 |     0.00 |          0 |     0.00 |   0 |
| SLR0      |         1 |    0.48 |          0 |     0.00 |          0 |     0.00 |  16 |
+-----------+-----------+---------+------------+----------+------------+----------+-----+
| Total     |        16 |         |          0 |          |          0 |          |  16 |
+-----------+-----------+---------+------------+----------+------------+----------+-----+


