Copyright 1986-2022 Xilinx, Inc. All Rights Reserved.
---------------------------------------------------------------------------------------
| Tool Version : Vivado v.2022.2 (lin64) Build 3671981 Fri Oct 14 04:59:54 MDT 2022
| Date         : Sat Aug 16 03:06:48 2025
| Host         : acclnode01 running 64-bit Ubuntu 20.04.6 LTS
| Command      : report_utilization -file full_util_routed.rpt -pb full_util_routed.pb
| Design       : level0_wrapper
| Device       : xcu280-fsvh2892-2L-e
| Speed File   : -2L
| Design State : Routed
---------------------------------------------------------------------------------------

Utilization Design Information

Table of Contents
-----------------
1. CLB Logic
1.1 Summary of Registers by Type
2. CLB Logic Distribution
3. BLOCKRAM
4. ARITHMETIC
5. I/O
6. CLOCK
7. ADVANCED
8. CONFIGURATION
9. Primitives
10. Black Boxes
11. Instantiated Netlists
12. SLR Connectivity
13. SLR Connectivity Matrix
14. SLR CLB Logic and Dedicated Block Utilization
15. SLR IO Utilization

1. CLB Logic
------------

+----------------------------+---------+--------+------------+-----------+-------+
|          Site Type         |   Used  |  Fixed | Prohibited | Available | Util% |
+----------------------------+---------+--------+------------+-----------+-------+
| CLB LUTs                   |  685840 | 107629 |          0 |   1303680 | 52.61 |
|   LUT as Logic             |  581598 | 101652 |          0 |   1303680 | 44.61 |
|   LUT as Memory            |  104242 |   5977 |          0 |    600960 | 17.35 |
|     LUT as Distributed RAM |   49716 |   4564 |            |           |       |
|     LUT as Shift Register  |   54526 |   1413 |            |           |       |
| CLB Registers              | 1118220 | 136086 |          0 |   2607360 | 42.89 |
|   Register as Flip Flop    | 1118216 | 136082 |          0 |   2607360 | 42.89 |
|   Register as Latch        |       0 |      0 |          0 |   2607360 |  0.00 |
|   Register as AND/OR       |       4 |      4 |          0 |   2607360 | <0.01 |
| CARRY8                     |   19803 |    946 |          0 |    162960 | 12.15 |
| F7 Muxes                   |    6598 |   1683 |          0 |    651840 |  1.01 |
| F8 Muxes                   |     452 |    446 |          0 |    325920 |  0.14 |
| F9 Muxes                   |       0 |      0 |          0 |    162960 |  0.00 |
+----------------------------+---------+--------+------------+-----------+-------+
* Warning! LUT value is adjusted to account for LUT combining.


1.1 Summary of Registers by Type
--------------------------------

+---------+--------------+-------------+--------------+
|  Total  | Clock Enable | Synchronous | Asynchronous |
+---------+--------------+-------------+--------------+
| 4       |            _ |           - |            - |
| 0       |            _ |           - |          Set |
| 0       |            _ |           - |        Reset |
| 0       |            _ |         Set |            - |
| 0       |            _ |       Reset |            - |
| 0       |          Yes |           - |            - |
| 398     |          Yes |           - |          Set |
| 3698    |          Yes |           - |        Reset |
| 6944    |          Yes |         Set |            - |
| 1107176 |          Yes |       Reset |            - |
+---------+--------------+-------------+--------------+


2. CLB Logic Distribution
-------------------------

+--------------------------------------------+---------+--------+------------+-----------+-------+
|                  Site Type                 |   Used  |  Fixed | Prohibited | Available | Util% |
+--------------------------------------------+---------+--------+------------+-----------+-------+
| CLB                                        |  144646 |      0 |          0 |    162960 | 88.76 |
|   CLBL                                     |   76319 |      0 |            |           |       |
|   CLBM                                     |   68327 |      0 |            |           |       |
| LUT as Logic                               |  581598 | 101652 |          0 |   1303680 | 44.61 |
|   using O5 output only                     |    5992 |        |            |           |       |
|   using O6 output only                     |  367109 |        |            |           |       |
|   using O5 and O6                          |  208497 |        |            |           |       |
| LUT as Memory                              |  104242 |   5977 |          0 |    600960 | 17.35 |
|   LUT as Distributed RAM                   |   49716 |   4564 |            |           |       |
|     using O5 output only                   |       0 |        |            |           |       |
|     using O6 output only                   |     646 |        |            |           |       |
|     using O5 and O6                        |   49070 |        |            |           |       |
|   LUT as Shift Register                    |   54526 |   1413 |            |           |       |
|     using O5 output only                   |       0 |        |            |           |       |
|     using O6 output only                   |   11052 |        |            |           |       |
|     using O5 and O6                        |   43474 |        |            |           |       |
| CLB Registers                              | 1118220 |      0 |          0 |   2607360 | 42.89 |
|   Register driven from within the CLB      |  571933 |        |            |           |       |
|   Register driven from outside the CLB     |  546287 |        |            |           |       |
|     LUT in front of the register is unused |  358954 |        |            |           |       |
|     LUT in front of the register is used   |  187333 |        |            |           |       |
| Unique Control Sets                        |   18333 |        |          0 |    325920 |  5.63 |
+--------------------------------------------+---------+--------+------------+-----------+-------+
* * Note: Available Control Sets calculated as Slices * 2, Review the Control Sets Report for more information regarding control sets.


3. BLOCKRAM
-----------

+-------------------+------+-------+------------+-----------+-------+
|     Site Type     | Used | Fixed | Prohibited | Available | Util% |
+-------------------+------+-------+------------+-----------+-------+
| Block RAM Tile    |  339 |     0 |          0 |      2016 | 16.82 |
|   RAMB36/FIFO*    |  334 |   193 |          0 |      2016 | 16.57 |
|     RAMB36E2 only |  334 |       |            |           |       |
|   RAMB18          |   10 |     5 |          0 |      4032 |  0.25 |
|     RAMB18E2 only |   10 |       |            |           |       |
| URAM              |    0 |     0 |          0 |       960 |  0.00 |
+-------------------+------+-------+------------+-----------+-------+
* Note: Each Block RAM Tile only has one FIFO logic available and therefore can accommodate only one FIFO36E2 or one FIFO18E2. However, if a FIFO18E2 occupies a Block RAM Tile, that tile can still accommodate a RAMB18E2


4. ARITHMETIC
-------------

+----------------+------+-------+------------+-----------+-------+
|    Site Type   | Used | Fixed | Prohibited | Available | Util% |
+----------------+------+-------+------------+-----------+-------+
| DSPs           | 6938 |     4 |          0 |      9024 | 76.88 |
|   DSP48E2 only | 6938 |       |            |           |       |
+----------------+------+-------+------------+-----------+-------+


5. I/O
------

+------------------+------+-------+------------+-----------+-------+
|     Site Type    | Used | Fixed | Prohibited | Available | Util% |
+------------------+------+-------+------------+-----------+-------+
| Bonded IOB       |   16 |    16 |          0 |       624 |  2.56 |
| HPIOB_M          |    6 |     6 |          0 |       288 |  2.08 |
|   INPUT          |    4 |       |            |           |       |
|   OUTPUT         |    2 |       |            |           |       |
|   BIDIR          |    0 |       |            |           |       |
| HPIOB_S          |    8 |     8 |          0 |       288 |  2.78 |
|   INPUT          |    4 |       |            |           |       |
|   OUTPUT         |    4 |       |            |           |       |
|   BIDIR          |    0 |       |            |           |       |
| HPIOB_SNGL       |    2 |     2 |          0 |        48 |  4.17 |
|   INPUT          |    1 |       |            |           |       |
|   OUTPUT         |    1 |       |            |           |       |
|   BIDIR          |    0 |       |            |           |       |
| HPIOBDIFFINBUF   |    1 |     1 |          0 |       288 |  0.35 |
|   DIFFINBUF      |    1 |     1 |            |           |       |
| HPIOBDIFFOUTBUF  |    0 |     0 |          0 |       288 |  0.00 |
| BITSLICE_CONTROL |    0 |     0 |          0 |        96 |  0.00 |
| BITSLICE_RX_TX   |    0 |     0 |          0 |      3744 |  0.00 |
| BITSLICE_TX      |    0 |     0 |          0 |        96 |  0.00 |
| RIU_OR           |    0 |     0 |          0 |        48 |  0.00 |
+------------------+------+-------+------------+-----------+-------+


6. CLOCK
--------

+----------------------+------+-------+------------+-----------+-------+
|       Site Type      | Used | Fixed | Prohibited | Available | Util% |
+----------------------+------+-------+------------+-----------+-------+
| GLOBAL CLOCK BUFFERs |   74 |    32 |          0 |      1008 |  7.34 |
|   BUFGCE             |   47 |     5 |          0 |       288 | 16.32 |
|   BUFGCE_DIV         |    1 |     1 |          0 |        48 |  2.08 |
|   BUFG_GT            |   22 |    22 |          0 |       576 |  3.82 |
|   BUFGCTRL*          |    2 |     2 |          0 |        96 |  2.08 |
| PLL                  |    1 |     1 |          0 |        24 |  4.17 |
| MMCM                 |    3 |     1 |          0 |        12 | 25.00 |
+----------------------+------+-------+------------+-----------+-------+
* Note: Each used BUFGCTRL counts as two GLOBAL CLOCK BUFFERs. This table does not include global clocking resources, only buffer cell usage. See the Clock Utilization Report (report_clock_utilization) for detailed accounting of global clocking resource availability.


7. ADVANCED
-----------

+----------------------+------+-------+------------+-----------+-------+
|       Site Type      | Used | Fixed | Prohibited | Available | Util% |
+----------------------+------+-------+------------+-----------+-------+
| CMACE4               |    0 |     0 |          0 |         8 |  0.00 |
| GTYE4_CHANNEL        |   16 |    16 |          0 |        24 | 66.67 |
| GTYE4_COMMON         |    4 |     4 |          0 |         6 | 66.67 |
| HBM_REF_CLK          |    1 |     1 |          0 |         2 | 50.00 |
| HBM_SNGLBLI_INTF_APB |    1 |     1 |          0 |        32 |  3.13 |
| HBM_SNGLBLI_INTF_AXI |   16 |    16 |          0 |        32 | 50.00 |
| ILKNE4               |    0 |     0 |          0 |         4 |  0.00 |
| OBUFDS_GTE4          |    0 |     0 |          0 |        12 |  0.00 |
| OBUFDS_GTE4_ADV      |    0 |     0 |          0 |        12 |  0.00 |
| PCIE40E4             |    0 |     0 |          0 |         2 |  0.00 |
| PCIE4CE4             |    1 |     1 |          0 |         4 | 25.00 |
| SYSMONE4             |    0 |     0 |          0 |         3 |  0.00 |
+----------------------+------+-------+------------+-----------+-------+


8. CONFIGURATION
----------------

+-------------+------+-------+------------+-----------+-------+
|  Site Type  | Used | Fixed | Prohibited | Available | Util% |
+-------------+------+-------+------------+-----------+-------+
| BSCANE2     |    1 |     1 |          0 |        12 |  8.33 |
| DNA_PORTE2  |    0 |     0 |          0 |         3 |  0.00 |
| EFUSE_USR   |    0 |     0 |          0 |         3 |  0.00 |
| FRAME_ECCE4 |    0 |     0 |          0 |         3 |  0.00 |
| ICAPE3      |    1 |     1 |          0 |         6 | 16.67 |
| MASTER_JTAG |    0 |     0 |          0 |         3 |  0.00 |
| STARTUPE3   |    1 |     1 |          0 |         3 | 33.33 |
+-------------+------+-------+------------+-----------+-------+


9. Primitives
-------------

+----------------------+---------+---------------------+
|       Ref Name       |   Used  | Functional Category |
+----------------------+---------+---------------------+
| FDRE                 | 1107176 |            Register |
| LUT3                 |  272692 |                 CLB |
| LUT6                 |  170524 |                 CLB |
| LUT4                 |  140843 |                 CLB |
| LUT5                 |  118901 |                 CLB |
| SRL16E               |   87720 |                 CLB |
| RAMD32               |   85694 |                 CLB |
| LUT2                 |   80690 |                 CLB |
| CARRY8               |   19803 |                 CLB |
| RAMS32               |   12524 |                 CLB |
| SRLC32E              |   10266 |                 CLB |
| FDSE                 |    6944 |            Register |
| DSP48E2              |    6938 |          Arithmetic |
| MUXF7                |    6598 |                 CLB |
| LUT1                 |    6445 |                 CLB |
| FDCE                 |    3698 |            Register |
| RAMD64E              |     528 |                 CLB |
| MUXF8                |     452 |                 CLB |
| FDPE                 |     398 |            Register |
| RAMB36E2             |     334 |            BLOCKRAM |
| BUFGCE               |      47 |               Clock |
| RAMS64E              |      40 |                 CLB |
| BUFG_GT              |      22 |               Clock |
| BUFG_GT_SYNC         |      17 |               Clock |
| HBM_SNGLBLI_INTF_AXI |      16 |            Advanced |
| GTYE4_CHANNEL        |      16 |            Advanced |
| SRLC16E              |      14 |                 CLB |
| RAMB18E2             |      10 |            BLOCKRAM |
| IBUFCTRL             |       8 |              Others |
| OBUF                 |       7 |                 I/O |
| INBUF                |       7 |                 I/O |
| GTYE4_COMMON         |       4 |            Advanced |
| AND2B1L              |       4 |              Others |
| MMCME4_ADV           |       3 |               Clock |
| BUFGCTRL             |       2 |               Clock |
| STARTUPE3            |       1 |       Configuration |
| PLLE4_ADV            |       1 |               Clock |
| PCIE4CE4             |       1 |            Advanced |
| ICAPE3               |       1 |       Configuration |
| IBUFDS_GTE4          |       1 |                 I/O |
| HBM_SNGLBLI_INTF_APB |       1 |            Advanced |
| HBM_REF_CLK          |       1 |            Advanced |
| DIFFINBUF            |       1 |                 I/O |
| BUFGCE_DIV           |       1 |               Clock |
| BSCANE2              |       1 |       Configuration |
+----------------------+---------+---------------------+


10. Black Boxes
---------------

+----------+------+
| Ref Name | Used |
+----------+------+


11. Instantiated Netlists
-------------------------

+----------------------------------------------------+------+
|                      Ref Name                      | Used |
+----------------------------------------------------+------+
| xsdbm                                              |    1 |
| ulp_xbar_3                                         |    1 |
| ulp_xbar_2                                         |    1 |
| ulp_xbar_1                                         |    1 |
| ulp_xbar_0                                         |    1 |
| ulp_ulp_ucs_0                                      |    1 |
| ulp_ulp_cmp_0                                      |    1 |
| ulp_s00_regslice_17                                |    1 |
| ulp_s00_regslice_16                                |    1 |
| ulp_s00_regslice_15                                |    1 |
| ulp_regslice_control_userpf_2                      |    1 |
| ulp_regslice_control_userpf_1                      |    1 |
| ulp_regslice_control_userpf_0                      |    1 |
| ulp_proc_sys_reset_kernel_slr2_0                   |    1 |
| ulp_proc_sys_reset_kernel_slr1_0                   |    1 |
| ulp_proc_sys_reset_kernel_slr0_0                   |    1 |
| ulp_proc_sys_reset_ctrl_slr2_0                     |    1 |
| ulp_proc_sys_reset_ctrl_slr1_0                     |    1 |
| ulp_proc_sys_reset_ctrl_slr0_0                     |    1 |
| ulp_m02_regslice_0                                 |    1 |
| ulp_m01_regslice_5                                 |    1 |
| ulp_m01_regslice_4                                 |    1 |
| ulp_m01_regslice_3                                 |    1 |
| ulp_m00_regslice_5                                 |    1 |
| ulp_m00_regslice_4                                 |    1 |
| ulp_m00_regslice_3                                 |    1 |
| ulp_kernel_outerloop_0_3_0                         |    1 |
| ulp_kernel_outerloop_0_2_0                         |    1 |
| ulp_kernel_outerloop_0_1_0                         |    1 |
| ulp_ii_level0_wire_0                               |    1 |
| ulp_hmss_0_0                                       |    1 |
| ulp_datamover_outerloop_0_1_0                      |    1 |
| ulp_buffer_kernel_outerloop_0_3_arg4_axis_out_0    |    1 |
| ulp_buffer_kernel_outerloop_0_3_arg3_axis_out_0    |    1 |
| ulp_buffer_kernel_outerloop_0_3_arg2_axis_out_0    |    1 |
| ulp_buffer_kernel_outerloop_0_3_arg1_axis_out_0    |    1 |
| ulp_buffer_kernel_outerloop_0_2_arg4_axis_out_0    |    1 |
| ulp_buffer_kernel_outerloop_0_2_arg3_axis_out_0    |    1 |
| ulp_buffer_kernel_outerloop_0_2_arg2_axis_out_0    |    1 |
| ulp_buffer_kernel_outerloop_0_2_arg1_axis_out_0    |    1 |
| ulp_buffer_kernel_outerloop_0_1_arg4_axis_out_0    |    1 |
| ulp_buffer_kernel_outerloop_0_1_arg3_axis_out_0    |    1 |
| ulp_buffer_kernel_outerloop_0_1_arg2_axis_out_0    |    1 |
| ulp_buffer_kernel_outerloop_0_1_arg1_axis_out_0    |    1 |
| ulp_buffer_datamover_outerloop_0_1_arg3_axis_out_0 |    1 |
| ulp_buffer_datamover_outerloop_0_1_arg2_axis_out_0 |    1 |
| ulp_buffer_datamover_outerloop_0_1_arg1_axis_out_0 |    1 |
| ulp_buffer_datamover_outerloop_0_1_arg0_axis_out_0 |    1 |
| ulp_axi_vip_data_0                                 |    1 |
| ulp_axi_vip_ctrl_userpf_2                          |    1 |
| ulp_axi_vip_ctrl_userpf_1                          |    1 |
| ulp_axi_vip_ctrl_userpf_0                          |    1 |
| ulp_axi_gpio_null_2                                |    1 |
| ulp_axi_gpio_null_1                                |    1 |
| ulp_axi_gpio_null_0                                |    1 |
| ulp_auto_cc_6                                      |    1 |
| ulp_auto_cc_5                                      |    1 |
| ulp_auto_cc_4                                      |    1 |
| ulp_auto_cc_3                                      |    1 |
| ulp_auto_cc_2                                      |    1 |
| ulp_auto_cc_1                                      |    1 |
| ulp_auto_cc_0                                      |    1 |
| ulp                                                |    1 |
| level0_ii_level0_pipe_0                            |    1 |
| blp_wrapper                                        |    1 |
| bd_85ad_vip_S05_0                                  |    1 |
| bd_85ad_vip_S04_0                                  |    1 |
| bd_85ad_vip_S03_0                                  |    1 |
| bd_85ad_vip_S02_0                                  |    1 |
| bd_85ad_vip_S01_0                                  |    1 |
| bd_85ad_vip_S00_0                                  |    1 |
| bd_85ad_slice5_4_0                                 |    1 |
| bd_85ad_slice4_3_0                                 |    1 |
| bd_85ad_slice3_2_0                                 |    1 |
| bd_85ad_slice2_1_0                                 |    1 |
| bd_85ad_slice1_0_0                                 |    1 |
| bd_85ad_slice0_5_0                                 |    1 |
| bd_85ad_interconnect5_4_0                          |    1 |
| bd_85ad_interconnect4_3_0                          |    1 |
| bd_85ad_interconnect3_2_0                          |    1 |
| bd_85ad_interconnect2_1_0                          |    1 |
| bd_85ad_interconnect1_0_0                          |    1 |
| bd_85ad_interconnect0_5_0                          |    1 |
| bd_85ad_init_reduce_0                              |    1 |
| bd_85ad_hbm_reset_sync_SLR2_0                      |    1 |
| bd_85ad_hbm_reset_sync_SLR0_0                      |    1 |
| bd_85ad_hbm_inst_0                                 |    1 |
| bd_85ad_axi_apb_bridge_inst_0                      |    1 |
| bd_7cf0_bsip_0                                     |    1 |
| bd_7cf0_bs_switch_1_0                              |    1 |
| bd_7cf0_axi_jtag_0                                 |    1 |
| bd_58f6_xsdbm_0                                    |    1 |
| bd_58f6_lut_buffer_0                               |    1 |
| bd_22c0_xbar_1                                     |    1 |
| bd_22c0_xbar_0                                     |    1 |
| bd_22c0_psreset_kernel_01_0                        |    1 |
| bd_22c0_psreset_kernel_00_0                        |    1 |
| bd_22c0_psreset_hbm_0                              |    1 |
| bd_22c0_psreset_aclk_freerun_0                     |    1 |
| bd_22c0_gpio_ucs_control_status_0                  |    1 |
| bd_22c0_gpio_gapping_demand_0                      |    1 |
| bd_22c0_gapping_demand_update_0                    |    1 |
| bd_22c0_gapping_demand_toggle_0                    |    1 |
| bd_22c0_frequency_counter_aclk_kernel_01_0         |    1 |
| bd_22c0_frequency_counter_aclk_kernel_00_0         |    1 |
| bd_22c0_frequency_counter_aclk_hbm_0               |    1 |
| bd_22c0_frequency_counter_aclk_0                   |    1 |
| bd_22c0_fanout_aresetn_pcie_slr2_4_0               |    1 |
| bd_22c0_fanout_aresetn_pcie_slr2_3_0               |    1 |
| bd_22c0_fanout_aresetn_pcie_slr2_2_0               |    1 |
| bd_22c0_fanout_aresetn_pcie_slr2_1_0               |    1 |
| bd_22c0_fanout_aresetn_pcie_slr1_4_0               |    1 |
| bd_22c0_fanout_aresetn_pcie_slr1_3_0               |    1 |
| bd_22c0_fanout_aresetn_pcie_slr1_2_0               |    1 |
| bd_22c0_fanout_aresetn_pcie_slr1_1_0               |    1 |
| bd_22c0_fanout_aresetn_pcie_slr0_4_0               |    1 |
| bd_22c0_fanout_aresetn_pcie_slr0_3_0               |    1 |
| bd_22c0_fanout_aresetn_pcie_slr0_2_0               |    1 |
| bd_22c0_fanout_aresetn_pcie_slr0_1_0               |    1 |
| bd_22c0_fanout_aresetn_kernel_01_slr2_4_0          |    1 |
| bd_22c0_fanout_aresetn_kernel_01_slr2_3_0          |    1 |
| bd_22c0_fanout_aresetn_kernel_01_slr2_2_0          |    1 |
| bd_22c0_fanout_aresetn_kernel_01_slr2_1_0          |    1 |
| bd_22c0_fanout_aresetn_kernel_01_slr1_4_0          |    1 |
| bd_22c0_fanout_aresetn_kernel_01_slr1_3_0          |    1 |
| bd_22c0_fanout_aresetn_kernel_01_slr1_2_0          |    1 |
| bd_22c0_fanout_aresetn_kernel_01_slr1_1_0          |    1 |
| bd_22c0_fanout_aresetn_kernel_01_slr0_4_0          |    1 |
| bd_22c0_fanout_aresetn_kernel_01_slr0_3_0          |    1 |
| bd_22c0_fanout_aresetn_kernel_01_slr0_2_0          |    1 |
| bd_22c0_fanout_aresetn_kernel_01_slr0_1_0          |    1 |
| bd_22c0_fanout_aresetn_kernel_00_slr2_4_0          |    1 |
| bd_22c0_fanout_aresetn_kernel_00_slr2_3_0          |    1 |
| bd_22c0_fanout_aresetn_kernel_00_slr2_2_0          |    1 |
| bd_22c0_fanout_aresetn_kernel_00_slr2_1_0          |    1 |
| bd_22c0_fanout_aresetn_kernel_00_slr1_4_0          |    1 |
| bd_22c0_fanout_aresetn_kernel_00_slr1_3_0          |    1 |
| bd_22c0_fanout_aresetn_kernel_00_slr1_2_0          |    1 |
| bd_22c0_fanout_aresetn_kernel_00_slr1_1_0          |    1 |
| bd_22c0_fanout_aresetn_kernel_00_slr0_4_0          |    1 |
| bd_22c0_fanout_aresetn_kernel_00_slr0_3_0          |    1 |
| bd_22c0_fanout_aresetn_kernel_00_slr0_2_0          |    1 |
| bd_22c0_fanout_aresetn_kernel_00_slr0_1_0          |    1 |
| bd_22c0_fanout_aresetn_hbm_0                       |    1 |
| bd_22c0_fanout_aresetn_ctrl_slr2_4_0               |    1 |
| bd_22c0_fanout_aresetn_ctrl_slr2_3_0               |    1 |
| bd_22c0_fanout_aresetn_ctrl_slr2_2_0               |    1 |
| bd_22c0_fanout_aresetn_ctrl_slr2_1_0               |    1 |
| bd_22c0_fanout_aresetn_ctrl_slr1_4_0               |    1 |
| bd_22c0_fanout_aresetn_ctrl_slr1_3_0               |    1 |
| bd_22c0_fanout_aresetn_ctrl_slr1_2_0               |    1 |
| bd_22c0_fanout_aresetn_ctrl_slr1_1_0               |    1 |
| bd_22c0_fanout_aresetn_ctrl_slr0_4_0               |    1 |
| bd_22c0_fanout_aresetn_ctrl_slr0_3_0               |    1 |
| bd_22c0_fanout_aresetn_ctrl_slr0_2_0               |    1 |
| bd_22c0_fanout_aresetn_ctrl_slr0_1_0               |    1 |
| bd_22c0_clock_throttling_avg_0                     |    1 |
| bd_22c0_clock_throttling_aclk_kernel_01_0          |    1 |
| bd_22c0_clock_throttling_aclk_kernel_00_0          |    1 |
| bd_22c0_clock_shutdown_latch_0                     |    1 |
| bd_22c0_clkwiz_hbm_0                               |    1 |
| bd_22c0_clkwiz_aclk_kernel_01_0                    |    1 |
| bd_22c0_clkwiz_aclk_kernel_00_0                    |    1 |
| bd_22c0_clk_hbm_adapt_0                            |    1 |
| bd_22c0_build_info_0                               |    1 |
| bd_22c0_auto_cc_0                                  |    1 |
| bd_22c0_aclk_kernel_01_cont_adapt_0                |    1 |
| bd_22c0_aclk_kernel_01_adapt_0                     |    1 |
| bd_22c0_aclk_kernel_00_cont_adapt_0                |    1 |
| bd_22c0_aclk_kernel_00_adapt_0                     |    1 |
| bd_097b_user_debug_hub_0                           |    1 |
| bd_097b_user_debug_bridge_0                        |    1 |
| bd_097b_build_info_0                               |    1 |
+----------------------------------------------------+------+


12. SLR Connectivity
--------------------

+----------------------------------+-------+-------+-----------+-------+
|                                  |  Used | Fixed | Available | Util% |
+----------------------------------+-------+-------+-----------+-------+
| SLR2 <-> SLR1                    |  7248 |       |     23040 | 31.46 |
|   SLR1 -> SLR2                   |  3651 |       |           | 15.85 |
|     Using TX_REG only            |     0 |     0 |           |       |
|     Using RX_REG only            |     0 |     0 |           |       |
|     Using Both TX_REG and RX_REG |     0 |     0 |           |       |
|   SLR2 -> SLR1                   |  3597 |       |           | 15.61 |
|     Using TX_REG only            |     0 |     0 |           |       |
|     Using RX_REG only            |     0 |     0 |           |       |
|     Using Both TX_REG and RX_REG |     0 |     0 |           |       |
| SLR1 <-> SLR0                    |  9333 |       |     23040 | 40.51 |
|   SLR0 -> SLR1                   |  4329 |       |           | 18.79 |
|     Using TX_REG only            |     0 |     0 |           |       |
|     Using RX_REG only            |     0 |     0 |           |       |
|     Using Both TX_REG and RX_REG |     0 |     0 |           |       |
|   SLR1 -> SLR0                   |  5004 |       |           | 21.72 |
|     Using TX_REG only            |     0 |     0 |           |       |
|     Using RX_REG only            |     0 |     0 |           |       |
|     Using Both TX_REG and RX_REG |     0 |     0 |           |       |
+----------------------------------+-------+-------+-----------+-------+
| Total SLLs Used                  | 16581 |       |           |       |
+----------------------------------+-------+-------+-----------+-------+


13. SLR Connectivity Matrix
---------------------------

+-----------+------+------+------+
| FROM \ TO | SLR2 | SLR1 | SLR0 |
+-----------+------+------+------+
| SLR2      |    0 | 3448 |  149 |
| SLR1      | 3580 |    0 | 4855 |
| SLR0      |   71 | 4258 |    0 |
+-----------+------+------+------+


14. SLR CLB Logic and Dedicated Block Utilization
-------------------------------------------------

+----------------------------+--------+--------+--------+--------+--------+--------+
|          Site Type         |  SLR0  |  SLR1  |  SLR2  | SLR0 % | SLR1 % | SLR2 % |
+----------------------------+--------+--------+--------+--------+--------+--------+
| CLB                        |  50083 |  48353 |  46210 |  91.13 |  89.54 |  85.57 |
|   CLBL                     |  26510 |  25387 |  24422 |  90.54 |  86.70 |  83.41 |
|   CLBM                     |  23573 |  22966 |  21788 |  91.80 |  92.90 |  88.14 |
| CLB LUTs                   | 253581 | 232163 | 200096 |  57.67 |  53.74 |  46.32 |
|   LUT as Logic             | 210467 | 200450 | 170681 |  47.87 |  46.40 |  39.51 |
|     using O5 output only   |   2540 |   1931 |   1521 |   0.58 |   0.45 |   0.35 |
|     using O6 output only   | 136504 | 125641 | 104964 |  31.05 |  29.08 |  24.30 |
|     using O5 and O6        |  71423 |  72878 |  64196 |  16.24 |  16.87 |  14.86 |
|   LUT as Memory            |  43114 |  31713 |  29415 |  20.99 |  16.04 |  14.87 |
|     LUT as Distributed RAM |  17958 |  17322 |  14436 |   8.74 |   8.76 |   7.30 |
|       using O5 output only |      0 |      0 |      0 |   0.00 |   0.00 |   0.00 |
|       using O6 output only |    260 |    386 |      0 |   0.13 |   0.20 |   0.00 |
|       using O5 and O6      |  17698 |  16936 |  14436 |   8.61 |   8.56 |   7.30 |
|     LUT as Shift Register  |  25156 |  14391 |  14979 |  12.24 |   7.28 |   7.57 |
|       using O5 output only |      0 |      0 |      0 |   0.00 |   0.00 |   0.00 |
|       using O6 output only |  10012 |    215 |    825 |   4.87 |   0.11 |   0.42 |
|       using O5 and O6      |  15144 |  14176 |  14154 |   7.37 |   7.17 |   7.16 |
| CLB Registers              | 425373 | 363412 | 329435 |  48.37 |  42.06 |  38.13 |
| CARRY8                     |   7017 |   6629 |   6157 |  12.77 |  12.28 |  11.40 |
| F7 Muxes                   |   5056 |   1105 |    437 |   2.30 |   0.51 |   0.20 |
| F8 Muxes                   |    132 |    320 |      0 |   0.12 |   0.30 |   0.00 |
| F9 Muxes                   |      0 |      0 |      0 |   0.00 |   0.00 |   0.00 |
| Block RAM Tile             |    159 |    130 |     50 |  23.66 |  19.35 |   7.44 |
|   RAMB36/FIFO              |    155 |    129 |     50 |  23.07 |  19.20 |   7.44 |
|   RAMB18                   |      8 |      2 |      0 |   0.60 |   0.15 |   0.00 |
| URAM                       |      0 |      0 |      0 |   0.00 |   0.00 |   0.00 |
| DSPs                       |   2312 |   2311 |   2315 |  80.28 |  75.23 |  75.36 |
| Unique Control Sets        |   6938 |   6875 |   4596 |   6.31 |   6.37 |   4.26 |
+----------------------------+--------+--------+--------+--------+--------+--------+
* Note: Available Control Sets based on CLB Registers / 8


15. SLR IO Utilization
----------------------

+-----------+-----------+---------+------------+----------+------------+----------+-----+
| SLR Index | Used IOBs | (%)IOBs | Used IPADs | (%)IPADs | Used OPADs | (%)OPADs | GTs |
+-----------+-----------+---------+------------+----------+------------+----------+-----+
| SLR2      |        15 |    7.21 |          0 |     0.00 |          0 |     0.00 |   0 |
| SLR1      |         0 |    0.00 |          0 |     0.00 |          0 |     0.00 |   0 |
| SLR0      |         1 |    0.48 |          0 |     0.00 |          0 |     0.00 |  16 |
+-----------+-----------+---------+------------+----------+------------+----------+-----+
| Total     |        16 |         |          0 |          |          0 |          |  16 |
+-----------+-----------+---------+------------+----------+------------+----------+-----+


