Copyright 1986-2022 Xilinx, Inc. All Rights Reserved.
------------------------------------------------------------------------------------------
| Tool Version : Vivado v.2022.2 (lin64) Build 3671981 Fri Oct 14 04:59:54 MDT 2022
| Date         : Tue Aug 19 05:46:58 2025
| Host         : acclnode01 running 64-bit Ubuntu 20.04.6 LTS
| Command      : report_utilization -slr -file slr_util_placed.rpt -pb slr_util_placed.pb
| Design       : level0_wrapper
| Device       : xcu280-fsvh2892-2L-e
| Speed File   : -2L
| Design State : Fully Placed
------------------------------------------------------------------------------------------

Utilization Design Information

Table of Contents
-----------------
1. SLR Connectivity
2. SLR Connectivity Matrix
3. SLR CLB Logic and Dedicated Block Utilization
4. SLR IO Utilization

1. SLR Connectivity
-------------------

+----------------------------------+-------+-------+-----------+-------+
|                                  |  Used | Fixed | Available | Util% |
+----------------------------------+-------+-------+-----------+-------+
| SLR2 <-> SLR1                    |  7244 |       |     23040 | 31.44 |
|   SLR1 -> SLR2                   |  3650 |       |           | 15.84 |
|     Using TX_REG only            |     0 |     0 |           |       |
|     Using RX_REG only            |     0 |     0 |           |       |
|     Using Both TX_REG and RX_REG |     0 |     0 |           |       |
|   SLR2 -> SLR1                   |  3594 |       |           | 15.60 |
|     Using TX_REG only            |     0 |     0 |           |       |
|     Using RX_REG only            |     0 |     0 |           |       |
|     Using Both TX_REG and RX_REG |     0 |     0 |           |       |
| SLR1 <-> SLR0                    |  9254 |       |     23040 | 40.16 |
|   SLR0 -> SLR1                   |  4324 |       |           | 18.77 |
|     Using TX_REG only            |     0 |     0 |           |       |
|     Using RX_REG only            |     0 |     0 |           |       |
|     Using Both TX_REG and RX_REG |     0 |     0 |           |       |
|   SLR1 -> SLR0                   |  4930 |       |           | 21.40 |
|     Using TX_REG only            |     0 |     0 |           |       |
|     Using RX_REG only            |     0 |     0 |           |       |
|     Using Both TX_REG and RX_REG |     0 |     0 |           |       |
+----------------------------------+-------+-------+-----------+-------+
| Total SLLs Used                  | 16498 |       |           |       |
+----------------------------------+-------+-------+-----------+-------+


2. SLR Connectivity Matrix
--------------------------

+-----------+------+------+------+
| FROM \ TO | SLR2 | SLR1 | SLR0 |
+-----------+------+------+------+
| SLR2      |    0 | 3447 |  147 |
| SLR1      | 3580 |    0 | 4783 |
| SLR0      |   70 | 4254 |    0 |
+-----------+------+------+------+


3. SLR CLB Logic and Dedicated Block Utilization
------------------------------------------------

+----------------------------+--------+--------+--------+--------+--------+--------+
|          Site Type         |  SLR0  |  SLR1  |  SLR2  | SLR0 % | SLR1 % | SLR2 % |
+----------------------------+--------+--------+--------+--------+--------+--------+
| CLB                        |  50995 |  47834 |  45322 |  92.79 |  88.58 |  83.93 |
|   CLBL                     |  26987 |  25175 |  24059 |  92.17 |  85.98 |  82.17 |
|   CLBM                     |  24008 |  22659 |  21263 |  93.49 |  91.66 |  86.02 |
| CLB LUTs                   | 253529 | 232489 | 200505 |  57.66 |  53.82 |  46.41 |
|   LUT as Logic             | 210415 | 200776 | 171090 |  47.86 |  46.48 |  39.60 |
|     using O5 output only   |   2519 |   1850 |   1458 |   0.57 |   0.43 |   0.34 |
|     using O6 output only   | 135673 | 126128 | 105685 |  30.86 |  29.20 |  24.46 |
|     using O5 and O6        |  72223 |  72798 |  63947 |  16.43 |  16.85 |  14.80 |
|   LUT as Memory            |  43114 |  31713 |  29415 |  20.99 |  16.04 |  14.87 |
|     LUT as Distributed RAM |  17958 |  17322 |  14436 |   8.74 |   8.76 |   7.30 |
|       using O5 output only |      0 |      0 |      0 |   0.00 |   0.00 |   0.00 |
|       using O6 output only |    260 |    386 |      0 |   0.13 |   0.20 |   0.00 |
|       using O5 and O6      |  17698 |  16936 |  14436 |   8.61 |   8.56 |   7.30 |
|     LUT as Shift Register  |  25156 |  14391 |  14979 |  12.24 |   7.28 |   7.57 |
|       using O5 output only |      0 |      0 |      0 |   0.00 |   0.00 |   0.00 |
|       using O6 output only |  10012 |    215 |    825 |   4.87 |   0.11 |   0.42 |
|       using O5 and O6      |  15144 |  14176 |  14154 |   7.37 |   7.17 |   7.16 |
| CLB Registers              | 428066 | 365903 | 330617 |  48.68 |  42.35 |  38.27 |
| CARRY8                     |   7017 |   6629 |   6157 |  12.77 |  12.28 |  11.40 |
| F7 Muxes                   |   5056 |   1105 |    437 |   2.30 |   0.51 |   0.20 |
| F8 Muxes                   |    132 |    320 |      0 |   0.12 |   0.30 |   0.00 |
| F9 Muxes                   |      0 |      0 |      0 |   0.00 |   0.00 |   0.00 |
| Block RAM Tile             |    143 |     82 |     50 |  21.28 |  12.20 |   7.44 |
|   RAMB36/FIFO              |    139 |     81 |     50 |  20.68 |  12.05 |   7.44 |
|   RAMB18                   |      8 |      2 |      0 |   0.60 |   0.15 |   0.00 |
| URAM                       |     32 |     32 |      0 |  10.00 |  10.00 |   0.00 |
| DSPs                       |   2312 |   2311 |   2315 |  80.28 |  75.23 |  75.36 |
| Unique Control Sets        |   6942 |   7059 |   4723 |   6.32 |   6.54 |   4.37 |
+----------------------------+--------+--------+--------+--------+--------+--------+
* Note: Available Control Sets based on CLB Registers / 8


4. SLR IO Utilization
---------------------

+-----------+-----------+---------+------------+----------+------------+----------+-----+
| SLR Index | Used IOBs | (%)IOBs | Used IPADs | (%)IPADs | Used OPADs | (%)OPADs | GTs |
+-----------+-----------+---------+------------+----------+------------+----------+-----+
| SLR2      |        15 |    7.21 |          0 |     0.00 |          0 |     0.00 |   0 |
| SLR1      |         0 |    0.00 |          0 |     0.00 |          0 |     0.00 |   0 |
| SLR0      |         1 |    0.48 |          0 |     0.00 |          0 |     0.00 |  16 |
+-----------+-----------+---------+------------+----------+------------+----------+-----+
| Total     |        16 |         |          0 |          |          0 |          |  16 |
+-----------+-----------+---------+------------+----------+------------+----------+-----+


