Copyright 1986-2022 Xilinx, Inc. All Rights Reserved.
-------------------------------------------------------------------------------------------------------------------------------------------------------------------------------------------------------------------------------------------------------------------------------------------
| Tool Version : Vivado v.2022.1 (lin64) Build 3526262 Mon Apr 18 15:47:01 MDT 2022
| Date         : Fri Jun  6 21:49:29 2025
| Host         : acclhead1 running 64-bit Ubuntu 20.04.6 LTS
| Command      : report_accelerator_utilization -kernels { datamover_outerloop_0:top_i/ulp/datamover_outerloop_0_1/inst:datamover_outerloop_0_1 kernel_outerloop_0:top_i/ulp/kernel_outerloop_0_1/inst:kernel_outerloop_0_1} -file kernel_util_synthed.rpt -name kernel_util_synthed -json
| Design       : top_wrapper
| Device       : xcvc1902
| Design State : Synthesized
-------------------------------------------------------------------------------------------------------------------------------------------------------------------------------------------------------------------------------------------------------------------------------------------

Accelerator Utilization Design Information

Table of Contents
-----------------
1. System Utilization

1. System Utilization
---------------------

+----------------------------+-------------------+------------------+------------------+---------------+---------------+
| Name                       | REG               | LUT              | LUTAsMem         | BRAM          | URAM          |
+----------------------------+-------------------+------------------+------------------+---------------+---------------+
| Platform                   |   40421 [  2.25%] |  25627 [  2.85%] |   4786 [  1.06%] |  32 [  3.31%] |   0 [  0.00%] |
| User Budget                | 1759259 [100.00%] | 874213 [100.00%] | 445134 [100.00%] | 935 [100.00%] | 463 [100.00%] |
|    Used Resources          |  335032 [ 19.04%] | 103895 [ 11.88%] |  48140 [ 10.81%] | 427 [ 45.67%] |   0 [  0.00%] |
|    Unused Resources        | 1424227 [ 80.96%] | 770318 [ 88.12%] | 396994 [ 89.19%] | 508 [ 54.33%] | 463 [100.00%] |
| datamover_outerloop_0      |   81595 [  4.64%] |  39368 [  4.50%] |   8704 [  1.96%] | 123 [ 13.16%] |   0 [  0.00%] |
|    datamover_outerloop_0_1 |   81595 [  4.64%] |  39368 [  4.50%] |   8704 [  1.96%] | 123 [ 13.16%] |   0 [  0.00%] |
| kernel_outerloop_0         |  253437 [ 14.41%] |  64527 [  7.38%] |  39436 [  8.86%] | 304 [ 32.51%] |   0 [  0.00%] |
|    kernel_outerloop_0_1    |  253437 [ 14.41%] |  64527 [  7.38%] |  39436 [  8.86%] | 304 [ 32.51%] |   0 [  0.00%] |
+----------------------------+-------------------+------------------+------------------+---------------+---------------+


