Copyright 1986-2022 Xilinx, Inc. All Rights Reserved.
-----------------------------------------------------------------------------------------------------------------------------------------------------------------------------------------------------------------------------------------------------------------------------------------------------------------
| Tool Version : Vivado v.2022.2 (lin64) Build 3671981 Fri Oct 14 04:59:54 MDT 2022
| Date         : Sat Aug  2 00:19:29 2025
| Host         : acclnode01 running 64-bit Ubuntu 20.04.6 LTS
| Command      : report_accelerator_utilization -kernels { stencil_SLR0:level0_i/ulp/stencil_SLR0_1/inst:stencil_SLR0_1 stencil_SLR1:level0_i/ulp/stencil_SLR1_1/inst:stencil_SLR1_1 stencil_SLR2:level0_i/ulp/stencil_SLR2_1/inst:stencil_SLR2_1} -file kernel_util_synthed.rpt -name kernel_util_synthed -json
| Design       : level0_wrapper
| Device       : xcu280
| Design State : Synthesized
-----------------------------------------------------------------------------------------------------------------------------------------------------------------------------------------------------------------------------------------------------------------------------------------------------------------

Accelerator Utilization Design Information

Table of Contents
-----------------
1. System Utilization

1. System Utilization
---------------------

+---------------------+-------------------+------------------+-------------------+----------------+---------------+----------------+
| Name                | LUT               | LUTAsMem         | REG               | BRAM           | URAM          | DSP            |
+---------------------+-------------------+------------------+-------------------+----------------+---------------+----------------+
| Platform            |  136334 [ 10.46%] |  10157 [  1.69%] |  168414 [  6.46%] |  197 [  9.77%] |   0 [  0.00%] |    4 [  0.04%] |
| User Budget         | 1167346 [100.00%] | 590803 [100.00%] | 2438946 [100.00%] | 1819 [100.00%] | 960 [100.00%] | 9020 [100.00%] |
|    Used Resources   |  465267 [ 39.86%] |  14186 [  2.40%] |  807811 [ 33.12%] |   30 [  1.65%] | 168 [ 17.50%] | 7248 [ 80.35%] |
|    Unused Resources |  702079 [ 60.14%] | 576617 [ 97.60%] | 1631135 [ 66.88%] | 1789 [ 98.35%] | 792 [ 82.50%] | 1772 [ 19.65%] |
| stencil_SLR0        |  157945 [ 13.53%] |   5966 [  1.01%] |  271884 [ 11.15%] |   30 [  1.65%] |  56 [  5.83%] | 2416 [ 26.78%] |
|    stencil_SLR0_1   |  157945 [ 13.53%] |   5966 [  1.01%] |  271884 [ 11.15%] |   30 [  1.65%] |  56 [  5.83%] | 2416 [ 26.78%] |
| stencil_SLR1        |  154067 [ 13.20%] |   4174 [  0.71%] |  268756 [ 11.02%] |    0 [  0.00%] |  56 [  5.83%] | 2416 [ 26.78%] |
|    stencil_SLR1_1   |  154067 [ 13.20%] |   4174 [  0.71%] |  268756 [ 11.02%] |    0 [  0.00%] |  56 [  5.83%] | 2416 [ 26.78%] |
| stencil_SLR2        |  153255 [ 13.13%] |   4046 [  0.68%] |  267171 [ 10.95%] |    0 [  0.00%] |  56 [  5.83%] | 2416 [ 26.78%] |
|    stencil_SLR2_1   |  153255 [ 13.13%] |   4046 [  0.68%] |  267171 [ 10.95%] |    0 [  0.00%] |  56 [  5.83%] | 2416 [ 26.78%] |
+---------------------+-------------------+------------------+-------------------+----------------+---------------+----------------+


