Copyright 1986-2022 Xilinx, Inc. All Rights Reserved.
------------------------------------------------------------------------------------------
| Tool Version : Vivado v.2022.2 (lin64) Build 3671981 Fri Oct 14 04:59:54 MDT 2022
| Date         : Sat Aug  2 05:31:20 2025
| Host         : acclnode01 running 64-bit Ubuntu 20.04.6 LTS
| Command      : report_utilization -slr -file slr_util_routed.rpt -pb slr_util_routed.pb
| Design       : level0_wrapper
| Device       : xcu280-fsvh2892-2L-e
| Speed File   : -2L
| Design State : Routed
------------------------------------------------------------------------------------------

Utilization Design Information

Table of Contents
-----------------
1. SLR Connectivity
2. SLR Connectivity Matrix
3. SLR CLB Logic and Dedicated Block Utilization
4. SLR IO Utilization

1. SLR Connectivity
-------------------

+----------------------------------+-------+-------+-----------+-------+
|                                  |  Used | Fixed | Available | Util% |
+----------------------------------+-------+-------+-----------+-------+
| SLR2 <-> SLR1                    |  5696 |       |     23040 | 24.72 |
|   SLR1 -> SLR2                   |  2878 |       |           | 12.49 |
|     Using TX_REG only            |     0 |     0 |           |       |
|     Using RX_REG only            |     0 |     0 |           |       |
|     Using Both TX_REG and RX_REG |     0 |     0 |           |       |
|   SLR2 -> SLR1                   |  2818 |       |           | 12.23 |
|     Using TX_REG only            |     0 |     0 |           |       |
|     Using RX_REG only            |     0 |     0 |           |       |
|     Using Both TX_REG and RX_REG |     0 |     0 |           |       |
| SLR1 <-> SLR0                    |  7755 |       |     23040 | 33.66 |
|   SLR0 -> SLR1                   |  3590 |       |           | 15.58 |
|     Using TX_REG only            |     0 |     0 |           |       |
|     Using RX_REG only            |     0 |     0 |           |       |
|     Using Both TX_REG and RX_REG |     0 |     0 |           |       |
|   SLR1 -> SLR0                   |  4165 |       |           | 18.08 |
|     Using TX_REG only            |     0 |     0 |           |       |
|     Using RX_REG only            |     0 |     0 |           |       |
|     Using Both TX_REG and RX_REG |     0 |     0 |           |       |
+----------------------------------+-------+-------+-----------+-------+
| Total SLLs Used                  | 13451 |       |           |       |
+----------------------------------+-------+-------+-----------+-------+


2. SLR Connectivity Matrix
--------------------------

+-----------+------+------+------+
| FROM \ TO | SLR2 | SLR1 | SLR0 |
+-----------+------+------+------+
| SLR2      |    0 | 2726 |   92 |
| SLR1      | 2811 |    0 | 4073 |
| SLR0      |   67 | 3523 |    0 |
+-----------+------+------+------+


3. SLR CLB Logic and Dedicated Block Utilization
------------------------------------------------

+----------------------------+--------+--------+--------+--------+--------+--------+
|          Site Type         |  SLR0  |  SLR1  |  SLR2  | SLR0 % | SLR1 % | SLR2 % |
+----------------------------+--------+--------+--------+--------+--------+--------+
| CLB                        |  46062 |  47734 |  44947 |  83.81 |  88.40 |  83.24 |
|   CLBL                     |  23683 |  25114 |  23796 |  80.88 |  85.77 |  81.27 |
|   CLBM                     |  22379 |  22620 |  21151 |  87.15 |  91.50 |  85.56 |
| CLB LUTs                   | 173786 | 201400 | 161475 |  39.53 |  46.62 |  37.38 |
|   LUT as Logic             | 164790 | 193669 | 156122 |  37.48 |  44.83 |  36.14 |
|     using O5 output only   |   2019 |   1783 |   1327 |   0.46 |   0.41 |   0.31 |
|     using O6 output only   | 100347 | 122186 |  91236 |  22.82 |  28.28 |  21.12 |
|     using O5 and O6        |  62424 |  69700 |  63559 |  14.20 |  16.13 |  14.71 |
|   LUT as Memory            |   8996 |   7731 |   5353 |   4.38 |   3.91 |   2.71 |
|     LUT as Distributed RAM |   1478 |   3706 |    820 |   0.72 |   1.87 |   0.41 |
|       using O5 output only |      0 |      0 |      0 |   0.00 |   0.00 |   0.00 |
|       using O6 output only |    244 |    386 |      4 |   0.12 |   0.20 |  <0.01 |
|       using O5 and O6      |   1234 |   3320 |    816 |   0.60 |   1.68 |   0.41 |
|     LUT as Shift Register  |   7518 |   4025 |   4533 |   3.66 |   2.04 |   2.29 |
|       using O5 output only |      0 |      0 |      0 |   0.00 |   0.00 |   0.00 |
|       using O6 output only |   6493 |   3681 |   4275 |   3.16 |   1.86 |   2.16 |
|       using O5 and O6      |   1025 |    344 |    258 |   0.50 |   0.17 |   0.13 |
| CLB Registers              | 325737 | 343404 | 301896 |  37.04 |  39.75 |  34.94 |
| CARRY8                     |   6197 |   6478 |   5925 |  11.28 |  12.00 |  10.97 |
| F7 Muxes                   |   1526 |   1561 |    437 |   0.69 |   0.72 |   0.20 |
| F8 Muxes                   |    126 |    326 |      0 |   0.11 |   0.30 |   0.00 |
| F9 Muxes                   |      0 |      0 |      0 |   0.00 |   0.00 |   0.00 |
| Block RAM Tile             |     96 |     82 |     50 |  14.29 |  12.20 |   7.44 |
|   RAMB36/FIFO              |     93 |     81 |     50 |  13.84 |  12.05 |   7.44 |
|   RAMB18                   |      6 |      2 |      0 |   0.45 |   0.15 |   0.00 |
| URAM                       |     56 |     56 |     56 |  17.50 |  17.50 |  17.50 |
| DSPs                       |   2416 |   2416 |   2420 |  83.89 |  78.65 |  78.78 |
| Unique Control Sets        |   5155 |   6838 |   4429 |   4.69 |   6.33 |   4.10 |
+----------------------------+--------+--------+--------+--------+--------+--------+
* Note: Available Control Sets based on CLB Registers / 8


4. SLR IO Utilization
---------------------

+-----------+-----------+---------+------------+----------+------------+----------+-----+
| SLR Index | Used IOBs | (%)IOBs | Used IPADs | (%)IPADs | Used OPADs | (%)OPADs | GTs |
+-----------+-----------+---------+------------+----------+------------+----------+-----+
| SLR2      |        15 |    7.21 |          0 |     0.00 |          0 |     0.00 |   0 |
| SLR1      |         0 |    0.00 |          0 |     0.00 |          0 |     0.00 |   0 |
| SLR0      |         1 |    0.48 |          0 |     0.00 |          0 |     0.00 |  16 |
+-----------+-----------+---------+------------+----------+------------+----------+-----+
| Total     |        16 |         |          0 |          |          0 |          |  16 |
+-----------+-----------+---------+------------+----------+------------+----------+-----+


