Copyright 1986-2022 Xilinx, Inc. All Rights Reserved.
---------------------------------------------------------------------------------------------------------------------------------------------------------------------------------------------------------------------------------------------------------------------------------------------------------------
| Tool Version : Vivado v.2022.2 (lin64) Build 3671981 Fri Oct 14 04:59:54 MDT 2022
| Date         : Sat Aug  2 05:29:46 2025
| Host         : acclnode01 running 64-bit Ubuntu 20.04.6 LTS
| Command      : report_accelerator_utilization -kernels { stencil_SLR0:level0_i/ulp/stencil_SLR0_1/inst:stencil_SLR0_1 stencil_SLR1:level0_i/ulp/stencil_SLR1_1/inst:stencil_SLR1_1 stencil_SLR2:level0_i/ulp/stencil_SLR2_1/inst:stencil_SLR2_1} -file kernel_util_routed.rpt -name kernel_util_routed -json
| Design       : level0_wrapper
| Device       : xcu280
| Design State : Routed
---------------------------------------------------------------------------------------------------------------------------------------------------------------------------------------------------------------------------------------------------------------------------------------------------------------

Accelerator Utilization Design Information

Table of Contents
-----------------
1. System Utilization

1. System Utilization
---------------------

+---------------------+-------------------+------------------+-------------------+----------------+---------------+----------------+
| Name                | LUT               | LUTAsMem         | REG               | BRAM           | URAM          | DSP            |
+---------------------+-------------------+------------------+-------------------+----------------+---------------+----------------+
| Platform            |  121912 [  9.35%] |   8737 [  1.45%] |  166593 [  6.39%] |  197 [  9.77%] |   0 [  0.00%] |    4 [  0.04%] |
| User Budget         | 1181768 [100.00%] | 592223 [100.00%] | 2440767 [100.00%] | 1819 [100.00%] | 960 [100.00%] | 9020 [100.00%] |
|    Used Resources   |  414773 [ 35.10%] |  13343 [  2.25%] |  804444 [ 32.96%] |   30 [  1.65%] | 168 [ 17.50%] | 7248 [ 80.35%] |
|    Unused Resources |  766995 [ 64.90%] | 578880 [ 97.75%] | 1636323 [ 67.04%] | 1789 [ 98.35%] | 792 [ 82.50%] | 1772 [ 19.65%] |
| stencil_SLR0        |  141244 [ 11.95%] |   5635 [  0.95%] |  270714 [ 11.09%] |   30 [  1.65%] |  56 [  5.83%] | 2416 [ 26.78%] |
|    stencil_SLR0_1   |  141244 [ 11.95%] |   5635 [  0.95%] |  270714 [ 11.09%] |   30 [  1.65%] |  56 [  5.83%] | 2416 [ 26.78%] |
| stencil_SLR1        |  138263 [ 11.70%] |   3886 [  0.66%] |  267789 [ 10.97%] |    0 [  0.00%] |  56 [  5.83%] | 2416 [ 26.78%] |
|    stencil_SLR1_1   |  138263 [ 11.70%] |   3886 [  0.66%] |  267789 [ 10.97%] |    0 [  0.00%] |  56 [  5.83%] | 2416 [ 26.78%] |
| stencil_SLR2        |  135266 [ 11.45%] |   3822 [  0.65%] |  265941 [ 10.90%] |    0 [  0.00%] |  56 [  5.83%] | 2416 [ 26.78%] |
|    stencil_SLR2_1   |  135266 [ 11.45%] |   3822 [  0.65%] |  265941 [ 10.90%] |    0 [  0.00%] |  56 [  5.83%] | 2416 [ 26.78%] |
+---------------------+-------------------+------------------+-------------------+----------------+---------------+----------------+


