Copyright 1986-2022 Xilinx, Inc. All Rights Reserved.
-----------------------------------------------------------------------------------------------------------------------------------------------------------------------------------------------------------------------------------------------------------------------------------------
| Tool Version : Vivado v.2022.1 (lin64) Build 3526262 Mon Apr 18 15:47:01 MDT 2022
| Date         : Thu Aug 21 22:44:08 2025
| Host         : acclnode02 running 64-bit Ubuntu 20.04.6 LTS
| Command      : report_accelerator_utilization -kernels { datamover_outerloop_0:top_i/ulp/datamover_outerloop_0_1/inst:datamover_outerloop_0_1 kernel_outerloop_0:top_i/ulp/kernel_outerloop_0_1/inst:kernel_outerloop_0_1} -file kernel_util_placed.rpt -name kernel_util_placed -json
| Design       : top_wrapper
| Device       : xcvc1902
| Design State : Fully Placed
-----------------------------------------------------------------------------------------------------------------------------------------------------------------------------------------------------------------------------------------------------------------------------------------

Accelerator Utilization Design Information

Table of Contents
-----------------
1. System Utilization

1. System Utilization
---------------------

+----------------------------+-------------------+------------------+------------------+---------------+---------------+
| Name                       | REG               | LUT              | LUTAsMem         | BRAM          | URAM          |
+----------------------------+-------------------+------------------+------------------+---------------+---------------+
| Platform                   |   29852 [  1.66%] |  20558 [  2.28%] |   2588 [  0.58%] |  32 [  3.31%] |   0 [  0.00%] |
| User Budget                | 1769828 [100.00%] | 879282 [100.00%] | 447332 [100.00%] | 935 [100.00%] | 463 [100.00%] |
|    Used Resources          |  285998 [ 16.16%] | 145829 [ 16.59%] |  41929 [  9.37%] | 717 [ 76.68%] |   0 [  0.00%] |
|    Unused Resources        | 1483830 [ 83.84%] | 733453 [ 83.41%] | 405403 [ 90.63%] | 218 [ 23.32%] | 463 [100.00%] |
| datamover_outerloop_0      |   20475 [  1.16%] |  18174 [  2.07%] |   4277 [  0.96%] |  13 [  1.39%] |   0 [  0.00%] |
|    datamover_outerloop_0_1 |   20475 [  1.16%] |  18174 [  2.07%] |   4277 [  0.96%] |  13 [  1.39%] |   0 [  0.00%] |
| kernel_outerloop_0         |  265523 [ 15.00%] | 127655 [ 14.52%] |  37652 [  8.42%] | 704 [ 75.29%] |   0 [  0.00%] |
|    kernel_outerloop_0_1    |  265523 [ 15.00%] | 127655 [ 14.52%] |  37652 [  8.42%] | 704 [ 75.29%] |   0 [  0.00%] |
+----------------------------+-------------------+------------------+------------------+---------------+---------------+


