Copyright 1986-2022 Xilinx, Inc. All Rights Reserved.
-------------------------------------------------------------------------------------------------------------------------------------------------------------------------------------------------------------------------------------------------------------------------------------------
| Tool Version : Vivado v.2022.1 (lin64) Build 3526262 Mon Apr 18 15:47:01 MDT 2022
| Date         : Thu Aug 21 21:59:34 2025
| Host         : acclnode02 running 64-bit Ubuntu 20.04.6 LTS
| Command      : report_accelerator_utilization -kernels { datamover_outerloop_0:top_i/ulp/datamover_outerloop_0_1/inst:datamover_outerloop_0_1 kernel_outerloop_0:top_i/ulp/kernel_outerloop_0_1/inst:kernel_outerloop_0_1} -file kernel_util_synthed.rpt -name kernel_util_synthed -json
| Design       : top_wrapper
| Device       : xcvc1902
| Design State : Synthesized
-------------------------------------------------------------------------------------------------------------------------------------------------------------------------------------------------------------------------------------------------------------------------------------------

Accelerator Utilization Design Information

Table of Contents
-----------------
1. System Utilization

1. System Utilization
---------------------

+----------------------------+-------------------+------------------+------------------+---------------+---------------+
| Name                       | REG               | LUT              | LUTAsMem         | BRAM          | URAM          |
+----------------------------+-------------------+------------------+------------------+---------------+---------------+
| Platform                   |   32559 [  1.81%] |  23689 [  2.63%] |   2922 [  0.65%] |  32 [  3.31%] |   0 [  0.00%] |
| User Budget                | 1767121 [100.00%] | 876151 [100.00%] | 446998 [100.00%] | 935 [100.00%] | 463 [100.00%] |
|    Used Resources          |  287255 [ 16.26%] | 188095 [ 21.47%] |  70610 [ 15.80%] | 717 [ 76.68%] |   0 [  0.00%] |
|    Unused Resources        | 1479866 [ 83.74%] | 688056 [ 78.53%] | 376388 [ 84.20%] | 218 [ 23.32%] | 463 [100.00%] |
| datamover_outerloop_0      |   20412 [  1.16%] |  18830 [  2.15%] |   4862 [  1.09%] |  13 [  1.39%] |   0 [  0.00%] |
|    datamover_outerloop_0_1 |   20412 [  1.16%] |  18830 [  2.15%] |   4862 [  1.09%] |  13 [  1.39%] |   0 [  0.00%] |
| kernel_outerloop_0         |  266843 [ 15.10%] | 169265 [ 19.32%] |  65748 [ 14.71%] | 704 [ 75.29%] |   0 [  0.00%] |
|    kernel_outerloop_0_1    |  266843 [ 15.10%] | 169265 [ 19.32%] |  65748 [ 14.71%] | 704 [ 75.29%] |   0 [  0.00%] |
+----------------------------+-------------------+------------------+------------------+---------------+---------------+


