Copyright 1986-2022 Xilinx, Inc. All Rights Reserved.
-------------------------------------------------------------------------------------------------------------------------------------------------------------------------------------------------------------------------------------------------------------------------------------------------------------------------------------------------------------------------------------------------------------------------------------------------------------
| Tool Version : Vivado v.2022.2 (lin64) Build 3671981 Fri Oct 14 04:59:54 MDT 2022
| Date         : Thu May 15 16:16:02 2025
| Host         : acclnode01 running 64-bit Ubuntu 20.04.6 LTS
| Command      : report_accelerator_utilization -kernels { datamover_outerloop_0:level0_i/ulp/datamover_outerloop_0_1/inst:datamover_outerloop_0_1 kernel_outerloop_0:level0_i/ulp/kernel_outerloop_0_1/inst:kernel_outerloop_0_1 kernel_outerloop_0:level0_i/ulp/kernel_outerloop_0_2/inst:kernel_outerloop_0_2 kernel_outerloop_0:level0_i/ulp/kernel_outerloop_0_3/inst:kernel_outerloop_0_3} -file kernel_util_placed.rpt -name kernel_util_placed -json
| Design       : level0_wrapper
| Device       : xcu280
| Design State : Fully Placed
-------------------------------------------------------------------------------------------------------------------------------------------------------------------------------------------------------------------------------------------------------------------------------------------------------------------------------------------------------------------------------------------------------------------------------------------------------------

Accelerator Utilization Design Information

Table of Contents
-----------------
1. System Utilization

1. System Utilization
---------------------

+----------------------------+-------------------+------------------+-------------------+----------------+---------------+----------------+
| Name                       | LUT               | LUTAsMem         | REG               | BRAM           | URAM          | DSP            |
+----------------------------+-------------------+------------------+-------------------+----------------+---------------+----------------+
| Platform                   |  122369 [  9.39%] |   8740 [  1.45%] |  168430 [  6.46%] |  197 [  9.77%] |  16 [  1.67%] |    4 [  0.04%] |
| User Budget                | 1181311 [100.00%] | 592220 [100.00%] | 2438930 [100.00%] | 1819 [100.00%] | 944 [100.00%] | 9020 [100.00%] |
|    Used Resources          |  414266 [ 35.07%] |  13815 [  2.33%] |  783081 [ 32.11%] |  195 [ 10.72%] |  84 [  8.90%] | 7267 [ 80.57%] |
|    Unused Resources        |  767045 [ 64.93%] | 578405 [ 97.67%] | 1655849 [ 67.89%] | 1624 [ 89.28%] | 860 [ 91.10%] | 1753 [ 19.43%] |
| datamover_outerloop_0      |    7894 [  0.67%] |   1797 [  0.30%] |   13968 [  0.57%] |   15 [  0.82%] |   0 [  0.00%] |    1 [  0.01%] |
|    datamover_outerloop_0_1 |    7894 [  0.67%] |   1797 [  0.30%] |   13968 [  0.57%] |   15 [  0.82%] |   0 [  0.00%] |    1 [  0.01%] |
| kernel_outerloop_0         |  406372 [ 34.40%] |  12018 [  2.03%] |  769113 [ 31.53%] |  180 [  9.90%] |  84 [  8.90%] | 7266 [ 80.55%] |
|    kernel_outerloop_0_1    |  135918 [ 11.51%] |   4006 [  0.68%] |  256301 [ 10.51%] |   60 [  3.30%] |  28 [  2.97%] | 2422 [ 26.85%] |
|    kernel_outerloop_0_2    |  134437 [ 11.38%] |   4006 [  0.68%] |  256158 [ 10.50%] |   60 [  3.30%] |  28 [  2.97%] | 2422 [ 26.85%] |
|    kernel_outerloop_0_3    |  136017 [ 11.51%] |   4006 [  0.68%] |  256654 [ 10.52%] |   60 [  3.30%] |  28 [  2.97%] | 2422 [ 26.85%] |
+----------------------------+-------------------+------------------+-------------------+----------------+---------------+----------------+


