Copyright 1986-2022 Xilinx, Inc. All Rights Reserved.
-----------------------------------------------------------------------------------------------------------------------------------------------------------------------------------------------------------------------------------------------------------
| Tool Version : Vivado v.2022.1 (lin64) Build 3526262 Mon Apr 18 15:47:01 MDT 2022
| Date         : Fri Aug  1 04:15:38 2025
| Host         : acclnode02 running 64-bit Ubuntu 20.04.6 LTS
| Command      : report_accelerator_utilization -kernels { stencil_SLR:top_i/ulp/stencil_SLR_1/inst:stencil_SLR_1 stencil_mem2Stream:top_i/ulp/stencil_mem2Stream_1/inst:stencil_mem2Stream_1} -file kernel_util_routed.rpt -name kernel_util_routed -json
| Design       : top_wrapper
| Device       : xcvc1902
| Design State : Fully Placed
-----------------------------------------------------------------------------------------------------------------------------------------------------------------------------------------------------------------------------------------------------------

Accelerator Utilization Design Information

Table of Contents
-----------------
1. System Utilization

1. System Utilization
---------------------

+-------------------------+-------------------+------------------+------------------+---------------+---------------+
| Name                    | REG               | LUT              | LUTAsMem         | BRAM          | URAM          |
+-------------------------+-------------------+------------------+------------------+---------------+---------------+
| Platform                |   30411 [  1.69%] |  20247 [  2.25%] |   2028 [  0.45%] |  32 [  3.31%] |  20 [  4.32%] |
| User Budget             | 1769269 [100.00%] | 879593 [100.00%] | 447892 [100.00%] | 935 [100.00%] | 443 [100.00%] |
|    Used Resources       |  325758 [ 18.41%] | 107605 [ 12.23%] |  65292 [ 14.58%] |  68 [  7.27%] |   0 [  0.00%] |
|    Unused Resources     | 1443511 [ 81.59%] | 771988 [ 87.77%] | 382600 [ 85.42%] | 867 [ 92.73%] | 443 [100.00%] |
| stencil_SLR             |  299893 [ 16.95%] |  90782 [ 10.32%] |  60596 [ 13.53%] |   0 [  0.00%] |   0 [  0.00%] |
|    stencil_SLR_1        |  299893 [ 16.95%] |  90782 [ 10.32%] |  60596 [ 13.53%] |   0 [  0.00%] |   0 [  0.00%] |
| stencil_mem2Stream      |   25865 [  1.46%] |  16823 [  1.91%] |   4696 [  1.05%] |  68 [  7.27%] |   0 [  0.00%] |
|    stencil_mem2Stream_1 |   25865 [  1.46%] |  16823 [  1.91%] |   4696 [  1.05%] |  68 [  7.27%] |   0 [  0.00%] |
+-------------------------+-------------------+------------------+------------------+---------------+---------------+


