Copyright 1986-2022 Xilinx, Inc. All Rights Reserved.
-------------------------------------------------------------------------------------------------------------------------------------------------------------------------------------------------------------------------------------------------------------
| Tool Version : Vivado v.2022.1 (lin64) Build 3526262 Mon Apr 18 15:47:01 MDT 2022
| Date         : Fri Aug  1 02:52:52 2025
| Host         : acclnode02 running 64-bit Ubuntu 20.04.6 LTS
| Command      : report_accelerator_utilization -kernels { stencil_SLR:top_i/ulp/stencil_SLR_1/inst:stencil_SLR_1 stencil_mem2Stream:top_i/ulp/stencil_mem2Stream_1/inst:stencil_mem2Stream_1} -file kernel_util_synthed.rpt -name kernel_util_synthed -json
| Design       : top_wrapper
| Device       : xcvc1902
| Design State : Synthesized
-------------------------------------------------------------------------------------------------------------------------------------------------------------------------------------------------------------------------------------------------------------

Accelerator Utilization Design Information

Table of Contents
-----------------
1. System Utilization

1. System Utilization
---------------------

+-------------------------+-------------------+------------------+------------------+---------------+---------------+
| Name                    | REG               | LUT              | LUTAsMem         | BRAM          | URAM          |
+-------------------------+-------------------+------------------+------------------+---------------+---------------+
| Platform                |   33975 [  1.89%] |  23201 [  2.58%] |   2154 [  0.48%] |  32 [  3.31%] |  40 [  8.64%] |
| User Budget             | 1765705 [100.00%] | 876639 [100.00%] | 447766 [100.00%] | 935 [100.00%] | 423 [100.00%] |
|    Used Resources       |  329960 [ 18.69%] | 142618 [ 16.27%] |  97793 [ 21.84%] |  68 [  7.27%] |   0 [  0.00%] |
|    Unused Resources     | 1435745 [ 81.31%] | 734021 [ 83.73%] | 349973 [ 78.16%] | 867 [ 92.73%] | 423 [100.00%] |
| stencil_SLR             |  304264 [ 17.23%] | 125453 [ 14.31%] |  92928 [ 20.75%] |   0 [  0.00%] |   0 [  0.00%] |
|    stencil_SLR_1        |  304264 [ 17.23%] | 125453 [ 14.31%] |  92928 [ 20.75%] |   0 [  0.00%] |   0 [  0.00%] |
| stencil_mem2Stream      |   25696 [  1.46%] |  17165 [  1.96%] |   4865 [  1.09%] |  68 [  7.27%] |   0 [  0.00%] |
|    stencil_mem2Stream_1 |   25696 [  1.46%] |  17165 [  1.96%] |   4865 [  1.09%] |  68 [  7.27%] |   0 [  0.00%] |
+-------------------------+-------------------+------------------+------------------+---------------+---------------+


