Copyright 1986-2022 Xilinx, Inc. All Rights Reserved.
-------------------------------------------------------------------------------------------------------------------------------------------------------------------------------------------------------------------------------------------------------------------------------------------------------------------------------------------------------------------------------------------------------------------------------------------------------------
| Tool Version : Vivado v.2022.2 (lin64) Build 3671981 Fri Oct 14 04:59:54 MDT 2022
| Date         : Fri Aug 15 16:12:20 2025
| Host         : acclnode01 running 64-bit Ubuntu 20.04.6 LTS
| Command      : report_accelerator_utilization -kernels { datamover_outerloop_0:level0_i/ulp/datamover_outerloop_0_1/inst:datamover_outerloop_0_1 kernel_outerloop_0:level0_i/ulp/kernel_outerloop_0_1/inst:kernel_outerloop_0_1 kernel_outerloop_0:level0_i/ulp/kernel_outerloop_0_2/inst:kernel_outerloop_0_2 kernel_outerloop_0:level0_i/ulp/kernel_outerloop_0_3/inst:kernel_outerloop_0_3} -file kernel_util_placed.rpt -name kernel_util_placed -json
| Design       : level0_wrapper
| Device       : xcu280
| Design State : Fully Placed
-------------------------------------------------------------------------------------------------------------------------------------------------------------------------------------------------------------------------------------------------------------------------------------------------------------------------------------------------------------------------------------------------------------------------------------------------------------

Accelerator Utilization Design Information

Table of Contents
-----------------
1. System Utilization

1. System Utilization
---------------------

+----------------------------+-------------------+------------------+-------------------+----------------+---------------+----------------+
| Name                       | LUT               | LUTAsMem         | REG               | BRAM           | URAM          | DSP            |
+----------------------------+-------------------+------------------+-------------------+----------------+---------------+----------------+
| Platform                   |  129591 [  9.94%] |  10929 [  1.82%] |  179657 [  6.89%] |  325 [ 16.12%] |   0 [  0.00%] |    4 [  0.04%] |
| User Budget                | 1174089 [100.00%] | 590031 [100.00%] | 2427703 [100.00%] | 1691 [100.00%] | 960 [100.00%] | 9020 [100.00%] |
|    Used Resources          |  552218 [ 47.03%] |  90852 [ 15.40%] |  936459 [ 38.57%] |   62 [  3.67%] |   0 [  0.00%] | 6934 [ 76.87%] |
|    Unused Resources        |  621871 [ 52.97%] | 499179 [ 84.60%] | 1491244 [ 61.43%] | 1629 [ 96.33%] | 960 [100.00%] | 2086 [ 23.13%] |
| datamover_outerloop_0      |   30577 [  2.60%] |   7188 [  1.22%] |   54519 [  2.25%] |   62 [  3.67%] |   0 [  0.00%] |    1 [  0.01%] |
|    datamover_outerloop_0_1 |   30577 [  2.60%] |   7188 [  1.22%] |   54519 [  2.25%] |   62 [  3.67%] |   0 [  0.00%] |    1 [  0.01%] |
| kernel_outerloop_0         |  521641 [ 44.43%] |  83664 [ 14.18%] |  881940 [ 36.33%] |    0 [  0.00%] |   0 [  0.00%] | 6933 [ 76.86%] |
|    kernel_outerloop_0_1    |  176093 [ 15.00%] |  27888 [  4.73%] |  294282 [ 12.12%] |    0 [  0.00%] |   0 [  0.00%] | 2311 [ 25.62%] |
|    kernel_outerloop_0_2    |  172392 [ 14.68%] |  27888 [  4.73%] |  294002 [ 12.11%] |    0 [  0.00%] |   0 [  0.00%] | 2311 [ 25.62%] |
|    kernel_outerloop_0_3    |  173156 [ 14.75%] |  27888 [  4.73%] |  293656 [ 12.10%] |    0 [  0.00%] |   0 [  0.00%] | 2311 [ 25.62%] |
+----------------------------+-------------------+------------------+-------------------+----------------+---------------+----------------+


