Copyright 1986-2022 Xilinx, Inc. All Rights Reserved.
------------------------------------------------------------------------------------------
| Tool Version : Vivado v.2022.2 (lin64) Build 3671981 Fri Oct 14 04:59:54 MDT 2022
| Date         : Thu May 15 06:58:42 2025
| Host         : acclnode01 running 64-bit Ubuntu 20.04.6 LTS
| Command      : report_utilization -slr -file slr_util_routed.rpt -pb slr_util_routed.pb
| Design       : level0_wrapper
| Device       : xcu280-fsvh2892-2L-e
| Speed File   : -2L
| Design State : Routed
------------------------------------------------------------------------------------------

Utilization Design Information

Table of Contents
-----------------
1. SLR Connectivity
2. SLR Connectivity Matrix
3. SLR CLB Logic and Dedicated Block Utilization
4. SLR IO Utilization

1. SLR Connectivity
-------------------

+----------------------------------+-------+-------+-----------+-------+
|                                  |  Used | Fixed | Available | Util% |
+----------------------------------+-------+-------+-----------+-------+
| SLR2 <-> SLR1                    |  7253 |       |     23040 | 31.48 |
|   SLR1 -> SLR2                   |  3651 |       |           | 15.85 |
|     Using TX_REG only            |     0 |     0 |           |       |
|     Using RX_REG only            |     0 |     0 |           |       |
|     Using Both TX_REG and RX_REG |     0 |     0 |           |       |
|   SLR2 -> SLR1                   |  3602 |       |           | 15.63 |
|     Using TX_REG only            |     0 |     0 |           |       |
|     Using RX_REG only            |     0 |     0 |           |       |
|     Using Both TX_REG and RX_REG |     0 |     0 |           |       |
| SLR1 <-> SLR0                    | 12209 |       |     23040 | 52.99 |
|   SLR0 -> SLR1                   |  6445 |       |           | 27.97 |
|     Using TX_REG only            |     0 |     0 |           |       |
|     Using RX_REG only            |     0 |     0 |           |       |
|     Using Both TX_REG and RX_REG |     0 |     0 |           |       |
|   SLR1 -> SLR0                   |  5764 |       |           | 25.02 |
|     Using TX_REG only            |     0 |     0 |           |       |
|     Using RX_REG only            |     0 |     0 |           |       |
|     Using Both TX_REG and RX_REG |     0 |     0 |           |       |
+----------------------------------+-------+-------+-----------+-------+
| Total SLLs Used                  | 19462 |       |           |       |
+----------------------------------+-------+-------+-----------+-------+


2. SLR Connectivity Matrix
--------------------------

+-----------+------+------+------+
| FROM \ TO | SLR2 | SLR1 | SLR0 |
+-----------+------+------+------+
| SLR2      |    0 | 3443 |  159 |
| SLR1      | 3541 |    0 | 5605 |
| SLR0      |  110 | 6335 |    0 |
+-----------+------+------+------+


3. SLR CLB Logic and Dedicated Block Utilization
------------------------------------------------

+----------------------------+--------+--------+--------+--------+--------+--------+
|          Site Type         |  SLR0  |  SLR1  |  SLR2  | SLR0 % | SLR1 % | SLR2 % |
+----------------------------+--------+--------+--------+--------+--------+--------+
| CLB                        |  49156 |  50695 |  46685 |  89.44 |  93.88 |  86.45 |
|   CLBL                     |  25508 |  26804 |  24565 |  87.12 |  91.54 |  83.90 |
|   CLBM                     |  23648 |  23891 |  22120 |  92.09 |  96.65 |  89.48 |
| CLB LUTs                   | 220991 | 260487 | 207225 |  50.26 |  60.30 |  47.97 |
|   LUT as Logic             | 166004 | 203722 | 155136 |  37.76 |  47.16 |  35.91 |
|     using O5 output only   |   2125 |   1909 |   1321 |   0.48 |   0.44 |   0.31 |
|     using O6 output only   | 106612 | 135997 |  97899 |  24.25 |  31.48 |  22.66 |
|     using O5 and O6        |  57267 |  65816 |  55916 |  13.02 |  15.24 |  12.94 |
|   LUT as Memory            |  54987 |  56765 |  52089 |  26.77 |  28.70 |  26.34 |
|     LUT as Distributed RAM |  16114 |  17322 |  14436 |   7.84 |   8.76 |   7.30 |
|       using O5 output only |      0 |      0 |      0 |   0.00 |   0.00 |   0.00 |
|       using O6 output only |    256 |    386 |      0 |   0.12 |   0.20 |   0.00 |
|       using O5 and O6      |  15858 |  16936 |  14436 |   7.72 |   8.56 |   7.30 |
|     LUT as Shift Register  |  38873 |  39443 |  37653 |  18.92 |  19.94 |  19.04 |
|       using O5 output only |      0 |      0 |      0 |   0.00 |   0.00 |   0.00 |
|       using O6 output only |  24049 |  25202 |  23507 |  11.71 |  12.74 |  11.89 |
|       using O5 and O6      |  14824 |  14241 |  14146 |   7.22 |   7.20 |   7.15 |
| CLB Registers              | 360317 | 395966 | 326526 |  40.97 |  45.83 |  37.79 |
| CARRY8                     |   6251 |   6733 |   5959 |  11.37 |  12.47 |  11.04 |
| F7 Muxes                   |   1238 |   2068 |    452 |   0.56 |   0.96 |   0.21 |
| F8 Muxes                   |    132 |    320 |      0 |   0.12 |   0.30 |   0.00 |
| F9 Muxes                   |      0 |      0 |      0 |   0.00 |   0.00 |   0.00 |
| Block RAM Tile             |   65.5 |    248 |     50 |   9.75 |  36.90 |   7.44 |
|   RAMB36/FIFO              |     64 |    245 |     50 |   9.52 |  36.46 |   7.44 |
|   RAMB18                   |      3 |      6 |      0 |   0.22 |   0.45 |   0.00 |
| URAM                       |      0 |      0 |      0 |   0.00 |   0.00 |   0.00 |
| DSPs                       |   2288 |   2288 |   2292 |  79.44 |  74.48 |  74.61 |
| Unique Control Sets        |   4614 |   6306 |   3490 |   4.20 |   5.84 |   3.23 |
+----------------------------+--------+--------+--------+--------+--------+--------+
* Note: Available Control Sets based on CLB Registers / 8


4. SLR IO Utilization
---------------------

+-----------+-----------+---------+------------+----------+------------+----------+-----+
| SLR Index | Used IOBs | (%)IOBs | Used IPADs | (%)IPADs | Used OPADs | (%)OPADs | GTs |
+-----------+-----------+---------+------------+----------+------------+----------+-----+
| SLR2      |        15 |    7.21 |          0 |     0.00 |          0 |     0.00 |   0 |
| SLR1      |         0 |    0.00 |          0 |     0.00 |          0 |     0.00 |   0 |
| SLR0      |         1 |    0.48 |          0 |     0.00 |          0 |     0.00 |  16 |
+-----------+-----------+---------+------------+----------+------------+----------+-----+
| Total     |        16 |         |          0 |          |          0 |          |  16 |
+-----------+-----------+---------+------------+----------+------------+----------+-----+


