Copyright 1986-2022 Xilinx, Inc. All Rights Reserved.
---------------------------------------------------------------------------------------------------------------------------------------------------------------------------------------------------------------------------------------------------------------------------------------------------------------------------------------------------------------------------------------------------------------------------------------------------------------
| Tool Version : Vivado v.2022.2 (lin64) Build 3671981 Fri Oct 14 04:59:54 MDT 2022
| Date         : Fri Aug 15 13:46:49 2025
| Host         : acclnode01 running 64-bit Ubuntu 20.04.6 LTS
| Command      : report_accelerator_utilization -kernels { datamover_outerloop_0:level0_i/ulp/datamover_outerloop_0_1/inst:datamover_outerloop_0_1 kernel_outerloop_0:level0_i/ulp/kernel_outerloop_0_1/inst:kernel_outerloop_0_1 kernel_outerloop_0:level0_i/ulp/kernel_outerloop_0_2/inst:kernel_outerloop_0_2 kernel_outerloop_0:level0_i/ulp/kernel_outerloop_0_3/inst:kernel_outerloop_0_3} -file kernel_util_synthed.rpt -name kernel_util_synthed -json
| Design       : level0_wrapper
| Device       : xcu280
| Design State : Synthesized
---------------------------------------------------------------------------------------------------------------------------------------------------------------------------------------------------------------------------------------------------------------------------------------------------------------------------------------------------------------------------------------------------------------------------------------------------------------

Accelerator Utilization Design Information

Table of Contents
-----------------
1. System Utilization

1. System Utilization
---------------------

+----------------------------+-------------------+------------------+-------------------+----------------+---------------+----------------+
| Name                       | LUT               | LUTAsMem         | REG               | BRAM           | URAM          | DSP            |
+----------------------------+-------------------+------------------+-------------------+----------------+---------------+----------------+
| Platform                   |  145137 [ 11.13%] |  12533 [  2.09%] |  183285 [  7.03%] |  341 [ 16.91%] |   0 [  0.00%] |    4 [  0.04%] |
| User Budget                | 1158543 [100.00%] | 588427 [100.00%] | 2424075 [100.00%] | 1675 [100.00%] | 960 [100.00%] | 9020 [100.00%] |
|    Used Resources          |  634367 [ 54.76%] | 133644 [ 22.71%] |  939852 [ 38.77%] |   62 [  3.70%] |   0 [  0.00%] | 6934 [ 76.87%] |
|    Unused Resources        |  524176 [ 45.24%] | 454783 [ 77.29%] | 1484223 [ 61.23%] | 1613 [ 96.30%] | 960 [100.00%] | 2086 [ 23.13%] |
| datamover_outerloop_0      |   31091 [  2.68%] |   7560 [  1.28%] |   54753 [  2.26%] |   62 [  3.70%] |   0 [  0.00%] |    1 [  0.01%] |
|    datamover_outerloop_0_1 |   31091 [  2.68%] |   7560 [  1.28%] |   54753 [  2.26%] |   62 [  3.70%] |   0 [  0.00%] |    1 [  0.01%] |
| kernel_outerloop_0         |  603276 [ 52.07%] | 126084 [ 21.43%] |  885099 [ 36.51%] |    0 [  0.00%] |   0 [  0.00%] | 6933 [ 76.86%] |
|    kernel_outerloop_0_1    |  201092 [ 17.36%] |  42028 [  7.14%] |  295033 [ 12.17%] |    0 [  0.00%] |   0 [  0.00%] | 2311 [ 25.62%] |
|    kernel_outerloop_0_2    |  201092 [ 17.36%] |  42028 [  7.14%] |  295033 [ 12.17%] |    0 [  0.00%] |   0 [  0.00%] | 2311 [ 25.62%] |
|    kernel_outerloop_0_3    |  201092 [ 17.36%] |  42028 [  7.14%] |  295033 [ 12.17%] |    0 [  0.00%] |   0 [  0.00%] | 2311 [ 25.62%] |
+----------------------------+-------------------+------------------+-------------------+----------------+---------------+----------------+


