Copyright 1986-2022 Xilinx, Inc. All Rights Reserved.
--------------------------------------------------------------------------------------------------------------------------------------------------------------------------------------------------------------------------------------------------------------------------------------------------------
| Tool Version : Vivado v.2022.1 (lin64) Build 3526262 Mon Apr 18 15:47:01 MDT 2022
| Date         : Sat Aug  9 04:08:13 2025
| Host         : acclnode02 running 64-bit Ubuntu 20.04.6 LTS
| Command      : report_accelerator_utilization -kernels { stencil_SLR0:top_i/ulp/stencil_SLR0_1/inst:stencil_SLR0_1 stencil_SLR1:top_i/ulp/stencil_SLR1_1/inst:stencil_SLR1_1 stencil_SLR2:top_i/ulp/stencil_SLR2_1/inst:stencil_SLR2_1} -file kernel_util_synthed.rpt -name kernel_util_synthed -json
| Design       : top_wrapper
| Device       : xcvc1902
| Design State : Synthesized
--------------------------------------------------------------------------------------------------------------------------------------------------------------------------------------------------------------------------------------------------------------------------------------------------------

Accelerator Utilization Design Information

Table of Contents
-----------------
1. System Utilization

1. System Utilization
---------------------

+---------------------+-------------------+------------------+------------------+---------------+---------------+
| Name                | REG               | LUT              | LUTAsMem         | BRAM          | URAM          |
+---------------------+-------------------+------------------+------------------+---------------+---------------+
| Platform            |   31968 [  1.78%] |  22756 [  2.53%] |   2154 [  0.48%] |  32 [  3.31%] |   0 [  0.00%] |
| User Budget         | 1767712 [100.00%] | 877084 [100.00%] | 447766 [100.00%] | 935 [100.00%] | 463 [100.00%] |
|    Used Resources   |  382829 [ 21.66%] | 134457 [ 15.33%] |   2326 [  0.52%] |  30 [  3.21%] | 432 [ 93.30%] |
|    Unused Resources | 1384883 [ 78.34%] | 742627 [ 84.67%] | 445440 [ 99.48%] | 905 [ 96.79%] |  31 [  6.70%] |
| stencil_SLR0        |  130286 [  7.37%] |  47624 [  5.43%] |   2002 [  0.45%] |  30 [  3.21%] | 144 [ 31.10%] |
|    stencil_SLR0_1   |  130286 [  7.37%] |  47624 [  5.43%] |   2002 [  0.45%] |  30 [  3.21%] | 144 [ 31.10%] |
| stencil_SLR1        |  127163 [  7.19%] |  43828 [  5.00%] |    210 [  0.05%] |   0 [  0.00%] | 144 [ 31.10%] |
|    stencil_SLR1_1   |  127163 [  7.19%] |  43828 [  5.00%] |    210 [  0.05%] |   0 [  0.00%] | 144 [ 31.10%] |
| stencil_SLR2        |  125380 [  7.09%] |  43005 [  4.90%] |    114 [  0.03%] |   0 [  0.00%] | 144 [ 31.10%] |
|    stencil_SLR2_1   |  125380 [  7.09%] |  43005 [  4.90%] |    114 [  0.03%] |   0 [  0.00%] | 144 [ 31.10%] |
+---------------------+-------------------+------------------+------------------+---------------+---------------+


