Copyright 1986-2022 Xilinx, Inc. All Rights Reserved.
------------------------------------------------------------------------------------------------------------------------------------------------------------------------------------------------------------------------------------------------------------------------------------------------------
| Tool Version : Vivado v.2022.1 (lin64) Build 3526262 Mon Apr 18 15:47:01 MDT 2022
| Date         : Sat Aug  9 04:50:24 2025
| Host         : acclnode02 running 64-bit Ubuntu 20.04.6 LTS
| Command      : report_accelerator_utilization -kernels { stencil_SLR0:top_i/ulp/stencil_SLR0_1/inst:stencil_SLR0_1 stencil_SLR1:top_i/ulp/stencil_SLR1_1/inst:stencil_SLR1_1 stencil_SLR2:top_i/ulp/stencil_SLR2_1/inst:stencil_SLR2_1} -file kernel_util_placed.rpt -name kernel_util_placed -json
| Design       : top_wrapper
| Device       : xcvc1902
| Design State : Fully Placed
------------------------------------------------------------------------------------------------------------------------------------------------------------------------------------------------------------------------------------------------------------------------------------------------------

Accelerator Utilization Design Information

Table of Contents
-----------------
1. System Utilization

1. System Utilization
---------------------

+---------------------+-------------------+------------------+------------------+---------------+---------------+
| Name                | REG               | LUT              | LUTAsMem         | BRAM          | URAM          |
+---------------------+-------------------+------------------+------------------+---------------+---------------+
| Platform            |   28981 [  1.61%] |  19792 [  2.20%] |   2028 [  0.45%] |  32 [  3.31%] |   0 [  0.00%] |
| User Budget         | 1770699 [100.00%] | 880048 [100.00%] | 447892 [100.00%] | 935 [100.00%] | 463 [100.00%] |
|    Used Resources   |  381236 [ 21.53%] | 132603 [ 15.07%] |   2045 [  0.46%] |  30 [  3.21%] | 432 [ 93.30%] |
|    Unused Resources | 1389463 [ 78.47%] | 747445 [ 84.93%] | 445847 [ 99.54%] | 905 [ 96.79%] |  31 [  6.70%] |
| stencil_SLR0        |  129762 [  7.33%] |  46793 [  5.32%] |   1865 [  0.42%] |  30 [  3.21%] | 144 [ 31.10%] |
|    stencil_SLR0_1   |  129762 [  7.33%] |  46793 [  5.32%] |   1865 [  0.42%] |  30 [  3.21%] | 144 [ 31.10%] |
| stencil_SLR1        |  126615 [  7.15%] |  43232 [  4.91%] |    114 [  0.03%] |   0 [  0.00%] | 144 [ 31.10%] |
|    stencil_SLR1_1   |  126615 [  7.15%] |  43232 [  4.91%] |    114 [  0.03%] |   0 [  0.00%] | 144 [ 31.10%] |
| stencil_SLR2        |  124859 [  7.05%] |  42578 [  4.84%] |     66 [  0.01%] |   0 [  0.00%] | 144 [ 31.10%] |
|    stencil_SLR2_1   |  124859 [  7.05%] |  42578 [  4.84%] |     66 [  0.01%] |   0 [  0.00%] | 144 [ 31.10%] |
+---------------------+-------------------+------------------+------------------+---------------+---------------+


