Copyright 1986-2022 Xilinx, Inc. All Rights Reserved.
-----------------------------------------------------------------------------------------------------------------------------------------------------------------------------------------------------------------------------------------------------------------------------------------
| Tool Version : Vivado v.2022.1 (lin64) Build 3526262 Mon Apr 18 15:47:01 MDT 2022
| Date         : Thu Apr 24 06:22:14 2025
| Host         : acclnode02 running 64-bit Ubuntu 20.04.6 LTS
| Command      : report_accelerator_utilization -kernels { datamover_outerloop_0:top_i/ulp/datamover_outerloop_0_1/inst:datamover_outerloop_0_1 kernel_outerloop_0:top_i/ulp/kernel_outerloop_0_1/inst:kernel_outerloop_0_1} -file kernel_util_routed.rpt -name kernel_util_routed -json
| Design       : top_wrapper
| Device       : xcvc1902
| Design State : Fully Placed
-----------------------------------------------------------------------------------------------------------------------------------------------------------------------------------------------------------------------------------------------------------------------------------------

Accelerator Utilization Design Information

Table of Contents
-----------------
1. System Utilization

1. System Utilization
---------------------

+----------------------------+-------------------+------------------+------------------+---------------+---------------+
| Name                       | REG               | LUT              | LUTAsMem         | BRAM          | URAM          |
+----------------------------+-------------------+------------------+------------------+---------------+---------------+
| Platform                   |   29265 [  1.63%] |  19833 [  2.20%] |   2028 [  0.45%] |  32 [  3.31%] |  30 [  6.48%] |
| User Budget                | 1770415 [100.00%] | 880007 [100.00%] | 447892 [100.00%] | 935 [100.00%] | 433 [100.00%] |
|    Used Resources          |  235684 [ 13.31%] |  43700 [  4.97%] |   9069 [  2.02%] | 159 [ 17.01%] |   0 [  0.00%] |
|    Unused Resources        | 1534731 [ 86.69%] | 836307 [ 95.03%] | 438823 [ 97.98%] | 776 [ 82.99%] | 433 [100.00%] |
| datamover_outerloop_0      |   15485 [  0.87%] |   7476 [  0.85%] |   1800 [  0.40%] |  15 [  1.60%] |   0 [  0.00%] |
|    datamover_outerloop_0_1 |   15485 [  0.87%] |   7476 [  0.85%] |   1800 [  0.40%] |  15 [  1.60%] |   0 [  0.00%] |
| kernel_outerloop_0         |  220199 [ 12.44%] |  36224 [  4.12%] |   7269 [  1.62%] | 144 [ 15.40%] |   0 [  0.00%] |
|    kernel_outerloop_0_1    |  220199 [ 12.44%] |  36224 [  4.12%] |   7269 [  1.62%] | 144 [ 15.40%] |   0 [  0.00%] |
+----------------------------+-------------------+------------------+------------------+---------------+---------------+


