Copyright 1986-2022 Xilinx, Inc. All Rights Reserved.
-------------------------------------------------------------------------------------------------------------------------------------------------------------------------------------------------------------------------------------------------------------------------------------------
| Tool Version : Vivado v.2022.1 (lin64) Build 3526262 Mon Apr 18 15:47:01 MDT 2022
| Date         : Thu Apr 24 19:26:41 2025
| Host         : acclnode02 running 64-bit Ubuntu 20.04.6 LTS
| Command      : report_accelerator_utilization -kernels { datamover_outerloop_0:top_i/ulp/datamover_outerloop_0_1/inst:datamover_outerloop_0_1 kernel_outerloop_0:top_i/ulp/kernel_outerloop_0_1/inst:kernel_outerloop_0_1} -file kernel_util_synthed.rpt -name kernel_util_synthed -json
| Design       : top_wrapper
| Device       : xcvc1902
| Design State : Synthesized
-------------------------------------------------------------------------------------------------------------------------------------------------------------------------------------------------------------------------------------------------------------------------------------------

Accelerator Utilization Design Information

Table of Contents
-----------------
1. System Utilization

1. System Utilization
---------------------

+----------------------------+-------------------+------------------+------------------+---------------+---------------+
| Name                       | REG               | LUT              | LUTAsMem         | BRAM          | URAM          |
+----------------------------+-------------------+------------------+------------------+---------------+---------------+
| Platform                   |   31667 [  1.76%] |  22771 [  2.53%] |   2154 [  0.48%] |  32 [  3.31%] |  18 [  3.89%] |
| User Budget                | 1768013 [100.00%] | 877069 [100.00%] | 447766 [100.00%] | 935 [100.00%] | 445 [100.00%] |
|    Used Resources          |  324577 [ 18.36%] |  85132 [  9.71%] |  25970 [  5.80%] | 383 [ 40.96%] |   0 [  0.00%] |
|    Unused Resources        | 1443436 [ 81.64%] | 791937 [ 90.29%] | 421796 [ 94.20%] | 552 [ 59.04%] | 445 [100.00%] |
| datamover_outerloop_0      |   17628 [  1.00%] |  10781 [  1.23%] |   3657 [  0.82%] |  31 [  3.32%] |   0 [  0.00%] |
|    datamover_outerloop_0_1 |   17628 [  1.00%] |  10781 [  1.23%] |   3657 [  0.82%] |  31 [  3.32%] |   0 [  0.00%] |
| kernel_outerloop_0         |  306949 [ 17.36%] |  74351 [  8.48%] |  22313 [  4.98%] | 352 [ 37.65%] |   0 [  0.00%] |
|    kernel_outerloop_0_1    |  306949 [ 17.36%] |  74351 [  8.48%] |  22313 [  4.98%] | 352 [ 37.65%] |   0 [  0.00%] |
+----------------------------+-------------------+------------------+------------------+---------------+---------------+


