Copyright 1986-2022 Xilinx, Inc. All Rights Reserved.
-------------------------------------------------------------------------------------------------------------------------------------------------------------------------------------------------------------------------------------------------------------------------------------------------------------------------------------------------------------------------------------------------------------------------------------------------------------
| Tool Version : Vivado v.2022.2 (lin64) Build 3671981 Fri Oct 14 04:59:54 MDT 2022
| Date         : Wed Aug 20 03:43:25 2025
| Host         : acclnode01 running 64-bit Ubuntu 20.04.6 LTS
| Command      : report_accelerator_utilization -kernels { datamover_outerloop_0:level0_i/ulp/datamover_outerloop_0_1/inst:datamover_outerloop_0_1 kernel_outerloop_0:level0_i/ulp/kernel_outerloop_0_1/inst:kernel_outerloop_0_1 kernel_outerloop_0:level0_i/ulp/kernel_outerloop_0_2/inst:kernel_outerloop_0_2 kernel_outerloop_0:level0_i/ulp/kernel_outerloop_0_3/inst:kernel_outerloop_0_3} -file kernel_util_placed.rpt -name kernel_util_placed -json
| Design       : level0_wrapper
| Device       : xcu280
| Design State : Fully Placed
-------------------------------------------------------------------------------------------------------------------------------------------------------------------------------------------------------------------------------------------------------------------------------------------------------------------------------------------------------------------------------------------------------------------------------------------------------------

Accelerator Utilization Design Information

Table of Contents
-----------------
1. System Utilization

1. System Utilization
---------------------

+----------------------------+-------------------+------------------+-------------------+----------------+---------------+----------------+
| Name                       | LUT               | LUTAsMem         | REG               | BRAM           | URAM          | DSP            |
+----------------------------+-------------------+------------------+-------------------+----------------+---------------+----------------+
| Platform                   |  124357 [  9.54%] |   9468 [  1.58%] |  170925 [  6.56%] |  229 [ 11.36%] |   0 [  0.00%] |    4 [  0.04%] |
| User Budget                | 1179323 [100.00%] | 591492 [100.00%] | 2436435 [100.00%] | 1787 [100.00%] | 960 [100.00%] | 9020 [100.00%] |
|    Used Resources          |  680921 [ 57.74%] |  62324 [ 10.54%] | 1191763 [ 48.91%] |  679 [ 38.00%] |   0 [  0.00%] | 5352 [ 59.33%] |
|    Unused Resources        |  498402 [ 42.26%] | 529168 [ 89.46%] | 1244672 [ 51.09%] | 1108 [ 62.00%] | 960 [100.00%] | 3668 [ 40.67%] |
| datamover_outerloop_0      |   11072 [  0.94%] |   3530 [  0.60%] |   16178 [  0.66%] |   31 [  1.73%] |   0 [  0.00%] |    3 [  0.03%] |
|    datamover_outerloop_0_1 |   11072 [  0.94%] |   3530 [  0.60%] |   16178 [  0.66%] |   31 [  1.73%] |   0 [  0.00%] |    3 [  0.03%] |
| kernel_outerloop_0         |  669849 [ 56.80%] |  58794 [  9.94%] | 1175585 [ 48.25%] |  648 [ 36.26%] |   0 [  0.00%] | 5349 [ 59.30%] |
|    kernel_outerloop_0_1    |  225465 [ 19.12%] |  19598 [  3.31%] |  391973 [ 16.09%] |  216 [ 12.09%] |   0 [  0.00%] | 1783 [ 19.77%] |
|    kernel_outerloop_0_2    |  226442 [ 19.20%] |  19598 [  3.31%] |  391573 [ 16.07%] |  216 [ 12.09%] |   0 [  0.00%] | 1783 [ 19.77%] |
|    kernel_outerloop_0_3    |  217942 [ 18.48%] |  19598 [  3.31%] |  392039 [ 16.09%] |  216 [ 12.09%] |   0 [  0.00%] | 1783 [ 19.77%] |
+----------------------------+-------------------+------------------+-------------------+----------------+---------------+----------------+


