Copyright 1986-2022 Xilinx, Inc. All Rights Reserved.
------------------------------------------------------------------------------------------
| Tool Version : Vivado v.2022.2 (lin64) Build 3671981 Fri Oct 14 04:59:54 MDT 2022
| Date         : Wed Aug 20 08:12:25 2025
| Host         : acclnode01 running 64-bit Ubuntu 20.04.6 LTS
| Command      : report_utilization -slr -file slr_util_routed.rpt -pb slr_util_routed.pb
| Design       : level0_wrapper
| Device       : xcu280-fsvh2892-2L-e
| Speed File   : -2L
| Design State : Routed
------------------------------------------------------------------------------------------

Utilization Design Information

Table of Contents
-----------------
1. SLR Connectivity
2. SLR Connectivity Matrix
3. SLR CLB Logic and Dedicated Block Utilization
4. SLR IO Utilization

1. SLR Connectivity
-------------------

+----------------------------------+-------+-------+-----------+-------+
|                                  |  Used | Fixed | Available | Util% |
+----------------------------------+-------+-------+-----------+-------+
| SLR2 <-> SLR1                    |  5702 |       |     23040 | 24.75 |
|   SLR1 -> SLR2                   |  2877 |       |           | 12.49 |
|     Using TX_REG only            |     0 |     0 |           |       |
|     Using RX_REG only            |     0 |     0 |           |       |
|     Using Both TX_REG and RX_REG |     0 |     0 |           |       |
|   SLR2 -> SLR1                   |  2825 |       |           | 12.26 |
|     Using TX_REG only            |     0 |     0 |           |       |
|     Using RX_REG only            |     0 |     0 |           |       |
|     Using Both TX_REG and RX_REG |     0 |     0 |           |       |
| SLR1 <-> SLR0                    | 10181 |       |     23040 | 44.19 |
|   SLR0 -> SLR1                   |  4660 |       |           | 20.23 |
|     Using TX_REG only            |     0 |     0 |           |       |
|     Using RX_REG only            |     0 |     0 |           |       |
|     Using Both TX_REG and RX_REG |     0 |     0 |           |       |
|   SLR1 -> SLR0                   |  5521 |       |           | 23.96 |
|     Using TX_REG only            |     0 |     0 |           |       |
|     Using RX_REG only            |     0 |     0 |           |       |
|     Using Both TX_REG and RX_REG |     0 |     0 |           |       |
+----------------------------------+-------+-------+-----------+-------+
| Total SLLs Used                  | 15883 |       |           |       |
+----------------------------------+-------+-------+-----------+-------+


2. SLR Connectivity Matrix
--------------------------

+-----------+------+------+------+
| FROM \ TO | SLR2 | SLR1 | SLR0 |
+-----------+------+------+------+
| SLR2      |    0 | 2669 |  156 |
| SLR1      | 2777 |    0 | 5365 |
| SLR0      |  100 | 4560 |    0 |
+-----------+------+------+------+


3. SLR CLB Logic and Dedicated Block Utilization
------------------------------------------------

+----------------------------+--------+--------+--------+--------+--------+--------+
|          Site Type         |  SLR0  |  SLR1  |  SLR2  | SLR0 % | SLR1 % | SLR2 % |
+----------------------------+--------+--------+--------+--------+--------+--------+
| CLB                        |  53559 |  52509 |  50651 |  97.45 |  97.24 |  93.80 |
|   CLBL                     |  28248 |  27923 |  27046 |  96.48 |  95.37 |  92.37 |
|   CLBM                     |  25311 |  24586 |  23605 |  98.56 |  99.46 |  95.49 |
| CLB LUTs                   | 264757 | 296504 | 243904 |  60.22 |  68.64 |  56.46 |
|   LUT as Logic             | 241047 | 269551 | 222775 |  54.82 |  62.40 |  51.57 |
|     using O5 output only   |   1765 |   1296 |    974 |   0.40 |   0.30 |   0.23 |
|     using O6 output only   | 149901 | 171435 | 125962 |  34.09 |  39.68 |  29.16 |
|     using O5 and O6        |  89381 |  96820 |  95839 |  20.33 |  22.41 |  22.18 |
|   LUT as Memory            |  23710 |  26953 |  21129 |  11.54 |  13.63 |  10.68 |
|     LUT as Distributed RAM |   6338 |   7850 |   4964 |   3.09 |   3.97 |   2.51 |
|       using O5 output only |      0 |      0 |      0 |   0.00 |   0.00 |   0.00 |
|       using O6 output only |    248 |    386 |      4 |   0.12 |   0.20 |  <0.01 |
|       using O5 and O6      |   6090 |   7464 |   4960 |   2.96 |   3.77 |   2.51 |
|     LUT as Shift Register  |  17372 |  19103 |  16165 |   8.46 |   9.66 |   8.17 |
|       using O5 output only |      1 |      1 |      0 |  <0.01 |  <0.01 |   0.00 |
|       using O6 output only |   2339 |   4636 |   1811 |   1.14 |   2.34 |   0.92 |
|       using O5 and O6      |  15032 |  14466 |  14354 |   7.32 |   7.31 |   7.26 |
| CLB Registers              | 458217 | 476654 | 427817 |  52.11 |  55.17 |  49.52 |
| CARRY8                     |  11211 |  11580 |  10928 |  20.40 |  21.44 |  20.24 |
| F7 Muxes                   |   1253 |   2660 |    467 |   0.57 |   1.23 |   0.22 |
| F8 Muxes                   |    147 |    335 |     15 |   0.13 |   0.31 |   0.01 |
| F9 Muxes                   |      0 |      0 |      0 |   0.00 |   0.00 |   0.00 |
| Block RAM Tile             |  281.5 |    361 |    266 |  41.89 |  53.72 |  39.58 |
|   RAMB36/FIFO              |    280 |    359 |    266 |  41.67 |  53.42 |  39.58 |
|   RAMB18                   |      3 |      4 |      0 |   0.22 |   0.30 |   0.00 |
| URAM                       |      0 |      0 |      0 |   0.00 |   0.00 |   0.00 |
| DSPs                       |   1783 |   1786 |   1787 |  61.91 |  58.14 |  58.17 |
| Unique Control Sets        |   7865 |   9283 |   6707 |   7.16 |   8.60 |   6.21 |
+----------------------------+--------+--------+--------+--------+--------+--------+
* Note: Available Control Sets based on CLB Registers / 8


4. SLR IO Utilization
---------------------

+-----------+-----------+---------+------------+----------+------------+----------+-----+
| SLR Index | Used IOBs | (%)IOBs | Used IPADs | (%)IPADs | Used OPADs | (%)OPADs | GTs |
+-----------+-----------+---------+------------+----------+------------+----------+-----+
| SLR2      |        15 |    7.21 |          0 |     0.00 |          0 |     0.00 |   0 |
| SLR1      |         0 |    0.00 |          0 |     0.00 |          0 |     0.00 |   0 |
| SLR0      |         1 |    0.48 |          0 |     0.00 |          0 |     0.00 |  16 |
+-----------+-----------+---------+------------+----------+------------+----------+-----+
| Total     |        16 |         |          0 |          |          0 |          |  16 |
+-----------+-----------+---------+------------+----------+------------+----------+-----+


