Copyright 1986-2022 Xilinx, Inc. All Rights Reserved.
---------------------------------------------------------------------------------------
| Tool Version : Vivado v.2022.2 (lin64) Build 3671981 Fri Oct 14 04:59:54 MDT 2022
| Date         : Wed Aug 20 03:47:42 2025
| Host         : acclnode01 running 64-bit Ubuntu 20.04.6 LTS
| Command      : report_utilization -file full_util_placed.rpt -pb full_util_placed.pb
| Design       : level0_wrapper
| Device       : xcu280-fsvh2892-2L-e
| Speed File   : -2L
| Design State : Fully Placed
---------------------------------------------------------------------------------------

Utilization Design Information

Table of Contents
-----------------
1. CLB Logic
1.1 Summary of Registers by Type
2. CLB Logic Distribution
3. BLOCKRAM
4. ARITHMETIC
5. I/O
6. CLOCK
7. ADVANCED
8. CONFIGURATION
9. Primitives
10. Black Boxes
11. Instantiated Netlists
12. SLR Connectivity
13. SLR Connectivity Matrix
14. SLR CLB Logic and Dedicated Block Utilization
15. SLR IO Utilization

1. CLB Logic
------------

+----------------------------+---------+--------+------------+-----------+-------+
|          Site Type         |   Used  |  Fixed | Prohibited | Available | Util% |
+----------------------------+---------+--------+------------+-----------+-------+
| CLB LUTs                   |  805165 | 107629 |          0 |   1303680 | 61.76 |
|   LUT as Logic             |  733373 | 101652 |          0 |   1303680 | 56.25 |
|   LUT as Memory            |   71792 |   5977 |          0 |    600960 | 11.95 |
|     LUT as Distributed RAM |   19152 |   4564 |            |           |       |
|     LUT as Shift Register  |   52640 |   1413 |            |           |       |
| CLB Registers              | 1362688 | 136086 |          0 |   2607360 | 52.26 |
|   Register as Flip Flop    | 1362684 | 136082 |          0 |   2607360 | 52.26 |
|   Register as Latch        |       0 |      0 |          0 |   2607360 |  0.00 |
|   Register as AND/OR       |       4 |      4 |          0 |   2607360 | <0.01 |
| CARRY8                     |   33719 |    946 |          0 |    162960 | 20.69 |
| F7 Muxes                   |    4380 |   1683 |          0 |    651840 |  0.67 |
| F8 Muxes                   |     497 |    446 |          0 |    325920 |  0.15 |
| F9 Muxes                   |       0 |      0 |          0 |    162960 |  0.00 |
+----------------------------+---------+--------+------------+-----------+-------+
* Warning! LUT value is adjusted to account for LUT combining.


1.1 Summary of Registers by Type
--------------------------------

+---------+--------------+-------------+--------------+
|  Total  | Clock Enable | Synchronous | Asynchronous |
+---------+--------------+-------------+--------------+
| 4       |            _ |           - |            - |
| 0       |            _ |           - |          Set |
| 0       |            _ |           - |        Reset |
| 0       |            _ |         Set |            - |
| 0       |            _ |       Reset |            - |
| 0       |          Yes |           - |            - |
| 398     |          Yes |           - |          Set |
| 3572    |          Yes |           - |        Reset |
| 13846   |          Yes |         Set |            - |
| 1344868 |          Yes |       Reset |            - |
+---------+--------------+-------------+--------------+


2. CLB Logic Distribution
-------------------------

+--------------------------------------------+---------+--------+------------+-----------+-------+
|                  Site Type                 |   Used  |  Fixed | Prohibited | Available | Util% |
+--------------------------------------------+---------+--------+------------+-----------+-------+
| CLB                                        |  156719 |      0 |          0 |    162960 | 96.17 |
|   CLBL                                     |   83217 |      0 |            |           |       |
|   CLBM                                     |   73502 |      0 |            |           |       |
| LUT as Logic                               |  733373 | 101652 |          0 |   1303680 | 56.25 |
|   using O5 output only                     |    4035 |        |            |           |       |
|   using O6 output only                     |  447298 |        |            |           |       |
|   using O5 and O6                          |  282040 |        |            |           |       |
| LUT as Memory                              |   71792 |   5977 |          0 |    600960 | 11.95 |
|   LUT as Distributed RAM                   |   19152 |   4564 |            |           |       |
|     using O5 output only                   |       0 |        |            |           |       |
|     using O6 output only                   |     638 |        |            |           |       |
|     using O5 and O6                        |   18514 |        |            |           |       |
|   LUT as Shift Register                    |   52640 |   1413 |            |           |       |
|     using O5 output only                   |       2 |        |            |           |       |
|     using O6 output only                   |    8786 |        |            |           |       |
|     using O5 and O6                        |   43852 |        |            |           |       |
| CLB Registers                              | 1362688 |      0 |          0 |   2607360 | 52.26 |
|   Register driven from within the CLB      |  537260 |        |            |           |       |
|   Register driven from outside the CLB     |  825428 |        |            |           |       |
|     LUT in front of the register is unused |  449803 |        |            |           |       |
|     LUT in front of the register is used   |  375625 |        |            |           |       |
| Unique Control Sets                        |   23781 |        |          0 |    325920 |  7.30 |
+--------------------------------------------+---------+--------+------------+-----------+-------+
* * Note: Available Control Sets calculated as Slices * 2, Review the Control Sets Report for more information regarding control sets.


3. BLOCKRAM
-----------

+-------------------+-------+-------+------------+-----------+-------+
|     Site Type     |  Used | Fixed | Prohibited | Available | Util% |
+-------------------+-------+-------+------------+-----------+-------+
| Block RAM Tile    | 908.5 |     0 |          0 |      2016 | 45.06 |
|   RAMB36/FIFO*    |   905 |   193 |          0 |      2016 | 44.89 |
|     RAMB36E2 only |   905 |       |            |           |       |
|   RAMB18          |     7 |     5 |          0 |      4032 |  0.17 |
|     RAMB18E2 only |     7 |       |            |           |       |
| URAM              |     0 |     0 |          0 |       960 |  0.00 |
+-------------------+-------+-------+------------+-----------+-------+
* Note: Each Block RAM Tile only has one FIFO logic available and therefore can accommodate only one FIFO36E2 or one FIFO18E2. However, if a FIFO18E2 occupies a Block RAM Tile, that tile can still accommodate a RAMB18E2


4. ARITHMETIC
-------------

+----------------+------+-------+------------+-----------+-------+
|    Site Type   | Used | Fixed | Prohibited | Available | Util% |
+----------------+------+-------+------------+-----------+-------+
| DSPs           | 5356 |     4 |          0 |      9024 | 59.35 |
|   DSP48E2 only | 5356 |       |            |           |       |
+----------------+------+-------+------------+-----------+-------+


5. I/O
------

+------------------+------+-------+------------+-----------+-------+
|     Site Type    | Used | Fixed | Prohibited | Available | Util% |
+------------------+------+-------+------------+-----------+-------+
| Bonded IOB       |   16 |    16 |          0 |       624 |  2.56 |
| HPIOB_M          |    6 |     6 |          0 |       288 |  2.08 |
|   INPUT          |    4 |       |            |           |       |
|   OUTPUT         |    2 |       |            |           |       |
|   BIDIR          |    0 |       |            |           |       |
| HPIOB_S          |    8 |     8 |          0 |       288 |  2.78 |
|   INPUT          |    4 |       |            |           |       |
|   OUTPUT         |    4 |       |            |           |       |
|   BIDIR          |    0 |       |            |           |       |
| HPIOB_SNGL       |    2 |     2 |          0 |        48 |  4.17 |
|   INPUT          |    1 |       |            |           |       |
|   OUTPUT         |    1 |       |            |           |       |
|   BIDIR          |    0 |       |            |           |       |
| HPIOBDIFFINBUF   |    1 |     1 |          0 |       288 |  0.35 |
|   DIFFINBUF      |    1 |     1 |            |           |       |
| HPIOBDIFFOUTBUF  |    0 |     0 |          0 |       288 |  0.00 |
| BITSLICE_CONTROL |    0 |     0 |          0 |        96 |  0.00 |
| BITSLICE_RX_TX   |    0 |     0 |          0 |      3744 |  0.00 |
| BITSLICE_TX      |    0 |     0 |          0 |        96 |  0.00 |
| RIU_OR           |    0 |     0 |          0 |        48 |  0.00 |
+------------------+------+-------+------------+-----------+-------+


6. CLOCK
--------

+----------------------+------+-------+------------+-----------+-------+
|       Site Type      | Used | Fixed | Prohibited | Available | Util% |
+----------------------+------+-------+------------+-----------+-------+
| GLOBAL CLOCK BUFFERs |  111 |    32 |          0 |      1008 | 11.01 |
|   BUFGCE             |   84 |     5 |          0 |       288 | 29.17 |
|   BUFGCE_DIV         |    1 |     1 |          0 |        48 |  2.08 |
|   BUFG_GT            |   22 |    22 |          0 |       576 |  3.82 |
|   BUFGCTRL*          |    2 |     2 |          0 |        96 |  2.08 |
| PLL                  |    1 |     1 |          0 |        24 |  4.17 |
| MMCM                 |    3 |     1 |          0 |        12 | 25.00 |
+----------------------+------+-------+------------+-----------+-------+
* Note: Each used BUFGCTRL counts as two GLOBAL CLOCK BUFFERs. This table does not include global clocking resources, only buffer cell usage. See the Clock Utilization Report (report_clock_utilization) for detailed accounting of global clocking resource availability.


7. ADVANCED
-----------

+----------------------+------+-------+------------+-----------+-------+
|       Site Type      | Used | Fixed | Prohibited | Available | Util% |
+----------------------+------+-------+------------+-----------+-------+
| CMACE4               |    0 |     0 |          0 |         8 |  0.00 |
| GTYE4_CHANNEL        |   16 |    16 |          0 |        24 | 66.67 |
| GTYE4_COMMON         |    4 |     4 |          0 |         6 | 66.67 |
| HBM_REF_CLK          |    1 |     1 |          0 |         2 | 50.00 |
| HBM_SNGLBLI_INTF_APB |    1 |     1 |          0 |        32 |  3.13 |
| HBM_SNGLBLI_INTF_AXI |   16 |    16 |          0 |        32 | 50.00 |
| ILKNE4               |    0 |     0 |          0 |         4 |  0.00 |
| OBUFDS_GTE4          |    0 |     0 |          0 |        12 |  0.00 |
| OBUFDS_GTE4_ADV      |    0 |     0 |          0 |        12 |  0.00 |
| PCIE40E4             |    0 |     0 |          0 |         2 |  0.00 |
| PCIE4CE4             |    1 |     1 |          0 |         4 | 25.00 |
| SYSMONE4             |    0 |     0 |          0 |         3 |  0.00 |
+----------------------+------+-------+------------+-----------+-------+


8. CONFIGURATION
----------------

+-------------+------+-------+------------+-----------+-------+
|  Site Type  | Used | Fixed | Prohibited | Available | Util% |
+-------------+------+-------+------------+-----------+-------+
| BSCANE2     |    1 |     1 |          0 |        12 |  8.33 |
| DNA_PORTE2  |    0 |     0 |          0 |         3 |  0.00 |
| EFUSE_USR   |    0 |     0 |          0 |         3 |  0.00 |
| FRAME_ECCE4 |    0 |     0 |          0 |         3 |  0.00 |
| ICAPE3      |    1 |     1 |          0 |         6 | 16.67 |
| MASTER_JTAG |    0 |     0 |          0 |         3 |  0.00 |
| STARTUPE3   |    1 |     1 |          0 |         3 | 33.33 |
+-------------+------+-------+------------+-----------+-------+


9. Primitives
-------------

+----------------------+---------+---------------------+
|       Ref Name       |   Used  | Functional Category |
+----------------------+---------+---------------------+
| FDRE                 | 1344868 |            Register |
| LUT3                 |  313847 |                 CLB |
| LUT4                 |  210759 |                 CLB |
| LUT6                 |  181139 |                 CLB |
| LUT5                 |  161839 |                 CLB |
| LUT2                 |  133909 |                 CLB |
| SRL16E               |   91585 |                 CLB |
| CARRY8               |   33719 |                 CLB |
| RAMD32               |   32404 |                 CLB |
| LUT1                 |   13920 |                 CLB |
| FDSE                 |   13846 |            Register |
| DSP48E2              |    5356 |          Arithmetic |
| SRLC32E              |    4893 |                 CLB |
| RAMS32               |    4694 |                 CLB |
| MUXF7                |    4380 |                 CLB |
| FDCE                 |    3572 |            Register |
| RAMB36E2             |     905 |            BLOCKRAM |
| RAMD64E              |     528 |                 CLB |
| MUXF8                |     497 |                 CLB |
| FDPE                 |     398 |            Register |
| BUFGCE               |      84 |               Clock |
| RAMS64E              |      40 |                 CLB |
| BUFG_GT              |      22 |               Clock |
| BUFG_GT_SYNC         |      17 |               Clock |
| HBM_SNGLBLI_INTF_AXI |      16 |            Advanced |
| GTYE4_CHANNEL        |      16 |            Advanced |
| SRLC16E              |      14 |                 CLB |
| IBUFCTRL             |       8 |              Others |
| RAMB18E2             |       7 |            BLOCKRAM |
| OBUF                 |       7 |                 I/O |
| INBUF                |       7 |                 I/O |
| GTYE4_COMMON         |       4 |            Advanced |
| AND2B1L              |       4 |              Others |
| MMCME4_ADV           |       3 |               Clock |
| BUFGCTRL             |       2 |               Clock |
| STARTUPE3            |       1 |       Configuration |
| PLLE4_ADV            |       1 |               Clock |
| PCIE4CE4             |       1 |            Advanced |
| ICAPE3               |       1 |       Configuration |
| IBUFDS_GTE4          |       1 |                 I/O |
| HBM_SNGLBLI_INTF_APB |       1 |            Advanced |
| HBM_REF_CLK          |       1 |            Advanced |
| DIFFINBUF            |       1 |                 I/O |
| BUFGCE_DIV           |       1 |               Clock |
| BSCANE2              |       1 |       Configuration |
+----------------------+---------+---------------------+


10. Black Boxes
---------------

+----------+------+
| Ref Name | Used |
+----------+------+


11. Instantiated Netlists
-------------------------

+----------------------------------------------------+------+
|                      Ref Name                      | Used |
+----------------------------------------------------+------+
| xsdbm                                              |    1 |
| ulp_xbar_3                                         |    1 |
| ulp_xbar_2                                         |    1 |
| ulp_xbar_1                                         |    1 |
| ulp_xbar_0                                         |    1 |
| ulp_ulp_ucs_0                                      |    1 |
| ulp_ulp_cmp_0                                      |    1 |
| ulp_s00_regslice_17                                |    1 |
| ulp_s00_regslice_16                                |    1 |
| ulp_s00_regslice_15                                |    1 |
| ulp_regslice_control_userpf_2                      |    1 |
| ulp_regslice_control_userpf_1                      |    1 |
| ulp_regslice_control_userpf_0                      |    1 |
| ulp_proc_sys_reset_kernel_slr2_0                   |    1 |
| ulp_proc_sys_reset_kernel_slr1_0                   |    1 |
| ulp_proc_sys_reset_kernel_slr0_0                   |    1 |
| ulp_proc_sys_reset_ctrl_slr2_0                     |    1 |
| ulp_proc_sys_reset_ctrl_slr1_0                     |    1 |
| ulp_proc_sys_reset_ctrl_slr0_0                     |    1 |
| ulp_m02_regslice_0                                 |    1 |
| ulp_m01_regslice_5                                 |    1 |
| ulp_m01_regslice_4                                 |    1 |
| ulp_m01_regslice_3                                 |    1 |
| ulp_m00_regslice_5                                 |    1 |
| ulp_m00_regslice_4                                 |    1 |
| ulp_m00_regslice_3                                 |    1 |
| ulp_kernel_outerloop_0_3_0                         |    1 |
| ulp_kernel_outerloop_0_2_0                         |    1 |
| ulp_kernel_outerloop_0_1_0                         |    1 |
| ulp_ii_level0_wire_0                               |    1 |
| ulp_hmss_0_0                                       |    1 |
| ulp_datamover_outerloop_0_1_0                      |    1 |
| ulp_buffer_kernel_outerloop_0_3_arg1_axis_out_0    |    1 |
| ulp_buffer_kernel_outerloop_0_2_arg1_axis_out_0    |    1 |
| ulp_buffer_kernel_outerloop_0_1_arg1_axis_out_0    |    1 |
| ulp_buffer_datamover_outerloop_0_1_arg0_axis_out_0 |    1 |
| ulp_axi_vip_data_0                                 |    1 |
| ulp_axi_vip_ctrl_userpf_2                          |    1 |
| ulp_axi_vip_ctrl_userpf_1                          |    1 |
| ulp_axi_vip_ctrl_userpf_0                          |    1 |
| ulp_axi_gpio_null_2                                |    1 |
| ulp_axi_gpio_null_1                                |    1 |
| ulp_axi_gpio_null_0                                |    1 |
| ulp_auto_cc_6                                      |    1 |
| ulp_auto_cc_5                                      |    1 |
| ulp_auto_cc_4                                      |    1 |
| ulp_auto_cc_3                                      |    1 |
| ulp_auto_cc_2                                      |    1 |
| ulp_auto_cc_1                                      |    1 |
| ulp_auto_cc_0                                      |    1 |
| ulp                                                |    1 |
| level0_ii_level0_pipe_0                            |    1 |
| blp_wrapper                                        |    1 |
| bd_85ad_vip_S02_0                                  |    1 |
| bd_85ad_vip_S01_0                                  |    1 |
| bd_85ad_vip_S00_0                                  |    1 |
| bd_85ad_slice2_1_0                                 |    1 |
| bd_85ad_slice1_0_0                                 |    1 |
| bd_85ad_slice0_2_0                                 |    1 |
| bd_85ad_interconnect2_1_0                          |    1 |
| bd_85ad_interconnect1_0_0                          |    1 |
| bd_85ad_interconnect0_2_0                          |    1 |
| bd_85ad_init_reduce_0                              |    1 |
| bd_85ad_hbm_reset_sync_SLR2_0                      |    1 |
| bd_85ad_hbm_reset_sync_SLR0_0                      |    1 |
| bd_85ad_hbm_inst_0                                 |    1 |
| bd_85ad_axi_apb_bridge_inst_0                      |    1 |
| bd_7cf0_bsip_0                                     |    1 |
| bd_7cf0_bs_switch_1_0                              |    1 |
| bd_7cf0_axi_jtag_0                                 |    1 |
| bd_58f6_xsdbm_0                                    |    1 |
| bd_58f6_lut_buffer_0                               |    1 |
| bd_22c0_xbar_1                                     |    1 |
| bd_22c0_xbar_0                                     |    1 |
| bd_22c0_psreset_kernel_01_0                        |    1 |
| bd_22c0_psreset_kernel_00_0                        |    1 |
| bd_22c0_psreset_hbm_0                              |    1 |
| bd_22c0_psreset_aclk_freerun_0                     |    1 |
| bd_22c0_gpio_ucs_control_status_0                  |    1 |
| bd_22c0_gpio_gapping_demand_0                      |    1 |
| bd_22c0_gapping_demand_update_0                    |    1 |
| bd_22c0_gapping_demand_toggle_0                    |    1 |
| bd_22c0_frequency_counter_aclk_kernel_01_0         |    1 |
| bd_22c0_frequency_counter_aclk_kernel_00_0         |    1 |
| bd_22c0_frequency_counter_aclk_hbm_0               |    1 |
| bd_22c0_frequency_counter_aclk_0                   |    1 |
| bd_22c0_fanout_aresetn_pcie_slr2_4_0               |    1 |
| bd_22c0_fanout_aresetn_pcie_slr2_3_0               |    1 |
| bd_22c0_fanout_aresetn_pcie_slr2_2_0               |    1 |
| bd_22c0_fanout_aresetn_pcie_slr2_1_0               |    1 |
| bd_22c0_fanout_aresetn_pcie_slr1_4_0               |    1 |
| bd_22c0_fanout_aresetn_pcie_slr1_3_0               |    1 |
| bd_22c0_fanout_aresetn_pcie_slr1_2_0               |    1 |
| bd_22c0_fanout_aresetn_pcie_slr1_1_0               |    1 |
| bd_22c0_fanout_aresetn_pcie_slr0_4_0               |    1 |
| bd_22c0_fanout_aresetn_pcie_slr0_3_0               |    1 |
| bd_22c0_fanout_aresetn_pcie_slr0_2_0               |    1 |
| bd_22c0_fanout_aresetn_pcie_slr0_1_0               |    1 |
| bd_22c0_fanout_aresetn_kernel_01_slr2_4_0          |    1 |
| bd_22c0_fanout_aresetn_kernel_01_slr2_3_0          |    1 |
| bd_22c0_fanout_aresetn_kernel_01_slr2_2_0          |    1 |
| bd_22c0_fanout_aresetn_kernel_01_slr2_1_0          |    1 |
| bd_22c0_fanout_aresetn_kernel_01_slr1_4_0          |    1 |
| bd_22c0_fanout_aresetn_kernel_01_slr1_3_0          |    1 |
| bd_22c0_fanout_aresetn_kernel_01_slr1_2_0          |    1 |
| bd_22c0_fanout_aresetn_kernel_01_slr1_1_0          |    1 |
| bd_22c0_fanout_aresetn_kernel_01_slr0_4_0          |    1 |
| bd_22c0_fanout_aresetn_kernel_01_slr0_3_0          |    1 |
| bd_22c0_fanout_aresetn_kernel_01_slr0_2_0          |    1 |
| bd_22c0_fanout_aresetn_kernel_01_slr0_1_0          |    1 |
| bd_22c0_fanout_aresetn_kernel_00_slr2_4_0          |    1 |
| bd_22c0_fanout_aresetn_kernel_00_slr2_3_0          |    1 |
| bd_22c0_fanout_aresetn_kernel_00_slr2_2_0          |    1 |
| bd_22c0_fanout_aresetn_kernel_00_slr2_1_0          |    1 |
| bd_22c0_fanout_aresetn_kernel_00_slr1_4_0          |    1 |
| bd_22c0_fanout_aresetn_kernel_00_slr1_3_0          |    1 |
| bd_22c0_fanout_aresetn_kernel_00_slr1_2_0          |    1 |
| bd_22c0_fanout_aresetn_kernel_00_slr1_1_0          |    1 |
| bd_22c0_fanout_aresetn_kernel_00_slr0_4_0          |    1 |
| bd_22c0_fanout_aresetn_kernel_00_slr0_3_0          |    1 |
| bd_22c0_fanout_aresetn_kernel_00_slr0_2_0          |    1 |
| bd_22c0_fanout_aresetn_kernel_00_slr0_1_0          |    1 |
| bd_22c0_fanout_aresetn_hbm_0                       |    1 |
| bd_22c0_fanout_aresetn_ctrl_slr2_4_0               |    1 |
| bd_22c0_fanout_aresetn_ctrl_slr2_3_0               |    1 |
| bd_22c0_fanout_aresetn_ctrl_slr2_2_0               |    1 |
| bd_22c0_fanout_aresetn_ctrl_slr2_1_0               |    1 |
| bd_22c0_fanout_aresetn_ctrl_slr1_4_0               |    1 |
| bd_22c0_fanout_aresetn_ctrl_slr1_3_0               |    1 |
| bd_22c0_fanout_aresetn_ctrl_slr1_2_0               |    1 |
| bd_22c0_fanout_aresetn_ctrl_slr1_1_0               |    1 |
| bd_22c0_fanout_aresetn_ctrl_slr0_4_0               |    1 |
| bd_22c0_fanout_aresetn_ctrl_slr0_3_0               |    1 |
| bd_22c0_fanout_aresetn_ctrl_slr0_2_0               |    1 |
| bd_22c0_fanout_aresetn_ctrl_slr0_1_0               |    1 |
| bd_22c0_clock_throttling_avg_0                     |    1 |
| bd_22c0_clock_throttling_aclk_kernel_01_0          |    1 |
| bd_22c0_clock_throttling_aclk_kernel_00_0          |    1 |
| bd_22c0_clock_shutdown_latch_0                     |    1 |
| bd_22c0_clkwiz_hbm_0                               |    1 |
| bd_22c0_clkwiz_aclk_kernel_01_0                    |    1 |
| bd_22c0_clkwiz_aclk_kernel_00_0                    |    1 |
| bd_22c0_clk_hbm_adapt_0                            |    1 |
| bd_22c0_build_info_0                               |    1 |
| bd_22c0_auto_cc_0                                  |    1 |
| bd_22c0_aclk_kernel_01_cont_adapt_0                |    1 |
| bd_22c0_aclk_kernel_01_adapt_0                     |    1 |
| bd_22c0_aclk_kernel_00_cont_adapt_0                |    1 |
| bd_22c0_aclk_kernel_00_adapt_0                     |    1 |
| bd_097b_user_debug_hub_0                           |    1 |
| bd_097b_user_debug_bridge_0                        |    1 |
| bd_097b_build_info_0                               |    1 |
+----------------------------------------------------+------+


12. SLR Connectivity
--------------------

+----------------------------------+-------+-------+-----------+-------+
|                                  |  Used | Fixed | Available | Util% |
+----------------------------------+-------+-------+-----------+-------+
| SLR2 <-> SLR1                    |  5696 |       |     23040 | 24.72 |
|   SLR1 -> SLR2                   |  2876 |       |           | 12.48 |
|     Using TX_REG only            |     0 |     0 |           |       |
|     Using RX_REG only            |     0 |     0 |           |       |
|     Using Both TX_REG and RX_REG |     0 |     0 |           |       |
|   SLR2 -> SLR1                   |  2820 |       |           | 12.24 |
|     Using TX_REG only            |     0 |     0 |           |       |
|     Using RX_REG only            |     0 |     0 |           |       |
|     Using Both TX_REG and RX_REG |     0 |     0 |           |       |
| SLR1 <-> SLR0                    | 10171 |       |     23040 | 44.14 |
|   SLR0 -> SLR1                   |  4657 |       |           | 20.21 |
|     Using TX_REG only            |     0 |     0 |           |       |
|     Using RX_REG only            |     0 |     0 |           |       |
|     Using Both TX_REG and RX_REG |     0 |     0 |           |       |
|   SLR1 -> SLR0                   |  5514 |       |           | 23.93 |
|     Using TX_REG only            |     0 |     0 |           |       |
|     Using RX_REG only            |     0 |     0 |           |       |
|     Using Both TX_REG and RX_REG |     0 |     0 |           |       |
+----------------------------------+-------+-------+-----------+-------+
| Total SLLs Used                  | 15867 |       |           |       |
+----------------------------------+-------+-------+-----------+-------+


13. SLR Connectivity Matrix
---------------------------

+-----------+------+------+------+
| FROM \ TO | SLR2 | SLR1 | SLR0 |
+-----------+------+------+------+
| SLR2      |    0 | 2667 |  153 |
| SLR1      | 2777 |    0 | 5361 |
| SLR0      |   99 | 4558 |    0 |
+-----------+------+------+------+


14. SLR CLB Logic and Dedicated Block Utilization
-------------------------------------------------

+----------------------------+--------+--------+--------+--------+--------+--------+
|          Site Type         |  SLR0  |  SLR1  |  SLR2  | SLR0 % | SLR1 % | SLR2 % |
+----------------------------+--------+--------+--------+--------+--------+--------+
| CLB                        |  53559 |  52509 |  50651 |  97.45 |  97.24 |  93.80 |
|   CLBL                     |  28248 |  27923 |  27046 |  96.48 |  95.37 |  92.37 |
|   CLBM                     |  25311 |  24586 |  23605 |  98.56 |  99.46 |  95.49 |
| CLB LUTs                   | 264757 | 296504 | 243904 |  60.22 |  68.64 |  56.46 |
|   LUT as Logic             | 241047 | 269551 | 222775 |  54.82 |  62.40 |  51.57 |
|     using O5 output only   |   1765 |   1296 |    974 |   0.40 |   0.30 |   0.23 |
|     using O6 output only   | 149901 | 171435 | 125962 |  34.09 |  39.68 |  29.16 |
|     using O5 and O6        |  89381 |  96820 |  95839 |  20.33 |  22.41 |  22.18 |
|   LUT as Memory            |  23710 |  26953 |  21129 |  11.54 |  13.63 |  10.68 |
|     LUT as Distributed RAM |   6338 |   7850 |   4964 |   3.09 |   3.97 |   2.51 |
|       using O5 output only |      0 |      0 |      0 |   0.00 |   0.00 |   0.00 |
|       using O6 output only |    248 |    386 |      4 |   0.12 |   0.20 |  <0.01 |
|       using O5 and O6      |   6090 |   7464 |   4960 |   2.96 |   3.77 |   2.51 |
|     LUT as Shift Register  |  17372 |  19103 |  16165 |   8.46 |   9.66 |   8.17 |
|       using O5 output only |      1 |      1 |      0 |  <0.01 |  <0.01 |   0.00 |
|       using O6 output only |   2339 |   4636 |   1811 |   1.14 |   2.34 |   0.92 |
|       using O5 and O6      |  15032 |  14466 |  14354 |   7.32 |   7.31 |   7.26 |
| CLB Registers              | 458217 | 476654 | 427817 |  52.11 |  55.17 |  49.52 |
| CARRY8                     |  11211 |  11580 |  10928 |  20.40 |  21.44 |  20.24 |
| F7 Muxes                   |   1253 |   2660 |    467 |   0.57 |   1.23 |   0.22 |
| F8 Muxes                   |    147 |    335 |     15 |   0.13 |   0.31 |   0.01 |
| F9 Muxes                   |      0 |      0 |      0 |   0.00 |   0.00 |   0.00 |
| Block RAM Tile             |  281.5 |    361 |    266 |  41.89 |  53.72 |  39.58 |
|   RAMB36/FIFO              |    280 |    359 |    266 |  41.67 |  53.42 |  39.58 |
|   RAMB18                   |      3 |      4 |      0 |   0.22 |   0.30 |   0.00 |
| URAM                       |      0 |      0 |      0 |   0.00 |   0.00 |   0.00 |
| DSPs                       |   1783 |   1786 |   1787 |  61.91 |  58.14 |  58.17 |
| Unique Control Sets        |   7865 |   9283 |   6707 |   7.16 |   8.60 |   6.21 |
+----------------------------+--------+--------+--------+--------+--------+--------+
* Note: Available Control Sets based on CLB Registers / 8


15. SLR IO Utilization
----------------------

+-----------+-----------+---------+------------+----------+------------+----------+-----+
| SLR Index | Used IOBs | (%)IOBs | Used IPADs | (%)IPADs | Used OPADs | (%)OPADs | GTs |
+-----------+-----------+---------+------------+----------+------------+----------+-----+
| SLR2      |        15 |    7.21 |          0 |     0.00 |          0 |     0.00 |   0 |
| SLR1      |         0 |    0.00 |          0 |     0.00 |          0 |     0.00 |   0 |
| SLR0      |         1 |    0.48 |          0 |     0.00 |          0 |     0.00 |  16 |
+-----------+-----------+---------+------------+----------+------------+----------+-----+
| Total     |        16 |         |          0 |          |          0 |          |  16 |
+-----------+-----------+---------+------------+----------+------------+----------+-----+


