Copyright 1986-2022 Xilinx, Inc. All Rights Reserved.
---------------------------------------------------------------------------------------------------------------------------------------------------------------------------------------------------------------------------------------------------------------------------------------------------------------------------------------------------------------------------------------------------------------------------------------------------------------
| Tool Version : Vivado v.2022.2 (lin64) Build 3671981 Fri Oct 14 04:59:54 MDT 2022
| Date         : Wed Aug 20 01:09:13 2025
| Host         : acclnode01 running 64-bit Ubuntu 20.04.6 LTS
| Command      : report_accelerator_utilization -kernels { datamover_outerloop_0:level0_i/ulp/datamover_outerloop_0_1/inst:datamover_outerloop_0_1 kernel_outerloop_0:level0_i/ulp/kernel_outerloop_0_1/inst:kernel_outerloop_0_1 kernel_outerloop_0:level0_i/ulp/kernel_outerloop_0_2/inst:kernel_outerloop_0_2 kernel_outerloop_0:level0_i/ulp/kernel_outerloop_0_3/inst:kernel_outerloop_0_3} -file kernel_util_synthed.rpt -name kernel_util_synthed -json
| Design       : level0_wrapper
| Device       : xcu280
| Design State : Synthesized
---------------------------------------------------------------------------------------------------------------------------------------------------------------------------------------------------------------------------------------------------------------------------------------------------------------------------------------------------------------------------------------------------------------------------------------------------------------

Accelerator Utilization Design Information

Table of Contents
-----------------
1. System Utilization

1. System Utilization
---------------------

+----------------------------+-------------------+------------------+-------------------+----------------+---------------+----------------+
| Name                       | LUT               | LUTAsMem         | REG               | BRAM           | URAM          | DSP            |
+----------------------------+-------------------+------------------+-------------------+----------------+---------------+----------------+
| Platform                   |  139052 [ 10.67%] |  10948 [  1.82%] |  172926 [  6.63%] |  233 [ 11.56%] |   0 [  0.00%] |    4 [  0.04%] |
| User Budget                | 1164628 [100.00%] | 590012 [100.00%] | 2434434 [100.00%] | 1783 [100.00%] | 960 [100.00%] | 9020 [100.00%] |
|    Used Resources          |  800897 [ 68.77%] | 105410 [ 17.87%] | 1194539 [ 49.07%] |  679 [ 38.08%] |   0 [  0.00%] | 5352 [ 59.33%] |
|    Unused Resources        |  363731 [ 31.23%] | 484602 [ 82.13%] | 1239895 [ 50.93%] | 1104 [ 61.92%] | 960 [100.00%] | 3668 [ 40.67%] |
| datamover_outerloop_0      |   11240 [  0.97%] |   3656 [  0.62%] |   16331 [  0.67%] |   31 [  1.74%] |   0 [  0.00%] |    3 [  0.03%] |
|    datamover_outerloop_0_1 |   11240 [  0.97%] |   3656 [  0.62%] |   16331 [  0.67%] |   31 [  1.74%] |   0 [  0.00%] |    3 [  0.03%] |
| kernel_outerloop_0         |  789657 [ 67.80%] | 101754 [ 17.25%] | 1178208 [ 48.40%] |  648 [ 36.34%] |   0 [  0.00%] | 5349 [ 59.30%] |
|    kernel_outerloop_0_1    |  263219 [ 22.60%] |  33918 [  5.75%] |  392736 [ 16.13%] |  216 [ 12.11%] |   0 [  0.00%] | 1783 [ 19.77%] |
|    kernel_outerloop_0_2    |  263219 [ 22.60%] |  33918 [  5.75%] |  392736 [ 16.13%] |  216 [ 12.11%] |   0 [  0.00%] | 1783 [ 19.77%] |
|    kernel_outerloop_0_3    |  263219 [ 22.60%] |  33918 [  5.75%] |  392736 [ 16.13%] |  216 [ 12.11%] |   0 [  0.00%] | 1783 [ 19.77%] |
+----------------------------+-------------------+------------------+-------------------+----------------+---------------+----------------+


