Copyright 1986-2022 Xilinx, Inc. All Rights Reserved.
-----------------------------------------------------------------------------------------------------------------------------------------------------------------------------------------------------------------------------------------------------------------------------------------------------------------
| Tool Version : Vivado v.2022.1 (lin64) Build 3526262 Mon Apr 18 15:47:01 MDT 2022
| Date         : Fri Aug  1 23:55:43 2025
| Host         : acclnode02 running 64-bit Ubuntu 20.04.6 LTS
| Command      : report_accelerator_utilization -kernels { kernel_Read_Write:top_i/ulp/kernel_Read_Write_1/inst:kernel_Read_Write_1 kernel_SLR2:top_i/ulp/kernel_SLR2_1/inst:kernel_SLR2_1 kernel_SLR2:top_i/ulp/kernel_SLR2_2/inst:kernel_SLR2_2} -file kernel_util_synthed.rpt -name kernel_util_synthed -json
| Design       : top_wrapper
| Device       : xcvc1902
| Design State : Synthesized
-----------------------------------------------------------------------------------------------------------------------------------------------------------------------------------------------------------------------------------------------------------------------------------------------------------------

Accelerator Utilization Design Information

Table of Contents
-----------------
1. System Utilization

1. System Utilization
---------------------

+------------------------+-------------------+------------------+------------------+---------------+---------------+
| Name                   | REG               | LUT              | LUTAsMem         | BRAM          | URAM          |
+------------------------+-------------------+------------------+------------------+---------------+---------------+
| Platform               |   31968 [  1.78%] |  22757 [  2.53%] |   2154 [  0.48%] |  32 [  3.31%] |   0 [  0.00%] |
| User Budget            | 1767712 [100.00%] | 877083 [100.00%] | 447766 [100.00%] | 935 [100.00%] | 463 [100.00%] |
|    Used Resources      |  205159 [ 11.61%] | 119639 [ 13.64%] |  35640 [  7.96%] | 331 [ 35.40%] | 302 [ 65.23%] |
|    Unused Resources    | 1562553 [ 88.39%] | 757444 [ 86.36%] | 412126 [ 92.04%] | 604 [ 64.60%] | 161 [ 34.77%] |
| kernel_Read_Write      |   11757 [  0.67%] |  19067 [  2.17%] |  10516 [  2.35%] | 147 [ 15.72%] |   0 [  0.00%] |
|    kernel_Read_Write_1 |   11757 [  0.67%] |  19067 [  2.17%] |  10516 [  2.35%] | 147 [ 15.72%] |   0 [  0.00%] |
| kernel_SLR2            |  193402 [ 10.94%] | 100572 [ 11.47%] |  25124 [  5.61%] | 184 [ 19.68%] | 302 [ 65.23%] |
|    kernel_SLR2_1       |   96701 [  5.47%] |  50286 [  5.73%] |  12562 [  2.81%] |  92 [  9.84%] | 151 [ 32.61%] |
|    kernel_SLR2_2       |   96701 [  5.47%] |  50286 [  5.73%] |  12562 [  2.81%] |  92 [  9.84%] | 151 [ 32.61%] |
+------------------------+-------------------+------------------+------------------+---------------+---------------+


