Copyright 1986-2022 Xilinx, Inc. All Rights Reserved.
---------------------------------------------------------------------------------------------------------------------------------------------------------------------------------------------------------------------------------------------------------------------------------------------------------------
| Tool Version : Vivado v.2022.1 (lin64) Build 3526262 Mon Apr 18 15:47:01 MDT 2022
| Date         : Sat Aug  2 00:32:14 2025
| Host         : acclnode02 running 64-bit Ubuntu 20.04.6 LTS
| Command      : report_accelerator_utilization -kernels { kernel_Read_Write:top_i/ulp/kernel_Read_Write_1/inst:kernel_Read_Write_1 kernel_SLR2:top_i/ulp/kernel_SLR2_1/inst:kernel_SLR2_1 kernel_SLR2:top_i/ulp/kernel_SLR2_2/inst:kernel_SLR2_2} -file kernel_util_placed.rpt -name kernel_util_placed -json
| Design       : top_wrapper
| Device       : xcvc1902
| Design State : Fully Placed
---------------------------------------------------------------------------------------------------------------------------------------------------------------------------------------------------------------------------------------------------------------------------------------------------------------

Accelerator Utilization Design Information

Table of Contents
-----------------
1. System Utilization

1. System Utilization
---------------------

+------------------------+-------------------+------------------+------------------+---------------+---------------+
| Name                   | REG               | LUT              | LUTAsMem         | BRAM          | URAM          |
+------------------------+-------------------+------------------+------------------+---------------+---------------+
| Platform               |   28983 [  1.61%] |  19801 [  2.20%] |   2028 [  0.45%] |  32 [  3.31%] |   0 [  0.00%] |
| User Budget            | 1770697 [100.00%] | 880039 [100.00%] | 447892 [100.00%] | 935 [100.00%] | 463 [100.00%] |
|    Used Resources      |  204639 [ 11.56%] | 102675 [ 11.67%] |  24466 [  5.46%] | 331 [ 35.40%] | 302 [ 65.23%] |
|    Unused Resources    | 1566058 [ 88.44%] | 777364 [ 88.33%] | 423426 [ 94.54%] | 604 [ 64.60%] | 161 [ 34.77%] |
| kernel_Read_Write      |   11822 [  0.67%] |  18876 [  2.14%] |  10426 [  2.33%] | 147 [ 15.72%] |   0 [  0.00%] |
|    kernel_Read_Write_1 |   11822 [  0.67%] |  18876 [  2.14%] |  10426 [  2.33%] | 147 [ 15.72%] |   0 [  0.00%] |
| kernel_SLR2            |  192817 [ 10.89%] |  83799 [  9.52%] |  14040 [  3.13%] | 184 [ 19.68%] | 302 [ 65.23%] |
|    kernel_SLR2_1       |   96412 [  5.44%] |  41861 [  4.76%] |   7020 [  1.57%] |  92 [  9.84%] | 151 [ 32.61%] |
|    kernel_SLR2_2       |   96405 [  5.44%] |  41938 [  4.77%] |   7020 [  1.57%] |  92 [  9.84%] | 151 [ 32.61%] |
+------------------------+-------------------+------------------+------------------+---------------+---------------+


