Copyright 1986-2022 Xilinx, Inc. All Rights Reserved.
-----------------------------------------------------------------------------------------------------------------------------------------------------------------------------------------------------------------------------------------------------------------------------------------------------------------
| Tool Version : Vivado v.2022.2 (lin64) Build 3671981 Fri Oct 14 04:59:54 MDT 2022
| Date         : Sat Aug  2 00:48:32 2025
| Host         : acclnode01 running 64-bit Ubuntu 20.04.6 LTS
| Command      : report_accelerator_utilization -kernels { stencil_SLR0:level0_i/ulp/stencil_SLR0_1/inst:stencil_SLR0_1 stencil_SLR1:level0_i/ulp/stencil_SLR1_1/inst:stencil_SLR1_1 stencil_SLR2:level0_i/ulp/stencil_SLR2_1/inst:stencil_SLR2_1} -file kernel_util_synthed.rpt -name kernel_util_synthed -json
| Design       : level0_wrapper
| Device       : xcu280
| Design State : Synthesized
-----------------------------------------------------------------------------------------------------------------------------------------------------------------------------------------------------------------------------------------------------------------------------------------------------------------

Accelerator Utilization Design Information

Table of Contents
-----------------
1. System Utilization

1. System Utilization
---------------------

+---------------------+-------------------+------------------+-------------------+----------------+---------------+----------------+
| Name                | LUT               | LUTAsMem         | REG               | BRAM           | URAM          | DSP            |
+---------------------+-------------------+------------------+-------------------+----------------+---------------+----------------+
| Platform            |  136334 [ 10.46%] |  10157 [  1.69%] |  168414 [  6.46%] |  197 [  9.77%] |   0 [  0.00%] |    4 [  0.04%] |
| User Budget         | 1167346 [100.00%] | 590803 [100.00%] | 2438946 [100.00%] | 1819 [100.00%] | 960 [100.00%] | 9020 [100.00%] |
|    Used Resources   |  777494 [ 66.60%] |  82846 [ 14.02%] | 1232576 [ 50.54%] |   30 [  1.65%] | 624 [ 65.00%] | 5016 [ 55.61%] |
|    Unused Resources |  389852 [ 33.40%] | 507957 [ 85.98%] | 1206370 [ 49.46%] | 1789 [ 98.35%] | 336 [ 35.00%] | 4004 [ 44.39%] |
| stencil_SLR0        |  262018 [ 22.45%] |  28842 [  4.88%] |  413570 [ 16.96%] |   30 [  1.65%] | 208 [ 21.67%] | 1672 [ 18.54%] |
|    stencil_SLR0_1   |  262018 [ 22.45%] |  28842 [  4.88%] |  413570 [ 16.96%] |   30 [  1.65%] | 208 [ 21.67%] | 1672 [ 18.54%] |
| stencil_SLR1        |  258126 [ 22.11%] |  27050 [  4.58%] |  410389 [ 16.83%] |    0 [  0.00%] | 208 [ 21.67%] | 1672 [ 18.54%] |
|    stencil_SLR1_1   |  258126 [ 22.11%] |  27050 [  4.58%] |  410389 [ 16.83%] |    0 [  0.00%] | 208 [ 21.67%] | 1672 [ 18.54%] |
| stencil_SLR2        |  257350 [ 22.05%] |  26954 [  4.56%] |  408617 [ 16.75%] |    0 [  0.00%] | 208 [ 21.67%] | 1672 [ 18.54%] |
|    stencil_SLR2_1   |  257350 [ 22.05%] |  26954 [  4.56%] |  408617 [ 16.75%] |    0 [  0.00%] | 208 [ 21.67%] | 1672 [ 18.54%] |
+---------------------+-------------------+------------------+-------------------+----------------+---------------+----------------+


