Copyright 1986-2022 Xilinx, Inc. All Rights Reserved.
------------------------------------------------------------------------------------------
| Tool Version : Vivado v.2022.2 (lin64) Build 3671981 Fri Oct 14 04:59:54 MDT 2022
| Date         : Sat Aug  2 06:47:47 2025
| Host         : acclnode01 running 64-bit Ubuntu 20.04.6 LTS
| Command      : report_utilization -slr -file slr_util_routed.rpt -pb slr_util_routed.pb
| Design       : level0_wrapper
| Device       : xcu280-fsvh2892-2L-e
| Speed File   : -2L
| Design State : Routed
------------------------------------------------------------------------------------------

Utilization Design Information

Table of Contents
-----------------
1. SLR Connectivity
2. SLR Connectivity Matrix
3. SLR CLB Logic and Dedicated Block Utilization
4. SLR IO Utilization

1. SLR Connectivity
-------------------

+----------------------------------+-------+-------+-----------+-------+
|                                  |  Used | Fixed | Available | Util% |
+----------------------------------+-------+-------+-----------+-------+
| SLR2 <-> SLR1                    |  5697 |       |     23040 | 24.73 |
|   SLR1 -> SLR2                   |  2875 |       |           | 12.48 |
|     Using TX_REG only            |     0 |     0 |           |       |
|     Using RX_REG only            |     0 |     0 |           |       |
|     Using Both TX_REG and RX_REG |     0 |     0 |           |       |
|   SLR2 -> SLR1                   |  2822 |       |           | 12.25 |
|     Using TX_REG only            |     0 |     0 |           |       |
|     Using RX_REG only            |     0 |     0 |           |       |
|     Using Both TX_REG and RX_REG |     0 |     0 |           |       |
| SLR1 <-> SLR0                    |  7754 |       |     23040 | 33.65 |
|   SLR0 -> SLR1                   |  3589 |       |           | 15.58 |
|     Using TX_REG only            |     0 |     0 |           |       |
|     Using RX_REG only            |     0 |     0 |           |       |
|     Using Both TX_REG and RX_REG |     0 |     0 |           |       |
|   SLR1 -> SLR0                   |  4165 |       |           | 18.08 |
|     Using TX_REG only            |     0 |     0 |           |       |
|     Using RX_REG only            |     0 |     0 |           |       |
|     Using Both TX_REG and RX_REG |     0 |     0 |           |       |
+----------------------------------+-------+-------+-----------+-------+
| Total SLLs Used                  | 13451 |       |           |       |
+----------------------------------+-------+-------+-----------+-------+


2. SLR Connectivity Matrix
--------------------------

+-----------+------+------+------+
| FROM \ TO | SLR2 | SLR1 | SLR0 |
+-----------+------+------+------+
| SLR2      |    0 | 2730 |   92 |
| SLR1      | 2808 |    0 | 4073 |
| SLR0      |   67 | 3522 |    0 |
+-----------+------+------+------+


3. SLR CLB Logic and Dedicated Block Utilization
------------------------------------------------

+----------------------------+--------+--------+--------+--------+--------+--------+
|          Site Type         |  SLR0  |  SLR1  |  SLR2  | SLR0 % | SLR1 % | SLR2 % |
+----------------------------+--------+--------+--------+--------+--------+--------+
| CLB                        |  53253 |  52985 |  50829 |  96.89 |  98.12 |  94.13 |
|   CLBL                     |  27937 |  28351 |  27165 |  95.41 |  96.83 |  92.78 |
|   CLBM                     |  25316 |  24634 |  23664 |  98.58 |  99.65 |  95.73 |
| CLB LUTs                   | 252752 | 279021 | 240258 |  57.49 |  64.59 |  55.62 |
|   LUT as Logic             | 233584 | 261118 | 224717 |  53.13 |  60.44 |  52.02 |
|     using O5 output only   |   1581 |   1266 |    877 |   0.36 |   0.29 |   0.20 |
|     using O6 output only   | 135600 | 154842 | 126107 |  30.84 |  35.84 |  29.19 |
|     using O5 and O6        |  96403 | 105010 |  97733 |  21.93 |  24.31 |  22.62 |
|   LUT as Memory            |  19168 |  17903 |  15541 |   9.33 |   9.05 |   7.86 |
|     LUT as Distributed RAM |   1478 |   3706 |    820 |   0.72 |   1.87 |   0.41 |
|       using O5 output only |      0 |      0 |      0 |   0.00 |   0.00 |   0.00 |
|       using O6 output only |    244 |    386 |      4 |   0.12 |   0.20 |  <0.01 |
|       using O5 and O6      |   1234 |   3320 |    816 |   0.60 |   1.68 |   0.41 |
|     LUT as Shift Register  |  17690 |  14197 |  14721 |   8.61 |   7.18 |   7.44 |
|       using O5 output only |      0 |      0 |      0 |   0.00 |   0.00 |   0.00 |
|       using O6 output only |   3961 |   1149 |   1743 |   1.93 |   0.58 |   0.88 |
|       using O5 and O6      |  13729 |  13048 |  12978 |   6.68 |   6.60 |   6.56 |
| CLB Registers              | 467795 | 485255 | 443834 |  53.20 |  56.16 |  51.37 |
| CARRY8                     |   9986 |  10265 |   9712 |  18.17 |  19.01 |  17.99 |
| F7 Muxes                   |   1526 |   1561 |    437 |   0.69 |   0.72 |   0.20 |
| F8 Muxes                   |    126 |    326 |      0 |   0.11 |   0.30 |   0.00 |
| F9 Muxes                   |      0 |      0 |      0 |   0.00 |   0.00 |   0.00 |
| Block RAM Tile             |     96 |     82 |     50 |  14.29 |  12.20 |   7.44 |
|   RAMB36/FIFO              |     93 |     81 |     50 |  13.84 |  12.05 |   7.44 |
|   RAMB18                   |      6 |      2 |      0 |   0.45 |   0.15 |   0.00 |
| URAM                       |    208 |    208 |    208 |  65.00 |  65.00 |  65.00 |
| DSPs                       |   1672 |   1672 |   1676 |  58.06 |  54.43 |  54.56 |
| Unique Control Sets        |   6890 |   8601 |   6008 |   6.27 |   7.96 |   5.56 |
+----------------------------+--------+--------+--------+--------+--------+--------+
* Note: Available Control Sets based on CLB Registers / 8


4. SLR IO Utilization
---------------------

+-----------+-----------+---------+------------+----------+------------+----------+-----+
| SLR Index | Used IOBs | (%)IOBs | Used IPADs | (%)IPADs | Used OPADs | (%)OPADs | GTs |
+-----------+-----------+---------+------------+----------+------------+----------+-----+
| SLR2      |        15 |    7.21 |          0 |     0.00 |          0 |     0.00 |   0 |
| SLR1      |         0 |    0.00 |          0 |     0.00 |          0 |     0.00 |   0 |
| SLR0      |         1 |    0.48 |          0 |     0.00 |          0 |     0.00 |  16 |
+-----------+-----------+---------+------------+----------+------------+----------+-----+
| Total     |        16 |         |          0 |          |          0 |          |  16 |
+-----------+-----------+---------+------------+----------+------------+----------+-----+


