Copyright 1986-2022 Xilinx, Inc. All Rights Reserved.
---------------------------------------------------------------------------------------------------------------------------------------------------------------------------------------------------------------------------------------------------------------------------------------------------------------
| Tool Version : Vivado v.2022.2 (lin64) Build 3671981 Fri Oct 14 04:59:54 MDT 2022
| Date         : Sat Aug  2 06:45:54 2025
| Host         : acclnode01 running 64-bit Ubuntu 20.04.6 LTS
| Command      : report_accelerator_utilization -kernels { stencil_SLR0:level0_i/ulp/stencil_SLR0_1/inst:stencil_SLR0_1 stencil_SLR1:level0_i/ulp/stencil_SLR1_1/inst:stencil_SLR1_1 stencil_SLR2:level0_i/ulp/stencil_SLR2_1/inst:stencil_SLR2_1} -file kernel_util_routed.rpt -name kernel_util_routed -json
| Design       : level0_wrapper
| Device       : xcu280
| Design State : Routed
---------------------------------------------------------------------------------------------------------------------------------------------------------------------------------------------------------------------------------------------------------------------------------------------------------------

Accelerator Utilization Design Information

Table of Contents
-----------------
1. System Utilization

1. System Utilization
---------------------

+---------------------+-------------------+------------------+-------------------+----------------+---------------+----------------+
| Name                | LUT               | LUTAsMem         | REG               | BRAM           | URAM          | DSP            |
+---------------------+-------------------+------------------+-------------------+----------------+---------------+----------------+
| Platform            |  121957 [  9.35%] |   8737 [  1.45%] |  166593 [  6.39%] |  197 [  9.77%] |   0 [  0.00%] |    4 [  0.04%] |
| User Budget         | 1181723 [100.00%] | 592223 [100.00%] | 2440767 [100.00%] | 1819 [100.00%] | 960 [100.00%] | 9020 [100.00%] |
|    Used Resources   |  650149 [ 55.02%] |  43875 [  7.41%] | 1230291 [ 50.41%] |   30 [  1.65%] | 624 [ 65.00%] | 5016 [ 55.61%] |
|    Unused Resources |  531574 [ 44.98%] | 548348 [ 92.59%] | 1210476 [ 49.59%] | 1789 [ 98.35%] | 336 [ 35.00%] | 4004 [ 44.39%] |
| stencil_SLR0        |  220196 [ 18.63%] |  15807 [  2.67%] |  412772 [ 16.91%] |   30 [  1.65%] | 208 [ 21.67%] | 1672 [ 18.54%] |
|    stencil_SLR0_1   |  220196 [ 18.63%] |  15807 [  2.67%] |  412772 [ 16.91%] |   30 [  1.65%] | 208 [ 21.67%] | 1672 [ 18.54%] |
| stencil_SLR1        |  215871 [ 18.27%] |  14058 [  2.37%] |  409640 [ 16.78%] |    0 [  0.00%] | 208 [ 21.67%] | 1672 [ 18.54%] |
|    stencil_SLR1_1   |  215871 [ 18.27%] |  14058 [  2.37%] |  409640 [ 16.78%] |    0 [  0.00%] | 208 [ 21.67%] | 1672 [ 18.54%] |
| stencil_SLR2        |  214082 [ 18.12%] |  14010 [  2.37%] |  407879 [ 16.71%] |    0 [  0.00%] | 208 [ 21.67%] | 1672 [ 18.54%] |
|    stencil_SLR2_1   |  214082 [ 18.12%] |  14010 [  2.37%] |  407879 [ 16.71%] |    0 [  0.00%] | 208 [ 21.67%] | 1672 [ 18.54%] |
+---------------------+-------------------+------------------+-------------------+----------------+---------------+----------------+


