Copyright 1986-2022 Xilinx, Inc. All Rights Reserved.
-----------------------------------------------------------------------------------------------------------------------------------------------------------------------------------------------------------------------------------------------------------------------------------------
| Tool Version : Vivado v.2022.1 (lin64) Build 3526262 Mon Apr 18 15:47:01 MDT 2022
| Date         : Wed Apr 23 04:22:49 2025
| Host         : acclnode02 running 64-bit Ubuntu 20.04.6 LTS
| Command      : report_accelerator_utilization -kernels { datamover_outerloop_0:top_i/ulp/datamover_outerloop_0_1/inst:datamover_outerloop_0_1 kernel_outerloop_0:top_i/ulp/kernel_outerloop_0_1/inst:kernel_outerloop_0_1} -file kernel_util_placed.rpt -name kernel_util_placed -json
| Design       : top_wrapper
| Device       : xcvc1902
| Design State : Fully Placed
-----------------------------------------------------------------------------------------------------------------------------------------------------------------------------------------------------------------------------------------------------------------------------------------

Accelerator Utilization Design Information

Table of Contents
-----------------
1. System Utilization

1. System Utilization
---------------------

+----------------------------+-------------------+------------------+------------------+---------------+---------------+
| Name                       | REG               | LUT              | LUTAsMem         | BRAM          | URAM          |
+----------------------------+-------------------+------------------+------------------+---------------+---------------+
| Platform                   |   29268 [  1.63%] |  19859 [  2.21%] |   2028 [  0.45%] |  32 [  3.31%] |  30 [  6.48%] |
| User Budget                | 1770412 [100.00%] | 879981 [100.00%] | 447892 [100.00%] | 935 [100.00%] | 433 [100.00%] |
|    Used Resources          |  267256 [ 15.10%] |  97850 [ 11.12%] |  17556 [  3.92%] | 463 [ 49.52%] |   0 [  0.00%] |
|    Unused Resources        | 1503156 [ 84.90%] | 782131 [ 88.88%] | 430336 [ 96.08%] | 472 [ 50.48%] | 433 [100.00%] |
| datamover_outerloop_0      |   15498 [  0.88%] |   7393 [  0.84%] |   1800 [  0.40%] |  15 [  1.60%] |   0 [  0.00%] |
|    datamover_outerloop_0_1 |   15498 [  0.88%] |   7393 [  0.84%] |   1800 [  0.40%] |  15 [  1.60%] |   0 [  0.00%] |
| kernel_outerloop_0         |  251758 [ 14.22%] |  90457 [ 10.28%] |  15756 [  3.52%] | 448 [ 47.91%] |   0 [  0.00%] |
|    kernel_outerloop_0_1    |  251758 [ 14.22%] |  90457 [ 10.28%] |  15756 [  3.52%] | 448 [ 47.91%] |   0 [  0.00%] |
+----------------------------+-------------------+------------------+------------------+---------------+---------------+


