Copyright 1986-2022 Xilinx, Inc. All Rights Reserved.
----------------------------------------------------------------------------------------------------------------------------------------------------------------------------------------------------------------------------------------------------------------
| Tool Version : Vivado v.2022.1 (lin64) Build 3526262 Mon Apr 18 15:47:01 MDT 2022
| Date         : Fri Aug  1 23:51:32 2025
| Host         : acclnode02 running 64-bit Ubuntu 20.04.6 LTS
| Command      : report_accelerator_utilization -kernels { stencil_Read_Write:top_i/ulp/stencil_Read_Write_1/inst:stencil_Read_Write_1 stencil_SLR0:top_i/ulp/stencil_SLR0_1/inst:stencil_SLR0_1} -file kernel_util_synthed.rpt -name kernel_util_synthed -json
| Design       : top_wrapper
| Device       : xcvc1902
| Design State : Synthesized
----------------------------------------------------------------------------------------------------------------------------------------------------------------------------------------------------------------------------------------------------------------

Accelerator Utilization Design Information

Table of Contents
-----------------
1. System Utilization

1. System Utilization
---------------------

+-------------------------+-------------------+------------------+------------------+---------------+---------------+
| Name                    | REG               | LUT              | LUTAsMem         | BRAM          | URAM          |
+-------------------------+-------------------+------------------+------------------+---------------+---------------+
| Platform                |   30885 [  1.72%] |  22617 [  2.51%] |   2154 [  0.48%] |  32 [  3.31%] |   0 [  0.00%] |
| User Budget             | 1768795 [100.00%] | 877223 [100.00%] | 447766 [100.00%] | 935 [100.00%] | 463 [100.00%] |
|    Used Resources       |  129885 [  7.34%] |  44143 [  5.03%] |   5618 [  1.25%] | 142 [ 15.19%] | 420 [ 90.71%] |
|    Unused Resources     | 1638910 [ 92.66%] | 833080 [ 94.97%] | 442148 [ 98.75%] | 793 [ 84.81%] |  43 [  9.29%] |
| stencil_Read_Write      |    7992 [  0.45%] |   5956 [  0.68%] |   1884 [  0.42%] |  30 [  3.21%] |   0 [  0.00%] |
|    stencil_Read_Write_1 |    7992 [  0.45%] |   5956 [  0.68%] |   1884 [  0.42%] |  30 [  3.21%] |   0 [  0.00%] |
| stencil_SLR0            |  121893 [  6.89%] |  38187 [  4.35%] |   3734 [  0.83%] | 112 [ 11.98%] | 420 [ 90.71%] |
|    stencil_SLR0_1       |  121893 [  6.89%] |  38187 [  4.35%] |   3734 [  0.83%] | 112 [ 11.98%] | 420 [ 90.71%] |
+-------------------------+-------------------+------------------+------------------+---------------+---------------+


