Copyright 1986-2022 Xilinx, Inc. All Rights Reserved.
--------------------------------------------------------------------------------------------------------------------------------------------------------------------------------------------------------------------------------------------------------------
| Tool Version : Vivado v.2022.1 (lin64) Build 3526262 Mon Apr 18 15:47:01 MDT 2022
| Date         : Sat Aug  2 00:47:30 2025
| Host         : acclnode02 running 64-bit Ubuntu 20.04.6 LTS
| Command      : report_accelerator_utilization -kernels { stencil_Read_Write:top_i/ulp/stencil_Read_Write_1/inst:stencil_Read_Write_1 stencil_SLR0:top_i/ulp/stencil_SLR0_1/inst:stencil_SLR0_1} -file kernel_util_routed.rpt -name kernel_util_routed -json
| Design       : top_wrapper
| Device       : xcvc1902
| Design State : Fully Placed
--------------------------------------------------------------------------------------------------------------------------------------------------------------------------------------------------------------------------------------------------------------

Accelerator Utilization Design Information

Table of Contents
-----------------
1. System Utilization

1. System Utilization
---------------------

+-------------------------+-------------------+------------------+------------------+---------------+---------------+
| Name                    | REG               | LUT              | LUTAsMem         | BRAM          | URAM          |
+-------------------------+-------------------+------------------+------------------+---------------+---------------+
| Platform                |   28603 [  1.59%] |  19714 [  2.19%] |   2028 [  0.45%] |  32 [  3.31%] |   0 [  0.00%] |
| User Budget             | 1771077 [100.00%] | 880126 [100.00%] | 447892 [100.00%] | 935 [100.00%] | 463 [100.00%] |
|    Used Resources       |  129801 [  7.33%] |  42994 [  4.88%] |   3673 [  0.82%] | 142 [ 15.19%] | 420 [ 90.71%] |
|    Unused Resources     | 1641276 [ 92.67%] | 837132 [ 95.12%] | 444219 [ 99.18%] | 793 [ 84.81%] |  43 [  9.29%] |
| stencil_Read_Write      |    8069 [  0.46%] |   5870 [  0.67%] |   1795 [  0.40%] |  30 [  3.21%] |   0 [  0.00%] |
|    stencil_Read_Write_1 |    8069 [  0.46%] |   5870 [  0.67%] |   1795 [  0.40%] |  30 [  3.21%] |   0 [  0.00%] |
| stencil_SLR0            |  121732 [  6.87%] |  37124 [  4.22%] |   1878 [  0.42%] | 112 [ 11.98%] | 420 [ 90.71%] |
|    stencil_SLR0_1       |  121732 [  6.87%] |  37124 [  4.22%] |   1878 [  0.42%] | 112 [ 11.98%] | 420 [ 90.71%] |
+-------------------------+-------------------+------------------+------------------+---------------+---------------+


