Copyright 1986-2022 Xilinx, Inc. All Rights Reserved.
---------------------------------------------------------------------------------------------------------------------------------------------------------------------------------------------------------------------------------------------------------------------------------------------------------------------------------------------------------------------------------------------------------------------------------------------------------------
| Tool Version : Vivado v.2022.2 (lin64) Build 3671981 Fri Oct 14 04:59:54 MDT 2022
| Date         : Thu May 15 14:24:46 2025
| Host         : acclnode01 running 64-bit Ubuntu 20.04.6 LTS
| Command      : report_accelerator_utilization -kernels { datamover_outerloop_0:level0_i/ulp/datamover_outerloop_0_1/inst:datamover_outerloop_0_1 kernel_outerloop_0:level0_i/ulp/kernel_outerloop_0_1/inst:kernel_outerloop_0_1 kernel_outerloop_0:level0_i/ulp/kernel_outerloop_0_2/inst:kernel_outerloop_0_2 kernel_outerloop_0:level0_i/ulp/kernel_outerloop_0_3/inst:kernel_outerloop_0_3} -file kernel_util_synthed.rpt -name kernel_util_synthed -json
| Design       : level0_wrapper
| Device       : xcu280
| Design State : Synthesized
---------------------------------------------------------------------------------------------------------------------------------------------------------------------------------------------------------------------------------------------------------------------------------------------------------------------------------------------------------------------------------------------------------------------------------------------------------------

Accelerator Utilization Design Information

Table of Contents
-----------------
1. System Utilization

1. System Utilization
---------------------

+----------------------------+-------------------+------------------+-------------------+----------------+---------------+----------------+
| Name                       | LUT               | LUTAsMem         | REG               | BRAM           | URAM          | DSP            |
+----------------------------+-------------------+------------------+-------------------+----------------+---------------+----------------+
| Platform                   |  137085 [ 10.52%] |  10160 [  1.69%] |  171666 [  6.58%] |  197 [  9.77%] |  20 [  2.08%] |    4 [  0.04%] |
| User Budget                | 1166595 [100.00%] | 590800 [100.00%] | 2435694 [100.00%] | 1819 [100.00%] | 940 [100.00%] | 9020 [100.00%] |
|    Used Resources          |  466303 [ 39.97%] |  15131 [  2.56%] |  785786 [ 32.26%] |  195 [ 10.72%] |  84 [  8.94%] | 7267 [ 80.57%] |
|    Unused Resources        |  700292 [ 60.03%] | 575669 [ 97.44%] | 1649908 [ 67.74%] | 1624 [ 89.28%] | 856 [ 91.06%] | 1753 [ 19.43%] |
| datamover_outerloop_0      |    8089 [  0.69%] |   1889 [  0.32%] |   14075 [  0.58%] |   15 [  0.82%] |   0 [  0.00%] |    1 [  0.01%] |
|    datamover_outerloop_0_1 |    8089 [  0.69%] |   1889 [  0.32%] |   14075 [  0.58%] |   15 [  0.82%] |   0 [  0.00%] |    1 [  0.01%] |
| kernel_outerloop_0         |  458214 [ 39.28%] |  13242 [  2.24%] |  771711 [ 31.68%] |  180 [  9.90%] |  84 [  8.94%] | 7266 [ 80.55%] |
|    kernel_outerloop_0_1    |  152738 [ 13.09%] |   4414 [  0.75%] |  257237 [ 10.56%] |   60 [  3.30%] |  28 [  2.98%] | 2422 [ 26.85%] |
|    kernel_outerloop_0_2    |  152738 [ 13.09%] |   4414 [  0.75%] |  257237 [ 10.56%] |   60 [  3.30%] |  28 [  2.98%] | 2422 [ 26.85%] |
|    kernel_outerloop_0_3    |  152738 [ 13.09%] |   4414 [  0.75%] |  257237 [ 10.56%] |   60 [  3.30%] |  28 [  2.98%] | 2422 [ 26.85%] |
+----------------------------+-------------------+------------------+-------------------+----------------+---------------+----------------+


