Copyright 1986-2022 Xilinx, Inc. All Rights Reserved.
-------------------------------------------------------------------------------------------------------------------------------------------------------------------------------------------------------------------------------------------------------------------------------------------
| Tool Version : Vivado v.2022.1 (lin64) Build 3526262 Mon Apr 18 15:47:01 MDT 2022
| Date         : Thu Apr 24 05:18:13 2025
| Host         : acclnode02 running 64-bit Ubuntu 20.04.6 LTS
| Command      : report_accelerator_utilization -kernels { datamover_outerloop_0:top_i/ulp/datamover_outerloop_0_1/inst:datamover_outerloop_0_1 kernel_outerloop_0:top_i/ulp/kernel_outerloop_0_1/inst:kernel_outerloop_0_1} -file kernel_util_synthed.rpt -name kernel_util_synthed -json
| Design       : top_wrapper
| Device       : xcvc1902
| Design State : Synthesized
-------------------------------------------------------------------------------------------------------------------------------------------------------------------------------------------------------------------------------------------------------------------------------------------

Accelerator Utilization Design Information

Table of Contents
-----------------
1. System Utilization

1. System Utilization
---------------------

+----------------------------+-------------------+------------------+------------------+---------------+---------------+
| Name                       | REG               | LUT              | LUTAsMem         | BRAM          | URAM          |
+----------------------------+-------------------+------------------+------------------+---------------+---------------+
| Platform                   |   31651 [  1.76%] |  22751 [  2.53%] |   2154 [  0.48%] |  32 [  3.31%] |  10 [  2.16%] |
| User Budget                | 1768029 [100.00%] | 877089 [100.00%] | 447766 [100.00%] | 935 [100.00%] | 453 [100.00%] |
|    Used Resources          |  263419 [ 14.90%] | 105888 [ 12.07%] |  34567 [  7.72%] | 575 [ 61.50%] |   0 [  0.00%] |
|    Unused Resources        | 1504610 [ 85.10%] | 771201 [ 87.93%] | 413199 [ 92.28%] | 360 [ 38.50%] | 453 [100.00%] |
| datamover_outerloop_0      |   17870 [  1.01%] |   9708 [  1.11%] |   2499 [  0.56%] |  31 [  3.32%] |   0 [  0.00%] |
|    datamover_outerloop_0_1 |   17870 [  1.01%] |   9708 [  1.11%] |   2499 [  0.56%] |  31 [  3.32%] |   0 [  0.00%] |
| kernel_outerloop_0         |  245549 [ 13.89%] |  96180 [ 10.97%] |  32068 [  7.16%] | 544 [ 58.18%] |   0 [  0.00%] |
|    kernel_outerloop_0_1    |  245549 [ 13.89%] |  96180 [ 10.97%] |  32068 [  7.16%] | 544 [ 58.18%] |   0 [  0.00%] |
+----------------------------+-------------------+------------------+------------------+---------------+---------------+


