Copyright 1986-2022 Xilinx, Inc. All Rights Reserved.
-------------------------------------------------------------------------------------------------------------------------------------------------------------------------------------------------------------------------------------------------------------------------------------------------------------------------------------------------------------------------------------------------------------------------------------------------------------
| Tool Version : Vivado v.2022.2 (lin64) Build 3671981 Fri Oct 14 04:59:54 MDT 2022
| Date         : Fri Aug 15 19:47:20 2025
| Host         : acclnode01 running 64-bit Ubuntu 20.04.6 LTS
| Command      : report_accelerator_utilization -kernels { datamover_outerloop_0:level0_i/ulp/datamover_outerloop_0_1/inst:datamover_outerloop_0_1 kernel_outerloop_0:level0_i/ulp/kernel_outerloop_0_1/inst:kernel_outerloop_0_1 kernel_outerloop_0:level0_i/ulp/kernel_outerloop_0_2/inst:kernel_outerloop_0_2 kernel_outerloop_0:level0_i/ulp/kernel_outerloop_0_3/inst:kernel_outerloop_0_3} -file kernel_util_routed.rpt -name kernel_util_routed -json
| Design       : level0_wrapper
| Device       : xcu280
| Design State : Routed
-------------------------------------------------------------------------------------------------------------------------------------------------------------------------------------------------------------------------------------------------------------------------------------------------------------------------------------------------------------------------------------------------------------------------------------------------------------

Accelerator Utilization Design Information

Table of Contents
-----------------
1. System Utilization

1. System Utilization
---------------------

+----------------------------+-------------------+------------------+-------------------+----------------+---------------+----------------+
| Name                       | LUT               | LUTAsMem         | REG               | BRAM           | URAM          | DSP            |
+----------------------------+-------------------+------------------+-------------------+----------------+---------------+----------------+
| Platform                   |  122399 [  9.39%] |   8740 [  1.45%] |  168434 [  6.46%] |  197 [  9.77%] |  16 [  1.67%] |    4 [  0.04%] |
| User Budget                | 1181281 [100.00%] | 592220 [100.00%] | 2438926 [100.00%] | 1819 [100.00%] | 944 [100.00%] | 9020 [100.00%] |
|    Used Resources          |  373153 [ 31.59%] |  27720 [  4.68%] |  665029 [ 27.27%] |  195 [ 10.72%] |  84 [  8.90%] | 7272 [ 80.62%] |
|    Unused Resources        |  808128 [ 68.41%] | 564500 [ 95.32%] | 1773897 [ 72.73%] | 1624 [ 89.28%] | 860 [ 91.10%] | 1748 [ 19.38%] |
| datamover_outerloop_0      |    7887 [  0.67%] |   1797 [  0.30%] |   14044 [  0.58%] |   15 [  0.82%] |   0 [  0.00%] |    3 [  0.03%] |
|    datamover_outerloop_0_1 |    7887 [  0.67%] |   1797 [  0.30%] |   14044 [  0.58%] |   15 [  0.82%] |   0 [  0.00%] |    3 [  0.03%] |
| kernel_outerloop_0         |  365266 [ 30.92%] |  25923 [  4.38%] |  650985 [ 26.69%] |  180 [  9.90%] |  84 [  8.90%] | 7269 [ 80.59%] |
|    kernel_outerloop_0_1    |  121936 [ 10.32%] |   8641 [  1.46%] |  217158 [  8.90%] |   60 [  3.30%] |  28 [  2.97%] | 2423 [ 26.86%] |
|    kernel_outerloop_0_2    |  122011 [ 10.33%] |   8641 [  1.46%] |  216943 [  8.90%] |   60 [  3.30%] |  28 [  2.97%] | 2423 [ 26.86%] |
|    kernel_outerloop_0_3    |  121319 [ 10.27%] |   8641 [  1.46%] |  216884 [  8.89%] |   60 [  3.30%] |  28 [  2.97%] | 2423 [ 26.86%] |
+----------------------------+-------------------+------------------+-------------------+----------------+---------------+----------------+


