Copyright 1986-2022 Xilinx, Inc. All Rights Reserved.
------------------------------------------------------------------------------------------
| Tool Version : Vivado v.2022.2 (lin64) Build 3671981 Fri Oct 14 04:59:54 MDT 2022
| Date         : Thu May 15 18:58:31 2025
| Host         : acclnode01 running 64-bit Ubuntu 20.04.6 LTS
| Command      : report_utilization -slr -file slr_util_routed.rpt -pb slr_util_routed.pb
| Design       : level0_wrapper
| Device       : xcu280-fsvh2892-2L-e
| Speed File   : -2L
| Design State : Routed
------------------------------------------------------------------------------------------

Utilization Design Information

Table of Contents
-----------------
1. SLR Connectivity
2. SLR Connectivity Matrix
3. SLR CLB Logic and Dedicated Block Utilization
4. SLR IO Utilization

1. SLR Connectivity
-------------------

+----------------------------------+-------+-------+-----------+-------+
|                                  |  Used | Fixed | Available | Util% |
+----------------------------------+-------+-------+-----------+-------+
| SLR2 <-> SLR1                    |  5716 |       |     23040 | 24.81 |
|   SLR1 -> SLR2                   |  2893 |       |           | 12.56 |
|     Using TX_REG only            |     0 |     0 |           |       |
|     Using RX_REG only            |     0 |     0 |           |       |
|     Using Both TX_REG and RX_REG |     0 |     0 |           |       |
|   SLR2 -> SLR1                   |  2823 |       |           | 12.25 |
|     Using TX_REG only            |     0 |     0 |           |       |
|     Using RX_REG only            |     0 |     0 |           |       |
|     Using Both TX_REG and RX_REG |     0 |     0 |           |       |
| SLR1 <-> SLR0                    |  8983 |       |     23040 | 38.99 |
|   SLR0 -> SLR1                   |  4137 |       |           | 17.96 |
|     Using TX_REG only            |     0 |     0 |           |       |
|     Using RX_REG only            |     0 |     0 |           |       |
|     Using Both TX_REG and RX_REG |     0 |     0 |           |       |
|   SLR1 -> SLR0                   |  4846 |       |           | 21.03 |
|     Using TX_REG only            |     0 |     0 |           |       |
|     Using RX_REG only            |     0 |     0 |           |       |
|     Using Both TX_REG and RX_REG |     0 |     0 |           |       |
+----------------------------------+-------+-------+-----------+-------+
| Total SLLs Used                  | 14699 |       |           |       |
+----------------------------------+-------+-------+-----------+-------+


2. SLR Connectivity Matrix
--------------------------

+-----------+------+------+------+
| FROM \ TO | SLR2 | SLR1 | SLR0 |
+-----------+------+------+------+
| SLR2      |    0 | 2674 |  149 |
| SLR1      | 2824 |    0 | 4697 |
| SLR0      |   69 | 4068 |    0 |
+-----------+------+------+------+


3. SLR CLB Logic and Dedicated Block Utilization
------------------------------------------------

+----------------------------+--------+--------+--------+--------+--------+--------+
|          Site Type         |  SLR0  |  SLR1  |  SLR2  | SLR0 % | SLR1 % | SLR2 % |
+----------------------------+--------+--------+--------+--------+--------+--------+
| CLB                        |  46970 |  47582 |  44682 |  85.46 |  88.11 |  82.74 |
|   CLBL                     |  24339 |  25043 |  23632 |  83.13 |  85.53 |  80.71 |
|   CLBM                     |  22631 |  22539 |  21050 |  88.13 |  91.18 |  85.15 |
| CLB LUTs                   | 173026 | 201632 | 161940 |  39.35 |  46.67 |  37.49 |
|   LUT as Logic             | 165636 | 192004 | 156403 |  37.67 |  44.45 |  36.20 |
|     using O5 output only   |   2032 |   1714 |   1342 |   0.46 |   0.40 |   0.31 |
|     using O6 output only   | 100562 | 117231 |  92749 |  22.87 |  27.14 |  21.47 |
|     using O5 and O6        |  63042 |  73059 |  62312 |  14.34 |  16.91 |  14.42 |
|   LUT as Memory            |   7390 |   9628 |   5537 |   3.60 |   4.87 |   2.80 |
|     LUT as Distributed RAM |   1478 |   3706 |    820 |   0.72 |   1.87 |   0.41 |
|       using O5 output only |      0 |      0 |      0 |   0.00 |   0.00 |   0.00 |
|       using O6 output only |    244 |    386 |      4 |   0.12 |   0.20 |  <0.01 |
|       using O5 and O6      |   1234 |   3320 |    816 |   0.60 |   1.68 |   0.41 |
|     LUT as Shift Register  |   5912 |   5922 |   4717 |   2.88 |   2.99 |   2.39 |
|       using O5 output only |      0 |      0 |      0 |   0.00 |   0.00 |   0.00 |
|       using O6 output only |   4797 |   5389 |   4280 |   2.33 |   2.73 |   2.16 |
|       using O5 and O6      |   1115 |    533 |    437 |   0.54 |   0.27 |   0.22 |
| CLB Registers              | 318806 | 340466 | 292239 |  36.25 |  39.41 |  33.82 |
| CARRY8                     |   6413 |   6760 |   6143 |  11.67 |  12.52 |  11.38 |
| F7 Muxes                   |   1227 |   1874 |    441 |   0.56 |   0.87 |   0.20 |
| F8 Muxes                   |    133 |    321 |      1 |   0.12 |   0.30 |  <0.01 |
| F9 Muxes                   |      0 |      0 |      0 |   0.00 |   0.00 |   0.00 |
| Block RAM Tile             |  125.5 |  157.5 |    110 |  18.68 |  23.44 |  16.37 |
|   RAMB36/FIFO              |    124 |    156 |    110 |  18.45 |  23.21 |  16.37 |
|   RAMB18                   |      3 |      3 |      0 |   0.22 |   0.22 |   0.00 |
| URAM                       |     28 |     44 |     28 |   8.75 |  13.75 |   8.75 |
| DSPs                       |   2422 |   2423 |   2426 |  84.10 |  78.87 |  78.97 |
| Unique Control Sets        |   5471 |   6686 |   4476 |   4.98 |   6.19 |   4.14 |
+----------------------------+--------+--------+--------+--------+--------+--------+
* Note: Available Control Sets based on CLB Registers / 8


4. SLR IO Utilization
---------------------

+-----------+-----------+---------+------------+----------+------------+----------+-----+
| SLR Index | Used IOBs | (%)IOBs | Used IPADs | (%)IPADs | Used OPADs | (%)OPADs | GTs |
+-----------+-----------+---------+------------+----------+------------+----------+-----+
| SLR2      |        15 |    7.21 |          0 |     0.00 |          0 |     0.00 |   0 |
| SLR1      |         0 |    0.00 |          0 |     0.00 |          0 |     0.00 |   0 |
| SLR0      |         1 |    0.48 |          0 |     0.00 |          0 |     0.00 |  16 |
+-----------+-----------+---------+------------+----------+------------+----------+-----+
| Total     |        16 |         |          0 |          |          0 |          |  16 |
+-----------+-----------+---------+------------+----------+------------+----------+-----+


