Copyright 1986-2022 Xilinx, Inc. All Rights Reserved.
---------------------------------------------------------------------------------------------------------------------------------------------------------------------------------------------------------------------------------------------------------------------------------------------------------------------------------------------------------------------------------------------------------------------------------------------------------------
| Tool Version : Vivado v.2022.2 (lin64) Build 3671981 Fri Oct 14 04:59:54 MDT 2022
| Date         : Fri Aug 15 15:41:16 2025
| Host         : acclnode01 running 64-bit Ubuntu 20.04.6 LTS
| Command      : report_accelerator_utilization -kernels { datamover_outerloop_0:level0_i/ulp/datamover_outerloop_0_1/inst:datamover_outerloop_0_1 kernel_outerloop_0:level0_i/ulp/kernel_outerloop_0_1/inst:kernel_outerloop_0_1 kernel_outerloop_0:level0_i/ulp/kernel_outerloop_0_2/inst:kernel_outerloop_0_2 kernel_outerloop_0:level0_i/ulp/kernel_outerloop_0_3/inst:kernel_outerloop_0_3} -file kernel_util_synthed.rpt -name kernel_util_synthed -json
| Design       : level0_wrapper
| Device       : xcu280
| Design State : Synthesized
---------------------------------------------------------------------------------------------------------------------------------------------------------------------------------------------------------------------------------------------------------------------------------------------------------------------------------------------------------------------------------------------------------------------------------------------------------------

Accelerator Utilization Design Information

Table of Contents
-----------------
1. System Utilization

1. System Utilization
---------------------

+----------------------------+-------------------+------------------+-------------------+----------------+---------------+----------------+
| Name                       | LUT               | LUTAsMem         | REG               | BRAM           | URAM          | DSP            |
+----------------------------+-------------------+------------------+-------------------+----------------+---------------+----------------+
| Platform                   |  137085 [ 10.52%] |  10160 [  1.69%] |  171666 [  6.58%] |  197 [  9.77%] |  20 [  2.08%] |    4 [  0.04%] |
| User Budget                | 1166595 [100.00%] | 590800 [100.00%] | 2435694 [100.00%] | 1819 [100.00%] | 940 [100.00%] | 9020 [100.00%] |
|    Used Resources          |  436250 [ 37.40%] |  32084 [  5.43%] |  670417 [ 27.52%] |  195 [ 10.72%] |  84 [  8.94%] | 7272 [ 80.62%] |
|    Unused Resources        |  730345 [ 62.60%] | 558716 [ 94.57%] | 1765277 [ 72.48%] | 1624 [ 89.28%] | 856 [ 91.06%] | 1748 [ 19.38%] |
| datamover_outerloop_0      |    8075 [  0.69%] |   1889 [  0.32%] |   14110 [  0.58%] |   15 [  0.82%] |   0 [  0.00%] |    3 [  0.03%] |
|    datamover_outerloop_0_1 |    8075 [  0.69%] |   1889 [  0.32%] |   14110 [  0.58%] |   15 [  0.82%] |   0 [  0.00%] |    3 [  0.03%] |
| kernel_outerloop_0         |  428175 [ 36.70%] |  30195 [  5.11%] |  656307 [ 26.95%] |  180 [  9.90%] |  84 [  8.94%] | 7269 [ 80.59%] |
|    kernel_outerloop_0_1    |  142725 [ 12.23%] |  10065 [  1.70%] |  218769 [  8.98%] |   60 [  3.30%] |  28 [  2.98%] | 2423 [ 26.86%] |
|    kernel_outerloop_0_2    |  142725 [ 12.23%] |  10065 [  1.70%] |  218769 [  8.98%] |   60 [  3.30%] |  28 [  2.98%] | 2423 [ 26.86%] |
|    kernel_outerloop_0_3    |  142725 [ 12.23%] |  10065 [  1.70%] |  218769 [  8.98%] |   60 [  3.30%] |  28 [  2.98%] | 2423 [ 26.86%] |
+----------------------------+-------------------+------------------+-------------------+----------------+---------------+----------------+


