Copyright 1986-2022 Xilinx, Inc. All Rights Reserved.
-----------------------------------------------------------------------------------------------------------------------------------------------------------------------------------------------------------------------------------------------------------
| Tool Version : Vivado v.2022.1 (lin64) Build 3526262 Mon Apr 18 15:47:01 MDT 2022
| Date         : Fri Aug  1 04:23:58 2025
| Host         : acclnode02 running 64-bit Ubuntu 20.04.6 LTS
| Command      : report_accelerator_utilization -kernels { stencil_SLR:top_i/ulp/stencil_SLR_1/inst:stencil_SLR_1 stencil_mem2stream:top_i/ulp/stencil_mem2stream_1/inst:stencil_mem2stream_1} -file kernel_util_routed.rpt -name kernel_util_routed -json
| Design       : top_wrapper
| Device       : xcvc1902
| Design State : Fully Placed
-----------------------------------------------------------------------------------------------------------------------------------------------------------------------------------------------------------------------------------------------------------

Accelerator Utilization Design Information

Table of Contents
-----------------
1. System Utilization

1. System Utilization
---------------------

+-------------------------+-------------------+------------------+------------------+---------------+---------------+
| Name                    | REG               | LUT              | LUTAsMem         | BRAM          | URAM          |
+-------------------------+-------------------+------------------+------------------+---------------+---------------+
| Platform                |   28729 [  1.60%] |  19863 [  2.21%] |   2028 [  0.45%] |  48 [  4.96%] |   0 [  0.00%] |
| User Budget             | 1770951 [100.00%] | 879977 [100.00%] | 447892 [100.00%] | 919 [100.00%] | 463 [100.00%] |
|    Used Resources       |  229890 [ 12.98%] |  72603 [  8.25%] |  17855 [  3.99%] | 919 [100.00%] |   0 [  0.00%] |
|    Unused Resources     | 1541061 [ 87.02%] | 807374 [ 91.75%] | 430037 [ 96.01%] |   0 [  0.00%] | 463 [100.00%] |
| stencil_SLR             |  217299 [ 12.27%] |  63735 [  7.24%] |  14300 [  3.19%] | 888 [ 96.63%] |   0 [  0.00%] |
|    stencil_SLR_1        |  217299 [ 12.27%] |  63735 [  7.24%] |  14300 [  3.19%] | 888 [ 96.63%] |   0 [  0.00%] |
| stencil_mem2stream      |   12591 [  0.71%] |   8868 [  1.01%] |   3555 [  0.79%] |  31 [  3.37%] |   0 [  0.00%] |
|    stencil_mem2stream_1 |   12591 [  0.71%] |   8868 [  1.01%] |   3555 [  0.79%] |  31 [  3.37%] |   0 [  0.00%] |
+-------------------------+-------------------+------------------+------------------+---------------+---------------+


