Copyright 1986-2022 Xilinx, Inc. All Rights Reserved.
-------------------------------------------------------------------------------------------------------------------------------------------------------------------------------------------------------------------------------------------------------------
| Tool Version : Vivado v.2022.1 (lin64) Build 3526262 Mon Apr 18 15:47:01 MDT 2022
| Date         : Fri Aug  1 02:51:59 2025
| Host         : acclnode02 running 64-bit Ubuntu 20.04.6 LTS
| Command      : report_accelerator_utilization -kernels { stencil_SLR:top_i/ulp/stencil_SLR_1/inst:stencil_SLR_1 stencil_mem2stream:top_i/ulp/stencil_mem2stream_1/inst:stencil_mem2stream_1} -file kernel_util_synthed.rpt -name kernel_util_synthed -json
| Design       : top_wrapper
| Device       : xcvc1902
| Design State : Synthesized
-------------------------------------------------------------------------------------------------------------------------------------------------------------------------------------------------------------------------------------------------------------

Accelerator Utilization Design Information

Table of Contents
-----------------
1. System Utilization

1. System Utilization
---------------------

+-------------------------+-------------------+------------------+------------------+---------------+---------------+
| Name                    | REG               | LUT              | LUTAsMem         | BRAM          | URAM          |
+-------------------------+-------------------+------------------+------------------+---------------+---------------+
| Platform                |   31001 [  1.72%] |  22733 [  2.53%] |   2154 [  0.48%] |  50 [  5.17%] |   0 [  0.00%] |
| User Budget             | 1768679 [100.00%] | 877107 [100.00%] | 447766 [100.00%] | 917 [100.00%] | 463 [100.00%] |
|    Used Resources       |  233432 [ 13.20%] |  93151 [ 10.62%] |  28494 [  6.36%] | 919 [100.22%] |   0 [  0.00%] |
|    Unused Resources     | 1535247 [ 86.80%] | 783956 [ 89.38%] | 419272 [ 93.64%] |  -2 [ -0.21%] | 463 [100.00%] |
| stencil_SLR             |  220959 [ 12.49%] |  83853 [  9.56%] |  24532 [  5.48%] | 888 [ 96.84%] |   0 [  0.00%] |
|    stencil_SLR_1        |  220959 [ 12.49%] |  83853 [  9.56%] |  24532 [  5.48%] | 888 [ 96.84%] |   0 [  0.00%] |
| stencil_mem2stream      |   12473 [  0.71%] |   9298 [  1.06%] |   3962 [  0.88%] |  31 [  3.38%] |   0 [  0.00%] |
|    stencil_mem2stream_1 |   12473 [  0.71%] |   9298 [  1.06%] |   3962 [  0.88%] |  31 [  3.38%] |   0 [  0.00%] |
+-------------------------+-------------------+------------------+------------------+---------------+---------------+


