Copyright 1986-2022 Xilinx, Inc. All Rights Reserved.
-----------------------------------------------------------------------------------------------------------------------------------------------------------------------------------------------------------------------------------------------------------------------------------------
| Tool Version : Vivado v.2022.1 (lin64) Build 3526262 Mon Apr 18 15:47:01 MDT 2022
| Date         : Wed Jul  9 16:17:26 2025
| Host         : acclnode02 running 64-bit Ubuntu 20.04.6 LTS
| Command      : report_accelerator_utilization -kernels { datamover_outerloop_0:top_i/ulp/datamover_outerloop_0_1/inst:datamover_outerloop_0_1 kernel_outerloop_0:top_i/ulp/kernel_outerloop_0_1/inst:kernel_outerloop_0_1} -file kernel_util_placed.rpt -name kernel_util_placed -json
| Design       : top_wrapper
| Device       : xcvc1902
| Design State : Fully Placed
-----------------------------------------------------------------------------------------------------------------------------------------------------------------------------------------------------------------------------------------------------------------------------------------

Accelerator Utilization Design Information

Table of Contents
-----------------
1. System Utilization

1. System Utilization
---------------------

+----------------------------+-------------------+------------------+------------------+---------------+---------------+
| Name                       | REG               | LUT              | LUTAsMem         | BRAM          | URAM          |
+----------------------------+-------------------+------------------+------------------+---------------+---------------+
| Platform                   |   31239 [  1.74%] |  20360 [  2.26%] |   2028 [  0.45%] |  32 [  3.31%] | 120 [ 25.92%] |
| User Budget                | 1768441 [100.00%] | 879480 [100.00%] | 447892 [100.00%] | 935 [100.00%] | 343 [100.00%] |
|    Used Resources          |  353564 [ 19.99%] | 147529 [ 16.77%] |  68040 [ 15.19%] |  62 [  6.63%] |   0 [  0.00%] |
|    Unused Resources        | 1414877 [ 80.01%] | 731951 [ 83.23%] | 379852 [ 84.81%] | 873 [ 93.37%] | 343 [100.00%] |
| datamover_outerloop_0      |   60216 [  3.41%] |  28799 [  3.27%] |   7200 [  1.61%] |  62 [  6.63%] |   0 [  0.00%] |
|    datamover_outerloop_0_1 |   60216 [  3.41%] |  28799 [  3.27%] |   7200 [  1.61%] |  62 [  6.63%] |   0 [  0.00%] |
| kernel_outerloop_0         |  293348 [ 16.59%] | 118730 [ 13.50%] |  60840 [ 13.58%] |   0 [  0.00%] |   0 [  0.00%] |
|    kernel_outerloop_0_1    |  293348 [ 16.59%] | 118730 [ 13.50%] |  60840 [ 13.58%] |   0 [  0.00%] |   0 [  0.00%] |
+----------------------------+-------------------+------------------+------------------+---------------+---------------+


