Copyright 1986-2022 Xilinx, Inc. All Rights Reserved.
-------------------------------------------------------------------------------------------------------------------------------------------------------------------------------------------------------------------------------------------------------------------------------------------------------------------------------------------------------------------------------------------------------------------------------------------------------------
| Tool Version : Vivado v.2022.2 (lin64) Build 3671981 Fri Oct 14 04:59:54 MDT 2022
| Date         : Sat Aug 16 04:14:02 2025
| Host         : acclnode01 running 64-bit Ubuntu 20.04.6 LTS
| Command      : report_accelerator_utilization -kernels { datamover_outerloop_0:level0_i/ulp/datamover_outerloop_0_1/inst:datamover_outerloop_0_1 kernel_outerloop_0:level0_i/ulp/kernel_outerloop_0_1/inst:kernel_outerloop_0_1 kernel_outerloop_0:level0_i/ulp/kernel_outerloop_0_2/inst:kernel_outerloop_0_2 kernel_outerloop_0:level0_i/ulp/kernel_outerloop_0_3/inst:kernel_outerloop_0_3} -file kernel_util_placed.rpt -name kernel_util_placed -json
| Design       : level0_wrapper
| Device       : xcu280
| Design State : Fully Placed
-------------------------------------------------------------------------------------------------------------------------------------------------------------------------------------------------------------------------------------------------------------------------------------------------------------------------------------------------------------------------------------------------------------------------------------------------------------

Accelerator Utilization Design Information

Table of Contents
-----------------
1. System Utilization

1. System Utilization
---------------------

+----------------------------+-------------------+------------------+-------------------+----------------+---------------+----------------+
| Name                       | LUT               | LUTAsMem         | REG               | BRAM           | URAM          | DSP            |
+----------------------------+-------------------+------------------+-------------------+----------------+---------------+----------------+
| Platform                   |  124344 [  9.54%] |   9468 [  1.58%] |  170973 [  6.56%] |  229 [ 11.36%] |   0 [  0.00%] |    4 [  0.04%] |
| User Budget                | 1179336 [100.00%] | 591492 [100.00%] | 2436387 [100.00%] | 1787 [100.00%] | 960 [100.00%] | 9020 [100.00%] |
|    Used Resources          |  570954 [ 48.41%] |  81689 [ 13.81%] |  967785 [ 39.72%] |  799 [ 44.71%] |   0 [  0.00%] | 6056 [ 67.14%] |
|    Unused Resources        |  608382 [ 51.59%] | 509803 [ 86.19%] | 1468602 [ 60.28%] |  988 [ 55.29%] | 960 [100.00%] | 2964 [ 32.86%] |
| datamover_outerloop_0      |   10038 [  0.85%] |   2372 [  0.40%] |   16427 [  0.67%] |   31 [  1.73%] |   0 [  0.00%] |    5 [  0.06%] |
|    datamover_outerloop_0_1 |   10038 [  0.85%] |   2372 [  0.40%] |   16427 [  0.67%] |   31 [  1.73%] |   0 [  0.00%] |    5 [  0.06%] |
| kernel_outerloop_0         |  560916 [ 47.56%] |  79317 [ 13.41%] |  951358 [ 39.05%] |  768 [ 42.98%] |   0 [  0.00%] | 6051 [ 67.08%] |
|    kernel_outerloop_0_1    |  190669 [ 16.17%] |  26439 [  4.47%] |  316984 [ 13.01%] |  256 [ 14.33%] |   0 [  0.00%] | 2017 [ 22.36%] |
|    kernel_outerloop_0_2    |  185766 [ 15.75%] |  26439 [  4.47%] |  316625 [ 13.00%] |  256 [ 14.33%] |   0 [  0.00%] | 2017 [ 22.36%] |
|    kernel_outerloop_0_3    |  184481 [ 15.64%] |  26439 [  4.47%] |  317749 [ 13.04%] |  256 [ 14.33%] |   0 [  0.00%] | 2017 [ 22.36%] |
+----------------------------+-------------------+------------------+-------------------+----------------+---------------+----------------+


