Copyright 1986-2022 Xilinx, Inc. All Rights Reserved.
---------------------------------------------------------------------------------------------------------------------------------------------------------------------------------------------------------------------------------------------------------------------------------------------------------------------------------------------------------------------------------------------------------------------------------------------------------------
| Tool Version : Vivado v.2022.2 (lin64) Build 3671981 Fri Oct 14 04:59:54 MDT 2022
| Date         : Sat Aug 16 02:01:29 2025
| Host         : acclnode01 running 64-bit Ubuntu 20.04.6 LTS
| Command      : report_accelerator_utilization -kernels { datamover_outerloop_0:level0_i/ulp/datamover_outerloop_0_1/inst:datamover_outerloop_0_1 kernel_outerloop_0:level0_i/ulp/kernel_outerloop_0_1/inst:kernel_outerloop_0_1 kernel_outerloop_0:level0_i/ulp/kernel_outerloop_0_2/inst:kernel_outerloop_0_2 kernel_outerloop_0:level0_i/ulp/kernel_outerloop_0_3/inst:kernel_outerloop_0_3} -file kernel_util_synthed.rpt -name kernel_util_synthed -json
| Design       : level0_wrapper
| Device       : xcu280
| Design State : Synthesized
---------------------------------------------------------------------------------------------------------------------------------------------------------------------------------------------------------------------------------------------------------------------------------------------------------------------------------------------------------------------------------------------------------------------------------------------------------------

Accelerator Utilization Design Information

Table of Contents
-----------------
1. System Utilization

1. System Utilization
---------------------

+----------------------------+-------------------+------------------+-------------------+----------------+---------------+----------------+
| Name                       | LUT               | LUTAsMem         | REG               | BRAM           | URAM          | DSP            |
+----------------------------+-------------------+------------------+-------------------+----------------+---------------+----------------+
| Platform                   |  139052 [ 10.67%] |  10948 [  1.82%] |  172950 [  6.63%] |  233 [ 11.56%] |   0 [  0.00%] |    4 [  0.04%] |
| User Budget                | 1164628 [100.00%] | 590012 [100.00%] | 2434410 [100.00%] | 1783 [100.00%] | 960 [100.00%] | 9020 [100.00%] |
|    Used Resources          |  689796 [ 59.23%] | 114398 [ 19.39%] |  974447 [ 40.03%] |  799 [ 44.81%] |   0 [  0.00%] | 6056 [ 67.14%] |
|    Unused Resources        |  474832 [ 40.77%] | 475614 [ 80.61%] | 1459963 [ 59.97%] |  984 [ 55.19%] | 960 [100.00%] | 2964 [ 32.86%] |
| datamover_outerloop_0      |   10257 [  0.88%] |   2498 [  0.42%] |   16574 [  0.68%] |   31 [  1.74%] |   0 [  0.00%] |    5 [  0.06%] |
|    datamover_outerloop_0_1 |   10257 [  0.88%] |   2498 [  0.42%] |   16574 [  0.68%] |   31 [  1.74%] |   0 [  0.00%] |    5 [  0.06%] |
| kernel_outerloop_0         |  679539 [ 58.35%] | 111900 [ 18.97%] |  957873 [ 39.35%] |  768 [ 43.07%] |   0 [  0.00%] | 6051 [ 67.08%] |
|    kernel_outerloop_0_1    |  226513 [ 19.45%] |  37300 [  6.32%] |  319291 [ 13.12%] |  256 [ 14.36%] |   0 [  0.00%] | 2017 [ 22.36%] |
|    kernel_outerloop_0_2    |  226513 [ 19.45%] |  37300 [  6.32%] |  319291 [ 13.12%] |  256 [ 14.36%] |   0 [  0.00%] | 2017 [ 22.36%] |
|    kernel_outerloop_0_3    |  226513 [ 19.45%] |  37300 [  6.32%] |  319291 [ 13.12%] |  256 [ 14.36%] |   0 [  0.00%] | 2017 [ 22.36%] |
+----------------------------+-------------------+------------------+-------------------+----------------+---------------+----------------+


