Copyright 1986-2022 Xilinx, Inc. All Rights Reserved.
------------------------------------------------------------------------------------------
| Tool Version : Vivado v.2022.2 (lin64) Build 3671981 Fri Oct 14 04:59:54 MDT 2022
| Date         : Sat Aug 16 04:15:19 2025
| Host         : acclnode01 running 64-bit Ubuntu 20.04.6 LTS
| Command      : report_utilization -slr -file slr_util_placed.rpt -pb slr_util_placed.pb
| Design       : level0_wrapper
| Device       : xcu280-fsvh2892-2L-e
| Speed File   : -2L
| Design State : Fully Placed
------------------------------------------------------------------------------------------

Utilization Design Information

Table of Contents
-----------------
1. SLR Connectivity
2. SLR Connectivity Matrix
3. SLR CLB Logic and Dedicated Block Utilization
4. SLR IO Utilization

1. SLR Connectivity
-------------------

+----------------------------------+-------+-------+-----------+-------+
|                                  |  Used | Fixed | Available | Util% |
+----------------------------------+-------+-------+-----------+-------+
| SLR2 <-> SLR1                    |  5696 |       |     23040 | 24.72 |
|   SLR1 -> SLR2                   |  2876 |       |           | 12.48 |
|     Using TX_REG only            |     0 |     0 |           |       |
|     Using RX_REG only            |     0 |     0 |           |       |
|     Using Both TX_REG and RX_REG |     0 |     0 |           |       |
|   SLR2 -> SLR1                   |  2820 |       |           | 12.24 |
|     Using TX_REG only            |     0 |     0 |           |       |
|     Using RX_REG only            |     0 |     0 |           |       |
|     Using Both TX_REG and RX_REG |     0 |     0 |           |       |
| SLR1 <-> SLR0                    |  7772 |       |     23040 | 33.73 |
|   SLR0 -> SLR1                   |  3555 |       |           | 15.43 |
|     Using TX_REG only            |     0 |     0 |           |       |
|     Using RX_REG only            |     0 |     0 |           |       |
|     Using Both TX_REG and RX_REG |     0 |     0 |           |       |
|   SLR1 -> SLR0                   |  4217 |       |           | 18.30 |
|     Using TX_REG only            |     0 |     0 |           |       |
|     Using RX_REG only            |     0 |     0 |           |       |
|     Using Both TX_REG and RX_REG |     0 |     0 |           |       |
+----------------------------------+-------+-------+-----------+-------+
| Total SLLs Used                  | 13468 |       |           |       |
+----------------------------------+-------+-------+-----------+-------+


2. SLR Connectivity Matrix
--------------------------

+-----------+------+------+------+
| FROM \ TO | SLR2 | SLR1 | SLR0 |
+-----------+------+------+------+
| SLR2      |    0 | 2725 |   95 |
| SLR1      | 2809 |    0 | 4122 |
| SLR0      |   67 | 3488 |    0 |
+-----------+------+------+------+


3. SLR CLB Logic and Dedicated Block Utilization
------------------------------------------------

+----------------------------+--------+--------+--------+--------+--------+--------+
|          Site Type         |  SLR0  |  SLR1  |  SLR2  | SLR0 % | SLR1 % | SLR2 % |
+----------------------------+--------+--------+--------+--------+--------+--------+
| CLB                        |  50747 |  50320 |  46377 |  92.33 |  93.19 |  85.88 |
|   CLBL                     |  26492 |  26464 |  24420 |  90.48 |  90.38 |  83.40 |
|   CLBM                     |  24255 |  23856 |  21957 |  94.45 |  96.50 |  88.82 |
| CLB LUTs                   | 235709 | 249156 | 210383 |  53.61 |  57.68 |  48.70 |
|   LUT as Logic             | 202806 | 218872 | 182413 |  46.13 |  50.66 |  42.23 |
|     using O5 output only   |   1727 |   1408 |    953 |   0.39 |   0.33 |   0.22 |
|     using O6 output only   | 124848 | 130753 | 101771 |  28.40 |  30.27 |  23.56 |
|     using O5 and O6        |  76231 |  86711 |  79689 |  17.34 |  20.07 |  18.45 |
|   LUT as Memory            |  32903 |  30284 |  27970 |  16.02 |  15.31 |  14.14 |
|     LUT as Distributed RAM |   4710 |   6222 |   3336 |   2.29 |   3.15 |   1.69 |
|       using O5 output only |      0 |      0 |      0 |   0.00 |   0.00 |   0.00 |
|       using O6 output only |    248 |    386 |      4 |   0.12 |   0.20 |  <0.01 |
|       using O5 and O6      |   4462 |   5836 |   3332 |   2.17 |   2.95 |   1.68 |
|     LUT as Shift Register  |  28193 |  24062 |  24634 |  13.72 |  12.17 |  12.46 |
|       using O5 output only |      0 |      0 |      0 |   0.00 |   0.00 |   0.00 |
|       using O6 output only |  16535 |  13150 |  13744 |   8.05 |   6.65 |   6.95 |
|       using O5 and O6      |  11658 |  10912 |  10890 |   5.67 |   5.52 |   5.51 |
| CLB Registers              | 392815 | 392609 | 353334 |  44.67 |  45.44 |  40.90 |
| CARRY8                     |  10029 |  10149 |   9607 |  18.25 |  18.79 |  17.79 |
| F7 Muxes                   |   5281 |   5682 |   4565 |   2.40 |   2.63 |   2.11 |
| F8 Muxes                   |    135 |    326 |      0 |   0.12 |   0.30 |   0.00 |
| F9 Muxes                   |      0 |      0 |      0 |   0.00 |   0.00 |   0.00 |
| Block RAM Tile             |  360.5 |    362 |    306 |  53.65 |  53.87 |  45.54 |
|   RAMB36/FIFO              |    358 |    361 |    306 |  53.27 |  53.72 |  45.54 |
|   RAMB18                   |      5 |      2 |      0 |   0.37 |   0.15 |   0.00 |
| URAM                       |      0 |      0 |      0 |   0.00 |   0.00 |   0.00 |
| DSPs                       |   2022 |   2017 |   2021 |  70.21 |  65.66 |  65.79 |
| Unique Control Sets        |   5910 |   7266 |   4701 |   5.38 |   6.73 |   4.35 |
+----------------------------+--------+--------+--------+--------+--------+--------+
* Note: Available Control Sets based on CLB Registers / 8


4. SLR IO Utilization
---------------------

+-----------+-----------+---------+------------+----------+------------+----------+-----+
| SLR Index | Used IOBs | (%)IOBs | Used IPADs | (%)IPADs | Used OPADs | (%)OPADs | GTs |
+-----------+-----------+---------+------------+----------+------------+----------+-----+
| SLR2      |        15 |    7.21 |          0 |     0.00 |          0 |     0.00 |   0 |
| SLR1      |         0 |    0.00 |          0 |     0.00 |          0 |     0.00 |   0 |
| SLR0      |         1 |    0.48 |          0 |     0.00 |          0 |     0.00 |  16 |
+-----------+-----------+---------+------------+----------+------------+----------+-----+
| Total     |        16 |         |          0 |          |          0 |          |  16 |
+-----------+-----------+---------+------------+----------+------------+----------+-----+


