Copyright 1986-2022 Xilinx, Inc. All Rights Reserved.
-------------------------------------------------------------------------------------------------------------------------------------------------------------------------------------------------------------------------------------------------------------------------------------------------------------------------------------------------------------------------------------------------------------------------------------------------------------
| Tool Version : Vivado v.2022.2 (lin64) Build 3671981 Fri Oct 14 04:59:54 MDT 2022
| Date         : Fri May 16 23:01:41 2025
| Host         : acclnode01 running 64-bit Ubuntu 20.04.6 LTS
| Command      : report_accelerator_utilization -kernels { datamover_outerloop_0:level0_i/ulp/datamover_outerloop_0_1/inst:datamover_outerloop_0_1 kernel_outerloop_0:level0_i/ulp/kernel_outerloop_0_1/inst:kernel_outerloop_0_1 kernel_outerloop_0:level0_i/ulp/kernel_outerloop_0_2/inst:kernel_outerloop_0_2 kernel_outerloop_0:level0_i/ulp/kernel_outerloop_0_3/inst:kernel_outerloop_0_3} -file kernel_util_routed.rpt -name kernel_util_routed -json
| Design       : level0_wrapper
| Device       : xcu280
| Design State : Routed
-------------------------------------------------------------------------------------------------------------------------------------------------------------------------------------------------------------------------------------------------------------------------------------------------------------------------------------------------------------------------------------------------------------------------------------------------------------

Accelerator Utilization Design Information

Table of Contents
-----------------
1. System Utilization

1. System Utilization
---------------------

+----------------------------+-------------------+------------------+-------------------+----------------+---------------+----------------+
| Name                       | LUT               | LUTAsMem         | REG               | BRAM           | URAM          | DSP            |
+----------------------------+-------------------+------------------+-------------------+----------------+---------------+----------------+
| Platform                   |  124309 [  9.54%] |   9468 [  1.58%] |  170928 [  6.56%] |  229 [ 11.36%] |   0 [  0.00%] |    4 [  0.04%] |
| User Budget                | 1179371 [100.00%] | 591492 [100.00%] | 2436432 [100.00%] | 1787 [100.00%] | 960 [100.00%] | 9020 [100.00%] |
|    Used Resources          |  401331 [ 34.03%] |  37148 [  6.28%] |  766770 [ 31.47%] |  247 [ 13.82%] | 216 [ 22.50%] | 7293 [ 80.85%] |
|    Unused Resources        |  778040 [ 65.97%] | 554344 [ 93.72%] | 1669662 [ 68.53%] | 1540 [ 86.18%] | 744 [ 77.50%] | 1727 [ 19.15%] |
| datamover_outerloop_0      |   11025 [  0.93%] |   3530 [  0.60%] |   16202 [  0.66%] |   31 [  1.73%] |   0 [  0.00%] |    3 [  0.03%] |
|    datamover_outerloop_0_1 |   11025 [  0.93%] |   3530 [  0.60%] |   16202 [  0.66%] |   31 [  1.73%] |   0 [  0.00%] |    3 [  0.03%] |
| kernel_outerloop_0         |  390306 [ 33.09%] |  33618 [  5.68%] |  750568 [ 30.81%] |  216 [ 12.09%] | 216 [ 22.50%] | 7290 [ 80.82%] |
|    kernel_outerloop_0_1    |  130322 [ 11.05%] |  11206 [  1.89%] |  250081 [ 10.26%] |   72 [  4.03%] |  72 [  7.50%] | 2430 [ 26.94%] |
|    kernel_outerloop_0_2    |  130163 [ 11.04%] |  11206 [  1.89%] |  250019 [ 10.26%] |   72 [  4.03%] |  72 [  7.50%] | 2430 [ 26.94%] |
|    kernel_outerloop_0_3    |  129821 [ 11.01%] |  11206 [  1.89%] |  250468 [ 10.28%] |   72 [  4.03%] |  72 [  7.50%] | 2430 [ 26.94%] |
+----------------------------+-------------------+------------------+-------------------+----------------+---------------+----------------+


