Copyright 1986-2022 Xilinx, Inc. All Rights Reserved.
-----------------------------------------------------------------------------------------------------------------------------------------------------------------------------------------------------------------------------------------------------------------------------------------
| Tool Version : Vivado v.2022.1 (lin64) Build 3526262 Mon Apr 18 15:47:01 MDT 2022
| Date         : Thu Apr 24 02:57:00 2025
| Host         : acclnode02 running 64-bit Ubuntu 20.04.6 LTS
| Command      : report_accelerator_utilization -kernels { datamover_outerloop_0:top_i/ulp/datamover_outerloop_0_1/inst:datamover_outerloop_0_1 kernel_outerloop_0:top_i/ulp/kernel_outerloop_0_1/inst:kernel_outerloop_0_1} -file kernel_util_placed.rpt -name kernel_util_placed -json
| Design       : top_wrapper
| Device       : xcvc1902
| Design State : Fully Placed
-----------------------------------------------------------------------------------------------------------------------------------------------------------------------------------------------------------------------------------------------------------------------------------------

Accelerator Utilization Design Information

Table of Contents
-----------------
1. System Utilization

1. System Utilization
---------------------

+----------------------------+-------------------+------------------+------------------+---------------+---------------+
| Name                       | REG               | LUT              | LUTAsMem         | BRAM          | URAM          |
+----------------------------+-------------------+------------------+------------------+---------------+---------------+
| Platform                   |   29274 [  1.63%] |  19842 [  2.21%] |   2028 [  0.45%] |  32 [  3.31%] |  30 [  6.48%] |
| User Budget                | 1770406 [100.00%] | 879998 [100.00%] | 447892 [100.00%] | 935 [100.00%] | 433 [100.00%] |
|    Used Resources          |  429857 [ 24.28%] | 164510 [ 18.69%] |  11229 [  2.51%] | 455 [ 48.66%] |   0 [  0.00%] |
|    Unused Resources        | 1340549 [ 75.72%] | 715488 [ 81.31%] | 436663 [ 97.49%] | 480 [ 51.34%] | 433 [100.00%] |
| datamover_outerloop_0      |   15476 [  0.87%] |   7411 [  0.84%] |   1800 [  0.40%] |  15 [  1.60%] |   0 [  0.00%] |
|    datamover_outerloop_0_1 |   15476 [  0.87%] |   7411 [  0.84%] |   1800 [  0.40%] |  15 [  1.60%] |   0 [  0.00%] |
| kernel_outerloop_0         |  414381 [ 23.41%] | 157099 [ 17.85%] |   9429 [  2.11%] | 440 [ 47.06%] |   0 [  0.00%] |
|    kernel_outerloop_0_1    |  414381 [ 23.41%] | 157099 [ 17.85%] |   9429 [  2.11%] | 440 [ 47.06%] |   0 [  0.00%] |
+----------------------------+-------------------+------------------+------------------+---------------+---------------+


