

================================================================
== Vitis HLS Report for 'datamover_outerloop_0'
================================================================
* Date:           Fri Jun  6 21:16:30 2025

* Version:        2022.1 (Build 3526262 on Mon Apr 18 15:47:01 MDT 2022)
* Project:        datamover_outerloop_0
* Solution:       solution (Vitis Kernel Flow Target)
* Product family: versal
* Target device:  xcvc1902-vsvd1760-2MP-e-S


================================================================
== Performance Estimates
================================================================
+ Timing: 
    * Summary: 
    +--------+---------+----------+------------+
    |  Clock |  Target | Estimated| Uncertainty|
    +--------+---------+----------+------------+
    |ap_clk  |  3.33 ns|  2.433 ns|     0.90 ns|
    +--------+---------+----------+------------+

+ Latency: 
    * Summary: 
    +---------+---------+----------+----------+-----+-----+---------+
    |  Latency (cycles) |  Latency (absolute) |  Interval | Pipeline|
    |   min   |   max   |    min   |    max   | min | max |   Type  |
    +---------+---------+----------+----------+-----+-----+---------+
    |        ?|        ?|         ?|         ?|    ?|    ?|       no|
    +---------+---------+----------+----------+-----+-----+---------+

    + Detail: 
        * Instance: 
        +----------------------------------------------------------------------+-----------------------------------------------------------+---------+---------+----------+----------+-----+-----+----------+
        |                                                                      |                                                           |  Latency (cycles) |  Latency (absolute) |  Interval | Pipeline |
        |                               Instance                               |                           Module                          |   min   |   max   |    min   |    max   | min | max |   Type   |
        +----------------------------------------------------------------------+-----------------------------------------------------------+---------+---------+----------+----------+-----+-----+----------+
        |grp_datamover_outerloop_0_dataflow_read_write_dataflow_region_fu_456  |datamover_outerloop_0_dataflow_read_write_dataflow_region  |        ?|        ?|         ?|         ?|    ?|    ?|  dataflow|
        +----------------------------------------------------------------------+-----------------------------------------------------------+---------+---------+----------+----------+-----+-----+----------+

        * Loop: 
        +--------------------+---------+---------+----------+-----------+-----------+------+----------+
        |                    |  Latency (cycles) | Iteration|  Initiation Interval  | Trip |          |
        |      Loop Name     |   min   |   max   |  Latency |  achieved |   target  | Count| Pipelined|
        +--------------------+---------+---------+----------+-----------+-----------+------+----------+
        |- VITIS_LOOP_272_1  |        ?|        ?|         ?|          -|          -|     ?|        no|
        +--------------------+---------+---------+----------+-----------+-----------+------+----------+



================================================================
== Utilization Estimates
================================================================
* Summary: 
+-----------------+---------+------+---------+--------+-----+
|       Name      | BRAM_18K|  DSP |    FF   |   LUT  | URAM|
+-----------------+---------+------+---------+--------+-----+
|DSP              |        -|     1|        -|       -|    -|
|Expression       |        -|     -|        0|     131|    -|
|FIFO             |        -|     -|        -|       -|    -|
|Instance         |        0|     2|   109542|  134813|    0|
|Memory           |        -|     -|        -|       -|    -|
|Multiplexer      |        -|     -|        -|    1006|    -|
|Register         |        -|     -|      814|       -|    -|
+-----------------+---------+------+---------+--------+-----+
|Total            |        0|     3|   110356|  135950|    0|
+-----------------+---------+------+---------+--------+-----+
|Available        |     1934|  1968|  1799680|  899840|  463|
+-----------------+---------+------+---------+--------+-----+
|Utilization (%)  |        0|    ~0|        6|      15|    0|
+-----------------+---------+------+---------+--------+-----+

+ Detail: 
    * Instance: 
    +----------------------------------------------------------------------+-----------------------------------------------------------+---------+----+-------+-------+-----+
    |                               Instance                               |                           Module                          | BRAM_18K| DSP|   FF  |  LUT  | URAM|
    +----------------------------------------------------------------------+-----------------------------------------------------------+---------+----+-------+-------+-----+
    |control_s_axi_U                                                       |control_s_axi                                              |        0|   0|    979|   1674|    0|
    |grp_datamover_outerloop_0_dataflow_read_write_dataflow_region_fu_456  |datamover_outerloop_0_dataflow_read_write_dataflow_region  |        0|   0|  63230|  94669|    0|
    |gmem0_m_axi_U                                                         |gmem0_m_axi                                                |        0|   0|   4531|   3847|    0|
    |gmem1_m_axi_U                                                         |gmem1_m_axi                                                |        0|   0|   4531|   3847|    0|
    |gmem2_m_axi_U                                                         |gmem2_m_axi                                                |        0|   0|   4531|   3847|    0|
    |gmem3_m_axi_U                                                         |gmem3_m_axi                                                |        0|   0|   4531|   3847|    0|
    |gmem4_m_axi_U                                                         |gmem4_m_axi                                                |        0|   0|   4531|   3847|    0|
    |gmem5_m_axi_U                                                         |gmem5_m_axi                                                |        0|   0|   4531|   3847|    0|
    |gmem6_m_axi_U                                                         |gmem6_m_axi                                                |        0|   0|   4531|   3847|    0|
    |gmem7_m_axi_U                                                         |gmem7_m_axi                                                |        0|   0|   4531|   3847|    0|
    |gmem8_m_axi_U                                                         |gmem8_m_axi                                                |        0|   0|   4531|   3847|    0|
    |gmem9_m_axi_U                                                         |gmem9_m_axi                                                |        0|   0|   4531|   3847|    0|
    |mul_32s_16ns_32_3_1_U490                                              |mul_32s_16ns_32_3_1                                        |        0|   2|     23|      0|    0|
    +----------------------------------------------------------------------+-----------------------------------------------------------+---------+----+-------+-------+-----+
    |Total                                                                 |                                                           |        0|   2| 109542| 134813|    0|
    +----------------------------------------------------------------------+-----------------------------------------------------------+---------+----+-------+-------+-----+

    * DSP: 
    +-------------------------------+--------------------------+-----------+
    |            Instance           |          Module          | Expression|
    +-------------------------------+--------------------------+-----------+
    |mul_mul_16ns_16ns_32_4_1_U491  |mul_mul_16ns_16ns_32_4_1  |    i0 * i1|
    +-------------------------------+--------------------------+-----------+

    * Memory: 
    N/A

    * FIFO: 
    N/A

    * Expression: 
    +-------------------------------------------------------------------------------------------+----------+----+---+----+------------+------------+
    |                                       Variable Name                                       | Operation| DSP| FF| LUT| Bitwidth P0| Bitwidth P1|
    +-------------------------------------------------------------------------------------------+----------+----+---+----+------------+------------+
    |add_ln2576_fu_654_p2                                                                       |         +|   0|  0|  17|          17|           4|
    |i_2_fu_749_p2                                                                              |         +|   0|  0|  31|          31|           1|
    |diff_y_fu_716_p2                                                                           |         -|   0|  0|  16|          16|          16|
    |diff_z_fu_706_p2                                                                           |         -|   0|  0|  16|          16|          16|
    |num_xblocks_fu_692_p2                                                                      |         -|   0|  0|  14|          14|          14|
    |icmp_ln272_fu_755_p2                                                                       |      icmp|   0|  0|  15|          31|          31|
    |ap_block_state1                                                                            |        or|   0|  0|   2|           1|           1|
    |ap_block_state13                                                                           |        or|   0|  0|   2|           1|           1|
    |ap_sync_grp_datamover_outerloop_0_dataflow_read_write_dataflow_region_fu_456_ap_done       |        or|   0|  0|   2|           1|           1|
    |ap_sync_grp_datamover_outerloop_0_dataflow_read_write_dataflow_region_fu_456_ap_ready      |        or|   0|  0|   2|           1|           1|
    |grp_datamover_outerloop_0_dataflow_read_write_dataflow_region_fu_456_arg0_axis_out_TREADY  |        or|   0|  0|   2|           1|           1|
    |grp_datamover_outerloop_0_dataflow_read_write_dataflow_region_fu_456_arg1_axis_out_TREADY  |        or|   0|  0|   2|           1|           1|
    |grp_datamover_outerloop_0_dataflow_read_write_dataflow_region_fu_456_arg2_axis_out_TREADY  |        or|   0|  0|   2|           1|           1|
    |grp_datamover_outerloop_0_dataflow_read_write_dataflow_region_fu_456_arg3_axis_out_TREADY  |        or|   0|  0|   2|           1|           1|
    |grp_datamover_outerloop_0_dataflow_read_write_dataflow_region_fu_456_arg4_axis_out_TREADY  |        or|   0|  0|   2|           1|           1|
    |grp_datamover_outerloop_0_dataflow_read_write_dataflow_region_fu_456_arg5_axis_out_TREADY  |        or|   0|  0|   2|           1|           1|
    |grp_datamover_outerloop_0_dataflow_read_write_dataflow_region_fu_456_arg6_axis_out_TREADY  |        or|   0|  0|   2|           1|           1|
    +-------------------------------------------------------------------------------------------+----------+----+---+----+------------+------------+
    |Total                                                                                      |          |   0|  0| 131|         136|          93|
    +-------------------------------------------------------------------------------------------+----------+----+---+----+------------+------------+

    * Multiplexer: 
    +-------------------------------------------------------------------------------------------+-----+-----------+-----+-----------+
    |                                            Name                                           | LUT | Input Size| Bits| Total Bits|
    +-------------------------------------------------------------------------------------------+-----+-----------+-----+-----------+
    |ap_NS_fsm                                                                                  |   10|         14|    1|         14|
    |ap_done                                                                                    |    2|          2|    1|          2|
    |arg0_axis_out_TVALID_int_regslice                                                          |    2|          2|    1|          2|
    |arg1_axis_in_TREADY_int_regslice                                                           |    2|          2|    1|          2|
    |arg1_axis_out_TVALID_int_regslice                                                          |    2|          2|    1|          2|
    |arg2_axis_in_TREADY_int_regslice                                                           |    2|          2|    1|          2|
    |arg2_axis_out_TVALID_int_regslice                                                          |    2|          2|    1|          2|
    |arg3_axis_in_TREADY_int_regslice                                                           |    2|          2|    1|          2|
    |arg3_axis_out_TVALID_int_regslice                                                          |    2|          2|    1|          2|
    |arg4_axis_in_TREADY_int_regslice                                                           |    2|          2|    1|          2|
    |arg4_axis_out_TVALID_int_regslice                                                          |    2|          2|    1|          2|
    |arg5_axis_out_TVALID_int_regslice                                                          |    2|          2|    1|          2|
    |arg6_axis_out_TVALID_int_regslice                                                          |    2|          2|    1|          2|
    |arg7_axis_in_TREADY_int_regslice                                                           |    2|          2|    1|          2|
    |arg8_axis_in_TREADY_int_regslice                                                           |    2|          2|    1|          2|
    |arg9_axis_in_TREADY_int_regslice                                                           |    2|          2|    1|          2|
    |gmem0_ARVALID                                                                              |    2|          2|    1|          2|
    |gmem0_AWVALID                                                                              |    2|          2|    1|          2|
    |gmem0_BREADY                                                                               |    2|          2|    1|          2|
    |gmem0_RREADY                                                                               |    2|          2|    1|          2|
    |gmem0_WVALID                                                                               |    2|          2|    1|          2|
    |gmem1_ARVALID                                                                              |    2|          2|    1|          2|
    |gmem1_RREADY                                                                               |    2|          2|    1|          2|
    |gmem2_ARVALID                                                                              |    2|          2|    1|          2|
    |gmem2_RREADY                                                                               |    2|          2|    1|          2|
    |gmem3_ARVALID                                                                              |    2|          2|    1|          2|
    |gmem3_RREADY                                                                               |    2|          2|    1|          2|
    |gmem4_ARVALID                                                                              |    2|          2|    1|          2|
    |gmem4_RREADY                                                                               |    2|          2|    1|          2|
    |gmem5_ARVALID                                                                              |    2|          2|    1|          2|
    |gmem5_AWVALID                                                                              |    2|          2|    1|          2|
    |gmem5_BREADY                                                                               |    2|          2|    1|          2|
    |gmem5_RREADY                                                                               |    2|          2|    1|          2|
    |gmem5_WVALID                                                                               |    2|          2|    1|          2|
    |gmem6_ARVALID                                                                              |    2|          2|    1|          2|
    |gmem6_AWVALID                                                                              |    2|          2|    1|          2|
    |gmem6_BREADY                                                                               |    2|          2|    1|          2|
    |gmem6_RREADY                                                                               |    2|          2|    1|          2|
    |gmem6_WVALID                                                                               |    2|          2|    1|          2|
    |gmem7_ARVALID                                                                              |    2|          2|    1|          2|
    |gmem7_AWVALID                                                                              |    2|          2|    1|          2|
    |gmem7_BREADY                                                                               |    2|          2|    1|          2|
    |gmem7_RREADY                                                                               |    2|          2|    1|          2|
    |gmem7_WVALID                                                                               |    2|          2|    1|          2|
    |gmem8_ARVALID                                                                              |    2|          2|    1|          2|
    |gmem8_AWVALID                                                                              |    2|          2|    1|          2|
    |gmem8_BREADY                                                                               |    2|          2|    1|          2|
    |gmem8_RREADY                                                                               |    2|          2|    1|          2|
    |gmem8_WVALID                                                                               |    2|          2|    1|          2|
    |gmem9_ARVALID                                                                              |    2|          2|    1|          2|
    |gmem9_AWVALID                                                                              |    2|          2|    1|          2|
    |gmem9_BREADY                                                                               |    2|          2|    1|          2|
    |gmem9_RREADY                                                                               |    2|          2|    1|          2|
    |gmem9_WVALID                                                                               |    2|          2|    1|          2|
    |grp_datamover_outerloop_0_dataflow_read_write_dataflow_region_fu_456_arg0                  |   64|          3|   64|        192|
    |grp_datamover_outerloop_0_dataflow_read_write_dataflow_region_fu_456_arg5                  |   64|          3|   64|        192|
    |grp_datamover_outerloop_0_dataflow_read_write_dataflow_region_fu_456_arg6                  |   64|          3|   64|        192|
    |grp_datamover_outerloop_0_dataflow_read_write_dataflow_region_fu_456_arg7                  |   64|          3|   64|        192|
    |grp_datamover_outerloop_0_dataflow_read_write_dataflow_region_fu_456_arg8                  |   64|          3|   64|        192|
    |grp_datamover_outerloop_0_dataflow_read_write_dataflow_region_fu_456_arg9                  |   64|          3|   64|        192|
    |grp_datamover_outerloop_0_dataflow_read_write_dataflow_region_fu_456_m_axi_gmem0_ARREADY   |    2|          3|    1|          3|
    |grp_datamover_outerloop_0_dataflow_read_write_dataflow_region_fu_456_m_axi_gmem0_RDATA     |  128|          3|  512|       1536|
    |grp_datamover_outerloop_0_dataflow_read_write_dataflow_region_fu_456_m_axi_gmem0_RFIFONUM  |    7|          3|    7|         21|
    |grp_datamover_outerloop_0_dataflow_read_write_dataflow_region_fu_456_m_axi_gmem0_RID       |    2|          3|    1|          3|
    |grp_datamover_outerloop_0_dataflow_read_write_dataflow_region_fu_456_m_axi_gmem0_RLAST     |    2|          3|    1|          3|
    |grp_datamover_outerloop_0_dataflow_read_write_dataflow_region_fu_456_m_axi_gmem0_RRESP     |    2|          3|    2|          6|
    |grp_datamover_outerloop_0_dataflow_read_write_dataflow_region_fu_456_m_axi_gmem0_RUSER     |    2|          3|    1|          3|
    |grp_datamover_outerloop_0_dataflow_read_write_dataflow_region_fu_456_m_axi_gmem0_RVALID    |    2|          3|    1|          3|
    |grp_datamover_outerloop_0_dataflow_read_write_dataflow_region_fu_456_m_axi_gmem5_ARREADY   |    2|          3|    1|          3|
    |grp_datamover_outerloop_0_dataflow_read_write_dataflow_region_fu_456_m_axi_gmem5_RDATA     |  128|          3|  512|       1536|
    |grp_datamover_outerloop_0_dataflow_read_write_dataflow_region_fu_456_m_axi_gmem5_RFIFONUM  |    7|          3|    7|         21|
    |grp_datamover_outerloop_0_dataflow_read_write_dataflow_region_fu_456_m_axi_gmem5_RID       |    2|          3|    1|          3|
    |grp_datamover_outerloop_0_dataflow_read_write_dataflow_region_fu_456_m_axi_gmem5_RLAST     |    2|          3|    1|          3|
    |grp_datamover_outerloop_0_dataflow_read_write_dataflow_region_fu_456_m_axi_gmem5_RRESP     |    2|          3|    2|          6|
    |grp_datamover_outerloop_0_dataflow_read_write_dataflow_region_fu_456_m_axi_gmem5_RUSER     |    2|          3|    1|          3|
    |grp_datamover_outerloop_0_dataflow_read_write_dataflow_region_fu_456_m_axi_gmem5_RVALID    |    2|          3|    1|          3|
    |grp_datamover_outerloop_0_dataflow_read_write_dataflow_region_fu_456_m_axi_gmem6_ARREADY   |    2|          3|    1|          3|
    |grp_datamover_outerloop_0_dataflow_read_write_dataflow_region_fu_456_m_axi_gmem6_RDATA     |  128|          3|  512|       1536|
    |grp_datamover_outerloop_0_dataflow_read_write_dataflow_region_fu_456_m_axi_gmem6_RFIFONUM  |    7|          3|    7|         21|
    |grp_datamover_outerloop_0_dataflow_read_write_dataflow_region_fu_456_m_axi_gmem6_RID       |    2|          3|    1|          3|
    |grp_datamover_outerloop_0_dataflow_read_write_dataflow_region_fu_456_m_axi_gmem6_RLAST     |    2|          3|    1|          3|
    |grp_datamover_outerloop_0_dataflow_read_write_dataflow_region_fu_456_m_axi_gmem6_RRESP     |    2|          3|    2|          6|
    |grp_datamover_outerloop_0_dataflow_read_write_dataflow_region_fu_456_m_axi_gmem6_RUSER     |    2|          3|    1|          3|
    |grp_datamover_outerloop_0_dataflow_read_write_dataflow_region_fu_456_m_axi_gmem6_RVALID    |    2|          3|    1|          3|
    |grp_datamover_outerloop_0_dataflow_read_write_dataflow_region_fu_456_m_axi_gmem7_AWREADY   |    2|          3|    1|          3|
    |grp_datamover_outerloop_0_dataflow_read_write_dataflow_region_fu_456_m_axi_gmem7_BID       |    2|          3|    1|          3|
    |grp_datamover_outerloop_0_dataflow_read_write_dataflow_region_fu_456_m_axi_gmem7_BRESP     |    2|          3|    2|          6|
    |grp_datamover_outerloop_0_dataflow_read_write_dataflow_region_fu_456_m_axi_gmem7_BUSER     |    2|          3|    1|          3|
    |grp_datamover_outerloop_0_dataflow_read_write_dataflow_region_fu_456_m_axi_gmem7_BVALID    |    2|          3|    1|          3|
    |grp_datamover_outerloop_0_dataflow_read_write_dataflow_region_fu_456_m_axi_gmem7_WREADY    |    2|          3|    1|          3|
    |grp_datamover_outerloop_0_dataflow_read_write_dataflow_region_fu_456_m_axi_gmem8_AWREADY   |    2|          3|    1|          3|
    |grp_datamover_outerloop_0_dataflow_read_write_dataflow_region_fu_456_m_axi_gmem8_BID       |    2|          3|    1|          3|
    |grp_datamover_outerloop_0_dataflow_read_write_dataflow_region_fu_456_m_axi_gmem8_BRESP     |    2|          3|    2|          6|
    |grp_datamover_outerloop_0_dataflow_read_write_dataflow_region_fu_456_m_axi_gmem8_BUSER     |    2|          3|    1|          3|
    |grp_datamover_outerloop_0_dataflow_read_write_dataflow_region_fu_456_m_axi_gmem8_BVALID    |    2|          3|    1|          3|
    |grp_datamover_outerloop_0_dataflow_read_write_dataflow_region_fu_456_m_axi_gmem8_WREADY    |    2|          3|    1|          3|
    |grp_datamover_outerloop_0_dataflow_read_write_dataflow_region_fu_456_m_axi_gmem9_AWREADY   |    2|          3|    1|          3|
    |grp_datamover_outerloop_0_dataflow_read_write_dataflow_region_fu_456_m_axi_gmem9_BID       |    2|          3|    1|          3|
    |grp_datamover_outerloop_0_dataflow_read_write_dataflow_region_fu_456_m_axi_gmem9_BRESP     |    2|          3|    2|          6|
    |grp_datamover_outerloop_0_dataflow_read_write_dataflow_region_fu_456_m_axi_gmem9_BUSER     |    2|          3|    1|          3|
    |grp_datamover_outerloop_0_dataflow_read_write_dataflow_region_fu_456_m_axi_gmem9_BVALID    |    2|          3|    1|          3|
    |grp_datamover_outerloop_0_dataflow_read_write_dataflow_region_fu_456_m_axi_gmem9_WREADY    |    2|          3|    1|          3|
    |i_fu_350                                                                                   |   29|          2|   31|         62|
    +-------------------------------------------------------------------------------------------+-----+-----------+-----+-----------+
    |Total                                                                                      | 1006|        266| 2068|       6131|
    +-------------------------------------------------------------------------------------------+-----+-----------+-----+-----------+

    * Register: 
    +-------------------------------------------------------------------------------------------+----+----+-----+-----------+
    |                                            Name                                           | FF | LUT| Bits| Const Bits|
    +-------------------------------------------------------------------------------------------+----+----+-----+-----------+
    |ap_CS_fsm                                                                                  |  13|   0|   13|          0|
    |ap_done_reg                                                                                |   1|   0|    1|          0|
    |ap_rst_n_inv                                                                               |   1|   0|    1|          0|
    |ap_rst_reg_1                                                                               |   1|   0|    1|          0|
    |ap_rst_reg_2                                                                               |   1|   0|    1|          0|
    |ap_sync_reg_grp_datamover_outerloop_0_dataflow_read_write_dataflow_region_fu_456_ap_done   |   1|   0|    1|          0|
    |ap_sync_reg_grp_datamover_outerloop_0_dataflow_read_write_dataflow_region_fu_456_ap_ready  |   1|   0|    1|          0|
    |arg0_read_reg_859                                                                          |  64|   0|   64|          0|
    |arg1_read_reg_854                                                                          |  64|   0|   64|          0|
    |arg2_read_reg_849                                                                          |  64|   0|   64|          0|
    |arg3_read_reg_844                                                                          |  64|   0|   64|          0|
    |arg4_read_reg_839                                                                          |  64|   0|   64|          0|
    |arg5_read_reg_833                                                                          |  64|   0|   64|          0|
    |arg6_read_reg_827                                                                          |  64|   0|   64|          0|
    |arg7_read_reg_821                                                                          |  64|   0|   64|          0|
    |arg8_read_reg_815                                                                          |  64|   0|   64|          0|
    |arg9_read_reg_809                                                                          |  64|   0|   64|          0|
    |config_total_xblocks_reg_865                                                               |  32|   0|   32|          0|
    |diff_y_reg_794                                                                             |  16|   0|   16|          0|
    |end_x_reg_779                                                                              |  13|   0|   13|          0|
    |grp_datamover_outerloop_0_dataflow_read_write_dataflow_region_fu_456_ap_start_reg          |   1|   0|    1|          0|
    |i_fu_350                                                                                   |  31|   0|   31|          0|
    |num_pkts_reg_870                                                                           |  31|   0|   32|          1|
    |trunc_ln_reg_875                                                                           |  31|   0|   31|          0|
    +-------------------------------------------------------------------------------------------+----+----+-----+-----------+
    |Total                                                                                      | 814|   0|  815|          1|
    +-------------------------------------------------------------------------------------------+----+----+-----+-----------+



================================================================
== Interface
================================================================
* Summary: 
+-----------------------+-----+-----+---------------+------------------------+--------------+
|       RTL Ports       | Dir | Bits|    Protocol   |      Source Object     |    C Type    |
+-----------------------+-----+-----+---------------+------------------------+--------------+
|s_axi_control_AWVALID  |   in|    1|          s_axi|                 control|        scalar|
|s_axi_control_AWREADY  |  out|    1|          s_axi|                 control|        scalar|
|s_axi_control_AWADDR   |   in|    8|          s_axi|                 control|        scalar|
|s_axi_control_WVALID   |   in|    1|          s_axi|                 control|        scalar|
|s_axi_control_WREADY   |  out|    1|          s_axi|                 control|        scalar|
|s_axi_control_WDATA    |   in|   32|          s_axi|                 control|        scalar|
|s_axi_control_WSTRB    |   in|    4|          s_axi|                 control|        scalar|
|s_axi_control_ARVALID  |   in|    1|          s_axi|                 control|        scalar|
|s_axi_control_ARREADY  |  out|    1|          s_axi|                 control|        scalar|
|s_axi_control_ARADDR   |   in|    8|          s_axi|                 control|        scalar|
|s_axi_control_RVALID   |  out|    1|          s_axi|                 control|        scalar|
|s_axi_control_RREADY   |   in|    1|          s_axi|                 control|        scalar|
|s_axi_control_RDATA    |  out|   32|          s_axi|                 control|        scalar|
|s_axi_control_RRESP    |  out|    2|          s_axi|                 control|        scalar|
|s_axi_control_BVALID   |  out|    1|          s_axi|                 control|        scalar|
|s_axi_control_BREADY   |   in|    1|          s_axi|                 control|        scalar|
|s_axi_control_BRESP    |  out|    2|          s_axi|                 control|        scalar|
|ap_clk                 |   in|    1|  ap_ctrl_chain|   datamover_outerloop_0|  return value|
|ap_rst_n               |   in|    1|  ap_ctrl_chain|   datamover_outerloop_0|  return value|
|interrupt              |  out|    1|  ap_ctrl_chain|   datamover_outerloop_0|  return value|
|m_axi_gmem0_AWVALID    |  out|    1|          m_axi|                   gmem0|       pointer|
|m_axi_gmem0_AWREADY    |   in|    1|          m_axi|                   gmem0|       pointer|
|m_axi_gmem0_AWADDR     |  out|   64|          m_axi|                   gmem0|       pointer|
|m_axi_gmem0_AWID       |  out|    1|          m_axi|                   gmem0|       pointer|
|m_axi_gmem0_AWLEN      |  out|    8|          m_axi|                   gmem0|       pointer|
|m_axi_gmem0_AWSIZE     |  out|    3|          m_axi|                   gmem0|       pointer|
|m_axi_gmem0_AWBURST    |  out|    2|          m_axi|                   gmem0|       pointer|
|m_axi_gmem0_AWLOCK     |  out|    2|          m_axi|                   gmem0|       pointer|
|m_axi_gmem0_AWCACHE    |  out|    4|          m_axi|                   gmem0|       pointer|
|m_axi_gmem0_AWPROT     |  out|    3|          m_axi|                   gmem0|       pointer|
|m_axi_gmem0_AWQOS      |  out|    4|          m_axi|                   gmem0|       pointer|
|m_axi_gmem0_AWREGION   |  out|    4|          m_axi|                   gmem0|       pointer|
|m_axi_gmem0_AWUSER     |  out|    1|          m_axi|                   gmem0|       pointer|
|m_axi_gmem0_WVALID     |  out|    1|          m_axi|                   gmem0|       pointer|
|m_axi_gmem0_WREADY     |   in|    1|          m_axi|                   gmem0|       pointer|
|m_axi_gmem0_WDATA      |  out|  512|          m_axi|                   gmem0|       pointer|
|m_axi_gmem0_WSTRB      |  out|   64|          m_axi|                   gmem0|       pointer|
|m_axi_gmem0_WLAST      |  out|    1|          m_axi|                   gmem0|       pointer|
|m_axi_gmem0_WID        |  out|    1|          m_axi|                   gmem0|       pointer|
|m_axi_gmem0_WUSER      |  out|    1|          m_axi|                   gmem0|       pointer|
|m_axi_gmem0_ARVALID    |  out|    1|          m_axi|                   gmem0|       pointer|
|m_axi_gmem0_ARREADY    |   in|    1|          m_axi|                   gmem0|       pointer|
|m_axi_gmem0_ARADDR     |  out|   64|          m_axi|                   gmem0|       pointer|
|m_axi_gmem0_ARID       |  out|    1|          m_axi|                   gmem0|       pointer|
|m_axi_gmem0_ARLEN      |  out|    8|          m_axi|                   gmem0|       pointer|
|m_axi_gmem0_ARSIZE     |  out|    3|          m_axi|                   gmem0|       pointer|
|m_axi_gmem0_ARBURST    |  out|    2|          m_axi|                   gmem0|       pointer|
|m_axi_gmem0_ARLOCK     |  out|    2|          m_axi|                   gmem0|       pointer|
|m_axi_gmem0_ARCACHE    |  out|    4|          m_axi|                   gmem0|       pointer|
|m_axi_gmem0_ARPROT     |  out|    3|          m_axi|                   gmem0|       pointer|
|m_axi_gmem0_ARQOS      |  out|    4|          m_axi|                   gmem0|       pointer|
|m_axi_gmem0_ARREGION   |  out|    4|          m_axi|                   gmem0|       pointer|
|m_axi_gmem0_ARUSER     |  out|    1|          m_axi|                   gmem0|       pointer|
|m_axi_gmem0_RVALID     |   in|    1|          m_axi|                   gmem0|       pointer|
|m_axi_gmem0_RREADY     |  out|    1|          m_axi|                   gmem0|       pointer|
|m_axi_gmem0_RDATA      |   in|  512|          m_axi|                   gmem0|       pointer|
|m_axi_gmem0_RLAST      |   in|    1|          m_axi|                   gmem0|       pointer|
|m_axi_gmem0_RID        |   in|    1|          m_axi|                   gmem0|       pointer|
|m_axi_gmem0_RUSER      |   in|    1|          m_axi|                   gmem0|       pointer|
|m_axi_gmem0_RRESP      |   in|    2|          m_axi|                   gmem0|       pointer|
|m_axi_gmem0_BVALID     |   in|    1|          m_axi|                   gmem0|       pointer|
|m_axi_gmem0_BREADY     |  out|    1|          m_axi|                   gmem0|       pointer|
|m_axi_gmem0_BRESP      |   in|    2|          m_axi|                   gmem0|       pointer|
|m_axi_gmem0_BID        |   in|    1|          m_axi|                   gmem0|       pointer|
|m_axi_gmem0_BUSER      |   in|    1|          m_axi|                   gmem0|       pointer|
|m_axi_gmem1_AWVALID    |  out|    1|          m_axi|                   gmem1|       pointer|
|m_axi_gmem1_AWREADY    |   in|    1|          m_axi|                   gmem1|       pointer|
|m_axi_gmem1_AWADDR     |  out|   64|          m_axi|                   gmem1|       pointer|
|m_axi_gmem1_AWID       |  out|    1|          m_axi|                   gmem1|       pointer|
|m_axi_gmem1_AWLEN      |  out|    8|          m_axi|                   gmem1|       pointer|
|m_axi_gmem1_AWSIZE     |  out|    3|          m_axi|                   gmem1|       pointer|
|m_axi_gmem1_AWBURST    |  out|    2|          m_axi|                   gmem1|       pointer|
|m_axi_gmem1_AWLOCK     |  out|    2|          m_axi|                   gmem1|       pointer|
|m_axi_gmem1_AWCACHE    |  out|    4|          m_axi|                   gmem1|       pointer|
|m_axi_gmem1_AWPROT     |  out|    3|          m_axi|                   gmem1|       pointer|
|m_axi_gmem1_AWQOS      |  out|    4|          m_axi|                   gmem1|       pointer|
|m_axi_gmem1_AWREGION   |  out|    4|          m_axi|                   gmem1|       pointer|
|m_axi_gmem1_AWUSER     |  out|    1|          m_axi|                   gmem1|       pointer|
|m_axi_gmem1_WVALID     |  out|    1|          m_axi|                   gmem1|       pointer|
|m_axi_gmem1_WREADY     |   in|    1|          m_axi|                   gmem1|       pointer|
|m_axi_gmem1_WDATA      |  out|  512|          m_axi|                   gmem1|       pointer|
|m_axi_gmem1_WSTRB      |  out|   64|          m_axi|                   gmem1|       pointer|
|m_axi_gmem1_WLAST      |  out|    1|          m_axi|                   gmem1|       pointer|
|m_axi_gmem1_WID        |  out|    1|          m_axi|                   gmem1|       pointer|
|m_axi_gmem1_WUSER      |  out|    1|          m_axi|                   gmem1|       pointer|
|m_axi_gmem1_ARVALID    |  out|    1|          m_axi|                   gmem1|       pointer|
|m_axi_gmem1_ARREADY    |   in|    1|          m_axi|                   gmem1|       pointer|
|m_axi_gmem1_ARADDR     |  out|   64|          m_axi|                   gmem1|       pointer|
|m_axi_gmem1_ARID       |  out|    1|          m_axi|                   gmem1|       pointer|
|m_axi_gmem1_ARLEN      |  out|    8|          m_axi|                   gmem1|       pointer|
|m_axi_gmem1_ARSIZE     |  out|    3|          m_axi|                   gmem1|       pointer|
|m_axi_gmem1_ARBURST    |  out|    2|          m_axi|                   gmem1|       pointer|
|m_axi_gmem1_ARLOCK     |  out|    2|          m_axi|                   gmem1|       pointer|
|m_axi_gmem1_ARCACHE    |  out|    4|          m_axi|                   gmem1|       pointer|
|m_axi_gmem1_ARPROT     |  out|    3|          m_axi|                   gmem1|       pointer|
|m_axi_gmem1_ARQOS      |  out|    4|          m_axi|                   gmem1|       pointer|
|m_axi_gmem1_ARREGION   |  out|    4|          m_axi|                   gmem1|       pointer|
|m_axi_gmem1_ARUSER     |  out|    1|          m_axi|                   gmem1|       pointer|
|m_axi_gmem1_RVALID     |   in|    1|          m_axi|                   gmem1|       pointer|
|m_axi_gmem1_RREADY     |  out|    1|          m_axi|                   gmem1|       pointer|
|m_axi_gmem1_RDATA      |   in|  512|          m_axi|                   gmem1|       pointer|
|m_axi_gmem1_RLAST      |   in|    1|          m_axi|                   gmem1|       pointer|
|m_axi_gmem1_RID        |   in|    1|          m_axi|                   gmem1|       pointer|
|m_axi_gmem1_RUSER      |   in|    1|          m_axi|                   gmem1|       pointer|
|m_axi_gmem1_RRESP      |   in|    2|          m_axi|                   gmem1|       pointer|
|m_axi_gmem1_BVALID     |   in|    1|          m_axi|                   gmem1|       pointer|
|m_axi_gmem1_BREADY     |  out|    1|          m_axi|                   gmem1|       pointer|
|m_axi_gmem1_BRESP      |   in|    2|          m_axi|                   gmem1|       pointer|
|m_axi_gmem1_BID        |   in|    1|          m_axi|                   gmem1|       pointer|
|m_axi_gmem1_BUSER      |   in|    1|          m_axi|                   gmem1|       pointer|
|m_axi_gmem2_AWVALID    |  out|    1|          m_axi|                   gmem2|       pointer|
|m_axi_gmem2_AWREADY    |   in|    1|          m_axi|                   gmem2|       pointer|
|m_axi_gmem2_AWADDR     |  out|   64|          m_axi|                   gmem2|       pointer|
|m_axi_gmem2_AWID       |  out|    1|          m_axi|                   gmem2|       pointer|
|m_axi_gmem2_AWLEN      |  out|    8|          m_axi|                   gmem2|       pointer|
|m_axi_gmem2_AWSIZE     |  out|    3|          m_axi|                   gmem2|       pointer|
|m_axi_gmem2_AWBURST    |  out|    2|          m_axi|                   gmem2|       pointer|
|m_axi_gmem2_AWLOCK     |  out|    2|          m_axi|                   gmem2|       pointer|
|m_axi_gmem2_AWCACHE    |  out|    4|          m_axi|                   gmem2|       pointer|
|m_axi_gmem2_AWPROT     |  out|    3|          m_axi|                   gmem2|       pointer|
|m_axi_gmem2_AWQOS      |  out|    4|          m_axi|                   gmem2|       pointer|
|m_axi_gmem2_AWREGION   |  out|    4|          m_axi|                   gmem2|       pointer|
|m_axi_gmem2_AWUSER     |  out|    1|          m_axi|                   gmem2|       pointer|
|m_axi_gmem2_WVALID     |  out|    1|          m_axi|                   gmem2|       pointer|
|m_axi_gmem2_WREADY     |   in|    1|          m_axi|                   gmem2|       pointer|
|m_axi_gmem2_WDATA      |  out|  512|          m_axi|                   gmem2|       pointer|
|m_axi_gmem2_WSTRB      |  out|   64|          m_axi|                   gmem2|       pointer|
|m_axi_gmem2_WLAST      |  out|    1|          m_axi|                   gmem2|       pointer|
|m_axi_gmem2_WID        |  out|    1|          m_axi|                   gmem2|       pointer|
|m_axi_gmem2_WUSER      |  out|    1|          m_axi|                   gmem2|       pointer|
|m_axi_gmem2_ARVALID    |  out|    1|          m_axi|                   gmem2|       pointer|
|m_axi_gmem2_ARREADY    |   in|    1|          m_axi|                   gmem2|       pointer|
|m_axi_gmem2_ARADDR     |  out|   64|          m_axi|                   gmem2|       pointer|
|m_axi_gmem2_ARID       |  out|    1|          m_axi|                   gmem2|       pointer|
|m_axi_gmem2_ARLEN      |  out|    8|          m_axi|                   gmem2|       pointer|
|m_axi_gmem2_ARSIZE     |  out|    3|          m_axi|                   gmem2|       pointer|
|m_axi_gmem2_ARBURST    |  out|    2|          m_axi|                   gmem2|       pointer|
|m_axi_gmem2_ARLOCK     |  out|    2|          m_axi|                   gmem2|       pointer|
|m_axi_gmem2_ARCACHE    |  out|    4|          m_axi|                   gmem2|       pointer|
|m_axi_gmem2_ARPROT     |  out|    3|          m_axi|                   gmem2|       pointer|
|m_axi_gmem2_ARQOS      |  out|    4|          m_axi|                   gmem2|       pointer|
|m_axi_gmem2_ARREGION   |  out|    4|          m_axi|                   gmem2|       pointer|
|m_axi_gmem2_ARUSER     |  out|    1|          m_axi|                   gmem2|       pointer|
|m_axi_gmem2_RVALID     |   in|    1|          m_axi|                   gmem2|       pointer|
|m_axi_gmem2_RREADY     |  out|    1|          m_axi|                   gmem2|       pointer|
|m_axi_gmem2_RDATA      |   in|  512|          m_axi|                   gmem2|       pointer|
|m_axi_gmem2_RLAST      |   in|    1|          m_axi|                   gmem2|       pointer|
|m_axi_gmem2_RID        |   in|    1|          m_axi|                   gmem2|       pointer|
|m_axi_gmem2_RUSER      |   in|    1|          m_axi|                   gmem2|       pointer|
|m_axi_gmem2_RRESP      |   in|    2|          m_axi|                   gmem2|       pointer|
|m_axi_gmem2_BVALID     |   in|    1|          m_axi|                   gmem2|       pointer|
|m_axi_gmem2_BREADY     |  out|    1|          m_axi|                   gmem2|       pointer|
|m_axi_gmem2_BRESP      |   in|    2|          m_axi|                   gmem2|       pointer|
|m_axi_gmem2_BID        |   in|    1|          m_axi|                   gmem2|       pointer|
|m_axi_gmem2_BUSER      |   in|    1|          m_axi|                   gmem2|       pointer|
|m_axi_gmem3_AWVALID    |  out|    1|          m_axi|                   gmem3|       pointer|
|m_axi_gmem3_AWREADY    |   in|    1|          m_axi|                   gmem3|       pointer|
|m_axi_gmem3_AWADDR     |  out|   64|          m_axi|                   gmem3|       pointer|
|m_axi_gmem3_AWID       |  out|    1|          m_axi|                   gmem3|       pointer|
|m_axi_gmem3_AWLEN      |  out|    8|          m_axi|                   gmem3|       pointer|
|m_axi_gmem3_AWSIZE     |  out|    3|          m_axi|                   gmem3|       pointer|
|m_axi_gmem3_AWBURST    |  out|    2|          m_axi|                   gmem3|       pointer|
|m_axi_gmem3_AWLOCK     |  out|    2|          m_axi|                   gmem3|       pointer|
|m_axi_gmem3_AWCACHE    |  out|    4|          m_axi|                   gmem3|       pointer|
|m_axi_gmem3_AWPROT     |  out|    3|          m_axi|                   gmem3|       pointer|
|m_axi_gmem3_AWQOS      |  out|    4|          m_axi|                   gmem3|       pointer|
|m_axi_gmem3_AWREGION   |  out|    4|          m_axi|                   gmem3|       pointer|
|m_axi_gmem3_AWUSER     |  out|    1|          m_axi|                   gmem3|       pointer|
|m_axi_gmem3_WVALID     |  out|    1|          m_axi|                   gmem3|       pointer|
|m_axi_gmem3_WREADY     |   in|    1|          m_axi|                   gmem3|       pointer|
|m_axi_gmem3_WDATA      |  out|  512|          m_axi|                   gmem3|       pointer|
|m_axi_gmem3_WSTRB      |  out|   64|          m_axi|                   gmem3|       pointer|
|m_axi_gmem3_WLAST      |  out|    1|          m_axi|                   gmem3|       pointer|
|m_axi_gmem3_WID        |  out|    1|          m_axi|                   gmem3|       pointer|
|m_axi_gmem3_WUSER      |  out|    1|          m_axi|                   gmem3|       pointer|
|m_axi_gmem3_ARVALID    |  out|    1|          m_axi|                   gmem3|       pointer|
|m_axi_gmem3_ARREADY    |   in|    1|          m_axi|                   gmem3|       pointer|
|m_axi_gmem3_ARADDR     |  out|   64|          m_axi|                   gmem3|       pointer|
|m_axi_gmem3_ARID       |  out|    1|          m_axi|                   gmem3|       pointer|
|m_axi_gmem3_ARLEN      |  out|    8|          m_axi|                   gmem3|       pointer|
|m_axi_gmem3_ARSIZE     |  out|    3|          m_axi|                   gmem3|       pointer|
|m_axi_gmem3_ARBURST    |  out|    2|          m_axi|                   gmem3|       pointer|
|m_axi_gmem3_ARLOCK     |  out|    2|          m_axi|                   gmem3|       pointer|
|m_axi_gmem3_ARCACHE    |  out|    4|          m_axi|                   gmem3|       pointer|
|m_axi_gmem3_ARPROT     |  out|    3|          m_axi|                   gmem3|       pointer|
|m_axi_gmem3_ARQOS      |  out|    4|          m_axi|                   gmem3|       pointer|
|m_axi_gmem3_ARREGION   |  out|    4|          m_axi|                   gmem3|       pointer|
|m_axi_gmem3_ARUSER     |  out|    1|          m_axi|                   gmem3|       pointer|
|m_axi_gmem3_RVALID     |   in|    1|          m_axi|                   gmem3|       pointer|
|m_axi_gmem3_RREADY     |  out|    1|          m_axi|                   gmem3|       pointer|
|m_axi_gmem3_RDATA      |   in|  512|          m_axi|                   gmem3|       pointer|
|m_axi_gmem3_RLAST      |   in|    1|          m_axi|                   gmem3|       pointer|
|m_axi_gmem3_RID        |   in|    1|          m_axi|                   gmem3|       pointer|
|m_axi_gmem3_RUSER      |   in|    1|          m_axi|                   gmem3|       pointer|
|m_axi_gmem3_RRESP      |   in|    2|          m_axi|                   gmem3|       pointer|
|m_axi_gmem3_BVALID     |   in|    1|          m_axi|                   gmem3|       pointer|
|m_axi_gmem3_BREADY     |  out|    1|          m_axi|                   gmem3|       pointer|
|m_axi_gmem3_BRESP      |   in|    2|          m_axi|                   gmem3|       pointer|
|m_axi_gmem3_BID        |   in|    1|          m_axi|                   gmem3|       pointer|
|m_axi_gmem3_BUSER      |   in|    1|          m_axi|                   gmem3|       pointer|
|m_axi_gmem4_AWVALID    |  out|    1|          m_axi|                   gmem4|       pointer|
|m_axi_gmem4_AWREADY    |   in|    1|          m_axi|                   gmem4|       pointer|
|m_axi_gmem4_AWADDR     |  out|   64|          m_axi|                   gmem4|       pointer|
|m_axi_gmem4_AWID       |  out|    1|          m_axi|                   gmem4|       pointer|
|m_axi_gmem4_AWLEN      |  out|    8|          m_axi|                   gmem4|       pointer|
|m_axi_gmem4_AWSIZE     |  out|    3|          m_axi|                   gmem4|       pointer|
|m_axi_gmem4_AWBURST    |  out|    2|          m_axi|                   gmem4|       pointer|
|m_axi_gmem4_AWLOCK     |  out|    2|          m_axi|                   gmem4|       pointer|
|m_axi_gmem4_AWCACHE    |  out|    4|          m_axi|                   gmem4|       pointer|
|m_axi_gmem4_AWPROT     |  out|    3|          m_axi|                   gmem4|       pointer|
|m_axi_gmem4_AWQOS      |  out|    4|          m_axi|                   gmem4|       pointer|
|m_axi_gmem4_AWREGION   |  out|    4|          m_axi|                   gmem4|       pointer|
|m_axi_gmem4_AWUSER     |  out|    1|          m_axi|                   gmem4|       pointer|
|m_axi_gmem4_WVALID     |  out|    1|          m_axi|                   gmem4|       pointer|
|m_axi_gmem4_WREADY     |   in|    1|          m_axi|                   gmem4|       pointer|
|m_axi_gmem4_WDATA      |  out|  512|          m_axi|                   gmem4|       pointer|
|m_axi_gmem4_WSTRB      |  out|   64|          m_axi|                   gmem4|       pointer|
|m_axi_gmem4_WLAST      |  out|    1|          m_axi|                   gmem4|       pointer|
|m_axi_gmem4_WID        |  out|    1|          m_axi|                   gmem4|       pointer|
|m_axi_gmem4_WUSER      |  out|    1|          m_axi|                   gmem4|       pointer|
|m_axi_gmem4_ARVALID    |  out|    1|          m_axi|                   gmem4|       pointer|
|m_axi_gmem4_ARREADY    |   in|    1|          m_axi|                   gmem4|       pointer|
|m_axi_gmem4_ARADDR     |  out|   64|          m_axi|                   gmem4|       pointer|
|m_axi_gmem4_ARID       |  out|    1|          m_axi|                   gmem4|       pointer|
|m_axi_gmem4_ARLEN      |  out|    8|          m_axi|                   gmem4|       pointer|
|m_axi_gmem4_ARSIZE     |  out|    3|          m_axi|                   gmem4|       pointer|
|m_axi_gmem4_ARBURST    |  out|    2|          m_axi|                   gmem4|       pointer|
|m_axi_gmem4_ARLOCK     |  out|    2|          m_axi|                   gmem4|       pointer|
|m_axi_gmem4_ARCACHE    |  out|    4|          m_axi|                   gmem4|       pointer|
|m_axi_gmem4_ARPROT     |  out|    3|          m_axi|                   gmem4|       pointer|
|m_axi_gmem4_ARQOS      |  out|    4|          m_axi|                   gmem4|       pointer|
|m_axi_gmem4_ARREGION   |  out|    4|          m_axi|                   gmem4|       pointer|
|m_axi_gmem4_ARUSER     |  out|    1|          m_axi|                   gmem4|       pointer|
|m_axi_gmem4_RVALID     |   in|    1|          m_axi|                   gmem4|       pointer|
|m_axi_gmem4_RREADY     |  out|    1|          m_axi|                   gmem4|       pointer|
|m_axi_gmem4_RDATA      |   in|  512|          m_axi|                   gmem4|       pointer|
|m_axi_gmem4_RLAST      |   in|    1|          m_axi|                   gmem4|       pointer|
|m_axi_gmem4_RID        |   in|    1|          m_axi|                   gmem4|       pointer|
|m_axi_gmem4_RUSER      |   in|    1|          m_axi|                   gmem4|       pointer|
|m_axi_gmem4_RRESP      |   in|    2|          m_axi|                   gmem4|       pointer|
|m_axi_gmem4_BVALID     |   in|    1|          m_axi|                   gmem4|       pointer|
|m_axi_gmem4_BREADY     |  out|    1|          m_axi|                   gmem4|       pointer|
|m_axi_gmem4_BRESP      |   in|    2|          m_axi|                   gmem4|       pointer|
|m_axi_gmem4_BID        |   in|    1|          m_axi|                   gmem4|       pointer|
|m_axi_gmem4_BUSER      |   in|    1|          m_axi|                   gmem4|       pointer|
|m_axi_gmem5_AWVALID    |  out|    1|          m_axi|                   gmem5|       pointer|
|m_axi_gmem5_AWREADY    |   in|    1|          m_axi|                   gmem5|       pointer|
|m_axi_gmem5_AWADDR     |  out|   64|          m_axi|                   gmem5|       pointer|
|m_axi_gmem5_AWID       |  out|    1|          m_axi|                   gmem5|       pointer|
|m_axi_gmem5_AWLEN      |  out|    8|          m_axi|                   gmem5|       pointer|
|m_axi_gmem5_AWSIZE     |  out|    3|          m_axi|                   gmem5|       pointer|
|m_axi_gmem5_AWBURST    |  out|    2|          m_axi|                   gmem5|       pointer|
|m_axi_gmem5_AWLOCK     |  out|    2|          m_axi|                   gmem5|       pointer|
|m_axi_gmem5_AWCACHE    |  out|    4|          m_axi|                   gmem5|       pointer|
|m_axi_gmem5_AWPROT     |  out|    3|          m_axi|                   gmem5|       pointer|
|m_axi_gmem5_AWQOS      |  out|    4|          m_axi|                   gmem5|       pointer|
|m_axi_gmem5_AWREGION   |  out|    4|          m_axi|                   gmem5|       pointer|
|m_axi_gmem5_AWUSER     |  out|    1|          m_axi|                   gmem5|       pointer|
|m_axi_gmem5_WVALID     |  out|    1|          m_axi|                   gmem5|       pointer|
|m_axi_gmem5_WREADY     |   in|    1|          m_axi|                   gmem5|       pointer|
|m_axi_gmem5_WDATA      |  out|  512|          m_axi|                   gmem5|       pointer|
|m_axi_gmem5_WSTRB      |  out|   64|          m_axi|                   gmem5|       pointer|
|m_axi_gmem5_WLAST      |  out|    1|          m_axi|                   gmem5|       pointer|
|m_axi_gmem5_WID        |  out|    1|          m_axi|                   gmem5|       pointer|
|m_axi_gmem5_WUSER      |  out|    1|          m_axi|                   gmem5|       pointer|
|m_axi_gmem5_ARVALID    |  out|    1|          m_axi|                   gmem5|       pointer|
|m_axi_gmem5_ARREADY    |   in|    1|          m_axi|                   gmem5|       pointer|
|m_axi_gmem5_ARADDR     |  out|   64|          m_axi|                   gmem5|       pointer|
|m_axi_gmem5_ARID       |  out|    1|          m_axi|                   gmem5|       pointer|
|m_axi_gmem5_ARLEN      |  out|    8|          m_axi|                   gmem5|       pointer|
|m_axi_gmem5_ARSIZE     |  out|    3|          m_axi|                   gmem5|       pointer|
|m_axi_gmem5_ARBURST    |  out|    2|          m_axi|                   gmem5|       pointer|
|m_axi_gmem5_ARLOCK     |  out|    2|          m_axi|                   gmem5|       pointer|
|m_axi_gmem5_ARCACHE    |  out|    4|          m_axi|                   gmem5|       pointer|
|m_axi_gmem5_ARPROT     |  out|    3|          m_axi|                   gmem5|       pointer|
|m_axi_gmem5_ARQOS      |  out|    4|          m_axi|                   gmem5|       pointer|
|m_axi_gmem5_ARREGION   |  out|    4|          m_axi|                   gmem5|       pointer|
|m_axi_gmem5_ARUSER     |  out|    1|          m_axi|                   gmem5|       pointer|
|m_axi_gmem5_RVALID     |   in|    1|          m_axi|                   gmem5|       pointer|
|m_axi_gmem5_RREADY     |  out|    1|          m_axi|                   gmem5|       pointer|
|m_axi_gmem5_RDATA      |   in|  512|          m_axi|                   gmem5|       pointer|
|m_axi_gmem5_RLAST      |   in|    1|          m_axi|                   gmem5|       pointer|
|m_axi_gmem5_RID        |   in|    1|          m_axi|                   gmem5|       pointer|
|m_axi_gmem5_RUSER      |   in|    1|          m_axi|                   gmem5|       pointer|
|m_axi_gmem5_RRESP      |   in|    2|          m_axi|                   gmem5|       pointer|
|m_axi_gmem5_BVALID     |   in|    1|          m_axi|                   gmem5|       pointer|
|m_axi_gmem5_BREADY     |  out|    1|          m_axi|                   gmem5|       pointer|
|m_axi_gmem5_BRESP      |   in|    2|          m_axi|                   gmem5|       pointer|
|m_axi_gmem5_BID        |   in|    1|          m_axi|                   gmem5|       pointer|
|m_axi_gmem5_BUSER      |   in|    1|          m_axi|                   gmem5|       pointer|
|m_axi_gmem6_AWVALID    |  out|    1|          m_axi|                   gmem6|       pointer|
|m_axi_gmem6_AWREADY    |   in|    1|          m_axi|                   gmem6|       pointer|
|m_axi_gmem6_AWADDR     |  out|   64|          m_axi|                   gmem6|       pointer|
|m_axi_gmem6_AWID       |  out|    1|          m_axi|                   gmem6|       pointer|
|m_axi_gmem6_AWLEN      |  out|    8|          m_axi|                   gmem6|       pointer|
|m_axi_gmem6_AWSIZE     |  out|    3|          m_axi|                   gmem6|       pointer|
|m_axi_gmem6_AWBURST    |  out|    2|          m_axi|                   gmem6|       pointer|
|m_axi_gmem6_AWLOCK     |  out|    2|          m_axi|                   gmem6|       pointer|
|m_axi_gmem6_AWCACHE    |  out|    4|          m_axi|                   gmem6|       pointer|
|m_axi_gmem6_AWPROT     |  out|    3|          m_axi|                   gmem6|       pointer|
|m_axi_gmem6_AWQOS      |  out|    4|          m_axi|                   gmem6|       pointer|
|m_axi_gmem6_AWREGION   |  out|    4|          m_axi|                   gmem6|       pointer|
|m_axi_gmem6_AWUSER     |  out|    1|          m_axi|                   gmem6|       pointer|
|m_axi_gmem6_WVALID     |  out|    1|          m_axi|                   gmem6|       pointer|
|m_axi_gmem6_WREADY     |   in|    1|          m_axi|                   gmem6|       pointer|
|m_axi_gmem6_WDATA      |  out|  512|          m_axi|                   gmem6|       pointer|
|m_axi_gmem6_WSTRB      |  out|   64|          m_axi|                   gmem6|       pointer|
|m_axi_gmem6_WLAST      |  out|    1|          m_axi|                   gmem6|       pointer|
|m_axi_gmem6_WID        |  out|    1|          m_axi|                   gmem6|       pointer|
|m_axi_gmem6_WUSER      |  out|    1|          m_axi|                   gmem6|       pointer|
|m_axi_gmem6_ARVALID    |  out|    1|          m_axi|                   gmem6|       pointer|
|m_axi_gmem6_ARREADY    |   in|    1|          m_axi|                   gmem6|       pointer|
|m_axi_gmem6_ARADDR     |  out|   64|          m_axi|                   gmem6|       pointer|
|m_axi_gmem6_ARID       |  out|    1|          m_axi|                   gmem6|       pointer|
|m_axi_gmem6_ARLEN      |  out|    8|          m_axi|                   gmem6|       pointer|
|m_axi_gmem6_ARSIZE     |  out|    3|          m_axi|                   gmem6|       pointer|
|m_axi_gmem6_ARBURST    |  out|    2|          m_axi|                   gmem6|       pointer|
|m_axi_gmem6_ARLOCK     |  out|    2|          m_axi|                   gmem6|       pointer|
|m_axi_gmem6_ARCACHE    |  out|    4|          m_axi|                   gmem6|       pointer|
|m_axi_gmem6_ARPROT     |  out|    3|          m_axi|                   gmem6|       pointer|
|m_axi_gmem6_ARQOS      |  out|    4|          m_axi|                   gmem6|       pointer|
|m_axi_gmem6_ARREGION   |  out|    4|          m_axi|                   gmem6|       pointer|
|m_axi_gmem6_ARUSER     |  out|    1|          m_axi|                   gmem6|       pointer|
|m_axi_gmem6_RVALID     |   in|    1|          m_axi|                   gmem6|       pointer|
|m_axi_gmem6_RREADY     |  out|    1|          m_axi|                   gmem6|       pointer|
|m_axi_gmem6_RDATA      |   in|  512|          m_axi|                   gmem6|       pointer|
|m_axi_gmem6_RLAST      |   in|    1|          m_axi|                   gmem6|       pointer|
|m_axi_gmem6_RID        |   in|    1|          m_axi|                   gmem6|       pointer|
|m_axi_gmem6_RUSER      |   in|    1|          m_axi|                   gmem6|       pointer|
|m_axi_gmem6_RRESP      |   in|    2|          m_axi|                   gmem6|       pointer|
|m_axi_gmem6_BVALID     |   in|    1|          m_axi|                   gmem6|       pointer|
|m_axi_gmem6_BREADY     |  out|    1|          m_axi|                   gmem6|       pointer|
|m_axi_gmem6_BRESP      |   in|    2|          m_axi|                   gmem6|       pointer|
|m_axi_gmem6_BID        |   in|    1|          m_axi|                   gmem6|       pointer|
|m_axi_gmem6_BUSER      |   in|    1|          m_axi|                   gmem6|       pointer|
|m_axi_gmem7_AWVALID    |  out|    1|          m_axi|                   gmem7|       pointer|
|m_axi_gmem7_AWREADY    |   in|    1|          m_axi|                   gmem7|       pointer|
|m_axi_gmem7_AWADDR     |  out|   64|          m_axi|                   gmem7|       pointer|
|m_axi_gmem7_AWID       |  out|    1|          m_axi|                   gmem7|       pointer|
|m_axi_gmem7_AWLEN      |  out|    8|          m_axi|                   gmem7|       pointer|
|m_axi_gmem7_AWSIZE     |  out|    3|          m_axi|                   gmem7|       pointer|
|m_axi_gmem7_AWBURST    |  out|    2|          m_axi|                   gmem7|       pointer|
|m_axi_gmem7_AWLOCK     |  out|    2|          m_axi|                   gmem7|       pointer|
|m_axi_gmem7_AWCACHE    |  out|    4|          m_axi|                   gmem7|       pointer|
|m_axi_gmem7_AWPROT     |  out|    3|          m_axi|                   gmem7|       pointer|
|m_axi_gmem7_AWQOS      |  out|    4|          m_axi|                   gmem7|       pointer|
|m_axi_gmem7_AWREGION   |  out|    4|          m_axi|                   gmem7|       pointer|
|m_axi_gmem7_AWUSER     |  out|    1|          m_axi|                   gmem7|       pointer|
|m_axi_gmem7_WVALID     |  out|    1|          m_axi|                   gmem7|       pointer|
|m_axi_gmem7_WREADY     |   in|    1|          m_axi|                   gmem7|       pointer|
|m_axi_gmem7_WDATA      |  out|  512|          m_axi|                   gmem7|       pointer|
|m_axi_gmem7_WSTRB      |  out|   64|          m_axi|                   gmem7|       pointer|
|m_axi_gmem7_WLAST      |  out|    1|          m_axi|                   gmem7|       pointer|
|m_axi_gmem7_WID        |  out|    1|          m_axi|                   gmem7|       pointer|
|m_axi_gmem7_WUSER      |  out|    1|          m_axi|                   gmem7|       pointer|
|m_axi_gmem7_ARVALID    |  out|    1|          m_axi|                   gmem7|       pointer|
|m_axi_gmem7_ARREADY    |   in|    1|          m_axi|                   gmem7|       pointer|
|m_axi_gmem7_ARADDR     |  out|   64|          m_axi|                   gmem7|       pointer|
|m_axi_gmem7_ARID       |  out|    1|          m_axi|                   gmem7|       pointer|
|m_axi_gmem7_ARLEN      |  out|    8|          m_axi|                   gmem7|       pointer|
|m_axi_gmem7_ARSIZE     |  out|    3|          m_axi|                   gmem7|       pointer|
|m_axi_gmem7_ARBURST    |  out|    2|          m_axi|                   gmem7|       pointer|
|m_axi_gmem7_ARLOCK     |  out|    2|          m_axi|                   gmem7|       pointer|
|m_axi_gmem7_ARCACHE    |  out|    4|          m_axi|                   gmem7|       pointer|
|m_axi_gmem7_ARPROT     |  out|    3|          m_axi|                   gmem7|       pointer|
|m_axi_gmem7_ARQOS      |  out|    4|          m_axi|                   gmem7|       pointer|
|m_axi_gmem7_ARREGION   |  out|    4|          m_axi|                   gmem7|       pointer|
|m_axi_gmem7_ARUSER     |  out|    1|          m_axi|                   gmem7|       pointer|
|m_axi_gmem7_RVALID     |   in|    1|          m_axi|                   gmem7|       pointer|
|m_axi_gmem7_RREADY     |  out|    1|          m_axi|                   gmem7|       pointer|
|m_axi_gmem7_RDATA      |   in|  512|          m_axi|                   gmem7|       pointer|
|m_axi_gmem7_RLAST      |   in|    1|          m_axi|                   gmem7|       pointer|
|m_axi_gmem7_RID        |   in|    1|          m_axi|                   gmem7|       pointer|
|m_axi_gmem7_RUSER      |   in|    1|          m_axi|                   gmem7|       pointer|
|m_axi_gmem7_RRESP      |   in|    2|          m_axi|                   gmem7|       pointer|
|m_axi_gmem7_BVALID     |   in|    1|          m_axi|                   gmem7|       pointer|
|m_axi_gmem7_BREADY     |  out|    1|          m_axi|                   gmem7|       pointer|
|m_axi_gmem7_BRESP      |   in|    2|          m_axi|                   gmem7|       pointer|
|m_axi_gmem7_BID        |   in|    1|          m_axi|                   gmem7|       pointer|
|m_axi_gmem7_BUSER      |   in|    1|          m_axi|                   gmem7|       pointer|
|m_axi_gmem8_AWVALID    |  out|    1|          m_axi|                   gmem8|       pointer|
|m_axi_gmem8_AWREADY    |   in|    1|          m_axi|                   gmem8|       pointer|
|m_axi_gmem8_AWADDR     |  out|   64|          m_axi|                   gmem8|       pointer|
|m_axi_gmem8_AWID       |  out|    1|          m_axi|                   gmem8|       pointer|
|m_axi_gmem8_AWLEN      |  out|    8|          m_axi|                   gmem8|       pointer|
|m_axi_gmem8_AWSIZE     |  out|    3|          m_axi|                   gmem8|       pointer|
|m_axi_gmem8_AWBURST    |  out|    2|          m_axi|                   gmem8|       pointer|
|m_axi_gmem8_AWLOCK     |  out|    2|          m_axi|                   gmem8|       pointer|
|m_axi_gmem8_AWCACHE    |  out|    4|          m_axi|                   gmem8|       pointer|
|m_axi_gmem8_AWPROT     |  out|    3|          m_axi|                   gmem8|       pointer|
|m_axi_gmem8_AWQOS      |  out|    4|          m_axi|                   gmem8|       pointer|
|m_axi_gmem8_AWREGION   |  out|    4|          m_axi|                   gmem8|       pointer|
|m_axi_gmem8_AWUSER     |  out|    1|          m_axi|                   gmem8|       pointer|
|m_axi_gmem8_WVALID     |  out|    1|          m_axi|                   gmem8|       pointer|
|m_axi_gmem8_WREADY     |   in|    1|          m_axi|                   gmem8|       pointer|
|m_axi_gmem8_WDATA      |  out|  512|          m_axi|                   gmem8|       pointer|
|m_axi_gmem8_WSTRB      |  out|   64|          m_axi|                   gmem8|       pointer|
|m_axi_gmem8_WLAST      |  out|    1|          m_axi|                   gmem8|       pointer|
|m_axi_gmem8_WID        |  out|    1|          m_axi|                   gmem8|       pointer|
|m_axi_gmem8_WUSER      |  out|    1|          m_axi|                   gmem8|       pointer|
|m_axi_gmem8_ARVALID    |  out|    1|          m_axi|                   gmem8|       pointer|
|m_axi_gmem8_ARREADY    |   in|    1|          m_axi|                   gmem8|       pointer|
|m_axi_gmem8_ARADDR     |  out|   64|          m_axi|                   gmem8|       pointer|
|m_axi_gmem8_ARID       |  out|    1|          m_axi|                   gmem8|       pointer|
|m_axi_gmem8_ARLEN      |  out|    8|          m_axi|                   gmem8|       pointer|
|m_axi_gmem8_ARSIZE     |  out|    3|          m_axi|                   gmem8|       pointer|
|m_axi_gmem8_ARBURST    |  out|    2|          m_axi|                   gmem8|       pointer|
|m_axi_gmem8_ARLOCK     |  out|    2|          m_axi|                   gmem8|       pointer|
|m_axi_gmem8_ARCACHE    |  out|    4|          m_axi|                   gmem8|       pointer|
|m_axi_gmem8_ARPROT     |  out|    3|          m_axi|                   gmem8|       pointer|
|m_axi_gmem8_ARQOS      |  out|    4|          m_axi|                   gmem8|       pointer|
|m_axi_gmem8_ARREGION   |  out|    4|          m_axi|                   gmem8|       pointer|
|m_axi_gmem8_ARUSER     |  out|    1|          m_axi|                   gmem8|       pointer|
|m_axi_gmem8_RVALID     |   in|    1|          m_axi|                   gmem8|       pointer|
|m_axi_gmem8_RREADY     |  out|    1|          m_axi|                   gmem8|       pointer|
|m_axi_gmem8_RDATA      |   in|  512|          m_axi|                   gmem8|       pointer|
|m_axi_gmem8_RLAST      |   in|    1|          m_axi|                   gmem8|       pointer|
|m_axi_gmem8_RID        |   in|    1|          m_axi|                   gmem8|       pointer|
|m_axi_gmem8_RUSER      |   in|    1|          m_axi|                   gmem8|       pointer|
|m_axi_gmem8_RRESP      |   in|    2|          m_axi|                   gmem8|       pointer|
|m_axi_gmem8_BVALID     |   in|    1|          m_axi|                   gmem8|       pointer|
|m_axi_gmem8_BREADY     |  out|    1|          m_axi|                   gmem8|       pointer|
|m_axi_gmem8_BRESP      |   in|    2|          m_axi|                   gmem8|       pointer|
|m_axi_gmem8_BID        |   in|    1|          m_axi|                   gmem8|       pointer|
|m_axi_gmem8_BUSER      |   in|    1|          m_axi|                   gmem8|       pointer|
|m_axi_gmem9_AWVALID    |  out|    1|          m_axi|                   gmem9|       pointer|
|m_axi_gmem9_AWREADY    |   in|    1|          m_axi|                   gmem9|       pointer|
|m_axi_gmem9_AWADDR     |  out|   64|          m_axi|                   gmem9|       pointer|
|m_axi_gmem9_AWID       |  out|    1|          m_axi|                   gmem9|       pointer|
|m_axi_gmem9_AWLEN      |  out|    8|          m_axi|                   gmem9|       pointer|
|m_axi_gmem9_AWSIZE     |  out|    3|          m_axi|                   gmem9|       pointer|
|m_axi_gmem9_AWBURST    |  out|    2|          m_axi|                   gmem9|       pointer|
|m_axi_gmem9_AWLOCK     |  out|    2|          m_axi|                   gmem9|       pointer|
|m_axi_gmem9_AWCACHE    |  out|    4|          m_axi|                   gmem9|       pointer|
|m_axi_gmem9_AWPROT     |  out|    3|          m_axi|                   gmem9|       pointer|
|m_axi_gmem9_AWQOS      |  out|    4|          m_axi|                   gmem9|       pointer|
|m_axi_gmem9_AWREGION   |  out|    4|          m_axi|                   gmem9|       pointer|
|m_axi_gmem9_AWUSER     |  out|    1|          m_axi|                   gmem9|       pointer|
|m_axi_gmem9_WVALID     |  out|    1|          m_axi|                   gmem9|       pointer|
|m_axi_gmem9_WREADY     |   in|    1|          m_axi|                   gmem9|       pointer|
|m_axi_gmem9_WDATA      |  out|  512|          m_axi|                   gmem9|       pointer|
|m_axi_gmem9_WSTRB      |  out|   64|          m_axi|                   gmem9|       pointer|
|m_axi_gmem9_WLAST      |  out|    1|          m_axi|                   gmem9|       pointer|
|m_axi_gmem9_WID        |  out|    1|          m_axi|                   gmem9|       pointer|
|m_axi_gmem9_WUSER      |  out|    1|          m_axi|                   gmem9|       pointer|
|m_axi_gmem9_ARVALID    |  out|    1|          m_axi|                   gmem9|       pointer|
|m_axi_gmem9_ARREADY    |   in|    1|          m_axi|                   gmem9|       pointer|
|m_axi_gmem9_ARADDR     |  out|   64|          m_axi|                   gmem9|       pointer|
|m_axi_gmem9_ARID       |  out|    1|          m_axi|                   gmem9|       pointer|
|m_axi_gmem9_ARLEN      |  out|    8|          m_axi|                   gmem9|       pointer|
|m_axi_gmem9_ARSIZE     |  out|    3|          m_axi|                   gmem9|       pointer|
|m_axi_gmem9_ARBURST    |  out|    2|          m_axi|                   gmem9|       pointer|
|m_axi_gmem9_ARLOCK     |  out|    2|          m_axi|                   gmem9|       pointer|
|m_axi_gmem9_ARCACHE    |  out|    4|          m_axi|                   gmem9|       pointer|
|m_axi_gmem9_ARPROT     |  out|    3|          m_axi|                   gmem9|       pointer|
|m_axi_gmem9_ARQOS      |  out|    4|          m_axi|                   gmem9|       pointer|
|m_axi_gmem9_ARREGION   |  out|    4|          m_axi|                   gmem9|       pointer|
|m_axi_gmem9_ARUSER     |  out|    1|          m_axi|                   gmem9|       pointer|
|m_axi_gmem9_RVALID     |   in|    1|          m_axi|                   gmem9|       pointer|
|m_axi_gmem9_RREADY     |  out|    1|          m_axi|                   gmem9|       pointer|
|m_axi_gmem9_RDATA      |   in|  512|          m_axi|                   gmem9|       pointer|
|m_axi_gmem9_RLAST      |   in|    1|          m_axi|                   gmem9|       pointer|
|m_axi_gmem9_RID        |   in|    1|          m_axi|                   gmem9|       pointer|
|m_axi_gmem9_RUSER      |   in|    1|          m_axi|                   gmem9|       pointer|
|m_axi_gmem9_RRESP      |   in|    2|          m_axi|                   gmem9|       pointer|
|m_axi_gmem9_BVALID     |   in|    1|          m_axi|                   gmem9|       pointer|
|m_axi_gmem9_BREADY     |  out|    1|          m_axi|                   gmem9|       pointer|
|m_axi_gmem9_BRESP      |   in|    2|          m_axi|                   gmem9|       pointer|
|m_axi_gmem9_BID        |   in|    1|          m_axi|                   gmem9|       pointer|
|m_axi_gmem9_BUSER      |   in|    1|          m_axi|                   gmem9|       pointer|
|arg0_axis_out_TDATA    |  out|  256|           axis|  arg0_axis_out_V_data_V|       pointer|
|arg0_axis_out_TVALID   |  out|    1|           axis|  arg0_axis_out_V_last_V|       pointer|
|arg0_axis_out_TREADY   |   in|    1|           axis|  arg0_axis_out_V_last_V|       pointer|
|arg0_axis_out_TLAST    |  out|    1|           axis|  arg0_axis_out_V_last_V|       pointer|
|arg0_axis_out_TKEEP    |  out|   32|           axis|  arg0_axis_out_V_keep_V|       pointer|
|arg0_axis_out_TSTRB    |  out|   32|           axis|  arg0_axis_out_V_strb_V|       pointer|
|arg1_axis_out_TDATA    |  out|  256|           axis|  arg1_axis_out_V_data_V|       pointer|
|arg1_axis_out_TVALID   |  out|    1|           axis|  arg1_axis_out_V_last_V|       pointer|
|arg1_axis_out_TREADY   |   in|    1|           axis|  arg1_axis_out_V_last_V|       pointer|
|arg1_axis_out_TLAST    |  out|    1|           axis|  arg1_axis_out_V_last_V|       pointer|
|arg1_axis_out_TKEEP    |  out|   32|           axis|  arg1_axis_out_V_keep_V|       pointer|
|arg1_axis_out_TSTRB    |  out|   32|           axis|  arg1_axis_out_V_strb_V|       pointer|
|arg1_axis_in_TDATA     |   in|  256|           axis|   arg1_axis_in_V_data_V|       pointer|
|arg1_axis_in_TVALID    |   in|    1|           axis|   arg1_axis_in_V_last_V|       pointer|
|arg1_axis_in_TREADY    |  out|    1|           axis|   arg1_axis_in_V_last_V|       pointer|
|arg1_axis_in_TLAST     |   in|    1|           axis|   arg1_axis_in_V_last_V|       pointer|
|arg1_axis_in_TKEEP     |   in|   32|           axis|   arg1_axis_in_V_keep_V|       pointer|
|arg1_axis_in_TSTRB     |   in|   32|           axis|   arg1_axis_in_V_strb_V|       pointer|
|arg2_axis_out_TDATA    |  out|  256|           axis|  arg2_axis_out_V_data_V|       pointer|
|arg2_axis_out_TVALID   |  out|    1|           axis|  arg2_axis_out_V_last_V|       pointer|
|arg2_axis_out_TREADY   |   in|    1|           axis|  arg2_axis_out_V_last_V|       pointer|
|arg2_axis_out_TLAST    |  out|    1|           axis|  arg2_axis_out_V_last_V|       pointer|
|arg2_axis_out_TKEEP    |  out|   32|           axis|  arg2_axis_out_V_keep_V|       pointer|
|arg2_axis_out_TSTRB    |  out|   32|           axis|  arg2_axis_out_V_strb_V|       pointer|
|arg2_axis_in_TDATA     |   in|  256|           axis|   arg2_axis_in_V_data_V|       pointer|
|arg2_axis_in_TVALID    |   in|    1|           axis|   arg2_axis_in_V_last_V|       pointer|
|arg2_axis_in_TREADY    |  out|    1|           axis|   arg2_axis_in_V_last_V|       pointer|
|arg2_axis_in_TLAST     |   in|    1|           axis|   arg2_axis_in_V_last_V|       pointer|
|arg2_axis_in_TKEEP     |   in|   32|           axis|   arg2_axis_in_V_keep_V|       pointer|
|arg2_axis_in_TSTRB     |   in|   32|           axis|   arg2_axis_in_V_strb_V|       pointer|
|arg3_axis_out_TDATA    |  out|  256|           axis|  arg3_axis_out_V_data_V|       pointer|
|arg3_axis_out_TVALID   |  out|    1|           axis|  arg3_axis_out_V_last_V|       pointer|
|arg3_axis_out_TREADY   |   in|    1|           axis|  arg3_axis_out_V_last_V|       pointer|
|arg3_axis_out_TLAST    |  out|    1|           axis|  arg3_axis_out_V_last_V|       pointer|
|arg3_axis_out_TKEEP    |  out|   32|           axis|  arg3_axis_out_V_keep_V|       pointer|
|arg3_axis_out_TSTRB    |  out|   32|           axis|  arg3_axis_out_V_strb_V|       pointer|
|arg3_axis_in_TDATA     |   in|  256|           axis|   arg3_axis_in_V_data_V|       pointer|
|arg3_axis_in_TVALID    |   in|    1|           axis|   arg3_axis_in_V_last_V|       pointer|
|arg3_axis_in_TREADY    |  out|    1|           axis|   arg3_axis_in_V_last_V|       pointer|
|arg3_axis_in_TLAST     |   in|    1|           axis|   arg3_axis_in_V_last_V|       pointer|
|arg3_axis_in_TKEEP     |   in|   32|           axis|   arg3_axis_in_V_keep_V|       pointer|
|arg3_axis_in_TSTRB     |   in|   32|           axis|   arg3_axis_in_V_strb_V|       pointer|
|arg4_axis_out_TDATA    |  out|  256|           axis|  arg4_axis_out_V_data_V|       pointer|
|arg4_axis_out_TVALID   |  out|    1|           axis|  arg4_axis_out_V_last_V|       pointer|
|arg4_axis_out_TREADY   |   in|    1|           axis|  arg4_axis_out_V_last_V|       pointer|
|arg4_axis_out_TLAST    |  out|    1|           axis|  arg4_axis_out_V_last_V|       pointer|
|arg4_axis_out_TKEEP    |  out|   32|           axis|  arg4_axis_out_V_keep_V|       pointer|
|arg4_axis_out_TSTRB    |  out|   32|           axis|  arg4_axis_out_V_strb_V|       pointer|
|arg4_axis_in_TDATA     |   in|  256|           axis|   arg4_axis_in_V_data_V|       pointer|
|arg4_axis_in_TVALID    |   in|    1|           axis|   arg4_axis_in_V_last_V|       pointer|
|arg4_axis_in_TREADY    |  out|    1|           axis|   arg4_axis_in_V_last_V|       pointer|
|arg4_axis_in_TLAST     |   in|    1|           axis|   arg4_axis_in_V_last_V|       pointer|
|arg4_axis_in_TKEEP     |   in|   32|           axis|   arg4_axis_in_V_keep_V|       pointer|
|arg4_axis_in_TSTRB     |   in|   32|           axis|   arg4_axis_in_V_strb_V|       pointer|
|arg5_axis_out_TDATA    |  out|  256|           axis|  arg5_axis_out_V_data_V|       pointer|
|arg5_axis_out_TVALID   |  out|    1|           axis|  arg5_axis_out_V_last_V|       pointer|
|arg5_axis_out_TREADY   |   in|    1|           axis|  arg5_axis_out_V_last_V|       pointer|
|arg5_axis_out_TLAST    |  out|    1|           axis|  arg5_axis_out_V_last_V|       pointer|
|arg5_axis_out_TKEEP    |  out|   32|           axis|  arg5_axis_out_V_keep_V|       pointer|
|arg5_axis_out_TSTRB    |  out|   32|           axis|  arg5_axis_out_V_strb_V|       pointer|
|arg6_axis_out_TDATA    |  out|  256|           axis|  arg6_axis_out_V_data_V|       pointer|
|arg6_axis_out_TVALID   |  out|    1|           axis|  arg6_axis_out_V_last_V|       pointer|
|arg6_axis_out_TREADY   |   in|    1|           axis|  arg6_axis_out_V_last_V|       pointer|
|arg6_axis_out_TLAST    |  out|    1|           axis|  arg6_axis_out_V_last_V|       pointer|
|arg6_axis_out_TKEEP    |  out|   32|           axis|  arg6_axis_out_V_keep_V|       pointer|
|arg6_axis_out_TSTRB    |  out|   32|           axis|  arg6_axis_out_V_strb_V|       pointer|
|arg7_axis_in_TDATA     |   in|  256|           axis|   arg7_axis_in_V_data_V|       pointer|
|arg7_axis_in_TVALID    |   in|    1|           axis|   arg7_axis_in_V_last_V|       pointer|
|arg7_axis_in_TREADY    |  out|    1|           axis|   arg7_axis_in_V_last_V|       pointer|
|arg7_axis_in_TLAST     |   in|    1|           axis|   arg7_axis_in_V_last_V|       pointer|
|arg7_axis_in_TKEEP     |   in|   32|           axis|   arg7_axis_in_V_keep_V|       pointer|
|arg7_axis_in_TSTRB     |   in|   32|           axis|   arg7_axis_in_V_strb_V|       pointer|
|arg8_axis_in_TDATA     |   in|  256|           axis|   arg8_axis_in_V_data_V|       pointer|
|arg8_axis_in_TVALID    |   in|    1|           axis|   arg8_axis_in_V_last_V|       pointer|
|arg8_axis_in_TREADY    |  out|    1|           axis|   arg8_axis_in_V_last_V|       pointer|
|arg8_axis_in_TLAST     |   in|    1|           axis|   arg8_axis_in_V_last_V|       pointer|
|arg8_axis_in_TKEEP     |   in|   32|           axis|   arg8_axis_in_V_keep_V|       pointer|
|arg8_axis_in_TSTRB     |   in|   32|           axis|   arg8_axis_in_V_strb_V|       pointer|
|arg9_axis_in_TDATA     |   in|  256|           axis|   arg9_axis_in_V_data_V|       pointer|
|arg9_axis_in_TVALID    |   in|    1|           axis|   arg9_axis_in_V_last_V|       pointer|
|arg9_axis_in_TREADY    |  out|    1|           axis|   arg9_axis_in_V_last_V|       pointer|
|arg9_axis_in_TLAST     |   in|    1|           axis|   arg9_axis_in_V_last_V|       pointer|
|arg9_axis_in_TKEEP     |   in|   32|           axis|   arg9_axis_in_V_keep_V|       pointer|
|arg9_axis_in_TSTRB     |   in|   32|           axis|   arg9_axis_in_V_strb_V|       pointer|
+-----------------------+-----+-----+---------------+------------------------+--------------+

