Copyright 1986-2022 Xilinx, Inc. All Rights Reserved.
-----------------------------------------------------------------------------------------------------------------------------------------------------------------------------------------------------------------------------------------------------------------------------------------
| Tool Version : Vivado v.2022.1 (lin64) Build 3526262 Mon Apr 18 15:47:01 MDT 2022
| Date         : Thu Apr 24 05:59:11 2025
| Host         : acclnode02 running 64-bit Ubuntu 20.04.6 LTS
| Command      : report_accelerator_utilization -kernels { datamover_outerloop_0:top_i/ulp/datamover_outerloop_0_1/inst:datamover_outerloop_0_1 kernel_outerloop_0:top_i/ulp/kernel_outerloop_0_1/inst:kernel_outerloop_0_1} -file kernel_util_placed.rpt -name kernel_util_placed -json
| Design       : top_wrapper
| Device       : xcvc1902
| Design State : Fully Placed
-----------------------------------------------------------------------------------------------------------------------------------------------------------------------------------------------------------------------------------------------------------------------------------------

Accelerator Utilization Design Information

Table of Contents
-----------------
1. System Utilization

1. System Utilization
---------------------

+----------------------------+-------------------+------------------+------------------+---------------+---------------+
| Name                       | REG               | LUT              | LUTAsMem         | BRAM          | URAM          |
+----------------------------+-------------------+------------------+------------------+---------------+---------------+
| Platform                   |   29246 [  1.63%] |  19827 [  2.20%] |   2028 [  0.45%] |  32 [  3.31%] |   8 [  1.73%] |
| User Budget                | 1770434 [100.00%] | 880013 [100.00%] | 447892 [100.00%] | 935 [100.00%] | 455 [100.00%] |
|    Used Resources          |  263007 [ 14.86%] |  90529 [ 10.29%] |  21295 [  4.75%] | 575 [ 61.50%] |   0 [  0.00%] |
|    Unused Resources        | 1507427 [ 85.14%] | 789484 [ 89.71%] | 426597 [ 95.25%] | 360 [ 38.50%] | 455 [100.00%] |
| datamover_outerloop_0      |   17973 [  1.02%] |   9567 [  1.09%] |   2379 [  0.53%] |  31 [  3.32%] |   0 [  0.00%] |
|    datamover_outerloop_0_1 |   17973 [  1.02%] |   9567 [  1.09%] |   2379 [  0.53%] |  31 [  3.32%] |   0 [  0.00%] |
| kernel_outerloop_0         |  245034 [ 13.84%] |  80962 [  9.20%] |  18916 [  4.22%] | 544 [ 58.18%] |   0 [  0.00%] |
|    kernel_outerloop_0_1    |  245034 [ 13.84%] |  80962 [  9.20%] |  18916 [  4.22%] | 544 [ 58.18%] |   0 [  0.00%] |
+----------------------------+-------------------+------------------+------------------+---------------+---------------+


