Copyright 1986-2022 Xilinx, Inc. All Rights Reserved.
---------------------------------------------------------------------------------------------------------------------------------------------------------------------------------------------------------------------------------------------------------------------------------------------------------------------------------------------------------------------------------------------------------------------------------------------------------------
| Tool Version : Vivado v.2022.2 (lin64) Build 3671981 Fri Oct 14 04:59:54 MDT 2022
| Date         : Mon Apr 21 19:14:16 2025
| Host         : acclnode01 running 64-bit Ubuntu 20.04.6 LTS
| Command      : report_accelerator_utilization -kernels { datamover_outerloop_0:level0_i/ulp/datamover_outerloop_0_1/inst:datamover_outerloop_0_1 kernel_outerloop_0:level0_i/ulp/kernel_outerloop_0_1/inst:kernel_outerloop_0_1 kernel_outerloop_0:level0_i/ulp/kernel_outerloop_0_2/inst:kernel_outerloop_0_2 kernel_outerloop_0:level0_i/ulp/kernel_outerloop_0_3/inst:kernel_outerloop_0_3} -file kernel_util_synthed.rpt -name kernel_util_synthed -json
| Design       : level0_wrapper
| Device       : xcu280
| Design State : Synthesized
---------------------------------------------------------------------------------------------------------------------------------------------------------------------------------------------------------------------------------------------------------------------------------------------------------------------------------------------------------------------------------------------------------------------------------------------------------------

Accelerator Utilization Design Information

Table of Contents
-----------------
1. System Utilization

1. System Utilization
---------------------

+----------------------------+-------------------+------------------+-------------------+----------------+---------------+----------------+
| Name                       | LUT               | LUTAsMem         | REG               | BRAM           | URAM          | DSP            |
+----------------------------+-------------------+------------------+-------------------+----------------+---------------+----------------+
| Platform                   |  137241 [ 10.53%] |  10160 [  1.69%] |  170398 [  6.54%] |  483 [ 23.96%] |   0 [  0.00%] |    4 [  0.04%] |
| User Budget                | 1166439 [100.00%] | 590800 [100.00%] | 2436962 [100.00%] | 1533 [100.00%] | 960 [100.00%] | 9020 [100.00%] |
|    Used Resources          |  816399 [ 69.99%] |  98411 [ 16.66%] | 1257088 [ 51.58%] |  663 [ 43.25%] |   0 [  0.00%] | 5347 [ 59.28%] |
|    Unused Resources        |  350040 [ 30.01%] | 492389 [ 83.34%] | 1179874 [ 48.42%] |  870 [ 56.75%] | 960 [100.00%] | 3673 [ 40.72%] |
| datamover_outerloop_0      |    8109 [  0.70%] |   1889 [  0.32%] |   14092 [  0.58%] |   15 [  0.98%] |   0 [  0.00%] |    1 [  0.01%] |
|    datamover_outerloop_0_1 |    8109 [  0.70%] |   1889 [  0.32%] |   14092 [  0.58%] |   15 [  0.98%] |   0 [  0.00%] |    1 [  0.01%] |
| kernel_outerloop_0         |  808290 [ 69.30%] |  96522 [ 16.34%] | 1242996 [ 51.01%] |  648 [ 42.27%] |   0 [  0.00%] | 5346 [ 59.27%] |
|    kernel_outerloop_0_1    |  269430 [ 23.10%] |  32174 [  5.45%] |  414332 [ 17.00%] |  216 [ 14.09%] |   0 [  0.00%] | 1782 [ 19.76%] |
|    kernel_outerloop_0_2    |  269430 [ 23.10%] |  32174 [  5.45%] |  414332 [ 17.00%] |  216 [ 14.09%] |   0 [  0.00%] | 1782 [ 19.76%] |
|    kernel_outerloop_0_3    |  269430 [ 23.10%] |  32174 [  5.45%] |  414332 [ 17.00%] |  216 [ 14.09%] |   0 [  0.00%] | 1782 [ 19.76%] |
+----------------------------+-------------------+------------------+-------------------+----------------+---------------+----------------+


