Copyright 1986-2022 Xilinx, Inc. All Rights Reserved.
------------------------------------------------------------------------------------------
| Tool Version : Vivado v.2022.2 (lin64) Build 3671981 Fri Oct 14 04:59:54 MDT 2022
| Date         : Tue Apr 22 02:42:39 2025
| Host         : acclnode01 running 64-bit Ubuntu 20.04.6 LTS
| Command      : report_utilization -slr -file slr_util_routed.rpt -pb slr_util_routed.pb
| Design       : level0_wrapper
| Device       : xcu280-fsvh2892-2L-e
| Speed File   : -2L
| Design State : Routed
------------------------------------------------------------------------------------------

Utilization Design Information

Table of Contents
-----------------
1. SLR Connectivity
2. SLR Connectivity Matrix
3. SLR CLB Logic and Dedicated Block Utilization
4. SLR IO Utilization

1. SLR Connectivity
-------------------

+----------------------------------+-------+-------+-----------+-------+
|                                  |  Used | Fixed | Available | Util% |
+----------------------------------+-------+-------+-----------+-------+
| SLR2 <-> SLR1                    |  5799 |       |     23040 | 25.17 |
|   SLR1 -> SLR2                   |  2889 |       |           | 12.54 |
|     Using TX_REG only            |     0 |     0 |           |       |
|     Using RX_REG only            |     0 |     0 |           |       |
|     Using Both TX_REG and RX_REG |     0 |     0 |           |       |
|   SLR2 -> SLR1                   |  2910 |       |           | 12.63 |
|     Using TX_REG only            |     0 |     0 |           |       |
|     Using RX_REG only            |     0 |     0 |           |       |
|     Using Both TX_REG and RX_REG |     0 |     0 |           |       |
| SLR1 <-> SLR0                    |  9064 |       |     23040 | 39.34 |
|   SLR0 -> SLR1                   |  4136 |       |           | 17.95 |
|     Using TX_REG only            |     0 |     0 |           |       |
|     Using RX_REG only            |     0 |     0 |           |       |
|     Using Both TX_REG and RX_REG |     0 |     0 |           |       |
|   SLR1 -> SLR0                   |  4928 |       |           | 21.39 |
|     Using TX_REG only            |     0 |     0 |           |       |
|     Using RX_REG only            |     0 |     0 |           |       |
|     Using Both TX_REG and RX_REG |     0 |     0 |           |       |
+----------------------------------+-------+-------+-----------+-------+
| Total SLLs Used                  | 14863 |       |           |       |
+----------------------------------+-------+-------+-----------+-------+


2. SLR Connectivity Matrix
--------------------------

+-----------+------+------+------+
| FROM \ TO | SLR2 | SLR1 | SLR0 |
+-----------+------+------+------+
| SLR2      |    0 | 2759 |  151 |
| SLR1      | 2820 |    0 | 4777 |
| SLR0      |   69 | 4067 |    0 |
+-----------+------+------+------+


3. SLR CLB Logic and Dedicated Block Utilization
------------------------------------------------

+----------------------------+--------+--------+--------+--------+--------+--------+
|          Site Type         |  SLR0  |  SLR1  |  SLR2  | SLR0 % | SLR1 % | SLR2 % |
+----------------------------+--------+--------+--------+--------+--------+--------+
| CLB                        |  54041 |  53296 |  51083 |  98.33 |  98.70 |  94.60 |
|   CLBL                     |  28561 |  28611 |  27342 |  97.54 |  97.72 |  93.38 |
|   CLBM                     |  25480 |  24685 |  23741 |  99.22 |  99.86 |  96.04 |
| CLB LUTs                   | 264493 | 296676 | 250872 |  60.16 |  68.68 |  58.07 |
|   LUT as Logic             | 242383 | 272328 | 230615 |  55.13 |  63.04 |  53.38 |
|     using O5 output only   |   2314 |   2039 |   1696 |   0.53 |   0.47 |   0.39 |
|     using O6 output only   | 138907 | 163035 | 126234 |  31.59 |  37.74 |  29.22 |
|     using O5 and O6        | 101162 | 107254 | 102685 |  23.01 |  24.83 |  23.77 |
|   LUT as Memory            |  22110 |  24348 |  20257 |  10.76 |  12.31 |  10.24 |
|     LUT as Distributed RAM |   5622 |   7850 |   4964 |   2.74 |   3.97 |   2.51 |
|       using O5 output only |      0 |      0 |      0 |   0.00 |   0.00 |   0.00 |
|       using O6 output only |    244 |    386 |      4 |   0.12 |   0.20 |  <0.01 |
|       using O5 and O6      |   5378 |   7464 |   4960 |   2.62 |   3.77 |   2.51 |
|     LUT as Shift Register  |  16488 |  16498 |  15293 |   8.03 |   8.34 |   7.73 |
|       using O5 output only |      0 |      0 |      0 |   0.00 |   0.00 |   0.00 |
|       using O6 output only |   2328 |   2920 |   1811 |   1.13 |   1.48 |   0.92 |
|       using O5 and O6      |  14160 |  13578 |  13482 |   6.89 |   6.87 |   6.82 |
| CLB Registers              | 476225 | 496704 | 448978 |  54.16 |  57.49 |  51.97 |
| CARRY8                     |  11332 |  11679 |  11062 |  20.62 |  21.63 |  20.49 |
| F7 Muxes                   |   1227 |   1874 |    441 |   0.56 |   0.87 |   0.20 |
| F8 Muxes                   |    133 |    321 |      1 |   0.12 |   0.30 |  <0.01 |
| F9 Muxes                   |      0 |      0 |      0 |   0.00 |   0.00 |   0.00 |
| Block RAM Tile             |  409.5 |  441.5 |    266 |  60.94 |  65.70 |  39.58 |
|   RAMB36/FIFO              |    408 |    440 |    266 |  60.71 |  65.48 |  39.58 |
|   RAMB18                   |      3 |      3 |      0 |   0.22 |   0.22 |   0.00 |
| URAM                       |      0 |      0 |      0 |   0.00 |   0.00 |   0.00 |
| DSPs                       |   1782 |   1783 |   1786 |  61.88 |  58.04 |  58.14 |
| Unique Control Sets        |   7140 |   8695 |   6165 |   6.50 |   8.05 |   5.71 |
+----------------------------+--------+--------+--------+--------+--------+--------+
* Note: Available Control Sets based on CLB Registers / 8


4. SLR IO Utilization
---------------------

+-----------+-----------+---------+------------+----------+------------+----------+-----+
| SLR Index | Used IOBs | (%)IOBs | Used IPADs | (%)IPADs | Used OPADs | (%)OPADs | GTs |
+-----------+-----------+---------+------------+----------+------------+----------+-----+
| SLR2      |        15 |    7.21 |          0 |     0.00 |          0 |     0.00 |   0 |
| SLR1      |         0 |    0.00 |          0 |     0.00 |          0 |     0.00 |   0 |
| SLR0      |         1 |    0.48 |          0 |     0.00 |          0 |     0.00 |  16 |
+-----------+-----------+---------+------------+----------+------------+----------+-----+
| Total     |        16 |         |          0 |          |          0 |          |  16 |
+-----------+-----------+---------+------------+----------+------------+----------+-----+


