Copyright 1986-2022 Xilinx, Inc. All Rights Reserved.
------------------------------------------------------------------------------------------
| Tool Version : Vivado v.2022.2 (lin64) Build 3671981 Fri Oct 14 04:59:54 MDT 2022
| Date         : Sat Aug  2 04:11:34 2025
| Host         : acclnode01 running 64-bit Ubuntu 20.04.6 LTS
| Command      : report_utilization -slr -file slr_util_routed.rpt -pb slr_util_routed.pb
| Design       : level0_wrapper
| Device       : xcu280-fsvh2892-2L-e
| Speed File   : -2L
| Design State : Routed
------------------------------------------------------------------------------------------

Utilization Design Information

Table of Contents
-----------------
1. SLR Connectivity
2. SLR Connectivity Matrix
3. SLR CLB Logic and Dedicated Block Utilization
4. SLR IO Utilization

1. SLR Connectivity
-------------------

+----------------------------------+-------+-------+-----------+-------+
|                                  |  Used | Fixed | Available | Util% |
+----------------------------------+-------+-------+-----------+-------+
| SLR2 <-> SLR1                    |  5691 |       |     23040 | 24.70 |
|   SLR1 -> SLR2                   |  2873 |       |           | 12.47 |
|     Using TX_REG only            |     0 |     0 |           |       |
|     Using RX_REG only            |     0 |     0 |           |       |
|     Using Both TX_REG and RX_REG |     0 |     0 |           |       |
|   SLR2 -> SLR1                   |  2818 |       |           | 12.23 |
|     Using TX_REG only            |     0 |     0 |           |       |
|     Using RX_REG only            |     0 |     0 |           |       |
|     Using Both TX_REG and RX_REG |     0 |     0 |           |       |
| SLR1 <-> SLR0                    |  7764 |       |     23040 | 33.70 |
|   SLR0 -> SLR1                   |  3590 |       |           | 15.58 |
|     Using TX_REG only            |     0 |     0 |           |       |
|     Using RX_REG only            |     0 |     0 |           |       |
|     Using Both TX_REG and RX_REG |     0 |     0 |           |       |
|   SLR1 -> SLR0                   |  4174 |       |           | 18.12 |
|     Using TX_REG only            |     0 |     0 |           |       |
|     Using RX_REG only            |     0 |     0 |           |       |
|     Using Both TX_REG and RX_REG |     0 |     0 |           |       |
+----------------------------------+-------+-------+-----------+-------+
| Total SLLs Used                  | 13455 |       |           |       |
+----------------------------------+-------+-------+-----------+-------+


2. SLR Connectivity Matrix
--------------------------

+-----------+------+------+------+
| FROM \ TO | SLR2 | SLR1 | SLR0 |
+-----------+------+------+------+
| SLR2      |    0 | 2726 |   92 |
| SLR1      | 2806 |    0 | 4082 |
| SLR0      |   67 | 3523 |    0 |
+-----------+------+------+------+


3. SLR CLB Logic and Dedicated Block Utilization
------------------------------------------------

+----------------------------+--------+--------+--------+--------+--------+--------+
|          Site Type         |  SLR0  |  SLR1  |  SLR2  | SLR0 % | SLR1 % | SLR2 % |
+----------------------------+--------+--------+--------+--------+--------+--------+
| CLB                        |  33848 |  36252 |  30978 |  61.59 |  67.13 |  57.37 |
|   CLBL                     |  17477 |  19063 |  16257 |  59.69 |  65.11 |  55.52 |
|   CLBM                     |  16371 |  17189 |  14721 |  63.75 |  69.53 |  59.55 |
| CLB LUTs                   | 146407 | 171638 | 134023 |  33.30 |  39.73 |  31.02 |
|   LUT as Logic             | 138868 | 165336 | 130107 |  31.58 |  38.27 |  30.12 |
|     using O5 output only   |   1874 |   1646 |   1174 |   0.43 |   0.38 |   0.27 |
|     using O6 output only   |  94595 | 113575 |  87243 |  21.51 |  26.29 |  20.20 |
|     using O5 and O6        |  42399 |  50115 |  41690 |   9.64 |  11.60 |   9.65 |
|   LUT as Memory            |   7539 |   6302 |   3916 |   3.67 |   3.19 |   1.98 |
|     LUT as Distributed RAM |   1478 |   3706 |    820 |   0.72 |   1.87 |   0.41 |
|       using O5 output only |      0 |      0 |      0 |   0.00 |   0.00 |   0.00 |
|       using O6 output only |    244 |    386 |      4 |   0.12 |   0.20 |  <0.01 |
|       using O5 and O6      |   1234 |   3320 |    816 |   0.60 |   1.68 |   0.41 |
|     LUT as Shift Register  |   6061 |   2596 |   3096 |   2.95 |   1.31 |   1.57 |
|       using O5 output only |      0 |      0 |      0 |   0.00 |   0.00 |   0.00 |
|       using O6 output only |   2908 |    108 |    694 |   1.42 |   0.05 |   0.35 |
|       using O5 and O6      |   3153 |   2488 |   2402 |   1.53 |   1.26 |   1.21 |
| CLB Registers              | 245243 | 259258 | 217925 |  27.89 |  30.01 |  25.22 |
| CARRY8                     |   4089 |   4332 |   3779 |   7.44 |   8.02 |   7.00 |
| F7 Muxes                   |   1627 |   1664 |    541 |   0.74 |   0.77 |   0.25 |
| F8 Muxes                   |    198 |    398 |     72 |   0.18 |   0.37 |   0.07 |
| F9 Muxes                   |      0 |      0 |      0 |   0.00 |   0.00 |   0.00 |
| Block RAM Tile             |    168 |    154 |    122 |  25.00 |  22.92 |  18.15 |
|   RAMB36/FIFO              |    165 |    153 |    122 |  24.55 |  22.77 |  18.15 |
|   RAMB18                   |      6 |      2 |      0 |   0.45 |   0.15 |   0.00 |
| URAM                       |    216 |    216 |    216 |  67.50 |  67.50 |  67.50 |
| DSPs                       |   1058 |   1053 |   1057 |  36.74 |  34.28 |  34.41 |
| Unique Control Sets        |   4135 |   5780 |   3301 |   3.76 |   5.35 |   3.06 |
+----------------------------+--------+--------+--------+--------+--------+--------+
* Note: Available Control Sets based on CLB Registers / 8


4. SLR IO Utilization
---------------------

+-----------+-----------+---------+------------+----------+------------+----------+-----+
| SLR Index | Used IOBs | (%)IOBs | Used IPADs | (%)IPADs | Used OPADs | (%)OPADs | GTs |
+-----------+-----------+---------+------------+----------+------------+----------+-----+
| SLR2      |        15 |    7.21 |          0 |     0.00 |          0 |     0.00 |   0 |
| SLR1      |         0 |    0.00 |          0 |     0.00 |          0 |     0.00 |   0 |
| SLR0      |         1 |    0.48 |          0 |     0.00 |          0 |     0.00 |  16 |
+-----------+-----------+---------+------------+----------+------------+----------+-----+
| Total     |        16 |         |          0 |          |          0 |          |  16 |
+-----------+-----------+---------+------------+----------+------------+----------+-----+


