Copyright 1986-2022 Xilinx, Inc. All Rights Reserved.
----------------------------------------------------------------------------------------------------------------------------------------------------------------------------------------------------------------------------------------------------------------------------------------------------------------------------------------------------------------------------------------------
| Tool Version : Vivado v.2022.2 (lin64) Build 3671981 Fri Oct 14 04:59:54 MDT 2022
| Date         : Sat Aug  2 04:10:30 2025
| Host         : acclnode01 running 64-bit Ubuntu 20.04.6 LTS
| Command      : report_accelerator_utilization -kernels { stencil_Read_Write:level0_i/ulp/stencil_Read_Write_1/inst:stencil_Read_Write_1 stencil_SLR0:level0_i/ulp/stencil_SLR0_1/inst:stencil_SLR0_1 stencil_SLR1:level0_i/ulp/stencil_SLR1_1/inst:stencil_SLR1_1 stencil_SLR2:level0_i/ulp/stencil_SLR2_1/inst:stencil_SLR2_1} -file kernel_util_routed.rpt -name kernel_util_routed -json
| Design       : level0_wrapper
| Device       : xcu280
| Design State : Routed
----------------------------------------------------------------------------------------------------------------------------------------------------------------------------------------------------------------------------------------------------------------------------------------------------------------------------------------------------------------------------------------------

Accelerator Utilization Design Information

Table of Contents
-----------------
1. System Utilization

1. System Utilization
---------------------

+-------------------------+-------------------+------------------+-------------------+----------------+---------------+----------------+
| Name                    | LUT               | LUTAsMem         | REG               | BRAM           | URAM          | DSP            |
+-------------------------+-------------------+------------------+-------------------+----------------+---------------+----------------+
| Platform                |  121997 [  9.36%] |   8737 [  1.45%] |  166942 [  6.40%] |  197 [  9.77%] |   0 [  0.00%] |    4 [  0.04%] |
| User Budget             | 1181683 [100.00%] | 592223 [100.00%] | 2440418 [100.00%] | 1819 [100.00%] | 960 [100.00%] | 9020 [100.00%] |
|    Used Resources       |  330084 [ 27.93%] |   9020 [  1.52%] |  555484 [ 22.76%] |  246 [ 13.52%] | 648 [ 67.50%] | 3164 [ 35.08%] |
|    Unused Resources     |  851599 [ 72.07%] | 583203 [ 98.48%] | 1884934 [ 77.24%] | 1573 [ 86.48%] | 312 [ 32.50%] | 5856 [ 64.92%] |
| stencil_Read_Write      |    5866 [  0.50%] |   1793 [  0.30%] |    7865 [  0.32%] |   30 [  1.65%] |   0 [  0.00%] |    5 [  0.06%] |
|    stencil_Read_Write_1 |    5866 [  0.50%] |   1793 [  0.30%] |    7865 [  0.32%] |   30 [  1.65%] |   0 [  0.00%] |    5 [  0.06%] |
| stencil_SLR0            |  107921 [  9.13%] |   2385 [  0.40%] |  182005 [  7.46%] |   72 [  3.96%] | 216 [ 22.50%] | 1053 [ 11.67%] |
|    stencil_SLR0_1       |  107921 [  9.13%] |   2385 [  0.40%] |  182005 [  7.46%] |   72 [  3.96%] | 216 [ 22.50%] | 1053 [ 11.67%] |
| stencil_SLR1            |  108498 [  9.18%] |   2457 [  0.41%] |  183644 [  7.53%] |   72 [  3.96%] | 216 [ 22.50%] | 1053 [ 11.67%] |
|    stencil_SLR1_1       |  108498 [  9.18%] |   2457 [  0.41%] |  183644 [  7.53%] |   72 [  3.96%] | 216 [ 22.50%] | 1053 [ 11.67%] |
| stencil_SLR2            |  107799 [  9.12%] |   2385 [  0.40%] |  181970 [  7.46%] |   72 [  3.96%] | 216 [ 22.50%] | 1053 [ 11.67%] |
|    stencil_SLR2_1       |  107799 [  9.12%] |   2385 [  0.40%] |  181970 [  7.46%] |   72 [  3.96%] | 216 [ 22.50%] | 1053 [ 11.67%] |
+-------------------------+-------------------+------------------+-------------------+----------------+---------------+----------------+


