Copyright 1986-2022 Xilinx, Inc. All Rights Reserved.
-------------------------------------------------------------------------------------------------------------------------------------------------------------------------------------------------------------------------------------------------------------------------------------------
| Tool Version : Vivado v.2022.1 (lin64) Build 3526262 Mon Apr 18 15:47:01 MDT 2022
| Date         : Wed Apr 23 03:44:09 2025
| Host         : acclnode02 running 64-bit Ubuntu 20.04.6 LTS
| Command      : report_accelerator_utilization -kernels { datamover_outerloop_0:top_i/ulp/datamover_outerloop_0_1/inst:datamover_outerloop_0_1 kernel_outerloop_0:top_i/ulp/kernel_outerloop_0_1/inst:kernel_outerloop_0_1} -file kernel_util_synthed.rpt -name kernel_util_synthed -json
| Design       : top_wrapper
| Device       : xcvc1902
| Design State : Synthesized
-------------------------------------------------------------------------------------------------------------------------------------------------------------------------------------------------------------------------------------------------------------------------------------------

Accelerator Utilization Design Information

Table of Contents
-----------------
1. System Utilization

1. System Utilization
---------------------

+----------------------------+-------------------+------------------+------------------+---------------+---------------+
| Name                       | REG               | LUT              | LUTAsMem         | BRAM          | URAM          |
+----------------------------+-------------------+------------------+------------------+---------------+---------------+
| Platform                   |   31675 [  1.76%] |  22775 [  2.53%] |   2154 [  0.48%] |  32 [  3.31%] |  36 [  7.78%] |
| User Budget                | 1768005 [100.00%] | 877065 [100.00%] | 447766 [100.00%] | 935 [100.00%] | 427 [100.00%] |
|    Used Resources          |  268681 [ 15.20%] | 107524 [ 12.26%] |  24870 [  5.55%] | 463 [ 49.52%] |   0 [  0.00%] |
|    Unused Resources        | 1499324 [ 84.80%] | 769541 [ 87.74%] | 422896 [ 94.45%] | 472 [ 50.48%] | 427 [100.00%] |
| datamover_outerloop_0      |   15364 [  0.87%] |   7541 [  0.86%] |   1890 [  0.42%] |  15 [  1.60%] |   0 [  0.00%] |
|    datamover_outerloop_0_1 |   15364 [  0.87%] |   7541 [  0.86%] |   1890 [  0.42%] |  15 [  1.60%] |   0 [  0.00%] |
| kernel_outerloop_0         |  253317 [ 14.33%] |  99983 [ 11.40%] |  22980 [  5.13%] | 448 [ 47.91%] |   0 [  0.00%] |
|    kernel_outerloop_0_1    |  253317 [ 14.33%] |  99983 [ 11.40%] |  22980 [  5.13%] | 448 [ 47.91%] |   0 [  0.00%] |
+----------------------------+-------------------+------------------+------------------+---------------+---------------+


