Copyright 1986-2022 Xilinx, Inc. All Rights Reserved.
------------------------------------------------------------------------------------------
| Tool Version : Vivado v.2022.2 (lin64) Build 3671981 Fri Oct 14 04:59:54 MDT 2022
| Date         : Tue May 20 07:39:46 2025
| Host         : acclnode01 running 64-bit Ubuntu 20.04.6 LTS
| Command      : report_utilization -slr -file slr_util_routed.rpt -pb slr_util_routed.pb
| Design       : level0_wrapper
| Device       : xcu280-fsvh2892-2L-e
| Speed File   : -2L
| Design State : Routed
------------------------------------------------------------------------------------------

Utilization Design Information

Table of Contents
-----------------
1. SLR Connectivity
2. SLR Connectivity Matrix
3. SLR CLB Logic and Dedicated Block Utilization
4. SLR IO Utilization

1. SLR Connectivity
-------------------

+----------------------------------+-------+-------+-----------+-------+
|                                  |  Used | Fixed | Available | Util% |
+----------------------------------+-------+-------+-----------+-------+
| SLR2 <-> SLR1                    |  5705 |       |     23040 | 24.76 |
|   SLR1 -> SLR2                   |  2879 |       |           | 12.50 |
|     Using TX_REG only            |     0 |     0 |           |       |
|     Using RX_REG only            |     0 |     0 |           |       |
|     Using Both TX_REG and RX_REG |     0 |     0 |           |       |
|   SLR2 -> SLR1                   |  2826 |       |           | 12.27 |
|     Using TX_REG only            |     0 |     0 |           |       |
|     Using RX_REG only            |     0 |     0 |           |       |
|     Using Both TX_REG and RX_REG |     0 |     0 |           |       |
| SLR1 <-> SLR0                    |  8965 |       |     23040 | 38.91 |
|   SLR0 -> SLR1                   |  4123 |       |           | 17.89 |
|     Using TX_REG only            |     0 |     0 |           |       |
|     Using RX_REG only            |     0 |     0 |           |       |
|     Using Both TX_REG and RX_REG |     0 |     0 |           |       |
|   SLR1 -> SLR0                   |  4842 |       |           | 21.02 |
|     Using TX_REG only            |     0 |     0 |           |       |
|     Using RX_REG only            |     0 |     0 |           |       |
|     Using Both TX_REG and RX_REG |     0 |     0 |           |       |
+----------------------------------+-------+-------+-----------+-------+
| Total SLLs Used                  | 14670 |       |           |       |
+----------------------------------+-------+-------+-----------+-------+


2. SLR Connectivity Matrix
--------------------------

+-----------+------+------+------+
| FROM \ TO | SLR2 | SLR1 | SLR0 |
+-----------+------+------+------+
| SLR2      |    0 | 2670 |  156 |
| SLR1      | 2770 |    0 | 4686 |
| SLR0      |  109 | 4014 |    0 |
+-----------+------+------+------+


3. SLR CLB Logic and Dedicated Block Utilization
------------------------------------------------

+----------------------------+--------+--------+--------+--------+--------+--------+
|          Site Type         |  SLR0  |  SLR1  |  SLR2  | SLR0 % | SLR1 % | SLR2 % |
+----------------------------+--------+--------+--------+--------+--------+--------+
| CLB                        |  52663 |  52348 |  50056 |  95.82 |  96.94 |  92.70 |
|   CLBL                     |  27641 |  27889 |  26669 |  94.40 |  95.25 |  91.08 |
|   CLBM                     |  25022 |  24459 |  23387 |  97.44 |  98.94 |  94.61 |
| CLB LUTs                   | 243848 | 273379 | 231528 |  55.46 |  63.28 |  53.59 |
|   LUT as Logic             | 212395 | 239688 | 201928 |  48.31 |  55.48 |  46.74 |
|     using O5 output only   |   1877 |   1602 |   1153 |   0.43 |   0.37 |   0.27 |
|     using O6 output only   | 127373 | 146342 | 117242 |  28.97 |  33.88 |  27.14 |
|     using O5 and O6        |  83145 |  91744 |  83533 |  18.91 |  21.24 |  19.34 |
|   LUT as Memory            |  31453 |  33691 |  29600 |  15.31 |  17.04 |  14.97 |
|     LUT as Distributed RAM |  10654 |  12882 |   9996 |   5.19 |   6.51 |   5.05 |
|       using O5 output only |      0 |      0 |      0 |   0.00 |   0.00 |   0.00 |
|       using O6 output only |   9420 |   9562 |   9180 |   4.59 |   4.84 |   4.64 |
|       using O5 and O6      |   1234 |   3320 |    816 |   0.60 |   1.68 |   0.41 |
|     LUT as Shift Register  |  20799 |  20809 |  19604 |  10.12 |  10.52 |   9.91 |
|       using O5 output only |      0 |      0 |      0 |   0.00 |   0.00 |   0.00 |
|       using O6 output only |   8991 |   9583 |   8474 |   4.38 |   4.85 |   4.28 |
|       using O5 and O6      |  11808 |  11226 |  11130 |   5.75 |   5.68 |   5.63 |
| CLB Registers              | 420532 | 443215 | 394888 |  47.82 |  51.30 |  45.70 |
| CARRY8                     |  10328 |  10674 |  10059 |  18.79 |  19.77 |  18.63 |
| F7 Muxes                   |   1227 |   1874 |    441 |   0.56 |   0.87 |   0.20 |
| F8 Muxes                   |    133 |    321 |      1 |   0.12 |   0.30 |  <0.01 |
| F9 Muxes                   |      0 |      0 |      0 |   0.00 |   0.00 |   0.00 |
| Block RAM Tile             |  185.5 |  217.5 |    170 |  27.60 |  32.37 |  25.30 |
|   RAMB36/FIFO              |    184 |    216 |    170 |  27.38 |  32.14 |  25.30 |
|   RAMB18                   |      3 |      3 |      0 |   0.22 |   0.22 |   0.00 |
| URAM                       |    120 |    136 |    120 |  37.50 |  42.50 |  37.50 |
| DSPs                       |   2220 |   2221 |   2224 |  77.08 |  72.30 |  72.40 |
| Unique Control Sets        |   5212 |   6762 |   4261 |   4.74 |   6.26 |   3.95 |
+----------------------------+--------+--------+--------+--------+--------+--------+
* Note: Available Control Sets based on CLB Registers / 8


4. SLR IO Utilization
---------------------

+-----------+-----------+---------+------------+----------+------------+----------+-----+
| SLR Index | Used IOBs | (%)IOBs | Used IPADs | (%)IPADs | Used OPADs | (%)OPADs | GTs |
+-----------+-----------+---------+------------+----------+------------+----------+-----+
| SLR2      |        15 |    7.21 |          0 |     0.00 |          0 |     0.00 |   0 |
| SLR1      |         0 |    0.00 |          0 |     0.00 |          0 |     0.00 |   0 |
| SLR0      |         1 |    0.48 |          0 |     0.00 |          0 |     0.00 |  16 |
+-----------+-----------+---------+------------+----------+------------+----------+-----+
| Total     |        16 |         |          0 |          |          0 |          |  16 |
+-----------+-----------+---------+------------+----------+------------+----------+-----+


