Copyright 1986-2022 Xilinx, Inc. All Rights Reserved.
---------------------------------------------------------------------------------------------------------------------------------------------------------------------------------------------------------------------------------------------------------------------------------------------------------------------------------------------------------------------------------------------------------------------------------------------------------------
| Tool Version : Vivado v.2022.2 (lin64) Build 3671981 Fri Oct 14 04:59:54 MDT 2022
| Date         : Tue May 20 01:58:46 2025
| Host         : acclnode01 running 64-bit Ubuntu 20.04.6 LTS
| Command      : report_accelerator_utilization -kernels { datamover_outerloop_0:level0_i/ulp/datamover_outerloop_0_1/inst:datamover_outerloop_0_1 kernel_outerloop_0:level0_i/ulp/kernel_outerloop_0_1/inst:kernel_outerloop_0_1 kernel_outerloop_0:level0_i/ulp/kernel_outerloop_0_2/inst:kernel_outerloop_0_2 kernel_outerloop_0:level0_i/ulp/kernel_outerloop_0_3/inst:kernel_outerloop_0_3} -file kernel_util_synthed.rpt -name kernel_util_synthed -json
| Design       : level0_wrapper
| Device       : xcu280
| Design State : Synthesized
---------------------------------------------------------------------------------------------------------------------------------------------------------------------------------------------------------------------------------------------------------------------------------------------------------------------------------------------------------------------------------------------------------------------------------------------------------------

Accelerator Utilization Design Information

Table of Contents
-----------------
1. System Utilization

1. System Utilization
---------------------

+----------------------------+-------------------+------------------+-------------------+----------------+---------------+----------------+
| Name                       | LUT               | LUTAsMem         | REG               | BRAM           | URAM          | DSP            |
+----------------------------+-------------------+------------------+-------------------+----------------+---------------+----------------+
| Platform                   |  137085 [ 10.52%] |  10160 [  1.69%] |  171666 [  6.58%] |  197 [  9.77%] |  20 [  2.08%] |    4 [  0.04%] |
| User Budget                | 1166595 [100.00%] | 590800 [100.00%] | 2435694 [100.00%] | 1819 [100.00%] | 940 [100.00%] | 9020 [100.00%] |
|    Used Resources          |  743215 [ 63.71%] | 119384 [ 20.21%] | 1099214 [ 45.13%] |  375 [ 20.62%] | 360 [ 38.30%] | 6661 [ 73.85%] |
|    Unused Resources        |  423380 [ 36.29%] | 471416 [ 79.79%] | 1336480 [ 54.87%] | 1444 [ 79.38%] | 580 [ 61.70%] | 2359 [ 26.15%] |
| datamover_outerloop_0      |    8089 [  0.69%] |   1889 [  0.32%] |   14075 [  0.58%] |   15 [  0.82%] |   0 [  0.00%] |    1 [  0.01%] |
|    datamover_outerloop_0_1 |    8089 [  0.69%] |   1889 [  0.32%] |   14075 [  0.58%] |   15 [  0.82%] |   0 [  0.00%] |    1 [  0.01%] |
| kernel_outerloop_0         |  735126 [ 63.01%] | 117495 [ 19.89%] | 1085139 [ 44.55%] |  360 [ 19.79%] | 360 [ 38.30%] | 6660 [ 73.84%] |
|    kernel_outerloop_0_1    |  245042 [ 21.00%] |  39165 [  6.63%] |  361713 [ 14.85%] |  120 [  6.60%] | 120 [ 12.77%] | 2220 [ 24.61%] |
|    kernel_outerloop_0_2    |  245042 [ 21.00%] |  39165 [  6.63%] |  361713 [ 14.85%] |  120 [  6.60%] | 120 [ 12.77%] | 2220 [ 24.61%] |
|    kernel_outerloop_0_3    |  245042 [ 21.00%] |  39165 [  6.63%] |  361713 [ 14.85%] |  120 [  6.60%] | 120 [ 12.77%] | 2220 [ 24.61%] |
+----------------------------+-------------------+------------------+-------------------+----------------+---------------+----------------+


