Copyright 1986-2022 Xilinx, Inc. All Rights Reserved.
------------------------------------------------------------------------------------------
| Tool Version : Vivado v.2022.2 (lin64) Build 3671981 Fri Oct 14 04:59:54 MDT 2022
| Date         : Fri Aug  1 07:52:42 2025
| Host         : acclnode01 running 64-bit Ubuntu 20.04.6 LTS
| Command      : report_utilization -slr -file slr_util_routed.rpt -pb slr_util_routed.pb
| Design       : level0_wrapper
| Device       : xcu280-fsvh2892-2L-e
| Speed File   : -2L
| Design State : Routed
------------------------------------------------------------------------------------------

Utilization Design Information

Table of Contents
-----------------
1. SLR Connectivity
2. SLR Connectivity Matrix
3. SLR CLB Logic and Dedicated Block Utilization
4. SLR IO Utilization

1. SLR Connectivity
-------------------

+----------------------------------+-------+-------+-----------+-------+
|                                  |  Used | Fixed | Available | Util% |
+----------------------------------+-------+-------+-----------+-------+
| SLR2 <-> SLR1                    |  5691 |       |     23040 | 24.70 |
|   SLR1 -> SLR2                   |  2873 |       |           | 12.47 |
|     Using TX_REG only            |     0 |     0 |           |       |
|     Using RX_REG only            |     0 |     0 |           |       |
|     Using Both TX_REG and RX_REG |     0 |     0 |           |       |
|   SLR2 -> SLR1                   |  2818 |       |           | 12.23 |
|     Using TX_REG only            |     0 |     0 |           |       |
|     Using RX_REG only            |     0 |     0 |           |       |
|     Using Both TX_REG and RX_REG |     0 |     0 |           |       |
| SLR1 <-> SLR0                    |  7754 |       |     23040 | 33.65 |
|   SLR0 -> SLR1                   |  3590 |       |           | 15.58 |
|     Using TX_REG only            |     0 |     0 |           |       |
|     Using RX_REG only            |     0 |     0 |           |       |
|     Using Both TX_REG and RX_REG |     0 |     0 |           |       |
|   SLR1 -> SLR0                   |  4164 |       |           | 18.07 |
|     Using TX_REG only            |     0 |     0 |           |       |
|     Using RX_REG only            |     0 |     0 |           |       |
|     Using Both TX_REG and RX_REG |     0 |     0 |           |       |
+----------------------------------+-------+-------+-----------+-------+
| Total SLLs Used                  | 13445 |       |           |       |
+----------------------------------+-------+-------+-----------+-------+


2. SLR Connectivity Matrix
--------------------------

+-----------+------+------+------+
| FROM \ TO | SLR2 | SLR1 | SLR0 |
+-----------+------+------+------+
| SLR2      |    0 | 2726 |   92 |
| SLR1      | 2806 |    0 | 4072 |
| SLR0      |   67 | 3523 |    0 |
+-----------+------+------+------+


3. SLR CLB Logic and Dedicated Block Utilization
------------------------------------------------

+----------------------------+--------+--------+--------+--------+--------+--------+
|          Site Type         |  SLR0  |  SLR1  |  SLR2  | SLR0 % | SLR1 % | SLR2 % |
+----------------------------+--------+--------+--------+--------+--------+--------+
| CLB                        |  43439 |  44300 |  40451 |  79.04 |  82.04 |  74.91 |
|   CLBL                     |  22164 |  23137 |  21043 |  75.70 |  79.02 |  71.87 |
|   CLBM                     |  21275 |  21163 |  19408 |  82.85 |  85.61 |  78.51 |
| CLB LUTs                   | 167627 | 188094 | 150915 |  38.12 |  43.54 |  34.93 |
|   LUT as Logic             | 149075 | 173341 | 138476 |  33.91 |  40.13 |  32.05 |
|     using O5 output only   |   1885 |   1547 |   1110 |   0.43 |   0.36 |   0.26 |
|     using O6 output only   |  96372 | 115093 |  88655 |  21.92 |  26.64 |  20.52 |
|     using O5 and O6        |  50818 |  56701 |  48711 |  11.56 |  13.13 |  11.28 |
|   LUT as Memory            |  18552 |  14753 |  12439 |   9.03 |   7.46 |   6.29 |
|     LUT as Distributed RAM |   4414 |   5038 |   2152 |   2.15 |   2.55 |   1.09 |
|       using O5 output only |      0 |      0 |      0 |   0.00 |   0.00 |   0.00 |
|       using O6 output only |    248 |    386 |      4 |   0.12 |   0.20 |  <0.01 |
|       using O5 and O6      |   4166 |   4652 |   2148 |   2.03 |   2.35 |   1.09 |
|     LUT as Shift Register  |  14138 |   9715 |  10287 |   6.88 |   4.91 |   5.20 |
|       using O5 output only |      0 |      0 |      0 |   0.00 |   0.00 |   0.00 |
|       using O6 output only |   7732 |   4339 |   4933 |   3.76 |   2.19 |   2.49 |
|       using O5 and O6      |   6406 |   5376 |   5354 |   3.12 |   2.72 |   2.71 |
| CLB Registers              | 286227 | 289147 | 250589 |  32.55 |  33.47 |  29.00 |
| CARRY8                     |   6559 |   6718 |   6177 |  11.93 |  12.44 |  11.44 |
| F7 Muxes                   |   3800 |   3655 |   2531 |   1.73 |   1.69 |   1.17 |
| F8 Muxes                   |    126 |    326 |      0 |   0.11 |   0.30 |   0.00 |
| F9 Muxes                   |      0 |      0 |      0 |   0.00 |   0.00 |   0.00 |
| Block RAM Tile             |  396.5 |    390 |    346 |  59.00 |  58.04 |  51.49 |
|   RAMB36/FIFO              |    386 |    381 |    338 |  57.44 |  56.70 |  50.30 |
|   RAMB18                   |     21 |     18 |     16 |   1.56 |   1.34 |   1.19 |
| URAM                       |      0 |      0 |      0 |   0.00 |   0.00 |   0.00 |
| DSPs                       |   2135 |   2126 |   2130 |  74.13 |  69.21 |  69.34 |
| Unique Control Sets        |   4240 |   5671 |   3145 |   3.86 |   5.25 |   2.91 |
+----------------------------+--------+--------+--------+--------+--------+--------+
* Note: Available Control Sets based on CLB Registers / 8


4. SLR IO Utilization
---------------------

+-----------+-----------+---------+------------+----------+------------+----------+-----+
| SLR Index | Used IOBs | (%)IOBs | Used IPADs | (%)IPADs | Used OPADs | (%)OPADs | GTs |
+-----------+-----------+---------+------------+----------+------------+----------+-----+
| SLR2      |        15 |    7.21 |          0 |     0.00 |          0 |     0.00 |   0 |
| SLR1      |         0 |    0.00 |          0 |     0.00 |          0 |     0.00 |   0 |
| SLR0      |         1 |    0.48 |          0 |     0.00 |          0 |     0.00 |  16 |
+-----------+-----------+---------+------------+----------+------------+----------+-----+
| Total     |        16 |         |          0 |          |          0 |          |  16 |
+-----------+-----------+---------+------------+----------+------------+----------+-----+


