Copyright 1986-2022 Xilinx, Inc. All Rights Reserved.
-------------------------------------------------------------------------------------------------------------------------------------------------------------------------------------------------------------------------------------------------------------------------------------------------------------------------------------------------------------------------------------
| Tool Version : Vivado v.2022.2 (lin64) Build 3671981 Fri Oct 14 04:59:54 MDT 2022
| Date         : Fri Aug  1 07:51:24 2025
| Host         : acclnode01 running 64-bit Ubuntu 20.04.6 LTS
| Command      : report_accelerator_utilization -kernels { stencil_SLR:level0_i/ulp/stencil_SLR_1/inst:stencil_SLR_1 stencil_SLR:level0_i/ulp/stencil_SLR_2/inst:stencil_SLR_2 stencil_SLR:level0_i/ulp/stencil_SLR_3/inst:stencil_SLR_3 stencil_mem2stream:level0_i/ulp/stencil_mem2stream_1/inst:stencil_mem2stream_1} -file kernel_util_routed.rpt -name kernel_util_routed -json
| Design       : level0_wrapper
| Device       : xcu280
| Design State : Routed
-------------------------------------------------------------------------------------------------------------------------------------------------------------------------------------------------------------------------------------------------------------------------------------------------------------------------------------------------------------------------------------

Accelerator Utilization Design Information

Table of Contents
-----------------
1. System Utilization

1. System Utilization
---------------------

+-------------------------+-------------------+------------------+-------------------+----------------+---------------+----------------+
| Name                    | LUT               | LUTAsMem         | REG               | BRAM           | URAM          | DSP            |
+-------------------------+-------------------+------------------+-------------------+----------------+---------------+----------------+
| Platform                |  124262 [  9.53%] |   9468 [  1.58%] |  170876 [  6.55%] |  213 [ 10.57%] |   0 [  0.00%] |    4 [  0.04%] |
| User Budget             | 1179418 [100.00%] | 591492 [100.00%] | 2436484 [100.00%] | 1803 [100.00%] | 960 [100.00%] | 9020 [100.00%] |
|    Used Resources       |  382402 [ 32.42%] |  36276 [  6.13%] |  655087 [ 26.89%] |  919 [ 50.97%] |   0 [  0.00%] | 6387 [ 70.81%] |
|    Unused Resources     |  797016 [ 67.58%] | 555216 [ 93.87%] | 1781397 [ 73.11%] |  884 [ 49.03%] | 960 [100.00%] | 2633 [ 29.19%] |
| stencil_SLR             |  373790 [ 31.69%] |  32724 [  5.53%] |  642794 [ 26.38%] |  888 [ 49.25%] |   0 [  0.00%] | 6378 [ 70.71%] |
|    stencil_SLR_1        |  124280 [ 10.54%] |  10908 [  1.84%] |  214785 [  8.82%] |  296 [ 16.42%] |   0 [  0.00%] | 2126 [ 23.57%] |
|    stencil_SLR_2        |  124821 [ 10.58%] |  10908 [  1.84%] |  213386 [  8.76%] |  296 [ 16.42%] |   0 [  0.00%] | 2126 [ 23.57%] |
|    stencil_SLR_3        |  124689 [ 10.57%] |  10908 [  1.84%] |  214623 [  8.81%] |  296 [ 16.42%] |   0 [  0.00%] | 2126 [ 23.57%] |
| stencil_mem2stream      |    8612 [  0.73%] |   3552 [  0.60%] |   12293 [  0.50%] |   31 [  1.72%] |   0 [  0.00%] |    9 [  0.10%] |
|    stencil_mem2stream_1 |    8612 [  0.73%] |   3552 [  0.60%] |   12293 [  0.50%] |   31 [  1.72%] |   0 [  0.00%] |    9 [  0.10%] |
+-------------------------+-------------------+------------------+-------------------+----------------+---------------+----------------+


