Copyright 1986-2022 Xilinx, Inc. All Rights Reserved.
-----------------------------------------------------------------------------------------------------------------------------------------------------------------------------------------------------------------------------------------------------------------------------------------
| Tool Version : Vivado v.2022.1 (lin64) Build 3526262 Mon Apr 18 15:47:01 MDT 2022
| Date         : Thu Apr 24 19:58:07 2025
| Host         : acclnode02 running 64-bit Ubuntu 20.04.6 LTS
| Command      : report_accelerator_utilization -kernels { datamover_outerloop_0:top_i/ulp/datamover_outerloop_0_1/inst:datamover_outerloop_0_1 kernel_outerloop_0:top_i/ulp/kernel_outerloop_0_1/inst:kernel_outerloop_0_1} -file kernel_util_placed.rpt -name kernel_util_placed -json
| Design       : top_wrapper
| Device       : xcvc1902
| Design State : Fully Placed
-----------------------------------------------------------------------------------------------------------------------------------------------------------------------------------------------------------------------------------------------------------------------------------------

Accelerator Utilization Design Information

Table of Contents
-----------------
1. System Utilization

1. System Utilization
---------------------

+----------------------------+-------------------+------------------+------------------+---------------+---------------+
| Name                       | REG               | LUT              | LUTAsMem         | BRAM          | URAM          |
+----------------------------+-------------------+------------------+------------------+---------------+---------------+
| Platform                   |   29781 [  1.65%] |  20175 [  2.24%] |   2308 [  0.51%] |  32 [  3.31%] |   0 [  0.00%] |
| User Budget                | 1769899 [100.00%] | 879665 [100.00%] | 447612 [100.00%] | 935 [100.00%] | 463 [100.00%] |
|    Used Resources          |  238560 [ 13.48%] | 131354 [ 14.93%] |  38955 [  8.70%] | 365 [ 39.04%] |   0 [  0.00%] |
|    Unused Resources        | 1531339 [ 86.52%] | 748311 [ 85.07%] | 408657 [ 91.30%] | 570 [ 60.96%] | 463 [100.00%] |
| datamover_outerloop_0      |   20501 [  1.16%] |  18227 [  2.07%] |   4277 [  0.96%] |  13 [  1.39%] |   0 [  0.00%] |
|    datamover_outerloop_0_1 |   20501 [  1.16%] |  18227 [  2.07%] |   4277 [  0.96%] |  13 [  1.39%] |   0 [  0.00%] |
| kernel_outerloop_0         |  218059 [ 12.32%] | 113127 [ 12.86%] |  34678 [  7.75%] | 352 [ 37.65%] |   0 [  0.00%] |
|    kernel_outerloop_0_1    |  218059 [ 12.32%] | 113127 [ 12.86%] |  34678 [  7.75%] | 352 [ 37.65%] |   0 [  0.00%] |
+----------------------------+-------------------+------------------+------------------+---------------+---------------+


